[2024-07-15T15:01:05.792+0000] {local_task_job_runner.py:120} INFO - ::group::Pre task execution logs
[2024-07-15T15:01:05.856+0000] {taskinstance.py:2076} INFO - Dependencies all met for dep_context=non-requeueable deps ti=<TaskInstance: airflow_book_api_pipeline.insert_to_snowflake scheduled__2024-07-14T00:00:00+00:00 [queued]>
[2024-07-15T15:01:05.881+0000] {taskinstance.py:2076} INFO - Dependencies all met for dep_context=requeueable deps ti=<TaskInstance: airflow_book_api_pipeline.insert_to_snowflake scheduled__2024-07-14T00:00:00+00:00 [queued]>
[2024-07-15T15:01:05.882+0000] {taskinstance.py:2306} INFO - Starting attempt 1 of 2
[2024-07-15T15:01:05.925+0000] {taskinstance.py:2330} INFO - Executing <Task(PythonOperator): insert_to_snowflake> on 2024-07-14 00:00:00+00:00
[2024-07-15T15:01:05.972+0000] {standard_task_runner.py:90} INFO - Running: ['***', 'tasks', 'run', '***_book_api_pipeline', 'insert_to_snowflake', 'scheduled__2024-07-14T00:00:00+00:00', '--job-id', '59', '--raw', '--subdir', 'DAGS_FOLDER/***_book_api_dags.py', '--cfg-path', '/tmp/tmpka2ipu75']
[2024-07-15T15:01:05.978+0000] {standard_task_runner.py:91} INFO - Job 59: Subtask insert_to_snowflake
[2024-07-15T15:01:05.969+0000] {warnings.py:112} WARNING - /home/***/.local/lib/python3.12/site-packages/***/task/task_runner/standard_task_runner.py:61: DeprecationWarning: This process (pid=68) is multi-threaded, use of fork() may lead to deadlocks in the child.
  pid = os.fork()

[2024-07-15T15:01:05.983+0000] {standard_task_runner.py:63} INFO - Started process 71 to run task
[2024-07-15T15:01:06.076+0000] {task_command.py:426} INFO - Running <TaskInstance: airflow_book_api_pipeline.insert_to_snowflake scheduled__2024-07-14T00:00:00+00:00 [running]> on host e6b306b9c204
[2024-07-15T15:01:06.230+0000] {taskinstance.py:2648} INFO - Exporting env vars: AIRFLOW_CTX_DAG_OWNER='zainal' AIRFLOW_CTX_DAG_ID='***_book_api_pipeline' AIRFLOW_CTX_TASK_ID='insert_to_snowflake' AIRFLOW_CTX_EXECUTION_DATE='2024-07-14T00:00:00+00:00' AIRFLOW_CTX_TRY_NUMBER='1' AIRFLOW_CTX_DAG_RUN_ID='scheduled__2024-07-14T00:00:00+00:00'
[2024-07-15T15:01:06.232+0000] {taskinstance.py:430} INFO - ::endgroup::
[2024-07-15T15:01:06.273+0000] {base.py:84} INFO - Using connection ID 'snowflake-conn' for task execution.
[2024-07-15T15:01:06.275+0000] {connection.py:399} INFO - Snowflake Connector for Python Version: 3.10.1, Python Version: 3.12.4, Platform: Linux-6.5.0-1022-azure-x86_64-with-glibc2.36
[2024-07-15T15:01:06.279+0000] {connection.py:1239} INFO - This connection is in OCSP Fail Open Mode. TLS Certificates would be checked for validity and revocation status. Any other Certificate Revocation related exceptions or OCSP Responder failures would be disregarded in favor of connectivity.
[2024-07-15T15:01:06.913+0000] {cursor.py:1149} INFO - Number of results in first chunk: 1
[2024-07-15T15:01:06.914+0000] {sql.py:487} INFO - Running statement: INSERT INTO PROJECTS_DB.PUBLIC.book_table (title, author, subject, status, borrow_availability, publish_date) VALUES (%s, %s, %s, %s, %s, %s), parameters: ['Reconfigurable Processor Array A Bit Sliced Parallel Computer (USA)', 'A. Rushton', 'Industrial safety', 'borrow_available', False, 1986]
[2024-07-15T15:01:08.770+0000] {sql.py:496} INFO - Rows affected: 1
[2024-07-15T15:01:08.771+0000] {snowflake.py:410} INFO - Rows affected: 1
[2024-07-15T15:01:08.771+0000] {snowflake.py:411} INFO - Snowflake query id: 01b5afe5-0000-c7e2-0001-1bbe0002e00e
[2024-07-15T15:01:09.070+0000] {cursor.py:1149} INFO - Number of results in first chunk: 1
[2024-07-15T15:01:09.071+0000] {connection.py:762} INFO - closed
[2024-07-15T15:01:09.094+0000] {connection.py:768} INFO - No async queries seem to be running, deleting session
[2024-07-15T15:01:09.119+0000] {connection.py:399} INFO - Snowflake Connector for Python Version: 3.10.1, Python Version: 3.12.4, Platform: Linux-6.5.0-1022-azure-x86_64-with-glibc2.36
[2024-07-15T15:01:09.120+0000] {connection.py:1239} INFO - This connection is in OCSP Fail Open Mode. TLS Certificates would be checked for validity and revocation status. Any other Certificate Revocation related exceptions or OCSP Responder failures would be disregarded in favor of connectivity.
[2024-07-15T15:01:09.554+0000] {cursor.py:1149} INFO - Number of results in first chunk: 1
[2024-07-15T15:01:09.554+0000] {sql.py:487} INFO - Running statement: INSERT INTO PROJECTS_DB.PUBLIC.book_table (title, author, subject, status, borrow_availability, publish_date) VALUES (%s, %s, %s, %s, %s, %s), parameters: ['Software Engineering', 'Roger S. Pressman', 'Software engineering', 'borrow_available', False, 1982]
[2024-07-15T15:01:10.356+0000] {sql.py:496} INFO - Rows affected: 1
[2024-07-15T15:01:10.356+0000] {snowflake.py:410} INFO - Rows affected: 1
[2024-07-15T15:01:10.356+0000] {snowflake.py:411} INFO - Snowflake query id: 01b5afe5-0000-c7e2-0001-1bbe0002e016
[2024-07-15T15:01:10.575+0000] {cursor.py:1149} INFO - Number of results in first chunk: 1
[2024-07-15T15:01:10.576+0000] {connection.py:762} INFO - closed
[2024-07-15T15:01:10.596+0000] {connection.py:768} INFO - No async queries seem to be running, deleting session
[2024-07-15T15:01:10.630+0000] {connection.py:399} INFO - Snowflake Connector for Python Version: 3.10.1, Python Version: 3.12.4, Platform: Linux-6.5.0-1022-azure-x86_64-with-glibc2.36
[2024-07-15T15:01:10.631+0000] {connection.py:1239} INFO - This connection is in OCSP Fail Open Mode. TLS Certificates would be checked for validity and revocation status. Any other Certificate Revocation related exceptions or OCSP Responder failures would be disregarded in favor of connectivity.
[2024-07-15T15:01:10.957+0000] {cursor.py:1149} INFO - Number of results in first chunk: 1
[2024-07-15T15:01:10.958+0000] {sql.py:487} INFO - Running statement: INSERT INTO PROJECTS_DB.PUBLIC.book_table (title, author, subject, status, borrow_availability, publish_date) VALUES (%s, %s, %s, %s, %s, %s), parameters: ['The C Programming Language', 'Brian W. Kernighan', 'C (Computer program language)', 'borrow_available', False, 1978]
[2024-07-15T15:01:12.624+0000] {sql.py:496} INFO - Rows affected: 1
[2024-07-15T15:01:12.624+0000] {snowflake.py:410} INFO - Rows affected: 1
[2024-07-15T15:01:12.625+0000] {snowflake.py:411} INFO - Snowflake query id: 01b5afe5-0000-c766-0001-1bbe0002f016
[2024-07-15T15:01:12.823+0000] {cursor.py:1149} INFO - Number of results in first chunk: 1
[2024-07-15T15:01:12.824+0000] {connection.py:762} INFO - closed
[2024-07-15T15:01:12.848+0000] {connection.py:768} INFO - No async queries seem to be running, deleting session
[2024-07-15T15:01:12.883+0000] {connection.py:399} INFO - Snowflake Connector for Python Version: 3.10.1, Python Version: 3.12.4, Platform: Linux-6.5.0-1022-azure-x86_64-with-glibc2.36
[2024-07-15T15:01:12.884+0000] {connection.py:1239} INFO - This connection is in OCSP Fail Open Mode. TLS Certificates would be checked for validity and revocation status. Any other Certificate Revocation related exceptions or OCSP Responder failures would be disregarded in favor of connectivity.
[2024-07-15T15:01:13.176+0000] {cursor.py:1149} INFO - Number of results in first chunk: 1
[2024-07-15T15:01:13.177+0000] {sql.py:487} INFO - Running statement: INSERT INTO PROJECTS_DB.PUBLIC.book_table (title, author, subject, status, borrow_availability, publish_date) VALUES (%s, %s, %s, %s, %s, %s), parameters: ['Game Ai Pro 360', 'Steve Rabin', 'Artificial intelligence', None, None, 2019]
[2024-07-15T15:01:13.723+0000] {sql.py:496} INFO - Rows affected: 1
[2024-07-15T15:01:13.724+0000] {snowflake.py:410} INFO - Rows affected: 1
[2024-07-15T15:01:13.724+0000] {snowflake.py:411} INFO - Snowflake query id: 01b5afe5-0000-c7e2-0001-1bbe0002e02e
[2024-07-15T15:01:14.143+0000] {cursor.py:1149} INFO - Number of results in first chunk: 1
[2024-07-15T15:01:14.144+0000] {connection.py:762} INFO - closed
[2024-07-15T15:01:14.195+0000] {connection.py:768} INFO - No async queries seem to be running, deleting session
[2024-07-15T15:01:14.231+0000] {connection.py:399} INFO - Snowflake Connector for Python Version: 3.10.1, Python Version: 3.12.4, Platform: Linux-6.5.0-1022-azure-x86_64-with-glibc2.36
[2024-07-15T15:01:14.233+0000] {connection.py:1239} INFO - This connection is in OCSP Fail Open Mode. TLS Certificates would be checked for validity and revocation status. Any other Certificate Revocation related exceptions or OCSP Responder failures would be disregarded in favor of connectivity.
[2024-07-15T15:01:14.668+0000] {cursor.py:1149} INFO - Number of results in first chunk: 1
[2024-07-15T15:01:14.669+0000] {sql.py:487} INFO - Running statement: INSERT INTO PROJECTS_DB.PUBLIC.book_table (title, author, subject, status, borrow_availability, publish_date) VALUES (%s, %s, %s, %s, %s, %s), parameters: ["Tom Clancy's Net Force", 'Tom Clancy', 'Computer crimes', 'private', False, 1998]
[2024-07-15T15:01:15.080+0000] {sql.py:496} INFO - Rows affected: 1
[2024-07-15T15:01:15.080+0000] {snowflake.py:410} INFO - Rows affected: 1
[2024-07-15T15:01:15.081+0000] {snowflake.py:411} INFO - Snowflake query id: 01b5afe5-0000-c7e2-0001-1bbe0002e03a
[2024-07-15T15:01:15.267+0000] {cursor.py:1149} INFO - Number of results in first chunk: 1
[2024-07-15T15:01:15.268+0000] {connection.py:762} INFO - closed
[2024-07-15T15:01:15.305+0000] {connection.py:768} INFO - No async queries seem to be running, deleting session
[2024-07-15T15:01:15.331+0000] {connection.py:399} INFO - Snowflake Connector for Python Version: 3.10.1, Python Version: 3.12.4, Platform: Linux-6.5.0-1022-azure-x86_64-with-glibc2.36
[2024-07-15T15:01:15.333+0000] {connection.py:1239} INFO - This connection is in OCSP Fail Open Mode. TLS Certificates would be checked for validity and revocation status. Any other Certificate Revocation related exceptions or OCSP Responder failures would be disregarded in favor of connectivity.
[2024-07-15T15:01:15.586+0000] {cursor.py:1149} INFO - Number of results in first chunk: 1
[2024-07-15T15:01:15.590+0000] {sql.py:487} INFO - Running statement: INSERT INTO PROJECTS_DB.PUBLIC.book_table (title, author, subject, status, borrow_availability, publish_date) VALUES (%s, %s, %s, %s, %s, %s), parameters: ['Information systems literacy', 'Hossein Bidgoli', '1-2-3 for Windows', 'borrow_available', False, 1993]
[2024-07-15T15:01:16.151+0000] {sql.py:496} INFO - Rows affected: 1
[2024-07-15T15:01:16.152+0000] {snowflake.py:410} INFO - Rows affected: 1
[2024-07-15T15:01:16.152+0000] {snowflake.py:411} INFO - Snowflake query id: 01b5afe5-0000-c766-0001-1bbe0002f036
[2024-07-15T15:01:16.352+0000] {cursor.py:1149} INFO - Number of results in first chunk: 1
[2024-07-15T15:01:16.353+0000] {connection.py:762} INFO - closed
[2024-07-15T15:01:16.392+0000] {connection.py:768} INFO - No async queries seem to be running, deleting session
[2024-07-15T15:01:16.432+0000] {connection.py:399} INFO - Snowflake Connector for Python Version: 3.10.1, Python Version: 3.12.4, Platform: Linux-6.5.0-1022-azure-x86_64-with-glibc2.36
[2024-07-15T15:01:16.433+0000] {connection.py:1239} INFO - This connection is in OCSP Fail Open Mode. TLS Certificates would be checked for validity and revocation status. Any other Certificate Revocation related exceptions or OCSP Responder failures would be disregarded in favor of connectivity.
[2024-07-15T15:01:16.663+0000] {cursor.py:1149} INFO - Number of results in first chunk: 1
[2024-07-15T15:01:16.664+0000] {sql.py:487} INFO - Running statement: INSERT INTO PROJECTS_DB.PUBLIC.book_table (title, author, subject, status, borrow_availability, publish_date) VALUES (%s, %s, %s, %s, %s, %s), parameters: ['IBM PC Apprentice', 'Inc. Wordware Pub.', 'IBM Personal Computer', 'borrow_available', True, 1984]
[2024-07-15T15:01:17.275+0000] {sql.py:496} INFO - Rows affected: 1
[2024-07-15T15:01:17.282+0000] {snowflake.py:410} INFO - Rows affected: 1
[2024-07-15T15:01:17.283+0000] {snowflake.py:411} INFO - Snowflake query id: 01b5afe5-0000-c766-0001-1bbe0002f042
[2024-07-15T15:01:17.496+0000] {cursor.py:1149} INFO - Number of results in first chunk: 1
[2024-07-15T15:01:17.496+0000] {connection.py:762} INFO - closed
[2024-07-15T15:01:17.554+0000] {connection.py:768} INFO - No async queries seem to be running, deleting session
[2024-07-15T15:01:17.606+0000] {connection.py:399} INFO - Snowflake Connector for Python Version: 3.10.1, Python Version: 3.12.4, Platform: Linux-6.5.0-1022-azure-x86_64-with-glibc2.36
[2024-07-15T15:01:17.607+0000] {connection.py:1239} INFO - This connection is in OCSP Fail Open Mode. TLS Certificates would be checked for validity and revocation status. Any other Certificate Revocation related exceptions or OCSP Responder failures would be disregarded in favor of connectivity.
[2024-07-15T15:01:18.159+0000] {cursor.py:1149} INFO - Number of results in first chunk: 1
[2024-07-15T15:01:18.159+0000] {sql.py:487} INFO - Running statement: INSERT INTO PROJECTS_DB.PUBLIC.book_table (title, author, subject, status, borrow_availability, publish_date) VALUES (%s, %s, %s, %s, %s, %s), parameters: ['Numerical methods for engineers', 'Steven C. Chapra', 'Data processing', 'open', False, 1985]
[2024-07-15T15:01:18.591+0000] {sql.py:496} INFO - Rows affected: 1
[2024-07-15T15:01:18.591+0000] {snowflake.py:410} INFO - Rows affected: 1
[2024-07-15T15:01:18.591+0000] {snowflake.py:411} INFO - Snowflake query id: 01b5afe5-0000-c766-0001-1bbe0002f04a
[2024-07-15T15:01:18.781+0000] {cursor.py:1149} INFO - Number of results in first chunk: 1
[2024-07-15T15:01:18.782+0000] {connection.py:762} INFO - closed
[2024-07-15T15:01:18.845+0000] {connection.py:768} INFO - No async queries seem to be running, deleting session
[2024-07-15T15:01:18.888+0000] {connection.py:399} INFO - Snowflake Connector for Python Version: 3.10.1, Python Version: 3.12.4, Platform: Linux-6.5.0-1022-azure-x86_64-with-glibc2.36
[2024-07-15T15:01:18.889+0000] {connection.py:1239} INFO - This connection is in OCSP Fail Open Mode. TLS Certificates would be checked for validity and revocation status. Any other Certificate Revocation related exceptions or OCSP Responder failures would be disregarded in favor of connectivity.
[2024-07-15T15:01:19.117+0000] {cursor.py:1149} INFO - Number of results in first chunk: 1
[2024-07-15T15:01:19.117+0000] {sql.py:487} INFO - Running statement: INSERT INTO PROJECTS_DB.PUBLIC.book_table (title, author, subject, status, borrow_availability, publish_date) VALUES (%s, %s, %s, %s, %s, %s), parameters: ['IEEE standard for information technology', 'Institute of Electrical and Electronics Engineers', 'Ada (Computer program language)', 'error', None, 1991]
[2024-07-15T15:01:19.584+0000] {sql.py:496} INFO - Rows affected: 1
[2024-07-15T15:01:19.584+0000] {snowflake.py:410} INFO - Rows affected: 1
[2024-07-15T15:01:19.585+0000] {snowflake.py:411} INFO - Snowflake query id: 01b5afe5-0000-c766-0001-1bbe0002f056
[2024-07-15T15:01:19.788+0000] {cursor.py:1149} INFO - Number of results in first chunk: 1
[2024-07-15T15:01:19.789+0000] {connection.py:762} INFO - closed
[2024-07-15T15:01:19.815+0000] {connection.py:768} INFO - No async queries seem to be running, deleting session
[2024-07-15T15:01:19.854+0000] {connection.py:399} INFO - Snowflake Connector for Python Version: 3.10.1, Python Version: 3.12.4, Platform: Linux-6.5.0-1022-azure-x86_64-with-glibc2.36
[2024-07-15T15:01:19.855+0000] {connection.py:1239} INFO - This connection is in OCSP Fail Open Mode. TLS Certificates would be checked for validity and revocation status. Any other Certificate Revocation related exceptions or OCSP Responder failures would be disregarded in favor of connectivity.
[2024-07-15T15:01:20.262+0000] {cursor.py:1149} INFO - Number of results in first chunk: 1
[2024-07-15T15:01:20.263+0000] {sql.py:487} INFO - Running statement: INSERT INTO PROJECTS_DB.PUBLIC.book_table (title, author, subject, status, borrow_availability, publish_date) VALUES (%s, %s, %s, %s, %s, %s), parameters: ['Structured Computer Organization', 'Andrew S. Tanenbaum', 'Computer organization', 'private', False, 1975]
[2024-07-15T15:01:20.800+0000] {sql.py:496} INFO - Rows affected: 1
[2024-07-15T15:01:20.800+0000] {snowflake.py:410} INFO - Rows affected: 1
[2024-07-15T15:01:20.801+0000] {snowflake.py:411} INFO - Snowflake query id: 01b5afe5-0000-c766-0001-1bbe0002f05e
[2024-07-15T15:01:21.013+0000] {cursor.py:1149} INFO - Number of results in first chunk: 1
[2024-07-15T15:01:21.014+0000] {connection.py:762} INFO - closed
[2024-07-15T15:01:21.036+0000] {connection.py:768} INFO - No async queries seem to be running, deleting session
[2024-07-15T15:01:21.092+0000] {connection.py:399} INFO - Snowflake Connector for Python Version: 3.10.1, Python Version: 3.12.4, Platform: Linux-6.5.0-1022-azure-x86_64-with-glibc2.36
[2024-07-15T15:01:21.092+0000] {connection.py:1239} INFO - This connection is in OCSP Fail Open Mode. TLS Certificates would be checked for validity and revocation status. Any other Certificate Revocation related exceptions or OCSP Responder failures would be disregarded in favor of connectivity.
[2024-07-15T15:01:21.294+0000] {cursor.py:1149} INFO - Number of results in first chunk: 1
[2024-07-15T15:01:21.300+0000] {sql.py:487} INFO - Running statement: INSERT INTO PROJECTS_DB.PUBLIC.book_table (title, author, subject, status, borrow_availability, publish_date) VALUES (%s, %s, %s, %s, %s, %s), parameters: ['Inside Macintosh', 'Apple Computer Inc.', 'Macintosh (Computer)', 'borrow_available', False, 1986]
[2024-07-15T15:01:21.719+0000] {sql.py:496} INFO - Rows affected: 1
[2024-07-15T15:01:21.719+0000] {snowflake.py:410} INFO - Rows affected: 1
[2024-07-15T15:01:21.720+0000] {snowflake.py:411} INFO - Snowflake query id: 01b5afe5-0000-c766-0001-1bbe0002f066
[2024-07-15T15:01:21.918+0000] {cursor.py:1149} INFO - Number of results in first chunk: 1
[2024-07-15T15:01:21.919+0000] {connection.py:762} INFO - closed
[2024-07-15T15:01:21.939+0000] {connection.py:768} INFO - No async queries seem to be running, deleting session
[2024-07-15T15:01:21.969+0000] {connection.py:399} INFO - Snowflake Connector for Python Version: 3.10.1, Python Version: 3.12.4, Platform: Linux-6.5.0-1022-azure-x86_64-with-glibc2.36
[2024-07-15T15:01:21.970+0000] {connection.py:1239} INFO - This connection is in OCSP Fail Open Mode. TLS Certificates would be checked for validity and revocation status. Any other Certificate Revocation related exceptions or OCSP Responder failures would be disregarded in favor of connectivity.
[2024-07-15T15:01:22.173+0000] {cursor.py:1149} INFO - Number of results in first chunk: 1
[2024-07-15T15:01:22.173+0000] {sql.py:487} INFO - Running statement: INSERT INTO PROJECTS_DB.PUBLIC.book_table (title, author, subject, status, borrow_availability, publish_date) VALUES (%s, %s, %s, %s, %s, %s), parameters: ['DOS', 'Kris A. Jamsa', 'MS-DOS (Computer operating system)', 'borrow_available', False, 1987]
[2024-07-15T15:01:22.693+0000] {sql.py:496} INFO - Rows affected: 1
[2024-07-15T15:01:22.693+0000] {snowflake.py:410} INFO - Rows affected: 1
[2024-07-15T15:01:22.693+0000] {snowflake.py:411} INFO - Snowflake query id: 01b5afe5-0000-c7e2-0001-1bbe0002e066
[2024-07-15T15:01:22.907+0000] {cursor.py:1149} INFO - Number of results in first chunk: 1
[2024-07-15T15:01:22.907+0000] {connection.py:762} INFO - closed
[2024-07-15T15:01:22.925+0000] {connection.py:768} INFO - No async queries seem to be running, deleting session
[2024-07-15T15:01:22.953+0000] {python.py:237} INFO - Done. Returned value was: None
[2024-07-15T15:01:22.953+0000] {taskinstance.py:441} INFO - ::group::Post task execution logs
[2024-07-15T15:01:22.960+0000] {taskinstance.py:1206} INFO - Marking task as SUCCESS. dag_id=***_book_api_pipeline, task_id=insert_to_snowflake, run_id=scheduled__2024-07-14T00:00:00+00:00, execution_date=20240714T000000, start_date=20240715T150105, end_date=20240715T150122
[2024-07-15T15:01:22.989+0000] {local_task_job_runner.py:240} INFO - Task exited with return code 0
[2024-07-15T15:01:23.000+0000] {taskinstance.py:3503} INFO - 0 downstream tasks scheduled from follow-on schedule check
[2024-07-15T15:01:23.008+0000] {local_task_job_runner.py:222} INFO - ::endgroup::
