[2024-07-13T01:49:18.145+0000] {local_task_job_runner.py:120} INFO - ::group::Pre task execution logs
[2024-07-13T01:49:18.181+0000] {taskinstance.py:2076} INFO - Dependencies all met for dep_context=non-requeueable deps ti=<TaskInstance: airflow_book_api_pipeline.create_table manual__2024-07-13T01:49:15.241114+00:00 [queued]>
[2024-07-13T01:49:18.204+0000] {taskinstance.py:2076} INFO - Dependencies all met for dep_context=requeueable deps ti=<TaskInstance: airflow_book_api_pipeline.create_table manual__2024-07-13T01:49:15.241114+00:00 [queued]>
[2024-07-13T01:49:18.205+0000] {taskinstance.py:2306} INFO - Starting attempt 1 of 2
[2024-07-13T01:49:18.248+0000] {taskinstance.py:2330} INFO - Executing <Task(PythonOperator): create_table> on 2024-07-13 01:49:15.241114+00:00
[2024-07-13T01:49:18.256+0000] {warnings.py:112} WARNING - /home/***/.local/lib/python3.12/site-packages/***/task/task_runner/standard_task_runner.py:61: DeprecationWarning: This process (pid=338) is multi-threaded, use of fork() may lead to deadlocks in the child.
  pid = os.fork()

[2024-07-13T01:49:18.258+0000] {standard_task_runner.py:63} INFO - Started process 340 to run task
[2024-07-13T01:49:18.263+0000] {standard_task_runner.py:90} INFO - Running: ['***', 'tasks', 'run', '***_book_api_pipeline', 'create_table', 'manual__2024-07-13T01:49:15.241114+00:00', '--job-id', '11', '--raw', '--subdir', 'DAGS_FOLDER/***_book_api_dags.py', '--cfg-path', '/tmp/tmpzflamtol']
[2024-07-13T01:49:18.264+0000] {standard_task_runner.py:91} INFO - Job 11: Subtask create_table
[2024-07-13T01:49:18.309+0000] {task_command.py:426} INFO - Running <TaskInstance: airflow_book_api_pipeline.create_table manual__2024-07-13T01:49:15.241114+00:00 [running]> on host e6b306b9c204
[2024-07-13T01:49:18.389+0000] {taskinstance.py:2648} INFO - Exporting env vars: AIRFLOW_CTX_DAG_OWNER='zainal' AIRFLOW_CTX_DAG_ID='***_book_api_pipeline' AIRFLOW_CTX_TASK_ID='create_table' AIRFLOW_CTX_EXECUTION_DATE='2024-07-13T01:49:15.241114+00:00' AIRFLOW_CTX_TRY_NUMBER='1' AIRFLOW_CTX_DAG_RUN_ID='manual__2024-07-13T01:49:15.241114+00:00'
[2024-07-13T01:49:18.390+0000] {taskinstance.py:430} INFO - ::endgroup::
[2024-07-13T01:49:18.400+0000] {base.py:84} INFO - Using connection ID 'snowflake-conn' for task execution.
[2024-07-13T01:49:18.402+0000] {connection.py:399} INFO - Snowflake Connector for Python Version: 3.10.1, Python Version: 3.12.4, Platform: Linux-6.5.0-1022-azure-x86_64-with-glibc2.36
[2024-07-13T01:49:18.402+0000] {connection.py:1239} INFO - This connection is in OCSP Fail Open Mode. TLS Certificates would be checked for validity and revocation status. Any other Certificate Revocation related exceptions or OCSP Responder failures would be disregarded in favor of connectivity.
[2024-07-13T01:49:19.569+0000] {connection.py:547} WARNING - Certificate did not match expected hostname: wk34718.southeast-asia.snowflakecomputing.com. Certificate: {'subject': ((('commonName', '*.prod3.us-west-2.snowflakecomputing.com'),),), 'subjectAltName': [('DNS', '*.prod3.us-west-2.snowflakecomputing.com'), ('DNS', '*.us-west-2.snowflakecomputing.com'), ('DNS', '*.global.snowflakecomputing.com'), ('DNS', '*.snowflakecomputing.com'), ('DNS', '*.prod3.us-west-2.aws.snowflakecomputing.com')]}
[2024-07-13T01:49:19.570+0000] {connectionpool.py:824} WARNING - Retrying (Retry(total=0, connect=None, read=None, redirect=None, status=None)) after connection broken by 'SSLError(CertificateError("hostname 'wk34718.southeast-asia.snowflakecomputing.com' doesn't match either of '*.prod3.us-west-2.snowflakecomputing.com', '*.us-west-2.snowflakecomputing.com', '*.global.snowflakecomputing.com', '*.snowflakecomputing.com', '*.prod3.us-west-2.aws.snowflakecomputing.com'"))': /session/v1/login-request?request_id=e8484f1f-bade-4480-a659-b5194deaf1c8&databaseName=PROJECTS_DB&schemaName=PUBLIC&warehouse=COMPUTE_WH&roleName=ACCOUNTADMIN&request_guid=74f66331-e8b4-4f75-8049-e31d58f82c7d
[2024-07-13T01:49:20.144+0000] {connection.py:547} WARNING - Certificate did not match expected hostname: wk34718.southeast-asia.snowflakecomputing.com. Certificate: {'subject': ((('commonName', '*.prod3.us-west-2.snowflakecomputing.com'),),), 'subjectAltName': [('DNS', '*.prod3.us-west-2.snowflakecomputing.com'), ('DNS', '*.us-west-2.snowflakecomputing.com'), ('DNS', '*.global.snowflakecomputing.com'), ('DNS', '*.snowflakecomputing.com'), ('DNS', '*.prod3.us-west-2.aws.snowflakecomputing.com')]}
[2024-07-13T01:49:20.150+0000] {network.py:1029} ERROR - Failed to get the response. Hanging? method: post, url: https://WK34718.southeast-asia.snowflakecomputing.com:443/session/v1/login-request?request_id=e8484f1f-bade-4480-a659-b5194deaf1c8&databaseName=PROJECTS_DB&schemaName=PUBLIC&warehouse=COMPUTE_WH&roleName=ACCOUNTADMIN&request_guid=74f66331-e8b4-4f75-8049-e31d58f82c7d, headers:{'Content-Type': 'application/json', 'accept': 'application/snowflake', 'User-Agent': 'PythonConnector/3.10.1 (Linux-6.5.0-1022-azure-x86_64-with-glibc2.36) CPython/3.12.4', 'Content-Encoding': 'gzip'}, data: {"data": {"CLIENT_APP_ID": "PythonConnector", "CLIENT_APP_VERSION": "3.10.1", "SVN_REVISION": null, "ACCOUNT_NAME": "WK34718", "LOGIN_NAME": "znlbdn", "CLIENT_ENVIRONMENT": {"APPLICATION": "AIRFLOW", "OS": "Linux", "OS_VERSION": "Linux-6.5.0-1022-azure-x86_64-with-glibc2.36", "PYTHON_VERSION": "3.12.4", "PYTHON_RUNTIME": "CPython", "PYTHON_COMPILER": "GCC 12.2.0", "OCSP_MODE": "FAIL_OPEN", "TRACING": 20, "LOGIN_TIMEOUT": null, "NETWORK_TIMEOUT": null, "SOCKET_TIMEOUT": null}, "PASSWORD": "**** "SESSION_PARAMETERS": {"CLIENT_PREFETCH_THREADS": 4}}}
[2024-07-13T01:49:21.819+0000] {connection.py:547} WARNING - Certificate did not match expected hostname: wk34718.southeast-asia.snowflakecomputing.com. Certificate: {'subject': ((('commonName', '*.prod3.us-west-2.snowflakecomputing.com'),),), 'subjectAltName': [('DNS', '*.prod3.us-west-2.snowflakecomputing.com'), ('DNS', '*.us-west-2.snowflakecomputing.com'), ('DNS', '*.global.snowflakecomputing.com'), ('DNS', '*.snowflakecomputing.com'), ('DNS', '*.prod3.us-west-2.aws.snowflakecomputing.com')]}
[2024-07-13T01:49:21.820+0000] {connectionpool.py:824} WARNING - Retrying (Retry(total=0, connect=None, read=None, redirect=None, status=None)) after connection broken by 'SSLError(CertificateError("hostname 'wk34718.southeast-asia.snowflakecomputing.com' doesn't match either of '*.prod3.us-west-2.snowflakecomputing.com', '*.us-west-2.snowflakecomputing.com', '*.global.snowflakecomputing.com', '*.snowflakecomputing.com', '*.prod3.us-west-2.aws.snowflakecomputing.com'"))': /session/v1/login-request?request_id=a84e54b6-3f77-41eb-8fad-9860d3456913&databaseName=PROJECTS_DB&schemaName=PUBLIC&warehouse=COMPUTE_WH&roleName=ACCOUNTADMIN&request_guid=1026f107-546d-4967-bd89-7e41133195cf
[2024-07-13T01:49:22.397+0000] {connection.py:547} WARNING - Certificate did not match expected hostname: wk34718.southeast-asia.snowflakecomputing.com. Certificate: {'subject': ((('commonName', '*.prod3.us-west-2.snowflakecomputing.com'),),), 'subjectAltName': [('DNS', '*.prod3.us-west-2.snowflakecomputing.com'), ('DNS', '*.us-west-2.snowflakecomputing.com'), ('DNS', '*.global.snowflakecomputing.com'), ('DNS', '*.snowflakecomputing.com'), ('DNS', '*.prod3.us-west-2.aws.snowflakecomputing.com')]}
[2024-07-13T01:49:22.400+0000] {network.py:1029} ERROR - Failed to get the response. Hanging? method: post, url: https://WK34718.southeast-asia.snowflakecomputing.com:443/session/v1/login-request?request_id=a84e54b6-3f77-41eb-8fad-9860d3456913&databaseName=PROJECTS_DB&schemaName=PUBLIC&warehouse=COMPUTE_WH&roleName=ACCOUNTADMIN&request_guid=1026f107-546d-4967-bd89-7e41133195cf, headers:{'Content-Type': 'application/json', 'accept': 'application/snowflake', 'User-Agent': 'PythonConnector/3.10.1 (Linux-6.5.0-1022-azure-x86_64-with-glibc2.36) CPython/3.12.4', 'Content-Encoding': 'gzip'}, data: {"data": {"CLIENT_APP_ID": "PythonConnector", "CLIENT_APP_VERSION": "3.10.1", "SVN_REVISION": null, "ACCOUNT_NAME": "WK34718", "LOGIN_NAME": "znlbdn", "CLIENT_ENVIRONMENT": {"APPLICATION": "AIRFLOW", "OS": "Linux", "OS_VERSION": "Linux-6.5.0-1022-azure-x86_64-with-glibc2.36", "PYTHON_VERSION": "3.12.4", "PYTHON_RUNTIME": "CPython", "PYTHON_COMPILER": "GCC 12.2.0", "OCSP_MODE": "FAIL_OPEN", "TRACING": 20, "LOGIN_TIMEOUT": null, "NETWORK_TIMEOUT": null, "SOCKET_TIMEOUT": null}, "PASSWORD": "**** "SESSION_PARAMETERS": {"CLIENT_PREFETCH_THREADS": 4}}}
[2024-07-13T01:49:22.402+0000] {taskinstance.py:441} INFO - ::group::Post task execution logs
[2024-07-13T01:49:22.403+0000] {taskinstance.py:2905} ERROR - Task failed with exception
Traceback (most recent call last):
  File "/home/airflow/.local/lib/python3.12/site-packages/snowflake/connector/connection.py", line 1373, in _authenticate
    auth.authenticate(
  File "/home/airflow/.local/lib/python3.12/site-packages/snowflake/connector/auth/_auth.py", line 250, in authenticate
    ret = self._rest._post_request(
          ^^^^^^^^^^^^^^^^^^^^^^^^^
  File "/home/airflow/.local/lib/python3.12/site-packages/snowflake/connector/network.py", line 734, in _post_request
    ret = self.fetch(
          ^^^^^^^^^^^
  File "/home/airflow/.local/lib/python3.12/site-packages/snowflake/connector/network.py", line 843, in fetch
    ret = self._request_exec_wrapper(
          ^^^^^^^^^^^^^^^^^^^^^^^^^^^
  File "/home/airflow/.local/lib/python3.12/site-packages/snowflake/connector/network.py", line 979, in _request_exec_wrapper
    raise e
  File "/home/airflow/.local/lib/python3.12/site-packages/snowflake/connector/network.py", line 895, in _request_exec_wrapper
    self._handle_unknown_error(method, full_url, headers, data, conn)
  File "/home/airflow/.local/lib/python3.12/site-packages/snowflake/connector/network.py", line 1034, in _handle_unknown_error
    Error.errorhandler_wrapper(
  File "/home/airflow/.local/lib/python3.12/site-packages/snowflake/connector/errors.py", line 290, in errorhandler_wrapper
    handed_over = Error.hand_to_other_handler(
                  ^^^^^^^^^^^^^^^^^^^^^^^^^^^^
  File "/home/airflow/.local/lib/python3.12/site-packages/snowflake/connector/errors.py", line 348, in hand_to_other_handler
    connection.errorhandler(connection, cursor, error_class, error_value)
  File "/home/airflow/.local/lib/python3.12/site-packages/snowflake/connector/errors.py", line 221, in default_errorhandler
    raise error_class(
snowflake.connector.errors.OperationalError: 250003: 250003: Failed to get the response. Hanging? method: post, url: https://WK34718.southeast-asia.snowflakecomputing.com:443/session/v1/login-request?request_id=e8484f1f-bade-4480-a659-b5194deaf1c8&databaseName=PROJECTS_DB&schemaName=PUBLIC&warehouse=COMPUTE_WH&roleName=ACCOUNTADMIN&request_guid=74f66331-e8b4-4f75-8049-e31d58f82c7d

The above exception was the direct cause of the following exception:

Traceback (most recent call last):
  File "/home/airflow/.local/lib/python3.12/site-packages/airflow/models/taskinstance.py", line 465, in _execute_task
    result = _execute_callable(context=context, **execute_callable_kwargs)
             ^^^^^^^^^^^^^^^^^^^^^^^^^^^^^^^^^^^^^^^^^^^^^^^^^^^^^^^^^^^^^
  File "/home/airflow/.local/lib/python3.12/site-packages/airflow/models/taskinstance.py", line 432, in _execute_callable
    return execute_callable(context=context, **execute_callable_kwargs)
           ^^^^^^^^^^^^^^^^^^^^^^^^^^^^^^^^^^^^^^^^^^^^^^^^^^^^^^^^^^^^
  File "/home/airflow/.local/lib/python3.12/site-packages/airflow/models/baseoperator.py", line 401, in wrapper
    return func(self, *args, **kwargs)
           ^^^^^^^^^^^^^^^^^^^^^^^^^^^
  File "/home/airflow/.local/lib/python3.12/site-packages/airflow/operators/python.py", line 235, in execute
    return_value = self.execute_callable()
                   ^^^^^^^^^^^^^^^^^^^^^^^
  File "/home/airflow/.local/lib/python3.12/site-packages/airflow/operators/python.py", line 252, in execute_callable
    return self.python_callable(*self.op_args, **self.op_kwargs)
           ^^^^^^^^^^^^^^^^^^^^^^^^^^^^^^^^^^^^^^^^^^^^^^^^^^^^^
  File "/opt/airflow/dags/airflow_book_api_dags.py", line 35, in create_table
    snowflake_hook.run(create_table_query)
  File "/home/airflow/.local/lib/python3.12/site-packages/airflow/providers/snowflake/hooks/snowflake.py", line 392, in run
    with closing(self.get_conn()) as conn:
                 ^^^^^^^^^^^^^^^
  File "/home/airflow/.local/lib/python3.12/site-packages/airflow/providers/snowflake/hooks/snowflake.py", line 290, in get_conn
    conn = connector.connect(**conn_config)
           ^^^^^^^^^^^^^^^^^^^^^^^^^^^^^^^^
  File "/home/airflow/.local/lib/python3.12/site-packages/snowflake/connector/__init__.py", line 55, in Connect
    return SnowflakeConnection(**kwargs)
           ^^^^^^^^^^^^^^^^^^^^^^^^^^^^^
  File "/home/airflow/.local/lib/python3.12/site-packages/snowflake/connector/connection.py", line 442, in __init__
    self.connect(**kwargs)
  File "/home/airflow/.local/lib/python3.12/site-packages/snowflake/connector/connection.py", line 745, in connect
    self.__open_connection()
  File "/home/airflow/.local/lib/python3.12/site-packages/snowflake/connector/connection.py", line 1073, in __open_connection
    self.authenticate_with_retry(self.auth_class)
  File "/home/airflow/.local/lib/python3.12/site-packages/snowflake/connector/connection.py", line 1345, in authenticate_with_retry
    self._authenticate(auth_instance)
  File "/home/airflow/.local/lib/python3.12/site-packages/snowflake/connector/connection.py", line 1417, in _authenticate
    raise auth_op from e
  File "/home/airflow/.local/lib/python3.12/site-packages/snowflake/connector/connection.py", line 1394, in _authenticate
    auth_instance.handle_timeout(
  File "/home/airflow/.local/lib/python3.12/site-packages/snowflake/connector/auth/by_plugin.py", line 212, in handle_timeout
    raise error
snowflake.connector.errors.OperationalError: 250001: 250001: Could not connect to Snowflake backend after 2 attempt(s).Aborting
[2024-07-13T01:49:22.410+0000] {taskinstance.py:1206} INFO - Marking task as UP_FOR_RETRY. dag_id=***_book_api_pipeline, task_id=create_table, run_id=manual__2024-07-13T01:49:15.241114+00:00, execution_date=20240713T014915, start_date=20240713T014918, end_date=20240713T014922
[2024-07-13T01:49:22.426+0000] {standard_task_runner.py:110} ERROR - Failed to execute job 11 for task create_table (250001: 250001: Could not connect to Snowflake backend after 2 attempt(s).Aborting; 340)
[2024-07-13T01:49:22.445+0000] {local_task_job_runner.py:240} INFO - Task exited with return code 1
[2024-07-13T01:49:22.466+0000] {taskinstance.py:3503} INFO - 0 downstream tasks scheduled from follow-on schedule check
[2024-07-13T01:49:22.472+0000] {local_task_job_runner.py:222} INFO - ::endgroup::
