[2024-07-15T15:00:43.356+0000] {processor.py:161} INFO - Started process (PID=43) to work on /home/airflow/.local/lib/python3.12/site-packages/airflow/example_dags/example_nested_branch_dag.py
[2024-07-15T15:00:43.356+0000] {processor.py:830} INFO - Processing file /home/airflow/.local/lib/python3.12/site-packages/airflow/example_dags/example_nested_branch_dag.py for tasks to queue
[2024-07-15T15:00:43.358+0000] {logging_mixin.py:188} INFO - [2024-07-15T15:00:43.358+0000] {dagbag.py:545} INFO - Filling up the DagBag from /home/airflow/.local/lib/python3.12/site-packages/airflow/example_dags/example_nested_branch_dag.py
[2024-07-15T15:00:43.433+0000] {processor.py:840} INFO - DAG(s) 'example_nested_branch_dag' retrieved from /home/airflow/.local/lib/python3.12/site-packages/airflow/example_dags/example_nested_branch_dag.py
[2024-07-15T15:00:43.540+0000] {logging_mixin.py:188} INFO - [2024-07-15T15:00:43.539+0000] {dag.py:3096} INFO - Sync 1 DAGs
[2024-07-15T15:00:43.624+0000] {logging_mixin.py:188} INFO - [2024-07-15T15:00:43.624+0000] {dag.py:3954} INFO - Setting next_dagrun for example_nested_branch_dag to 2024-07-14 00:00:00+00:00, run_after=2024-07-15 00:00:00+00:00
[2024-07-15T15:00:43.715+0000] {processor.py:183} INFO - Processing /home/airflow/.local/lib/python3.12/site-packages/airflow/example_dags/example_nested_branch_dag.py took 0.368 seconds
[2024-07-15T15:01:14.077+0000] {processor.py:161} INFO - Started process (PID=100) to work on /home/airflow/.local/lib/python3.12/site-packages/airflow/example_dags/example_nested_branch_dag.py
[2024-07-15T15:01:14.078+0000] {processor.py:830} INFO - Processing file /home/airflow/.local/lib/python3.12/site-packages/airflow/example_dags/example_nested_branch_dag.py for tasks to queue
[2024-07-15T15:01:14.080+0000] {logging_mixin.py:188} INFO - [2024-07-15T15:01:14.080+0000] {dagbag.py:545} INFO - Filling up the DagBag from /home/airflow/.local/lib/python3.12/site-packages/airflow/example_dags/example_nested_branch_dag.py
[2024-07-15T15:01:14.104+0000] {processor.py:840} INFO - DAG(s) 'example_nested_branch_dag' retrieved from /home/airflow/.local/lib/python3.12/site-packages/airflow/example_dags/example_nested_branch_dag.py
[2024-07-15T15:01:14.206+0000] {logging_mixin.py:188} INFO - [2024-07-15T15:01:14.205+0000] {dag.py:3096} INFO - Sync 1 DAGs
[2024-07-15T15:01:14.304+0000] {logging_mixin.py:188} INFO - [2024-07-15T15:01:14.303+0000] {dag.py:3954} INFO - Setting next_dagrun for example_nested_branch_dag to 2024-07-14 00:00:00+00:00, run_after=2024-07-15 00:00:00+00:00
[2024-07-15T15:01:14.367+0000] {processor.py:183} INFO - Processing /home/airflow/.local/lib/python3.12/site-packages/airflow/example_dags/example_nested_branch_dag.py took 0.333 seconds
[2024-07-15T15:01:45.298+0000] {processor.py:161} INFO - Started process (PID=158) to work on /home/airflow/.local/lib/python3.12/site-packages/airflow/example_dags/example_nested_branch_dag.py
[2024-07-15T15:01:45.299+0000] {processor.py:830} INFO - Processing file /home/airflow/.local/lib/python3.12/site-packages/airflow/example_dags/example_nested_branch_dag.py for tasks to queue
[2024-07-15T15:01:45.301+0000] {logging_mixin.py:188} INFO - [2024-07-15T15:01:45.301+0000] {dagbag.py:545} INFO - Filling up the DagBag from /home/airflow/.local/lib/python3.12/site-packages/airflow/example_dags/example_nested_branch_dag.py
[2024-07-15T15:01:45.312+0000] {processor.py:840} INFO - DAG(s) 'example_nested_branch_dag' retrieved from /home/airflow/.local/lib/python3.12/site-packages/airflow/example_dags/example_nested_branch_dag.py
[2024-07-15T15:01:45.336+0000] {logging_mixin.py:188} INFO - [2024-07-15T15:01:45.335+0000] {dag.py:3096} INFO - Sync 1 DAGs
[2024-07-15T15:01:45.361+0000] {logging_mixin.py:188} INFO - [2024-07-15T15:01:45.361+0000] {dag.py:3954} INFO - Setting next_dagrun for example_nested_branch_dag to 2024-07-14 00:00:00+00:00, run_after=2024-07-15 00:00:00+00:00
[2024-07-15T15:01:45.383+0000] {processor.py:183} INFO - Processing /home/airflow/.local/lib/python3.12/site-packages/airflow/example_dags/example_nested_branch_dag.py took 0.090 seconds
[2024-07-15T15:02:15.417+0000] {processor.py:161} INFO - Started process (PID=217) to work on /home/airflow/.local/lib/python3.12/site-packages/airflow/example_dags/example_nested_branch_dag.py
[2024-07-15T15:02:15.418+0000] {processor.py:830} INFO - Processing file /home/airflow/.local/lib/python3.12/site-packages/airflow/example_dags/example_nested_branch_dag.py for tasks to queue
[2024-07-15T15:02:15.419+0000] {logging_mixin.py:188} INFO - [2024-07-15T15:02:15.419+0000] {dagbag.py:545} INFO - Filling up the DagBag from /home/airflow/.local/lib/python3.12/site-packages/airflow/example_dags/example_nested_branch_dag.py
[2024-07-15T15:02:15.430+0000] {processor.py:840} INFO - DAG(s) 'example_nested_branch_dag' retrieved from /home/airflow/.local/lib/python3.12/site-packages/airflow/example_dags/example_nested_branch_dag.py
[2024-07-15T15:02:15.453+0000] {logging_mixin.py:188} INFO - [2024-07-15T15:02:15.453+0000] {dag.py:3096} INFO - Sync 1 DAGs
[2024-07-15T15:02:15.478+0000] {logging_mixin.py:188} INFO - [2024-07-15T15:02:15.478+0000] {dag.py:3954} INFO - Setting next_dagrun for example_nested_branch_dag to 2024-07-14 00:00:00+00:00, run_after=2024-07-15 00:00:00+00:00
[2024-07-15T15:02:15.501+0000] {processor.py:183} INFO - Processing /home/airflow/.local/lib/python3.12/site-packages/airflow/example_dags/example_nested_branch_dag.py took 0.090 seconds
[2024-07-15T15:02:45.991+0000] {processor.py:161} INFO - Started process (PID=274) to work on /home/airflow/.local/lib/python3.12/site-packages/airflow/example_dags/example_nested_branch_dag.py
[2024-07-15T15:02:45.991+0000] {processor.py:830} INFO - Processing file /home/airflow/.local/lib/python3.12/site-packages/airflow/example_dags/example_nested_branch_dag.py for tasks to queue
[2024-07-15T15:02:45.996+0000] {logging_mixin.py:188} INFO - [2024-07-15T15:02:45.995+0000] {dagbag.py:545} INFO - Filling up the DagBag from /home/airflow/.local/lib/python3.12/site-packages/airflow/example_dags/example_nested_branch_dag.py
[2024-07-15T15:02:46.013+0000] {processor.py:840} INFO - DAG(s) 'example_nested_branch_dag' retrieved from /home/airflow/.local/lib/python3.12/site-packages/airflow/example_dags/example_nested_branch_dag.py
[2024-07-15T15:02:46.035+0000] {logging_mixin.py:188} INFO - [2024-07-15T15:02:46.035+0000] {dag.py:3096} INFO - Sync 1 DAGs
[2024-07-15T15:02:46.067+0000] {logging_mixin.py:188} INFO - [2024-07-15T15:02:46.067+0000] {dag.py:3954} INFO - Setting next_dagrun for example_nested_branch_dag to 2024-07-14 00:00:00+00:00, run_after=2024-07-15 00:00:00+00:00
[2024-07-15T15:02:46.096+0000] {processor.py:183} INFO - Processing /home/airflow/.local/lib/python3.12/site-packages/airflow/example_dags/example_nested_branch_dag.py took 0.117 seconds
[2024-07-15T15:03:16.187+0000] {processor.py:161} INFO - Started process (PID=333) to work on /home/airflow/.local/lib/python3.12/site-packages/airflow/example_dags/example_nested_branch_dag.py
[2024-07-15T15:03:16.188+0000] {processor.py:830} INFO - Processing file /home/airflow/.local/lib/python3.12/site-packages/airflow/example_dags/example_nested_branch_dag.py for tasks to queue
[2024-07-15T15:03:16.190+0000] {logging_mixin.py:188} INFO - [2024-07-15T15:03:16.190+0000] {dagbag.py:545} INFO - Filling up the DagBag from /home/airflow/.local/lib/python3.12/site-packages/airflow/example_dags/example_nested_branch_dag.py
[2024-07-15T15:03:16.201+0000] {processor.py:840} INFO - DAG(s) 'example_nested_branch_dag' retrieved from /home/airflow/.local/lib/python3.12/site-packages/airflow/example_dags/example_nested_branch_dag.py
[2024-07-15T15:03:16.225+0000] {logging_mixin.py:188} INFO - [2024-07-15T15:03:16.224+0000] {dag.py:3096} INFO - Sync 1 DAGs
[2024-07-15T15:03:16.249+0000] {logging_mixin.py:188} INFO - [2024-07-15T15:03:16.249+0000] {dag.py:3954} INFO - Setting next_dagrun for example_nested_branch_dag to 2024-07-14 00:00:00+00:00, run_after=2024-07-15 00:00:00+00:00
[2024-07-15T15:03:16.272+0000] {processor.py:183} INFO - Processing /home/airflow/.local/lib/python3.12/site-packages/airflow/example_dags/example_nested_branch_dag.py took 0.090 seconds
[2024-07-15T15:03:46.565+0000] {processor.py:161} INFO - Started process (PID=391) to work on /home/airflow/.local/lib/python3.12/site-packages/airflow/example_dags/example_nested_branch_dag.py
[2024-07-15T15:03:46.566+0000] {processor.py:830} INFO - Processing file /home/airflow/.local/lib/python3.12/site-packages/airflow/example_dags/example_nested_branch_dag.py for tasks to queue
[2024-07-15T15:03:46.569+0000] {logging_mixin.py:188} INFO - [2024-07-15T15:03:46.568+0000] {dagbag.py:545} INFO - Filling up the DagBag from /home/airflow/.local/lib/python3.12/site-packages/airflow/example_dags/example_nested_branch_dag.py
[2024-07-15T15:03:46.580+0000] {processor.py:840} INFO - DAG(s) 'example_nested_branch_dag' retrieved from /home/airflow/.local/lib/python3.12/site-packages/airflow/example_dags/example_nested_branch_dag.py
[2024-07-15T15:03:46.601+0000] {logging_mixin.py:188} INFO - [2024-07-15T15:03:46.601+0000] {dag.py:3096} INFO - Sync 1 DAGs
[2024-07-15T15:03:46.626+0000] {logging_mixin.py:188} INFO - [2024-07-15T15:03:46.625+0000] {dag.py:3954} INFO - Setting next_dagrun for example_nested_branch_dag to 2024-07-14 00:00:00+00:00, run_after=2024-07-15 00:00:00+00:00
[2024-07-15T15:03:46.647+0000] {processor.py:183} INFO - Processing /home/airflow/.local/lib/python3.12/site-packages/airflow/example_dags/example_nested_branch_dag.py took 0.087 seconds
[2024-07-15T15:04:16.973+0000] {processor.py:161} INFO - Started process (PID=449) to work on /home/airflow/.local/lib/python3.12/site-packages/airflow/example_dags/example_nested_branch_dag.py
[2024-07-15T15:04:16.973+0000] {processor.py:830} INFO - Processing file /home/airflow/.local/lib/python3.12/site-packages/airflow/example_dags/example_nested_branch_dag.py for tasks to queue
[2024-07-15T15:04:16.975+0000] {logging_mixin.py:188} INFO - [2024-07-15T15:04:16.975+0000] {dagbag.py:545} INFO - Filling up the DagBag from /home/airflow/.local/lib/python3.12/site-packages/airflow/example_dags/example_nested_branch_dag.py
[2024-07-15T15:04:16.985+0000] {processor.py:840} INFO - DAG(s) 'example_nested_branch_dag' retrieved from /home/airflow/.local/lib/python3.12/site-packages/airflow/example_dags/example_nested_branch_dag.py
[2024-07-15T15:04:17.013+0000] {logging_mixin.py:188} INFO - [2024-07-15T15:04:17.013+0000] {dag.py:3096} INFO - Sync 1 DAGs
[2024-07-15T15:04:17.055+0000] {logging_mixin.py:188} INFO - [2024-07-15T15:04:17.055+0000] {dag.py:3954} INFO - Setting next_dagrun for example_nested_branch_dag to 2024-07-14 00:00:00+00:00, run_after=2024-07-15 00:00:00+00:00
[2024-07-15T15:04:17.092+0000] {processor.py:183} INFO - Processing /home/airflow/.local/lib/python3.12/site-packages/airflow/example_dags/example_nested_branch_dag.py took 0.125 seconds
[2024-07-15T15:04:47.488+0000] {processor.py:161} INFO - Started process (PID=507) to work on /home/airflow/.local/lib/python3.12/site-packages/airflow/example_dags/example_nested_branch_dag.py
[2024-07-15T15:04:47.489+0000] {processor.py:830} INFO - Processing file /home/airflow/.local/lib/python3.12/site-packages/airflow/example_dags/example_nested_branch_dag.py for tasks to queue
[2024-07-15T15:04:47.490+0000] {logging_mixin.py:188} INFO - [2024-07-15T15:04:47.490+0000] {dagbag.py:545} INFO - Filling up the DagBag from /home/airflow/.local/lib/python3.12/site-packages/airflow/example_dags/example_nested_branch_dag.py
[2024-07-15T15:04:47.501+0000] {processor.py:840} INFO - DAG(s) 'example_nested_branch_dag' retrieved from /home/airflow/.local/lib/python3.12/site-packages/airflow/example_dags/example_nested_branch_dag.py
[2024-07-15T15:04:47.524+0000] {logging_mixin.py:188} INFO - [2024-07-15T15:04:47.523+0000] {dag.py:3096} INFO - Sync 1 DAGs
[2024-07-15T15:04:47.551+0000] {logging_mixin.py:188} INFO - [2024-07-15T15:04:47.550+0000] {dag.py:3954} INFO - Setting next_dagrun for example_nested_branch_dag to 2024-07-14 00:00:00+00:00, run_after=2024-07-15 00:00:00+00:00
[2024-07-15T15:04:47.577+0000] {processor.py:183} INFO - Processing /home/airflow/.local/lib/python3.12/site-packages/airflow/example_dags/example_nested_branch_dag.py took 0.095 seconds
