[2024-07-15T15:00:45.529+0000] {processor.py:161} INFO - Started process (PID=54) to work on /home/airflow/.local/lib/python3.12/site-packages/airflow/example_dags/example_subdag_operator.py
[2024-07-15T15:00:45.530+0000] {processor.py:830} INFO - Processing file /home/airflow/.local/lib/python3.12/site-packages/airflow/example_dags/example_subdag_operator.py for tasks to queue
[2024-07-15T15:00:45.536+0000] {logging_mixin.py:188} INFO - [2024-07-15T15:00:45.536+0000] {dagbag.py:545} INFO - Filling up the DagBag from /home/airflow/.local/lib/python3.12/site-packages/airflow/example_dags/example_subdag_operator.py
[2024-07-15T15:00:45.591+0000] {processor.py:840} INFO - DAG(s) 'example_subdag_operator.section-1', 'example_subdag_operator.section-2', 'example_subdag_operator' retrieved from /home/airflow/.local/lib/python3.12/site-packages/airflow/example_dags/example_subdag_operator.py
[2024-07-15T15:00:45.649+0000] {logging_mixin.py:188} INFO - [2024-07-15T15:00:45.648+0000] {dag.py:3096} INFO - Sync 3 DAGs
[2024-07-15T15:00:45.746+0000] {logging_mixin.py:188} INFO - [2024-07-15T15:00:45.746+0000] {dag.py:3954} INFO - Setting next_dagrun for example_subdag_operator to 2022-01-01 00:00:00+00:00, run_after=2022-01-01 00:00:00+00:00
[2024-07-15T15:00:45.770+0000] {logging_mixin.py:188} INFO - [2024-07-15T15:00:45.761+0000] {dag.py:3954} INFO - Setting next_dagrun for example_subdag_operator.section-1 to None, run_after=None
[2024-07-15T15:00:45.776+0000] {logging_mixin.py:188} INFO - [2024-07-15T15:00:45.776+0000] {dag.py:3954} INFO - Setting next_dagrun for example_subdag_operator.section-2 to None, run_after=None
[2024-07-15T15:00:45.805+0000] {logging_mixin.py:188} INFO - [2024-07-15T15:00:45.805+0000] {dag.py:3096} INFO - Sync 2 DAGs
[2024-07-15T15:00:45.819+0000] {logging_mixin.py:188} INFO - [2024-07-15T15:00:45.819+0000] {dag.py:3954} INFO - Setting next_dagrun for example_subdag_operator.section-1 to None, run_after=None
[2024-07-15T15:00:45.820+0000] {logging_mixin.py:188} INFO - [2024-07-15T15:00:45.820+0000] {dag.py:3954} INFO - Setting next_dagrun for example_subdag_operator.section-2 to None, run_after=None
[2024-07-15T15:00:45.849+0000] {processor.py:183} INFO - Processing /home/airflow/.local/lib/python3.12/site-packages/airflow/example_dags/example_subdag_operator.py took 0.332 seconds
[2024-07-15T15:01:16.800+0000] {processor.py:161} INFO - Started process (PID=111) to work on /home/airflow/.local/lib/python3.12/site-packages/airflow/example_dags/example_subdag_operator.py
[2024-07-15T15:01:16.810+0000] {processor.py:830} INFO - Processing file /home/airflow/.local/lib/python3.12/site-packages/airflow/example_dags/example_subdag_operator.py for tasks to queue
[2024-07-15T15:01:16.818+0000] {logging_mixin.py:188} INFO - [2024-07-15T15:01:16.817+0000] {dagbag.py:545} INFO - Filling up the DagBag from /home/airflow/.local/lib/python3.12/site-packages/airflow/example_dags/example_subdag_operator.py
[2024-07-15T15:01:16.923+0000] {processor.py:840} INFO - DAG(s) 'example_subdag_operator.section-1', 'example_subdag_operator.section-2', 'example_subdag_operator' retrieved from /home/airflow/.local/lib/python3.12/site-packages/airflow/example_dags/example_subdag_operator.py
[2024-07-15T15:01:17.039+0000] {logging_mixin.py:188} INFO - [2024-07-15T15:01:17.039+0000] {dag.py:3096} INFO - Sync 3 DAGs
[2024-07-15T15:01:17.098+0000] {logging_mixin.py:188} INFO - [2024-07-15T15:01:17.098+0000] {dag.py:3954} INFO - Setting next_dagrun for example_subdag_operator to 2022-01-01 00:00:00+00:00, run_after=2022-01-01 00:00:00+00:00
[2024-07-15T15:01:17.110+0000] {logging_mixin.py:188} INFO - [2024-07-15T15:01:17.110+0000] {dag.py:3954} INFO - Setting next_dagrun for example_subdag_operator.section-1 to None, run_after=None
[2024-07-15T15:01:17.128+0000] {logging_mixin.py:188} INFO - [2024-07-15T15:01:17.128+0000] {dag.py:3954} INFO - Setting next_dagrun for example_subdag_operator.section-2 to None, run_after=None
[2024-07-15T15:01:17.148+0000] {logging_mixin.py:188} INFO - [2024-07-15T15:01:17.148+0000] {dag.py:3096} INFO - Sync 2 DAGs
[2024-07-15T15:01:17.186+0000] {logging_mixin.py:188} INFO - [2024-07-15T15:01:17.185+0000] {dag.py:3954} INFO - Setting next_dagrun for example_subdag_operator.section-1 to None, run_after=None
[2024-07-15T15:01:17.187+0000] {logging_mixin.py:188} INFO - [2024-07-15T15:01:17.187+0000] {dag.py:3954} INFO - Setting next_dagrun for example_subdag_operator.section-2 to None, run_after=None
[2024-07-15T15:01:17.238+0000] {processor.py:183} INFO - Processing /home/airflow/.local/lib/python3.12/site-packages/airflow/example_dags/example_subdag_operator.py took 0.452 seconds
[2024-07-15T15:01:47.376+0000] {processor.py:161} INFO - Started process (PID=170) to work on /home/airflow/.local/lib/python3.12/site-packages/airflow/example_dags/example_subdag_operator.py
[2024-07-15T15:01:47.377+0000] {processor.py:830} INFO - Processing file /home/airflow/.local/lib/python3.12/site-packages/airflow/example_dags/example_subdag_operator.py for tasks to queue
[2024-07-15T15:01:47.378+0000] {logging_mixin.py:188} INFO - [2024-07-15T15:01:47.378+0000] {dagbag.py:545} INFO - Filling up the DagBag from /home/airflow/.local/lib/python3.12/site-packages/airflow/example_dags/example_subdag_operator.py
[2024-07-15T15:01:47.396+0000] {processor.py:840} INFO - DAG(s) 'example_subdag_operator.section-1', 'example_subdag_operator.section-2', 'example_subdag_operator' retrieved from /home/airflow/.local/lib/python3.12/site-packages/airflow/example_dags/example_subdag_operator.py
[2024-07-15T15:01:47.407+0000] {logging_mixin.py:188} INFO - [2024-07-15T15:01:47.407+0000] {dag.py:3096} INFO - Sync 3 DAGs
[2024-07-15T15:01:47.423+0000] {logging_mixin.py:188} INFO - [2024-07-15T15:01:47.422+0000] {dag.py:3954} INFO - Setting next_dagrun for example_subdag_operator to 2022-01-01 00:00:00+00:00, run_after=2022-01-01 00:00:00+00:00
[2024-07-15T15:01:47.425+0000] {logging_mixin.py:188} INFO - [2024-07-15T15:01:47.425+0000] {dag.py:3954} INFO - Setting next_dagrun for example_subdag_operator.section-1 to None, run_after=None
[2024-07-15T15:01:47.426+0000] {logging_mixin.py:188} INFO - [2024-07-15T15:01:47.426+0000] {dag.py:3954} INFO - Setting next_dagrun for example_subdag_operator.section-2 to None, run_after=None
[2024-07-15T15:01:47.431+0000] {logging_mixin.py:188} INFO - [2024-07-15T15:01:47.431+0000] {dag.py:3096} INFO - Sync 2 DAGs
[2024-07-15T15:01:47.435+0000] {logging_mixin.py:188} INFO - [2024-07-15T15:01:47.435+0000] {dag.py:3954} INFO - Setting next_dagrun for example_subdag_operator.section-1 to None, run_after=None
[2024-07-15T15:01:47.435+0000] {logging_mixin.py:188} INFO - [2024-07-15T15:01:47.435+0000] {dag.py:3954} INFO - Setting next_dagrun for example_subdag_operator.section-2 to None, run_after=None
[2024-07-15T15:01:47.449+0000] {processor.py:183} INFO - Processing /home/airflow/.local/lib/python3.12/site-packages/airflow/example_dags/example_subdag_operator.py took 0.077 seconds
[2024-07-15T15:02:18.082+0000] {processor.py:161} INFO - Started process (PID=228) to work on /home/airflow/.local/lib/python3.12/site-packages/airflow/example_dags/example_subdag_operator.py
[2024-07-15T15:02:18.083+0000] {processor.py:830} INFO - Processing file /home/airflow/.local/lib/python3.12/site-packages/airflow/example_dags/example_subdag_operator.py for tasks to queue
[2024-07-15T15:02:18.085+0000] {logging_mixin.py:188} INFO - [2024-07-15T15:02:18.084+0000] {dagbag.py:545} INFO - Filling up the DagBag from /home/airflow/.local/lib/python3.12/site-packages/airflow/example_dags/example_subdag_operator.py
[2024-07-15T15:02:18.108+0000] {processor.py:840} INFO - DAG(s) 'example_subdag_operator.section-1', 'example_subdag_operator.section-2', 'example_subdag_operator' retrieved from /home/airflow/.local/lib/python3.12/site-packages/airflow/example_dags/example_subdag_operator.py
[2024-07-15T15:02:18.125+0000] {logging_mixin.py:188} INFO - [2024-07-15T15:02:18.125+0000] {dag.py:3096} INFO - Sync 3 DAGs
[2024-07-15T15:02:18.150+0000] {logging_mixin.py:188} INFO - [2024-07-15T15:02:18.150+0000] {dag.py:3954} INFO - Setting next_dagrun for example_subdag_operator to 2022-01-01 00:00:00+00:00, run_after=2022-01-01 00:00:00+00:00
[2024-07-15T15:02:18.155+0000] {logging_mixin.py:188} INFO - [2024-07-15T15:02:18.155+0000] {dag.py:3954} INFO - Setting next_dagrun for example_subdag_operator.section-1 to None, run_after=None
[2024-07-15T15:02:18.156+0000] {logging_mixin.py:188} INFO - [2024-07-15T15:02:18.156+0000] {dag.py:3954} INFO - Setting next_dagrun for example_subdag_operator.section-2 to None, run_after=None
[2024-07-15T15:02:18.165+0000] {logging_mixin.py:188} INFO - [2024-07-15T15:02:18.164+0000] {dag.py:3096} INFO - Sync 2 DAGs
[2024-07-15T15:02:18.169+0000] {logging_mixin.py:188} INFO - [2024-07-15T15:02:18.169+0000] {dag.py:3954} INFO - Setting next_dagrun for example_subdag_operator.section-1 to None, run_after=None
[2024-07-15T15:02:18.170+0000] {logging_mixin.py:188} INFO - [2024-07-15T15:02:18.170+0000] {dag.py:3954} INFO - Setting next_dagrun for example_subdag_operator.section-2 to None, run_after=None
[2024-07-15T15:02:18.185+0000] {processor.py:183} INFO - Processing /home/airflow/.local/lib/python3.12/site-packages/airflow/example_dags/example_subdag_operator.py took 0.108 seconds
[2024-07-15T15:02:48.615+0000] {processor.py:161} INFO - Started process (PID=285) to work on /home/airflow/.local/lib/python3.12/site-packages/airflow/example_dags/example_subdag_operator.py
[2024-07-15T15:02:48.616+0000] {processor.py:830} INFO - Processing file /home/airflow/.local/lib/python3.12/site-packages/airflow/example_dags/example_subdag_operator.py for tasks to queue
[2024-07-15T15:02:48.619+0000] {logging_mixin.py:188} INFO - [2024-07-15T15:02:48.619+0000] {dagbag.py:545} INFO - Filling up the DagBag from /home/airflow/.local/lib/python3.12/site-packages/airflow/example_dags/example_subdag_operator.py
[2024-07-15T15:02:48.643+0000] {processor.py:840} INFO - DAG(s) 'example_subdag_operator.section-1', 'example_subdag_operator.section-2', 'example_subdag_operator' retrieved from /home/airflow/.local/lib/python3.12/site-packages/airflow/example_dags/example_subdag_operator.py
[2024-07-15T15:02:48.660+0000] {logging_mixin.py:188} INFO - [2024-07-15T15:02:48.659+0000] {dag.py:3096} INFO - Sync 3 DAGs
[2024-07-15T15:02:48.682+0000] {logging_mixin.py:188} INFO - [2024-07-15T15:02:48.682+0000] {dag.py:3954} INFO - Setting next_dagrun for example_subdag_operator to 2022-01-01 00:00:00+00:00, run_after=2022-01-01 00:00:00+00:00
[2024-07-15T15:02:48.686+0000] {logging_mixin.py:188} INFO - [2024-07-15T15:02:48.686+0000] {dag.py:3954} INFO - Setting next_dagrun for example_subdag_operator.section-1 to None, run_after=None
[2024-07-15T15:02:48.687+0000] {logging_mixin.py:188} INFO - [2024-07-15T15:02:48.687+0000] {dag.py:3954} INFO - Setting next_dagrun for example_subdag_operator.section-2 to None, run_after=None
[2024-07-15T15:02:48.695+0000] {logging_mixin.py:188} INFO - [2024-07-15T15:02:48.695+0000] {dag.py:3096} INFO - Sync 2 DAGs
[2024-07-15T15:02:48.700+0000] {logging_mixin.py:188} INFO - [2024-07-15T15:02:48.700+0000] {dag.py:3954} INFO - Setting next_dagrun for example_subdag_operator.section-1 to None, run_after=None
[2024-07-15T15:02:48.700+0000] {logging_mixin.py:188} INFO - [2024-07-15T15:02:48.700+0000] {dag.py:3954} INFO - Setting next_dagrun for example_subdag_operator.section-2 to None, run_after=None
[2024-07-15T15:02:48.718+0000] {processor.py:183} INFO - Processing /home/airflow/.local/lib/python3.12/site-packages/airflow/example_dags/example_subdag_operator.py took 0.113 seconds
[2024-07-15T15:03:18.878+0000] {processor.py:161} INFO - Started process (PID=344) to work on /home/airflow/.local/lib/python3.12/site-packages/airflow/example_dags/example_subdag_operator.py
[2024-07-15T15:03:18.878+0000] {processor.py:830} INFO - Processing file /home/airflow/.local/lib/python3.12/site-packages/airflow/example_dags/example_subdag_operator.py for tasks to queue
[2024-07-15T15:03:18.880+0000] {logging_mixin.py:188} INFO - [2024-07-15T15:03:18.880+0000] {dagbag.py:545} INFO - Filling up the DagBag from /home/airflow/.local/lib/python3.12/site-packages/airflow/example_dags/example_subdag_operator.py
[2024-07-15T15:03:18.904+0000] {processor.py:840} INFO - DAG(s) 'example_subdag_operator.section-1', 'example_subdag_operator.section-2', 'example_subdag_operator' retrieved from /home/airflow/.local/lib/python3.12/site-packages/airflow/example_dags/example_subdag_operator.py
[2024-07-15T15:03:18.922+0000] {logging_mixin.py:188} INFO - [2024-07-15T15:03:18.921+0000] {dag.py:3096} INFO - Sync 3 DAGs
[2024-07-15T15:03:18.946+0000] {logging_mixin.py:188} INFO - [2024-07-15T15:03:18.946+0000] {dag.py:3954} INFO - Setting next_dagrun for example_subdag_operator to 2022-01-01 00:00:00+00:00, run_after=2022-01-01 00:00:00+00:00
[2024-07-15T15:03:18.950+0000] {logging_mixin.py:188} INFO - [2024-07-15T15:03:18.949+0000] {dag.py:3954} INFO - Setting next_dagrun for example_subdag_operator.section-1 to None, run_after=None
[2024-07-15T15:03:18.951+0000] {logging_mixin.py:188} INFO - [2024-07-15T15:03:18.951+0000] {dag.py:3954} INFO - Setting next_dagrun for example_subdag_operator.section-2 to None, run_after=None
[2024-07-15T15:03:18.958+0000] {logging_mixin.py:188} INFO - [2024-07-15T15:03:18.958+0000] {dag.py:3096} INFO - Sync 2 DAGs
[2024-07-15T15:03:18.963+0000] {logging_mixin.py:188} INFO - [2024-07-15T15:03:18.963+0000] {dag.py:3954} INFO - Setting next_dagrun for example_subdag_operator.section-1 to None, run_after=None
[2024-07-15T15:03:18.964+0000] {logging_mixin.py:188} INFO - [2024-07-15T15:03:18.964+0000] {dag.py:3954} INFO - Setting next_dagrun for example_subdag_operator.section-2 to None, run_after=None
[2024-07-15T15:03:18.979+0000] {processor.py:183} INFO - Processing /home/airflow/.local/lib/python3.12/site-packages/airflow/example_dags/example_subdag_operator.py took 0.107 seconds
[2024-07-15T15:03:49.300+0000] {processor.py:161} INFO - Started process (PID=402) to work on /home/airflow/.local/lib/python3.12/site-packages/airflow/example_dags/example_subdag_operator.py
[2024-07-15T15:03:49.301+0000] {processor.py:830} INFO - Processing file /home/airflow/.local/lib/python3.12/site-packages/airflow/example_dags/example_subdag_operator.py for tasks to queue
[2024-07-15T15:03:49.303+0000] {logging_mixin.py:188} INFO - [2024-07-15T15:03:49.303+0000] {dagbag.py:545} INFO - Filling up the DagBag from /home/airflow/.local/lib/python3.12/site-packages/airflow/example_dags/example_subdag_operator.py
[2024-07-15T15:03:49.327+0000] {processor.py:840} INFO - DAG(s) 'example_subdag_operator.section-1', 'example_subdag_operator.section-2', 'example_subdag_operator' retrieved from /home/airflow/.local/lib/python3.12/site-packages/airflow/example_dags/example_subdag_operator.py
[2024-07-15T15:03:49.345+0000] {logging_mixin.py:188} INFO - [2024-07-15T15:03:49.345+0000] {dag.py:3096} INFO - Sync 3 DAGs
[2024-07-15T15:03:49.369+0000] {logging_mixin.py:188} INFO - [2024-07-15T15:03:49.369+0000] {dag.py:3954} INFO - Setting next_dagrun for example_subdag_operator to 2022-01-01 00:00:00+00:00, run_after=2022-01-01 00:00:00+00:00
[2024-07-15T15:03:49.373+0000] {logging_mixin.py:188} INFO - [2024-07-15T15:03:49.373+0000] {dag.py:3954} INFO - Setting next_dagrun for example_subdag_operator.section-1 to None, run_after=None
[2024-07-15T15:03:49.374+0000] {logging_mixin.py:188} INFO - [2024-07-15T15:03:49.374+0000] {dag.py:3954} INFO - Setting next_dagrun for example_subdag_operator.section-2 to None, run_after=None
[2024-07-15T15:03:49.382+0000] {logging_mixin.py:188} INFO - [2024-07-15T15:03:49.382+0000] {dag.py:3096} INFO - Sync 2 DAGs
[2024-07-15T15:03:49.391+0000] {logging_mixin.py:188} INFO - [2024-07-15T15:03:49.391+0000] {dag.py:3954} INFO - Setting next_dagrun for example_subdag_operator.section-1 to None, run_after=None
[2024-07-15T15:03:49.392+0000] {logging_mixin.py:188} INFO - [2024-07-15T15:03:49.392+0000] {dag.py:3954} INFO - Setting next_dagrun for example_subdag_operator.section-2 to None, run_after=None
[2024-07-15T15:03:49.409+0000] {processor.py:183} INFO - Processing /home/airflow/.local/lib/python3.12/site-packages/airflow/example_dags/example_subdag_operator.py took 0.114 seconds
[2024-07-15T15:04:19.764+0000] {processor.py:161} INFO - Started process (PID=460) to work on /home/airflow/.local/lib/python3.12/site-packages/airflow/example_dags/example_subdag_operator.py
[2024-07-15T15:04:19.765+0000] {processor.py:830} INFO - Processing file /home/airflow/.local/lib/python3.12/site-packages/airflow/example_dags/example_subdag_operator.py for tasks to queue
[2024-07-15T15:04:19.766+0000] {logging_mixin.py:188} INFO - [2024-07-15T15:04:19.766+0000] {dagbag.py:545} INFO - Filling up the DagBag from /home/airflow/.local/lib/python3.12/site-packages/airflow/example_dags/example_subdag_operator.py
[2024-07-15T15:04:19.791+0000] {processor.py:840} INFO - DAG(s) 'example_subdag_operator.section-1', 'example_subdag_operator.section-2', 'example_subdag_operator' retrieved from /home/airflow/.local/lib/python3.12/site-packages/airflow/example_dags/example_subdag_operator.py
[2024-07-15T15:04:19.809+0000] {logging_mixin.py:188} INFO - [2024-07-15T15:04:19.809+0000] {dag.py:3096} INFO - Sync 3 DAGs
[2024-07-15T15:04:19.832+0000] {logging_mixin.py:188} INFO - [2024-07-15T15:04:19.832+0000] {dag.py:3954} INFO - Setting next_dagrun for example_subdag_operator to 2022-01-01 00:00:00+00:00, run_after=2022-01-01 00:00:00+00:00
[2024-07-15T15:04:19.836+0000] {logging_mixin.py:188} INFO - [2024-07-15T15:04:19.836+0000] {dag.py:3954} INFO - Setting next_dagrun for example_subdag_operator.section-1 to None, run_after=None
[2024-07-15T15:04:19.838+0000] {logging_mixin.py:188} INFO - [2024-07-15T15:04:19.838+0000] {dag.py:3954} INFO - Setting next_dagrun for example_subdag_operator.section-2 to None, run_after=None
[2024-07-15T15:04:19.846+0000] {logging_mixin.py:188} INFO - [2024-07-15T15:04:19.845+0000] {dag.py:3096} INFO - Sync 2 DAGs
[2024-07-15T15:04:19.851+0000] {logging_mixin.py:188} INFO - [2024-07-15T15:04:19.851+0000] {dag.py:3954} INFO - Setting next_dagrun for example_subdag_operator.section-1 to None, run_after=None
[2024-07-15T15:04:19.851+0000] {logging_mixin.py:188} INFO - [2024-07-15T15:04:19.851+0000] {dag.py:3954} INFO - Setting next_dagrun for example_subdag_operator.section-2 to None, run_after=None
[2024-07-15T15:04:19.868+0000] {processor.py:183} INFO - Processing /home/airflow/.local/lib/python3.12/site-packages/airflow/example_dags/example_subdag_operator.py took 0.110 seconds
[2024-07-15T15:04:50.130+0000] {processor.py:161} INFO - Started process (PID=518) to work on /home/airflow/.local/lib/python3.12/site-packages/airflow/example_dags/example_subdag_operator.py
[2024-07-15T15:04:50.131+0000] {processor.py:830} INFO - Processing file /home/airflow/.local/lib/python3.12/site-packages/airflow/example_dags/example_subdag_operator.py for tasks to queue
[2024-07-15T15:04:50.133+0000] {logging_mixin.py:188} INFO - [2024-07-15T15:04:50.132+0000] {dagbag.py:545} INFO - Filling up the DagBag from /home/airflow/.local/lib/python3.12/site-packages/airflow/example_dags/example_subdag_operator.py
[2024-07-15T15:04:50.160+0000] {processor.py:840} INFO - DAG(s) 'example_subdag_operator.section-1', 'example_subdag_operator.section-2', 'example_subdag_operator' retrieved from /home/airflow/.local/lib/python3.12/site-packages/airflow/example_dags/example_subdag_operator.py
[2024-07-15T15:04:50.180+0000] {logging_mixin.py:188} INFO - [2024-07-15T15:04:50.179+0000] {dag.py:3096} INFO - Sync 3 DAGs
[2024-07-15T15:04:50.258+0000] {logging_mixin.py:188} INFO - [2024-07-15T15:04:50.257+0000] {dag.py:3954} INFO - Setting next_dagrun for example_subdag_operator to 2022-01-01 00:00:00+00:00, run_after=2022-01-01 00:00:00+00:00
[2024-07-15T15:04:50.285+0000] {logging_mixin.py:188} INFO - [2024-07-15T15:04:50.284+0000] {dag.py:3954} INFO - Setting next_dagrun for example_subdag_operator.section-1 to None, run_after=None
[2024-07-15T15:04:50.290+0000] {logging_mixin.py:188} INFO - [2024-07-15T15:04:50.290+0000] {dag.py:3954} INFO - Setting next_dagrun for example_subdag_operator.section-2 to None, run_after=None
[2024-07-15T15:04:50.316+0000] {logging_mixin.py:188} INFO - [2024-07-15T15:04:50.316+0000] {dag.py:3096} INFO - Sync 2 DAGs
[2024-07-15T15:04:50.338+0000] {logging_mixin.py:188} INFO - [2024-07-15T15:04:50.338+0000] {dag.py:3954} INFO - Setting next_dagrun for example_subdag_operator.section-1 to None, run_after=None
[2024-07-15T15:04:50.338+0000] {logging_mixin.py:188} INFO - [2024-07-15T15:04:50.338+0000] {dag.py:3954} INFO - Setting next_dagrun for example_subdag_operator.section-2 to None, run_after=None
[2024-07-15T15:04:50.375+0000] {processor.py:183} INFO - Processing /home/airflow/.local/lib/python3.12/site-packages/airflow/example_dags/example_subdag_operator.py took 0.251 seconds
[2024-07-15T15:05:20.750+0000] {processor.py:161} INFO - Started process (PID=576) to work on /home/airflow/.local/lib/python3.12/site-packages/airflow/example_dags/example_subdag_operator.py
[2024-07-15T15:05:20.751+0000] {processor.py:830} INFO - Processing file /home/airflow/.local/lib/python3.12/site-packages/airflow/example_dags/example_subdag_operator.py for tasks to queue
[2024-07-15T15:05:20.753+0000] {logging_mixin.py:188} INFO - [2024-07-15T15:05:20.752+0000] {dagbag.py:545} INFO - Filling up the DagBag from /home/airflow/.local/lib/python3.12/site-packages/airflow/example_dags/example_subdag_operator.py
[2024-07-15T15:05:20.777+0000] {processor.py:840} INFO - DAG(s) 'example_subdag_operator.section-1', 'example_subdag_operator.section-2', 'example_subdag_operator' retrieved from /home/airflow/.local/lib/python3.12/site-packages/airflow/example_dags/example_subdag_operator.py
[2024-07-15T15:05:20.794+0000] {logging_mixin.py:188} INFO - [2024-07-15T15:05:20.794+0000] {dag.py:3096} INFO - Sync 3 DAGs
[2024-07-15T15:05:20.817+0000] {logging_mixin.py:188} INFO - [2024-07-15T15:05:20.817+0000] {dag.py:3954} INFO - Setting next_dagrun for example_subdag_operator to 2022-01-01 00:00:00+00:00, run_after=2022-01-01 00:00:00+00:00
[2024-07-15T15:05:20.822+0000] {logging_mixin.py:188} INFO - [2024-07-15T15:05:20.822+0000] {dag.py:3954} INFO - Setting next_dagrun for example_subdag_operator.section-1 to None, run_after=None
[2024-07-15T15:05:20.823+0000] {logging_mixin.py:188} INFO - [2024-07-15T15:05:20.823+0000] {dag.py:3954} INFO - Setting next_dagrun for example_subdag_operator.section-2 to None, run_after=None
[2024-07-15T15:05:20.832+0000] {logging_mixin.py:188} INFO - [2024-07-15T15:05:20.832+0000] {dag.py:3096} INFO - Sync 2 DAGs
[2024-07-15T15:05:20.837+0000] {logging_mixin.py:188} INFO - [2024-07-15T15:05:20.837+0000] {dag.py:3954} INFO - Setting next_dagrun for example_subdag_operator.section-1 to None, run_after=None
[2024-07-15T15:05:20.838+0000] {logging_mixin.py:188} INFO - [2024-07-15T15:05:20.838+0000] {dag.py:3954} INFO - Setting next_dagrun for example_subdag_operator.section-2 to None, run_after=None
[2024-07-15T15:05:20.855+0000] {processor.py:183} INFO - Processing /home/airflow/.local/lib/python3.12/site-packages/airflow/example_dags/example_subdag_operator.py took 0.109 seconds
[2024-07-15T15:05:50.942+0000] {processor.py:161} INFO - Started process (PID=634) to work on /home/airflow/.local/lib/python3.12/site-packages/airflow/example_dags/example_subdag_operator.py
[2024-07-15T15:05:50.943+0000] {processor.py:830} INFO - Processing file /home/airflow/.local/lib/python3.12/site-packages/airflow/example_dags/example_subdag_operator.py for tasks to queue
[2024-07-15T15:05:50.945+0000] {logging_mixin.py:188} INFO - [2024-07-15T15:05:50.945+0000] {dagbag.py:545} INFO - Filling up the DagBag from /home/airflow/.local/lib/python3.12/site-packages/airflow/example_dags/example_subdag_operator.py
[2024-07-15T15:05:50.971+0000] {processor.py:840} INFO - DAG(s) 'example_subdag_operator.section-1', 'example_subdag_operator.section-2', 'example_subdag_operator' retrieved from /home/airflow/.local/lib/python3.12/site-packages/airflow/example_dags/example_subdag_operator.py
[2024-07-15T15:05:50.987+0000] {logging_mixin.py:188} INFO - [2024-07-15T15:05:50.987+0000] {dag.py:3096} INFO - Sync 3 DAGs
[2024-07-15T15:05:51.010+0000] {logging_mixin.py:188} INFO - [2024-07-15T15:05:51.010+0000] {dag.py:3954} INFO - Setting next_dagrun for example_subdag_operator to 2022-01-01 00:00:00+00:00, run_after=2022-01-01 00:00:00+00:00
[2024-07-15T15:05:51.014+0000] {logging_mixin.py:188} INFO - [2024-07-15T15:05:51.014+0000] {dag.py:3954} INFO - Setting next_dagrun for example_subdag_operator.section-1 to None, run_after=None
[2024-07-15T15:05:51.015+0000] {logging_mixin.py:188} INFO - [2024-07-15T15:05:51.015+0000] {dag.py:3954} INFO - Setting next_dagrun for example_subdag_operator.section-2 to None, run_after=None
[2024-07-15T15:05:51.024+0000] {logging_mixin.py:188} INFO - [2024-07-15T15:05:51.023+0000] {dag.py:3096} INFO - Sync 2 DAGs
[2024-07-15T15:05:51.029+0000] {logging_mixin.py:188} INFO - [2024-07-15T15:05:51.028+0000] {dag.py:3954} INFO - Setting next_dagrun for example_subdag_operator.section-1 to None, run_after=None
[2024-07-15T15:05:51.029+0000] {logging_mixin.py:188} INFO - [2024-07-15T15:05:51.029+0000] {dag.py:3954} INFO - Setting next_dagrun for example_subdag_operator.section-2 to None, run_after=None
[2024-07-15T15:05:51.046+0000] {processor.py:183} INFO - Processing /home/airflow/.local/lib/python3.12/site-packages/airflow/example_dags/example_subdag_operator.py took 0.110 seconds
[2024-07-15T15:06:21.675+0000] {processor.py:161} INFO - Started process (PID=692) to work on /home/airflow/.local/lib/python3.12/site-packages/airflow/example_dags/example_subdag_operator.py
[2024-07-15T15:06:21.676+0000] {processor.py:830} INFO - Processing file /home/airflow/.local/lib/python3.12/site-packages/airflow/example_dags/example_subdag_operator.py for tasks to queue
[2024-07-15T15:06:21.678+0000] {logging_mixin.py:188} INFO - [2024-07-15T15:06:21.677+0000] {dagbag.py:545} INFO - Filling up the DagBag from /home/airflow/.local/lib/python3.12/site-packages/airflow/example_dags/example_subdag_operator.py
[2024-07-15T15:06:21.701+0000] {processor.py:840} INFO - DAG(s) 'example_subdag_operator.section-1', 'example_subdag_operator.section-2', 'example_subdag_operator' retrieved from /home/airflow/.local/lib/python3.12/site-packages/airflow/example_dags/example_subdag_operator.py
[2024-07-15T15:06:21.719+0000] {logging_mixin.py:188} INFO - [2024-07-15T15:06:21.718+0000] {dag.py:3096} INFO - Sync 3 DAGs
[2024-07-15T15:06:21.743+0000] {logging_mixin.py:188} INFO - [2024-07-15T15:06:21.743+0000] {dag.py:3954} INFO - Setting next_dagrun for example_subdag_operator to 2022-01-01 00:00:00+00:00, run_after=2022-01-01 00:00:00+00:00
[2024-07-15T15:06:21.747+0000] {logging_mixin.py:188} INFO - [2024-07-15T15:06:21.747+0000] {dag.py:3954} INFO - Setting next_dagrun for example_subdag_operator.section-1 to None, run_after=None
[2024-07-15T15:06:21.748+0000] {logging_mixin.py:188} INFO - [2024-07-15T15:06:21.748+0000] {dag.py:3954} INFO - Setting next_dagrun for example_subdag_operator.section-2 to None, run_after=None
[2024-07-15T15:06:21.756+0000] {logging_mixin.py:188} INFO - [2024-07-15T15:06:21.756+0000] {dag.py:3096} INFO - Sync 2 DAGs
[2024-07-15T15:06:21.761+0000] {logging_mixin.py:188} INFO - [2024-07-15T15:06:21.761+0000] {dag.py:3954} INFO - Setting next_dagrun for example_subdag_operator.section-1 to None, run_after=None
[2024-07-15T15:06:21.761+0000] {logging_mixin.py:188} INFO - [2024-07-15T15:06:21.761+0000] {dag.py:3954} INFO - Setting next_dagrun for example_subdag_operator.section-2 to None, run_after=None
[2024-07-15T15:06:21.777+0000] {processor.py:183} INFO - Processing /home/airflow/.local/lib/python3.12/site-packages/airflow/example_dags/example_subdag_operator.py took 0.107 seconds
[2024-07-15T15:06:52.472+0000] {processor.py:161} INFO - Started process (PID=750) to work on /home/airflow/.local/lib/python3.12/site-packages/airflow/example_dags/example_subdag_operator.py
[2024-07-15T15:06:52.473+0000] {processor.py:830} INFO - Processing file /home/airflow/.local/lib/python3.12/site-packages/airflow/example_dags/example_subdag_operator.py for tasks to queue
[2024-07-15T15:06:52.475+0000] {logging_mixin.py:188} INFO - [2024-07-15T15:06:52.475+0000] {dagbag.py:545} INFO - Filling up the DagBag from /home/airflow/.local/lib/python3.12/site-packages/airflow/example_dags/example_subdag_operator.py
[2024-07-15T15:06:52.502+0000] {processor.py:840} INFO - DAG(s) 'example_subdag_operator.section-1', 'example_subdag_operator.section-2', 'example_subdag_operator' retrieved from /home/airflow/.local/lib/python3.12/site-packages/airflow/example_dags/example_subdag_operator.py
[2024-07-15T15:06:52.520+0000] {logging_mixin.py:188} INFO - [2024-07-15T15:06:52.519+0000] {dag.py:3096} INFO - Sync 3 DAGs
[2024-07-15T15:06:52.543+0000] {logging_mixin.py:188} INFO - [2024-07-15T15:06:52.543+0000] {dag.py:3954} INFO - Setting next_dagrun for example_subdag_operator to 2022-01-01 00:00:00+00:00, run_after=2022-01-01 00:00:00+00:00
[2024-07-15T15:06:52.548+0000] {logging_mixin.py:188} INFO - [2024-07-15T15:06:52.548+0000] {dag.py:3954} INFO - Setting next_dagrun for example_subdag_operator.section-1 to None, run_after=None
[2024-07-15T15:06:52.549+0000] {logging_mixin.py:188} INFO - [2024-07-15T15:06:52.549+0000] {dag.py:3954} INFO - Setting next_dagrun for example_subdag_operator.section-2 to None, run_after=None
[2024-07-15T15:06:52.556+0000] {logging_mixin.py:188} INFO - [2024-07-15T15:06:52.556+0000] {dag.py:3096} INFO - Sync 2 DAGs
[2024-07-15T15:06:52.561+0000] {logging_mixin.py:188} INFO - [2024-07-15T15:06:52.561+0000] {dag.py:3954} INFO - Setting next_dagrun for example_subdag_operator.section-1 to None, run_after=None
[2024-07-15T15:06:52.562+0000] {logging_mixin.py:188} INFO - [2024-07-15T15:06:52.562+0000] {dag.py:3954} INFO - Setting next_dagrun for example_subdag_operator.section-2 to None, run_after=None
[2024-07-15T15:06:52.578+0000] {processor.py:183} INFO - Processing /home/airflow/.local/lib/python3.12/site-packages/airflow/example_dags/example_subdag_operator.py took 0.112 seconds
[2024-07-15T15:07:22.796+0000] {processor.py:161} INFO - Started process (PID=808) to work on /home/airflow/.local/lib/python3.12/site-packages/airflow/example_dags/example_subdag_operator.py
[2024-07-15T15:07:22.797+0000] {processor.py:830} INFO - Processing file /home/airflow/.local/lib/python3.12/site-packages/airflow/example_dags/example_subdag_operator.py for tasks to queue
[2024-07-15T15:07:22.799+0000] {logging_mixin.py:188} INFO - [2024-07-15T15:07:22.798+0000] {dagbag.py:545} INFO - Filling up the DagBag from /home/airflow/.local/lib/python3.12/site-packages/airflow/example_dags/example_subdag_operator.py
[2024-07-15T15:07:22.835+0000] {processor.py:840} INFO - DAG(s) 'example_subdag_operator.section-1', 'example_subdag_operator.section-2', 'example_subdag_operator' retrieved from /home/airflow/.local/lib/python3.12/site-packages/airflow/example_dags/example_subdag_operator.py
[2024-07-15T15:07:22.878+0000] {logging_mixin.py:188} INFO - [2024-07-15T15:07:22.877+0000] {dag.py:3096} INFO - Sync 3 DAGs
[2024-07-15T15:07:22.936+0000] {logging_mixin.py:188} INFO - [2024-07-15T15:07:22.935+0000] {dag.py:3954} INFO - Setting next_dagrun for example_subdag_operator to 2022-01-01 00:00:00+00:00, run_after=2022-01-01 00:00:00+00:00
[2024-07-15T15:07:22.950+0000] {logging_mixin.py:188} INFO - [2024-07-15T15:07:22.950+0000] {dag.py:3954} INFO - Setting next_dagrun for example_subdag_operator.section-1 to None, run_after=None
[2024-07-15T15:07:22.951+0000] {logging_mixin.py:188} INFO - [2024-07-15T15:07:22.951+0000] {dag.py:3954} INFO - Setting next_dagrun for example_subdag_operator.section-2 to None, run_after=None
[2024-07-15T15:07:22.966+0000] {logging_mixin.py:188} INFO - [2024-07-15T15:07:22.966+0000] {dag.py:3096} INFO - Sync 2 DAGs
[2024-07-15T15:07:22.973+0000] {logging_mixin.py:188} INFO - [2024-07-15T15:07:22.973+0000] {dag.py:3954} INFO - Setting next_dagrun for example_subdag_operator.section-1 to None, run_after=None
[2024-07-15T15:07:22.974+0000] {logging_mixin.py:188} INFO - [2024-07-15T15:07:22.974+0000] {dag.py:3954} INFO - Setting next_dagrun for example_subdag_operator.section-2 to None, run_after=None
[2024-07-15T15:07:23.000+0000] {processor.py:183} INFO - Processing /home/airflow/.local/lib/python3.12/site-packages/airflow/example_dags/example_subdag_operator.py took 0.210 seconds
