[2024-07-15T15:00:47.451+0000] {processor.py:161} INFO - Started process (PID=66) to work on /home/airflow/.local/lib/python3.12/site-packages/airflow/example_dags/example_setup_teardown.py
[2024-07-15T15:00:47.454+0000] {processor.py:830} INFO - Processing file /home/airflow/.local/lib/python3.12/site-packages/airflow/example_dags/example_setup_teardown.py for tasks to queue
[2024-07-15T15:00:47.456+0000] {logging_mixin.py:188} INFO - [2024-07-15T15:00:47.456+0000] {dagbag.py:545} INFO - Filling up the DagBag from /home/airflow/.local/lib/python3.12/site-packages/airflow/example_dags/example_setup_teardown.py
[2024-07-15T15:00:47.471+0000] {processor.py:840} INFO - DAG(s) 'example_setup_teardown' retrieved from /home/airflow/.local/lib/python3.12/site-packages/airflow/example_dags/example_setup_teardown.py
[2024-07-15T15:00:47.500+0000] {logging_mixin.py:188} INFO - [2024-07-15T15:00:47.500+0000] {dag.py:3096} INFO - Sync 1 DAGs
[2024-07-15T15:00:47.554+0000] {logging_mixin.py:188} INFO - [2024-07-15T15:00:47.554+0000] {dag.py:3954} INFO - Setting next_dagrun for example_setup_teardown to 2024-07-14 00:00:00+00:00, run_after=2024-07-15 00:00:00+00:00
[2024-07-15T15:00:47.588+0000] {processor.py:183} INFO - Processing /home/airflow/.local/lib/python3.12/site-packages/airflow/example_dags/example_setup_teardown.py took 0.150 seconds
[2024-07-15T15:01:19.201+0000] {processor.py:161} INFO - Started process (PID=123) to work on /home/airflow/.local/lib/python3.12/site-packages/airflow/example_dags/example_setup_teardown.py
[2024-07-15T15:01:19.201+0000] {processor.py:830} INFO - Processing file /home/airflow/.local/lib/python3.12/site-packages/airflow/example_dags/example_setup_teardown.py for tasks to queue
[2024-07-15T15:01:19.203+0000] {logging_mixin.py:188} INFO - [2024-07-15T15:01:19.203+0000] {dagbag.py:545} INFO - Filling up the DagBag from /home/airflow/.local/lib/python3.12/site-packages/airflow/example_dags/example_setup_teardown.py
[2024-07-15T15:01:19.217+0000] {processor.py:840} INFO - DAG(s) 'example_setup_teardown' retrieved from /home/airflow/.local/lib/python3.12/site-packages/airflow/example_dags/example_setup_teardown.py
[2024-07-15T15:01:19.248+0000] {logging_mixin.py:188} INFO - [2024-07-15T15:01:19.248+0000] {dag.py:3096} INFO - Sync 1 DAGs
[2024-07-15T15:01:19.281+0000] {logging_mixin.py:188} INFO - [2024-07-15T15:01:19.280+0000] {dag.py:3954} INFO - Setting next_dagrun for example_setup_teardown to 2024-07-14 00:00:00+00:00, run_after=2024-07-15 00:00:00+00:00
[2024-07-15T15:01:19.315+0000] {processor.py:183} INFO - Processing /home/airflow/.local/lib/python3.12/site-packages/airflow/example_dags/example_setup_teardown.py took 0.124 seconds
[2024-07-15T15:01:49.622+0000] {processor.py:161} INFO - Started process (PID=181) to work on /home/airflow/.local/lib/python3.12/site-packages/airflow/example_dags/example_setup_teardown.py
[2024-07-15T15:01:49.623+0000] {processor.py:830} INFO - Processing file /home/airflow/.local/lib/python3.12/site-packages/airflow/example_dags/example_setup_teardown.py for tasks to queue
[2024-07-15T15:01:49.625+0000] {logging_mixin.py:188} INFO - [2024-07-15T15:01:49.624+0000] {dagbag.py:545} INFO - Filling up the DagBag from /home/airflow/.local/lib/python3.12/site-packages/airflow/example_dags/example_setup_teardown.py
[2024-07-15T15:01:49.653+0000] {processor.py:840} INFO - DAG(s) 'example_setup_teardown' retrieved from /home/airflow/.local/lib/python3.12/site-packages/airflow/example_dags/example_setup_teardown.py
[2024-07-15T15:01:49.701+0000] {logging_mixin.py:188} INFO - [2024-07-15T15:01:49.701+0000] {dag.py:3096} INFO - Sync 1 DAGs
[2024-07-15T15:01:49.745+0000] {logging_mixin.py:188} INFO - [2024-07-15T15:01:49.745+0000] {dag.py:3954} INFO - Setting next_dagrun for example_setup_teardown to 2024-07-14 00:00:00+00:00, run_after=2024-07-15 00:00:00+00:00
[2024-07-15T15:01:49.809+0000] {processor.py:183} INFO - Processing /home/airflow/.local/lib/python3.12/site-packages/airflow/example_dags/example_setup_teardown.py took 0.221 seconds
[2024-07-15T15:02:19.970+0000] {processor.py:161} INFO - Started process (PID=240) to work on /home/airflow/.local/lib/python3.12/site-packages/airflow/example_dags/example_setup_teardown.py
[2024-07-15T15:02:19.971+0000] {processor.py:830} INFO - Processing file /home/airflow/.local/lib/python3.12/site-packages/airflow/example_dags/example_setup_teardown.py for tasks to queue
[2024-07-15T15:02:19.973+0000] {logging_mixin.py:188} INFO - [2024-07-15T15:02:19.972+0000] {dagbag.py:545} INFO - Filling up the DagBag from /home/airflow/.local/lib/python3.12/site-packages/airflow/example_dags/example_setup_teardown.py
[2024-07-15T15:02:19.980+0000] {processor.py:840} INFO - DAG(s) 'example_setup_teardown' retrieved from /home/airflow/.local/lib/python3.12/site-packages/airflow/example_dags/example_setup_teardown.py
[2024-07-15T15:02:20.000+0000] {logging_mixin.py:188} INFO - [2024-07-15T15:02:20.000+0000] {dag.py:3096} INFO - Sync 1 DAGs
[2024-07-15T15:02:20.024+0000] {logging_mixin.py:188} INFO - [2024-07-15T15:02:20.024+0000] {dag.py:3954} INFO - Setting next_dagrun for example_setup_teardown to 2024-07-14 00:00:00+00:00, run_after=2024-07-15 00:00:00+00:00
[2024-07-15T15:02:20.047+0000] {processor.py:183} INFO - Processing /home/airflow/.local/lib/python3.12/site-packages/airflow/example_dags/example_setup_teardown.py took 0.083 seconds
[2024-07-15T15:02:50.459+0000] {processor.py:161} INFO - Started process (PID=297) to work on /home/airflow/.local/lib/python3.12/site-packages/airflow/example_dags/example_setup_teardown.py
[2024-07-15T15:02:50.460+0000] {processor.py:830} INFO - Processing file /home/airflow/.local/lib/python3.12/site-packages/airflow/example_dags/example_setup_teardown.py for tasks to queue
[2024-07-15T15:02:50.462+0000] {logging_mixin.py:188} INFO - [2024-07-15T15:02:50.461+0000] {dagbag.py:545} INFO - Filling up the DagBag from /home/airflow/.local/lib/python3.12/site-packages/airflow/example_dags/example_setup_teardown.py
[2024-07-15T15:02:50.469+0000] {processor.py:840} INFO - DAG(s) 'example_setup_teardown' retrieved from /home/airflow/.local/lib/python3.12/site-packages/airflow/example_dags/example_setup_teardown.py
[2024-07-15T15:02:50.490+0000] {logging_mixin.py:188} INFO - [2024-07-15T15:02:50.490+0000] {dag.py:3096} INFO - Sync 1 DAGs
[2024-07-15T15:02:50.514+0000] {logging_mixin.py:188} INFO - [2024-07-15T15:02:50.514+0000] {dag.py:3954} INFO - Setting next_dagrun for example_setup_teardown to 2024-07-14 00:00:00+00:00, run_after=2024-07-15 00:00:00+00:00
[2024-07-15T15:02:50.537+0000] {processor.py:183} INFO - Processing /home/airflow/.local/lib/python3.12/site-packages/airflow/example_dags/example_setup_teardown.py took 0.083 seconds
[2024-07-15T15:03:20.702+0000] {processor.py:161} INFO - Started process (PID=356) to work on /home/airflow/.local/lib/python3.12/site-packages/airflow/example_dags/example_setup_teardown.py
[2024-07-15T15:03:20.703+0000] {processor.py:830} INFO - Processing file /home/airflow/.local/lib/python3.12/site-packages/airflow/example_dags/example_setup_teardown.py for tasks to queue
[2024-07-15T15:03:20.705+0000] {logging_mixin.py:188} INFO - [2024-07-15T15:03:20.705+0000] {dagbag.py:545} INFO - Filling up the DagBag from /home/airflow/.local/lib/python3.12/site-packages/airflow/example_dags/example_setup_teardown.py
[2024-07-15T15:03:20.711+0000] {processor.py:840} INFO - DAG(s) 'example_setup_teardown' retrieved from /home/airflow/.local/lib/python3.12/site-packages/airflow/example_dags/example_setup_teardown.py
[2024-07-15T15:03:20.732+0000] {logging_mixin.py:188} INFO - [2024-07-15T15:03:20.731+0000] {dag.py:3096} INFO - Sync 1 DAGs
[2024-07-15T15:03:20.755+0000] {logging_mixin.py:188} INFO - [2024-07-15T15:03:20.755+0000] {dag.py:3954} INFO - Setting next_dagrun for example_setup_teardown to 2024-07-14 00:00:00+00:00, run_after=2024-07-15 00:00:00+00:00
[2024-07-15T15:03:20.780+0000] {processor.py:183} INFO - Processing /home/airflow/.local/lib/python3.12/site-packages/airflow/example_dags/example_setup_teardown.py took 0.083 seconds
[2024-07-15T15:03:51.278+0000] {processor.py:161} INFO - Started process (PID=414) to work on /home/airflow/.local/lib/python3.12/site-packages/airflow/example_dags/example_setup_teardown.py
[2024-07-15T15:03:51.279+0000] {processor.py:830} INFO - Processing file /home/airflow/.local/lib/python3.12/site-packages/airflow/example_dags/example_setup_teardown.py for tasks to queue
[2024-07-15T15:03:51.281+0000] {logging_mixin.py:188} INFO - [2024-07-15T15:03:51.281+0000] {dagbag.py:545} INFO - Filling up the DagBag from /home/airflow/.local/lib/python3.12/site-packages/airflow/example_dags/example_setup_teardown.py
[2024-07-15T15:03:51.288+0000] {processor.py:840} INFO - DAG(s) 'example_setup_teardown' retrieved from /home/airflow/.local/lib/python3.12/site-packages/airflow/example_dags/example_setup_teardown.py
[2024-07-15T15:03:51.309+0000] {logging_mixin.py:188} INFO - [2024-07-15T15:03:51.309+0000] {dag.py:3096} INFO - Sync 1 DAGs
[2024-07-15T15:03:51.332+0000] {logging_mixin.py:188} INFO - [2024-07-15T15:03:51.332+0000] {dag.py:3954} INFO - Setting next_dagrun for example_setup_teardown to 2024-07-14 00:00:00+00:00, run_after=2024-07-15 00:00:00+00:00
[2024-07-15T15:03:51.354+0000] {processor.py:183} INFO - Processing /home/airflow/.local/lib/python3.12/site-packages/airflow/example_dags/example_setup_teardown.py took 0.081 seconds
[2024-07-15T15:04:21.605+0000] {processor.py:161} INFO - Started process (PID=472) to work on /home/airflow/.local/lib/python3.12/site-packages/airflow/example_dags/example_setup_teardown.py
[2024-07-15T15:04:21.607+0000] {processor.py:830} INFO - Processing file /home/airflow/.local/lib/python3.12/site-packages/airflow/example_dags/example_setup_teardown.py for tasks to queue
[2024-07-15T15:04:21.609+0000] {logging_mixin.py:188} INFO - [2024-07-15T15:04:21.608+0000] {dagbag.py:545} INFO - Filling up the DagBag from /home/airflow/.local/lib/python3.12/site-packages/airflow/example_dags/example_setup_teardown.py
[2024-07-15T15:04:21.616+0000] {processor.py:840} INFO - DAG(s) 'example_setup_teardown' retrieved from /home/airflow/.local/lib/python3.12/site-packages/airflow/example_dags/example_setup_teardown.py
[2024-07-15T15:04:21.637+0000] {logging_mixin.py:188} INFO - [2024-07-15T15:04:21.637+0000] {dag.py:3096} INFO - Sync 1 DAGs
[2024-07-15T15:04:21.661+0000] {logging_mixin.py:188} INFO - [2024-07-15T15:04:21.660+0000] {dag.py:3954} INFO - Setting next_dagrun for example_setup_teardown to 2024-07-14 00:00:00+00:00, run_after=2024-07-15 00:00:00+00:00
[2024-07-15T15:04:21.684+0000] {processor.py:183} INFO - Processing /home/airflow/.local/lib/python3.12/site-packages/airflow/example_dags/example_setup_teardown.py took 0.085 seconds
[2024-07-15T15:04:52.250+0000] {processor.py:161} INFO - Started process (PID=530) to work on /home/airflow/.local/lib/python3.12/site-packages/airflow/example_dags/example_setup_teardown.py
[2024-07-15T15:04:52.251+0000] {processor.py:830} INFO - Processing file /home/airflow/.local/lib/python3.12/site-packages/airflow/example_dags/example_setup_teardown.py for tasks to queue
[2024-07-15T15:04:52.253+0000] {logging_mixin.py:188} INFO - [2024-07-15T15:04:52.252+0000] {dagbag.py:545} INFO - Filling up the DagBag from /home/airflow/.local/lib/python3.12/site-packages/airflow/example_dags/example_setup_teardown.py
[2024-07-15T15:04:52.260+0000] {processor.py:840} INFO - DAG(s) 'example_setup_teardown' retrieved from /home/airflow/.local/lib/python3.12/site-packages/airflow/example_dags/example_setup_teardown.py
[2024-07-15T15:04:52.279+0000] {logging_mixin.py:188} INFO - [2024-07-15T15:04:52.279+0000] {dag.py:3096} INFO - Sync 1 DAGs
[2024-07-15T15:04:52.302+0000] {logging_mixin.py:188} INFO - [2024-07-15T15:04:52.302+0000] {dag.py:3954} INFO - Setting next_dagrun for example_setup_teardown to 2024-07-14 00:00:00+00:00, run_after=2024-07-15 00:00:00+00:00
[2024-07-15T15:04:52.329+0000] {processor.py:183} INFO - Processing /home/airflow/.local/lib/python3.12/site-packages/airflow/example_dags/example_setup_teardown.py took 0.085 seconds
