[2024-07-15T15:00:47.671+0000] {processor.py:161} INFO - Started process (PID=69) to work on /home/airflow/.local/lib/python3.12/site-packages/airflow/example_dags/example_branch_operator.py
[2024-07-15T15:00:47.672+0000] {processor.py:830} INFO - Processing file /home/airflow/.local/lib/python3.12/site-packages/airflow/example_dags/example_branch_operator.py for tasks to queue
[2024-07-15T15:00:47.674+0000] {logging_mixin.py:188} INFO - [2024-07-15T15:00:47.673+0000] {dagbag.py:545} INFO - Filling up the DagBag from /home/airflow/.local/lib/python3.12/site-packages/airflow/example_dags/example_branch_operator.py
[2024-07-15T15:00:47.722+0000] {processor.py:840} INFO - DAG(s) 'example_branch_operator' retrieved from /home/airflow/.local/lib/python3.12/site-packages/airflow/example_dags/example_branch_operator.py
[2024-07-15T15:00:47.894+0000] {logging_mixin.py:188} INFO - [2024-07-15T15:00:47.894+0000] {dag.py:3096} INFO - Sync 1 DAGs
[2024-07-15T15:00:47.953+0000] {logging_mixin.py:188} INFO - [2024-07-15T15:00:47.953+0000] {dag.py:3954} INFO - Setting next_dagrun for example_branch_operator to 2024-07-14 00:00:00+00:00, run_after=2024-07-15 00:00:00+00:00
[2024-07-15T15:00:47.986+0000] {processor.py:183} INFO - Processing /home/airflow/.local/lib/python3.12/site-packages/airflow/example_dags/example_branch_operator.py took 0.323 seconds
[2024-07-15T15:01:19.422+0000] {processor.py:161} INFO - Started process (PID=126) to work on /home/airflow/.local/lib/python3.12/site-packages/airflow/example_dags/example_branch_operator.py
[2024-07-15T15:01:19.423+0000] {processor.py:830} INFO - Processing file /home/airflow/.local/lib/python3.12/site-packages/airflow/example_dags/example_branch_operator.py for tasks to queue
[2024-07-15T15:01:19.425+0000] {logging_mixin.py:188} INFO - [2024-07-15T15:01:19.425+0000] {dagbag.py:545} INFO - Filling up the DagBag from /home/airflow/.local/lib/python3.12/site-packages/airflow/example_dags/example_branch_operator.py
[2024-07-15T15:01:19.475+0000] {processor.py:840} INFO - DAG(s) 'example_branch_operator' retrieved from /home/airflow/.local/lib/python3.12/site-packages/airflow/example_dags/example_branch_operator.py
[2024-07-15T15:01:19.546+0000] {logging_mixin.py:188} INFO - [2024-07-15T15:01:19.545+0000] {dag.py:3096} INFO - Sync 1 DAGs
[2024-07-15T15:01:19.570+0000] {logging_mixin.py:188} INFO - [2024-07-15T15:01:19.570+0000] {dag.py:3954} INFO - Setting next_dagrun for example_branch_operator to 2024-07-14 00:00:00+00:00, run_after=2024-07-15 00:00:00+00:00
[2024-07-15T15:01:19.606+0000] {processor.py:183} INFO - Processing /home/airflow/.local/lib/python3.12/site-packages/airflow/example_dags/example_branch_operator.py took 0.211 seconds
[2024-07-15T15:01:49.971+0000] {processor.py:161} INFO - Started process (PID=184) to work on /home/airflow/.local/lib/python3.12/site-packages/airflow/example_dags/example_branch_operator.py
[2024-07-15T15:01:49.974+0000] {processor.py:830} INFO - Processing file /home/airflow/.local/lib/python3.12/site-packages/airflow/example_dags/example_branch_operator.py for tasks to queue
[2024-07-15T15:01:49.976+0000] {logging_mixin.py:188} INFO - [2024-07-15T15:01:49.975+0000] {dagbag.py:545} INFO - Filling up the DagBag from /home/airflow/.local/lib/python3.12/site-packages/airflow/example_dags/example_branch_operator.py
[2024-07-15T15:01:50.030+0000] {processor.py:840} INFO - DAG(s) 'example_branch_operator' retrieved from /home/airflow/.local/lib/python3.12/site-packages/airflow/example_dags/example_branch_operator.py
[2024-07-15T15:01:50.149+0000] {logging_mixin.py:188} INFO - [2024-07-15T15:01:50.148+0000] {dag.py:3096} INFO - Sync 1 DAGs
[2024-07-15T15:01:50.187+0000] {logging_mixin.py:188} INFO - [2024-07-15T15:01:50.187+0000] {dag.py:3954} INFO - Setting next_dagrun for example_branch_operator to 2024-07-14 00:00:00+00:00, run_after=2024-07-15 00:00:00+00:00
[2024-07-15T15:01:50.212+0000] {processor.py:183} INFO - Processing /home/airflow/.local/lib/python3.12/site-packages/airflow/example_dags/example_branch_operator.py took 0.247 seconds
[2024-07-15T15:02:21.098+0000] {processor.py:161} INFO - Started process (PID=243) to work on /home/airflow/.local/lib/python3.12/site-packages/airflow/example_dags/example_branch_operator.py
[2024-07-15T15:02:21.099+0000] {processor.py:830} INFO - Processing file /home/airflow/.local/lib/python3.12/site-packages/airflow/example_dags/example_branch_operator.py for tasks to queue
[2024-07-15T15:02:21.101+0000] {logging_mixin.py:188} INFO - [2024-07-15T15:02:21.101+0000] {dagbag.py:545} INFO - Filling up the DagBag from /home/airflow/.local/lib/python3.12/site-packages/airflow/example_dags/example_branch_operator.py
[2024-07-15T15:02:21.119+0000] {processor.py:840} INFO - DAG(s) 'example_branch_operator' retrieved from /home/airflow/.local/lib/python3.12/site-packages/airflow/example_dags/example_branch_operator.py
[2024-07-15T15:02:21.154+0000] {logging_mixin.py:188} INFO - [2024-07-15T15:02:21.154+0000] {dag.py:3096} INFO - Sync 1 DAGs
[2024-07-15T15:02:21.178+0000] {logging_mixin.py:188} INFO - [2024-07-15T15:02:21.178+0000] {dag.py:3954} INFO - Setting next_dagrun for example_branch_operator to 2024-07-14 00:00:00+00:00, run_after=2024-07-15 00:00:00+00:00
[2024-07-15T15:02:21.201+0000] {processor.py:183} INFO - Processing /home/airflow/.local/lib/python3.12/site-packages/airflow/example_dags/example_branch_operator.py took 0.109 seconds
[2024-07-15T15:02:51.583+0000] {processor.py:161} INFO - Started process (PID=300) to work on /home/airflow/.local/lib/python3.12/site-packages/airflow/example_dags/example_branch_operator.py
[2024-07-15T15:02:51.584+0000] {processor.py:830} INFO - Processing file /home/airflow/.local/lib/python3.12/site-packages/airflow/example_dags/example_branch_operator.py for tasks to queue
[2024-07-15T15:02:51.586+0000] {logging_mixin.py:188} INFO - [2024-07-15T15:02:51.586+0000] {dagbag.py:545} INFO - Filling up the DagBag from /home/airflow/.local/lib/python3.12/site-packages/airflow/example_dags/example_branch_operator.py
[2024-07-15T15:02:51.605+0000] {processor.py:840} INFO - DAG(s) 'example_branch_operator' retrieved from /home/airflow/.local/lib/python3.12/site-packages/airflow/example_dags/example_branch_operator.py
[2024-07-15T15:02:51.634+0000] {logging_mixin.py:188} INFO - [2024-07-15T15:02:51.634+0000] {dag.py:3096} INFO - Sync 1 DAGs
[2024-07-15T15:02:51.659+0000] {logging_mixin.py:188} INFO - [2024-07-15T15:02:51.659+0000] {dag.py:3954} INFO - Setting next_dagrun for example_branch_operator to 2024-07-14 00:00:00+00:00, run_after=2024-07-15 00:00:00+00:00
[2024-07-15T15:02:51.683+0000] {processor.py:183} INFO - Processing /home/airflow/.local/lib/python3.12/site-packages/airflow/example_dags/example_branch_operator.py took 0.105 seconds
[2024-07-15T15:03:21.831+0000] {processor.py:161} INFO - Started process (PID=359) to work on /home/airflow/.local/lib/python3.12/site-packages/airflow/example_dags/example_branch_operator.py
[2024-07-15T15:03:21.831+0000] {processor.py:830} INFO - Processing file /home/airflow/.local/lib/python3.12/site-packages/airflow/example_dags/example_branch_operator.py for tasks to queue
[2024-07-15T15:03:21.833+0000] {logging_mixin.py:188} INFO - [2024-07-15T15:03:21.833+0000] {dagbag.py:545} INFO - Filling up the DagBag from /home/airflow/.local/lib/python3.12/site-packages/airflow/example_dags/example_branch_operator.py
[2024-07-15T15:03:21.860+0000] {processor.py:840} INFO - DAG(s) 'example_branch_operator' retrieved from /home/airflow/.local/lib/python3.12/site-packages/airflow/example_dags/example_branch_operator.py
[2024-07-15T15:03:21.888+0000] {logging_mixin.py:188} INFO - [2024-07-15T15:03:21.888+0000] {dag.py:3096} INFO - Sync 1 DAGs
[2024-07-15T15:03:21.912+0000] {logging_mixin.py:188} INFO - [2024-07-15T15:03:21.912+0000] {dag.py:3954} INFO - Setting next_dagrun for example_branch_operator to 2024-07-14 00:00:00+00:00, run_after=2024-07-15 00:00:00+00:00
[2024-07-15T15:03:21.938+0000] {processor.py:183} INFO - Processing /home/airflow/.local/lib/python3.12/site-packages/airflow/example_dags/example_branch_operator.py took 0.116 seconds
[2024-07-15T15:03:52.402+0000] {processor.py:161} INFO - Started process (PID=417) to work on /home/airflow/.local/lib/python3.12/site-packages/airflow/example_dags/example_branch_operator.py
[2024-07-15T15:03:52.403+0000] {processor.py:830} INFO - Processing file /home/airflow/.local/lib/python3.12/site-packages/airflow/example_dags/example_branch_operator.py for tasks to queue
[2024-07-15T15:03:52.405+0000] {logging_mixin.py:188} INFO - [2024-07-15T15:03:52.404+0000] {dagbag.py:545} INFO - Filling up the DagBag from /home/airflow/.local/lib/python3.12/site-packages/airflow/example_dags/example_branch_operator.py
[2024-07-15T15:03:52.427+0000] {processor.py:840} INFO - DAG(s) 'example_branch_operator' retrieved from /home/airflow/.local/lib/python3.12/site-packages/airflow/example_dags/example_branch_operator.py
[2024-07-15T15:03:52.462+0000] {logging_mixin.py:188} INFO - [2024-07-15T15:03:52.462+0000] {dag.py:3096} INFO - Sync 1 DAGs
[2024-07-15T15:03:52.485+0000] {logging_mixin.py:188} INFO - [2024-07-15T15:03:52.485+0000] {dag.py:3954} INFO - Setting next_dagrun for example_branch_operator to 2024-07-14 00:00:00+00:00, run_after=2024-07-15 00:00:00+00:00
[2024-07-15T15:03:52.508+0000] {processor.py:183} INFO - Processing /home/airflow/.local/lib/python3.12/site-packages/airflow/example_dags/example_branch_operator.py took 0.112 seconds
[2024-07-15T15:04:22.810+0000] {processor.py:161} INFO - Started process (PID=475) to work on /home/airflow/.local/lib/python3.12/site-packages/airflow/example_dags/example_branch_operator.py
[2024-07-15T15:04:22.811+0000] {processor.py:830} INFO - Processing file /home/airflow/.local/lib/python3.12/site-packages/airflow/example_dags/example_branch_operator.py for tasks to queue
[2024-07-15T15:04:22.813+0000] {logging_mixin.py:188} INFO - [2024-07-15T15:04:22.813+0000] {dagbag.py:545} INFO - Filling up the DagBag from /home/airflow/.local/lib/python3.12/site-packages/airflow/example_dags/example_branch_operator.py
[2024-07-15T15:04:22.831+0000] {processor.py:840} INFO - DAG(s) 'example_branch_operator' retrieved from /home/airflow/.local/lib/python3.12/site-packages/airflow/example_dags/example_branch_operator.py
[2024-07-15T15:04:22.862+0000] {logging_mixin.py:188} INFO - [2024-07-15T15:04:22.862+0000] {dag.py:3096} INFO - Sync 1 DAGs
[2024-07-15T15:04:22.935+0000] {logging_mixin.py:188} INFO - [2024-07-15T15:04:22.934+0000] {dag.py:3954} INFO - Setting next_dagrun for example_branch_operator to 2024-07-14 00:00:00+00:00, run_after=2024-07-15 00:00:00+00:00
[2024-07-15T15:04:22.975+0000] {processor.py:183} INFO - Processing /home/airflow/.local/lib/python3.12/site-packages/airflow/example_dags/example_branch_operator.py took 0.171 seconds
[2024-07-15T15:04:53.378+0000] {processor.py:161} INFO - Started process (PID=533) to work on /home/airflow/.local/lib/python3.12/site-packages/airflow/example_dags/example_branch_operator.py
[2024-07-15T15:04:53.378+0000] {processor.py:830} INFO - Processing file /home/airflow/.local/lib/python3.12/site-packages/airflow/example_dags/example_branch_operator.py for tasks to queue
[2024-07-15T15:04:53.380+0000] {logging_mixin.py:188} INFO - [2024-07-15T15:04:53.380+0000] {dagbag.py:545} INFO - Filling up the DagBag from /home/airflow/.local/lib/python3.12/site-packages/airflow/example_dags/example_branch_operator.py
[2024-07-15T15:04:53.398+0000] {processor.py:840} INFO - DAG(s) 'example_branch_operator' retrieved from /home/airflow/.local/lib/python3.12/site-packages/airflow/example_dags/example_branch_operator.py
[2024-07-15T15:04:53.435+0000] {logging_mixin.py:188} INFO - [2024-07-15T15:04:53.434+0000] {dag.py:3096} INFO - Sync 1 DAGs
[2024-07-15T15:04:53.461+0000] {logging_mixin.py:188} INFO - [2024-07-15T15:04:53.461+0000] {dag.py:3954} INFO - Setting next_dagrun for example_branch_operator to 2024-07-14 00:00:00+00:00, run_after=2024-07-15 00:00:00+00:00
[2024-07-15T15:04:53.486+0000] {processor.py:183} INFO - Processing /home/airflow/.local/lib/python3.12/site-packages/airflow/example_dags/example_branch_operator.py took 0.116 seconds
