[2024-07-15T15:00:45.958+0000] {processor.py:161} INFO - Started process (PID=56) to work on /home/airflow/.local/lib/python3.12/site-packages/airflow/example_dags/example_bash_operator.py
[2024-07-15T15:00:45.959+0000] {processor.py:830} INFO - Processing file /home/airflow/.local/lib/python3.12/site-packages/airflow/example_dags/example_bash_operator.py for tasks to queue
[2024-07-15T15:00:45.961+0000] {logging_mixin.py:188} INFO - [2024-07-15T15:00:45.960+0000] {dagbag.py:545} INFO - Filling up the DagBag from /home/airflow/.local/lib/python3.12/site-packages/airflow/example_dags/example_bash_operator.py
[2024-07-15T15:00:45.996+0000] {processor.py:840} INFO - DAG(s) 'example_bash_operator' retrieved from /home/airflow/.local/lib/python3.12/site-packages/airflow/example_dags/example_bash_operator.py
[2024-07-15T15:00:46.074+0000] {logging_mixin.py:188} INFO - [2024-07-15T15:00:46.074+0000] {dag.py:3096} INFO - Sync 1 DAGs
[2024-07-15T15:00:46.101+0000] {logging_mixin.py:188} INFO - [2024-07-15T15:00:46.101+0000] {dag.py:3954} INFO - Setting next_dagrun for example_bash_operator to 2024-07-14 00:00:00+00:00, run_after=2024-07-15 00:00:00+00:00
[2024-07-15T15:00:46.147+0000] {processor.py:183} INFO - Processing /home/airflow/.local/lib/python3.12/site-packages/airflow/example_dags/example_bash_operator.py took 0.215 seconds
[2024-07-15T15:01:17.418+0000] {processor.py:161} INFO - Started process (PID=113) to work on /home/airflow/.local/lib/python3.12/site-packages/airflow/example_dags/example_bash_operator.py
[2024-07-15T15:01:17.446+0000] {processor.py:830} INFO - Processing file /home/airflow/.local/lib/python3.12/site-packages/airflow/example_dags/example_bash_operator.py for tasks to queue
[2024-07-15T15:01:17.448+0000] {logging_mixin.py:188} INFO - [2024-07-15T15:01:17.448+0000] {dagbag.py:545} INFO - Filling up the DagBag from /home/airflow/.local/lib/python3.12/site-packages/airflow/example_dags/example_bash_operator.py
[2024-07-15T15:01:17.507+0000] {processor.py:840} INFO - DAG(s) 'example_bash_operator' retrieved from /home/airflow/.local/lib/python3.12/site-packages/airflow/example_dags/example_bash_operator.py
[2024-07-15T15:01:17.662+0000] {logging_mixin.py:188} INFO - [2024-07-15T15:01:17.645+0000] {dag.py:3096} INFO - Sync 1 DAGs
[2024-07-15T15:01:17.710+0000] {logging_mixin.py:188} INFO - [2024-07-15T15:01:17.710+0000] {dag.py:3954} INFO - Setting next_dagrun for example_bash_operator to 2024-07-14 00:00:00+00:00, run_after=2024-07-15 00:00:00+00:00
[2024-07-15T15:01:17.740+0000] {processor.py:183} INFO - Processing /home/airflow/.local/lib/python3.12/site-packages/airflow/example_dags/example_bash_operator.py took 0.380 seconds
[2024-07-15T15:01:48.404+0000] {processor.py:161} INFO - Started process (PID=171) to work on /home/airflow/.local/lib/python3.12/site-packages/airflow/example_dags/example_bash_operator.py
[2024-07-15T15:01:48.407+0000] {processor.py:830} INFO - Processing file /home/airflow/.local/lib/python3.12/site-packages/airflow/example_dags/example_bash_operator.py for tasks to queue
[2024-07-15T15:01:48.409+0000] {logging_mixin.py:188} INFO - [2024-07-15T15:01:48.409+0000] {dagbag.py:545} INFO - Filling up the DagBag from /home/airflow/.local/lib/python3.12/site-packages/airflow/example_dags/example_bash_operator.py
[2024-07-15T15:01:48.443+0000] {processor.py:840} INFO - DAG(s) 'example_bash_operator' retrieved from /home/airflow/.local/lib/python3.12/site-packages/airflow/example_dags/example_bash_operator.py
[2024-07-15T15:01:48.492+0000] {logging_mixin.py:188} INFO - [2024-07-15T15:01:48.492+0000] {dag.py:3096} INFO - Sync 1 DAGs
[2024-07-15T15:01:48.519+0000] {logging_mixin.py:188} INFO - [2024-07-15T15:01:48.519+0000] {dag.py:3954} INFO - Setting next_dagrun for example_bash_operator to 2024-07-14 00:00:00+00:00, run_after=2024-07-15 00:00:00+00:00
[2024-07-15T15:01:48.574+0000] {processor.py:183} INFO - Processing /home/airflow/.local/lib/python3.12/site-packages/airflow/example_dags/example_bash_operator.py took 0.181 seconds
[2024-07-15T15:02:19.218+0000] {processor.py:161} INFO - Started process (PID=230) to work on /home/airflow/.local/lib/python3.12/site-packages/airflow/example_dags/example_bash_operator.py
[2024-07-15T15:02:19.219+0000] {processor.py:830} INFO - Processing file /home/airflow/.local/lib/python3.12/site-packages/airflow/example_dags/example_bash_operator.py for tasks to queue
[2024-07-15T15:02:19.221+0000] {logging_mixin.py:188} INFO - [2024-07-15T15:02:19.221+0000] {dagbag.py:545} INFO - Filling up the DagBag from /home/airflow/.local/lib/python3.12/site-packages/airflow/example_dags/example_bash_operator.py
[2024-07-15T15:02:19.233+0000] {processor.py:840} INFO - DAG(s) 'example_bash_operator' retrieved from /home/airflow/.local/lib/python3.12/site-packages/airflow/example_dags/example_bash_operator.py
[2024-07-15T15:02:19.265+0000] {logging_mixin.py:188} INFO - [2024-07-15T15:02:19.265+0000] {dag.py:3096} INFO - Sync 1 DAGs
[2024-07-15T15:02:19.289+0000] {logging_mixin.py:188} INFO - [2024-07-15T15:02:19.289+0000] {dag.py:3954} INFO - Setting next_dagrun for example_bash_operator to 2024-07-14 00:00:00+00:00, run_after=2024-07-15 00:00:00+00:00
[2024-07-15T15:02:19.314+0000] {processor.py:183} INFO - Processing /home/airflow/.local/lib/python3.12/site-packages/airflow/example_dags/example_bash_operator.py took 0.101 seconds
[2024-07-15T15:02:49.628+0000] {processor.py:161} INFO - Started process (PID=287) to work on /home/airflow/.local/lib/python3.12/site-packages/airflow/example_dags/example_bash_operator.py
[2024-07-15T15:02:49.629+0000] {processor.py:830} INFO - Processing file /home/airflow/.local/lib/python3.12/site-packages/airflow/example_dags/example_bash_operator.py for tasks to queue
[2024-07-15T15:02:49.631+0000] {logging_mixin.py:188} INFO - [2024-07-15T15:02:49.631+0000] {dagbag.py:545} INFO - Filling up the DagBag from /home/airflow/.local/lib/python3.12/site-packages/airflow/example_dags/example_bash_operator.py
[2024-07-15T15:02:49.643+0000] {processor.py:840} INFO - DAG(s) 'example_bash_operator' retrieved from /home/airflow/.local/lib/python3.12/site-packages/airflow/example_dags/example_bash_operator.py
[2024-07-15T15:02:49.675+0000] {logging_mixin.py:188} INFO - [2024-07-15T15:02:49.675+0000] {dag.py:3096} INFO - Sync 1 DAGs
[2024-07-15T15:02:49.707+0000] {logging_mixin.py:188} INFO - [2024-07-15T15:02:49.707+0000] {dag.py:3954} INFO - Setting next_dagrun for example_bash_operator to 2024-07-14 00:00:00+00:00, run_after=2024-07-15 00:00:00+00:00
[2024-07-15T15:02:49.751+0000] {processor.py:183} INFO - Processing /home/airflow/.local/lib/python3.12/site-packages/airflow/example_dags/example_bash_operator.py took 0.128 seconds
[2024-07-15T15:03:20.012+0000] {processor.py:161} INFO - Started process (PID=346) to work on /home/airflow/.local/lib/python3.12/site-packages/airflow/example_dags/example_bash_operator.py
[2024-07-15T15:03:20.013+0000] {processor.py:830} INFO - Processing file /home/airflow/.local/lib/python3.12/site-packages/airflow/example_dags/example_bash_operator.py for tasks to queue
[2024-07-15T15:03:20.015+0000] {logging_mixin.py:188} INFO - [2024-07-15T15:03:20.014+0000] {dagbag.py:545} INFO - Filling up the DagBag from /home/airflow/.local/lib/python3.12/site-packages/airflow/example_dags/example_bash_operator.py
[2024-07-15T15:03:20.028+0000] {processor.py:840} INFO - DAG(s) 'example_bash_operator' retrieved from /home/airflow/.local/lib/python3.12/site-packages/airflow/example_dags/example_bash_operator.py
[2024-07-15T15:03:20.066+0000] {logging_mixin.py:188} INFO - [2024-07-15T15:03:20.066+0000] {dag.py:3096} INFO - Sync 1 DAGs
[2024-07-15T15:03:20.096+0000] {logging_mixin.py:188} INFO - [2024-07-15T15:03:20.096+0000] {dag.py:3954} INFO - Setting next_dagrun for example_bash_operator to 2024-07-14 00:00:00+00:00, run_after=2024-07-15 00:00:00+00:00
[2024-07-15T15:03:20.118+0000] {processor.py:183} INFO - Processing /home/airflow/.local/lib/python3.12/site-packages/airflow/example_dags/example_bash_operator.py took 0.111 seconds
[2024-07-15T15:03:50.455+0000] {processor.py:161} INFO - Started process (PID=404) to work on /home/airflow/.local/lib/python3.12/site-packages/airflow/example_dags/example_bash_operator.py
[2024-07-15T15:03:50.457+0000] {processor.py:830} INFO - Processing file /home/airflow/.local/lib/python3.12/site-packages/airflow/example_dags/example_bash_operator.py for tasks to queue
[2024-07-15T15:03:50.459+0000] {logging_mixin.py:188} INFO - [2024-07-15T15:03:50.459+0000] {dagbag.py:545} INFO - Filling up the DagBag from /home/airflow/.local/lib/python3.12/site-packages/airflow/example_dags/example_bash_operator.py
[2024-07-15T15:03:50.476+0000] {processor.py:840} INFO - DAG(s) 'example_bash_operator' retrieved from /home/airflow/.local/lib/python3.12/site-packages/airflow/example_dags/example_bash_operator.py
[2024-07-15T15:03:50.513+0000] {logging_mixin.py:188} INFO - [2024-07-15T15:03:50.513+0000] {dag.py:3096} INFO - Sync 1 DAGs
[2024-07-15T15:03:50.539+0000] {logging_mixin.py:188} INFO - [2024-07-15T15:03:50.538+0000] {dag.py:3954} INFO - Setting next_dagrun for example_bash_operator to 2024-07-14 00:00:00+00:00, run_after=2024-07-15 00:00:00+00:00
[2024-07-15T15:03:50.563+0000] {processor.py:183} INFO - Processing /home/airflow/.local/lib/python3.12/site-packages/airflow/example_dags/example_bash_operator.py took 0.114 seconds
[2024-07-15T15:04:20.916+0000] {processor.py:161} INFO - Started process (PID=462) to work on /home/airflow/.local/lib/python3.12/site-packages/airflow/example_dags/example_bash_operator.py
[2024-07-15T15:04:20.917+0000] {processor.py:830} INFO - Processing file /home/airflow/.local/lib/python3.12/site-packages/airflow/example_dags/example_bash_operator.py for tasks to queue
[2024-07-15T15:04:20.919+0000] {logging_mixin.py:188} INFO - [2024-07-15T15:04:20.919+0000] {dagbag.py:545} INFO - Filling up the DagBag from /home/airflow/.local/lib/python3.12/site-packages/airflow/example_dags/example_bash_operator.py
[2024-07-15T15:04:20.933+0000] {processor.py:840} INFO - DAG(s) 'example_bash_operator' retrieved from /home/airflow/.local/lib/python3.12/site-packages/airflow/example_dags/example_bash_operator.py
[2024-07-15T15:04:20.994+0000] {logging_mixin.py:188} INFO - [2024-07-15T15:04:20.994+0000] {dag.py:3096} INFO - Sync 1 DAGs
[2024-07-15T15:04:21.051+0000] {logging_mixin.py:188} INFO - [2024-07-15T15:04:21.051+0000] {dag.py:3954} INFO - Setting next_dagrun for example_bash_operator to 2024-07-14 00:00:00+00:00, run_after=2024-07-15 00:00:00+00:00
[2024-07-15T15:04:21.102+0000] {processor.py:183} INFO - Processing /home/airflow/.local/lib/python3.12/site-packages/airflow/example_dags/example_bash_operator.py took 0.194 seconds
[2024-07-15T15:04:51.421+0000] {processor.py:161} INFO - Started process (PID=520) to work on /home/airflow/.local/lib/python3.12/site-packages/airflow/example_dags/example_bash_operator.py
[2024-07-15T15:04:51.422+0000] {processor.py:830} INFO - Processing file /home/airflow/.local/lib/python3.12/site-packages/airflow/example_dags/example_bash_operator.py for tasks to queue
[2024-07-15T15:04:51.423+0000] {logging_mixin.py:188} INFO - [2024-07-15T15:04:51.423+0000] {dagbag.py:545} INFO - Filling up the DagBag from /home/airflow/.local/lib/python3.12/site-packages/airflow/example_dags/example_bash_operator.py
[2024-07-15T15:04:51.437+0000] {processor.py:840} INFO - DAG(s) 'example_bash_operator' retrieved from /home/airflow/.local/lib/python3.12/site-packages/airflow/example_dags/example_bash_operator.py
[2024-07-15T15:04:51.482+0000] {logging_mixin.py:188} INFO - [2024-07-15T15:04:51.481+0000] {dag.py:3096} INFO - Sync 1 DAGs
[2024-07-15T15:04:51.534+0000] {logging_mixin.py:188} INFO - [2024-07-15T15:04:51.534+0000] {dag.py:3954} INFO - Setting next_dagrun for example_bash_operator to 2024-07-14 00:00:00+00:00, run_after=2024-07-15 00:00:00+00:00
[2024-07-15T15:04:51.566+0000] {processor.py:183} INFO - Processing /home/airflow/.local/lib/python3.12/site-packages/airflow/example_dags/example_bash_operator.py took 0.151 seconds
[2024-07-15T15:05:21.766+0000] {processor.py:161} INFO - Started process (PID=578) to work on /home/airflow/.local/lib/python3.12/site-packages/airflow/example_dags/example_bash_operator.py
[2024-07-15T15:05:21.766+0000] {processor.py:830} INFO - Processing file /home/airflow/.local/lib/python3.12/site-packages/airflow/example_dags/example_bash_operator.py for tasks to queue
[2024-07-15T15:05:21.768+0000] {logging_mixin.py:188} INFO - [2024-07-15T15:05:21.768+0000] {dagbag.py:545} INFO - Filling up the DagBag from /home/airflow/.local/lib/python3.12/site-packages/airflow/example_dags/example_bash_operator.py
[2024-07-15T15:05:21.780+0000] {processor.py:840} INFO - DAG(s) 'example_bash_operator' retrieved from /home/airflow/.local/lib/python3.12/site-packages/airflow/example_dags/example_bash_operator.py
[2024-07-15T15:05:21.811+0000] {logging_mixin.py:188} INFO - [2024-07-15T15:05:21.811+0000] {dag.py:3096} INFO - Sync 1 DAGs
[2024-07-15T15:05:21.835+0000] {logging_mixin.py:188} INFO - [2024-07-15T15:05:21.835+0000] {dag.py:3954} INFO - Setting next_dagrun for example_bash_operator to 2024-07-14 00:00:00+00:00, run_after=2024-07-15 00:00:00+00:00
[2024-07-15T15:05:21.860+0000] {processor.py:183} INFO - Processing /home/airflow/.local/lib/python3.12/site-packages/airflow/example_dags/example_bash_operator.py took 0.099 seconds
[2024-07-15T15:05:52.083+0000] {processor.py:161} INFO - Started process (PID=636) to work on /home/airflow/.local/lib/python3.12/site-packages/airflow/example_dags/example_bash_operator.py
[2024-07-15T15:05:52.084+0000] {processor.py:830} INFO - Processing file /home/airflow/.local/lib/python3.12/site-packages/airflow/example_dags/example_bash_operator.py for tasks to queue
[2024-07-15T15:05:52.085+0000] {logging_mixin.py:188} INFO - [2024-07-15T15:05:52.085+0000] {dagbag.py:545} INFO - Filling up the DagBag from /home/airflow/.local/lib/python3.12/site-packages/airflow/example_dags/example_bash_operator.py
[2024-07-15T15:05:52.098+0000] {processor.py:840} INFO - DAG(s) 'example_bash_operator' retrieved from /home/airflow/.local/lib/python3.12/site-packages/airflow/example_dags/example_bash_operator.py
[2024-07-15T15:05:52.130+0000] {logging_mixin.py:188} INFO - [2024-07-15T15:05:52.129+0000] {dag.py:3096} INFO - Sync 1 DAGs
[2024-07-15T15:05:52.155+0000] {logging_mixin.py:188} INFO - [2024-07-15T15:05:52.155+0000] {dag.py:3954} INFO - Setting next_dagrun for example_bash_operator to 2024-07-14 00:00:00+00:00, run_after=2024-07-15 00:00:00+00:00
[2024-07-15T15:05:52.180+0000] {processor.py:183} INFO - Processing /home/airflow/.local/lib/python3.12/site-packages/airflow/example_dags/example_bash_operator.py took 0.102 seconds
[2024-07-15T15:06:22.812+0000] {processor.py:161} INFO - Started process (PID=694) to work on /home/airflow/.local/lib/python3.12/site-packages/airflow/example_dags/example_bash_operator.py
[2024-07-15T15:06:22.814+0000] {processor.py:830} INFO - Processing file /home/airflow/.local/lib/python3.12/site-packages/airflow/example_dags/example_bash_operator.py for tasks to queue
[2024-07-15T15:06:22.817+0000] {logging_mixin.py:188} INFO - [2024-07-15T15:06:22.817+0000] {dagbag.py:545} INFO - Filling up the DagBag from /home/airflow/.local/lib/python3.12/site-packages/airflow/example_dags/example_bash_operator.py
[2024-07-15T15:06:22.832+0000] {processor.py:840} INFO - DAG(s) 'example_bash_operator' retrieved from /home/airflow/.local/lib/python3.12/site-packages/airflow/example_dags/example_bash_operator.py
[2024-07-15T15:06:22.874+0000] {logging_mixin.py:188} INFO - [2024-07-15T15:06:22.874+0000] {dag.py:3096} INFO - Sync 1 DAGs
[2024-07-15T15:06:22.898+0000] {logging_mixin.py:188} INFO - [2024-07-15T15:06:22.898+0000] {dag.py:3954} INFO - Setting next_dagrun for example_bash_operator to 2024-07-14 00:00:00+00:00, run_after=2024-07-15 00:00:00+00:00
[2024-07-15T15:06:22.941+0000] {processor.py:183} INFO - Processing /home/airflow/.local/lib/python3.12/site-packages/airflow/example_dags/example_bash_operator.py took 0.137 seconds
[2024-07-15T15:06:53.637+0000] {processor.py:161} INFO - Started process (PID=752) to work on /home/airflow/.local/lib/python3.12/site-packages/airflow/example_dags/example_bash_operator.py
[2024-07-15T15:06:53.638+0000] {processor.py:830} INFO - Processing file /home/airflow/.local/lib/python3.12/site-packages/airflow/example_dags/example_bash_operator.py for tasks to queue
[2024-07-15T15:06:53.640+0000] {logging_mixin.py:188} INFO - [2024-07-15T15:06:53.640+0000] {dagbag.py:545} INFO - Filling up the DagBag from /home/airflow/.local/lib/python3.12/site-packages/airflow/example_dags/example_bash_operator.py
[2024-07-15T15:06:53.652+0000] {processor.py:840} INFO - DAG(s) 'example_bash_operator' retrieved from /home/airflow/.local/lib/python3.12/site-packages/airflow/example_dags/example_bash_operator.py
[2024-07-15T15:06:53.717+0000] {logging_mixin.py:188} INFO - [2024-07-15T15:06:53.716+0000] {dag.py:3096} INFO - Sync 1 DAGs
[2024-07-15T15:06:53.761+0000] {logging_mixin.py:188} INFO - [2024-07-15T15:06:53.761+0000] {dag.py:3954} INFO - Setting next_dagrun for example_bash_operator to 2024-07-14 00:00:00+00:00, run_after=2024-07-15 00:00:00+00:00
[2024-07-15T15:06:53.806+0000] {processor.py:183} INFO - Processing /home/airflow/.local/lib/python3.12/site-packages/airflow/example_dags/example_bash_operator.py took 0.178 seconds
[2024-07-15T15:07:24.101+0000] {processor.py:161} INFO - Started process (PID=810) to work on /home/airflow/.local/lib/python3.12/site-packages/airflow/example_dags/example_bash_operator.py
[2024-07-15T15:07:24.114+0000] {processor.py:830} INFO - Processing file /home/airflow/.local/lib/python3.12/site-packages/airflow/example_dags/example_bash_operator.py for tasks to queue
[2024-07-15T15:07:24.118+0000] {logging_mixin.py:188} INFO - [2024-07-15T15:07:24.117+0000] {dagbag.py:545} INFO - Filling up the DagBag from /home/airflow/.local/lib/python3.12/site-packages/airflow/example_dags/example_bash_operator.py
[2024-07-15T15:07:24.173+0000] {processor.py:840} INFO - DAG(s) 'example_bash_operator' retrieved from /home/airflow/.local/lib/python3.12/site-packages/airflow/example_dags/example_bash_operator.py
[2024-07-15T15:07:24.254+0000] {logging_mixin.py:188} INFO - [2024-07-15T15:07:24.253+0000] {dag.py:3096} INFO - Sync 1 DAGs
[2024-07-15T15:07:24.350+0000] {logging_mixin.py:188} INFO - [2024-07-15T15:07:24.349+0000] {dag.py:3954} INFO - Setting next_dagrun for example_bash_operator to 2024-07-14 00:00:00+00:00, run_after=2024-07-15 00:00:00+00:00
[2024-07-15T15:07:24.446+0000] {processor.py:183} INFO - Processing /home/airflow/.local/lib/python3.12/site-packages/airflow/example_dags/example_bash_operator.py took 0.353 seconds
