[2024-07-15T15:00:41.487+0000] {processor.py:161} INFO - Started process (PID=35) to work on /home/airflow/.local/lib/python3.12/site-packages/airflow/example_dags/example_latest_only.py
[2024-07-15T15:00:41.488+0000] {processor.py:830} INFO - Processing file /home/airflow/.local/lib/python3.12/site-packages/airflow/example_dags/example_latest_only.py for tasks to queue
[2024-07-15T15:00:41.490+0000] {logging_mixin.py:188} INFO - [2024-07-15T15:00:41.489+0000] {dagbag.py:545} INFO - Filling up the DagBag from /home/airflow/.local/lib/python3.12/site-packages/airflow/example_dags/example_latest_only.py
[2024-07-15T15:00:41.509+0000] {processor.py:840} INFO - DAG(s) 'latest_only' retrieved from /home/airflow/.local/lib/python3.12/site-packages/airflow/example_dags/example_latest_only.py
[2024-07-15T15:00:41.580+0000] {logging_mixin.py:188} INFO - [2024-07-15T15:00:41.579+0000] {dag.py:3096} INFO - Sync 1 DAGs
[2024-07-15T15:00:41.653+0000] {logging_mixin.py:188} INFO - [2024-07-15T15:00:41.653+0000] {dag.py:3954} INFO - Setting next_dagrun for latest_only to 2024-07-15 08:00:00+00:00, run_after=2024-07-15 12:00:00+00:00
[2024-07-15T15:00:41.726+0000] {processor.py:183} INFO - Processing /home/airflow/.local/lib/python3.12/site-packages/airflow/example_dags/example_latest_only.py took 0.246 seconds
[2024-07-15T15:01:11.923+0000] {processor.py:161} INFO - Started process (PID=92) to work on /home/airflow/.local/lib/python3.12/site-packages/airflow/example_dags/example_latest_only.py
[2024-07-15T15:01:11.924+0000] {processor.py:830} INFO - Processing file /home/airflow/.local/lib/python3.12/site-packages/airflow/example_dags/example_latest_only.py for tasks to queue
[2024-07-15T15:01:11.926+0000] {logging_mixin.py:188} INFO - [2024-07-15T15:01:11.926+0000] {dagbag.py:545} INFO - Filling up the DagBag from /home/airflow/.local/lib/python3.12/site-packages/airflow/example_dags/example_latest_only.py
[2024-07-15T15:01:11.932+0000] {processor.py:840} INFO - DAG(s) 'latest_only' retrieved from /home/airflow/.local/lib/python3.12/site-packages/airflow/example_dags/example_latest_only.py
[2024-07-15T15:01:11.953+0000] {logging_mixin.py:188} INFO - [2024-07-15T15:01:11.953+0000] {dag.py:3096} INFO - Sync 1 DAGs
[2024-07-15T15:01:11.985+0000] {logging_mixin.py:188} INFO - [2024-07-15T15:01:11.984+0000] {dag.py:3954} INFO - Setting next_dagrun for latest_only to 2024-07-15 08:00:00+00:00, run_after=2024-07-15 12:00:00+00:00
[2024-07-15T15:01:12.017+0000] {processor.py:183} INFO - Processing /home/airflow/.local/lib/python3.12/site-packages/airflow/example_dags/example_latest_only.py took 0.100 seconds
[2024-07-15T15:01:42.800+0000] {processor.py:161} INFO - Started process (PID=150) to work on /home/airflow/.local/lib/python3.12/site-packages/airflow/example_dags/example_latest_only.py
[2024-07-15T15:01:42.801+0000] {processor.py:830} INFO - Processing file /home/airflow/.local/lib/python3.12/site-packages/airflow/example_dags/example_latest_only.py for tasks to queue
[2024-07-15T15:01:42.802+0000] {logging_mixin.py:188} INFO - [2024-07-15T15:01:42.802+0000] {dagbag.py:545} INFO - Filling up the DagBag from /home/airflow/.local/lib/python3.12/site-packages/airflow/example_dags/example_latest_only.py
[2024-07-15T15:01:42.807+0000] {processor.py:840} INFO - DAG(s) 'latest_only' retrieved from /home/airflow/.local/lib/python3.12/site-packages/airflow/example_dags/example_latest_only.py
[2024-07-15T15:01:42.827+0000] {logging_mixin.py:188} INFO - [2024-07-15T15:01:42.826+0000] {dag.py:3096} INFO - Sync 1 DAGs
[2024-07-15T15:01:42.849+0000] {logging_mixin.py:188} INFO - [2024-07-15T15:01:42.849+0000] {dag.py:3954} INFO - Setting next_dagrun for latest_only to 2024-07-15 08:00:00+00:00, run_after=2024-07-15 12:00:00+00:00
[2024-07-15T15:01:42.879+0000] {processor.py:183} INFO - Processing /home/airflow/.local/lib/python3.12/site-packages/airflow/example_dags/example_latest_only.py took 0.084 seconds
[2024-07-15T15:02:13.909+0000] {processor.py:161} INFO - Started process (PID=209) to work on /home/airflow/.local/lib/python3.12/site-packages/airflow/example_dags/example_latest_only.py
[2024-07-15T15:02:13.913+0000] {processor.py:830} INFO - Processing file /home/airflow/.local/lib/python3.12/site-packages/airflow/example_dags/example_latest_only.py for tasks to queue
[2024-07-15T15:02:13.915+0000] {logging_mixin.py:188} INFO - [2024-07-15T15:02:13.914+0000] {dagbag.py:545} INFO - Filling up the DagBag from /home/airflow/.local/lib/python3.12/site-packages/airflow/example_dags/example_latest_only.py
[2024-07-15T15:02:13.919+0000] {processor.py:840} INFO - DAG(s) 'latest_only' retrieved from /home/airflow/.local/lib/python3.12/site-packages/airflow/example_dags/example_latest_only.py
[2024-07-15T15:02:13.939+0000] {logging_mixin.py:188} INFO - [2024-07-15T15:02:13.939+0000] {dag.py:3096} INFO - Sync 1 DAGs
[2024-07-15T15:02:13.963+0000] {logging_mixin.py:188} INFO - [2024-07-15T15:02:13.962+0000] {dag.py:3954} INFO - Setting next_dagrun for latest_only to 2024-07-15 08:00:00+00:00, run_after=2024-07-15 12:00:00+00:00
[2024-07-15T15:02:13.988+0000] {processor.py:183} INFO - Processing /home/airflow/.local/lib/python3.12/site-packages/airflow/example_dags/example_latest_only.py took 0.091 seconds
[2024-07-15T15:02:44.314+0000] {processor.py:161} INFO - Started process (PID=266) to work on /home/airflow/.local/lib/python3.12/site-packages/airflow/example_dags/example_latest_only.py
[2024-07-15T15:02:44.321+0000] {processor.py:830} INFO - Processing file /home/airflow/.local/lib/python3.12/site-packages/airflow/example_dags/example_latest_only.py for tasks to queue
[2024-07-15T15:02:44.323+0000] {logging_mixin.py:188} INFO - [2024-07-15T15:02:44.323+0000] {dagbag.py:545} INFO - Filling up the DagBag from /home/airflow/.local/lib/python3.12/site-packages/airflow/example_dags/example_latest_only.py
[2024-07-15T15:02:44.328+0000] {processor.py:840} INFO - DAG(s) 'latest_only' retrieved from /home/airflow/.local/lib/python3.12/site-packages/airflow/example_dags/example_latest_only.py
[2024-07-15T15:02:44.397+0000] {logging_mixin.py:188} INFO - [2024-07-15T15:02:44.396+0000] {dag.py:3096} INFO - Sync 1 DAGs
[2024-07-15T15:02:44.441+0000] {logging_mixin.py:188} INFO - [2024-07-15T15:02:44.440+0000] {dag.py:3954} INFO - Setting next_dagrun for latest_only to 2024-07-15 08:00:00+00:00, run_after=2024-07-15 12:00:00+00:00
[2024-07-15T15:02:44.482+0000] {processor.py:183} INFO - Processing /home/airflow/.local/lib/python3.12/site-packages/airflow/example_dags/example_latest_only.py took 0.177 seconds
[2024-07-15T15:03:14.692+0000] {processor.py:161} INFO - Started process (PID=325) to work on /home/airflow/.local/lib/python3.12/site-packages/airflow/example_dags/example_latest_only.py
[2024-07-15T15:03:14.692+0000] {processor.py:830} INFO - Processing file /home/airflow/.local/lib/python3.12/site-packages/airflow/example_dags/example_latest_only.py for tasks to queue
[2024-07-15T15:03:14.694+0000] {logging_mixin.py:188} INFO - [2024-07-15T15:03:14.694+0000] {dagbag.py:545} INFO - Filling up the DagBag from /home/airflow/.local/lib/python3.12/site-packages/airflow/example_dags/example_latest_only.py
[2024-07-15T15:03:14.698+0000] {processor.py:840} INFO - DAG(s) 'latest_only' retrieved from /home/airflow/.local/lib/python3.12/site-packages/airflow/example_dags/example_latest_only.py
[2024-07-15T15:03:14.713+0000] {logging_mixin.py:188} INFO - [2024-07-15T15:03:14.712+0000] {dag.py:3096} INFO - Sync 1 DAGs
[2024-07-15T15:03:14.729+0000] {logging_mixin.py:188} INFO - [2024-07-15T15:03:14.729+0000] {dag.py:3954} INFO - Setting next_dagrun for latest_only to 2024-07-15 08:00:00+00:00, run_after=2024-07-15 12:00:00+00:00
[2024-07-15T15:03:14.747+0000] {processor.py:183} INFO - Processing /home/airflow/.local/lib/python3.12/site-packages/airflow/example_dags/example_latest_only.py took 0.059 seconds
[2024-07-15T15:03:45.050+0000] {processor.py:161} INFO - Started process (PID=383) to work on /home/airflow/.local/lib/python3.12/site-packages/airflow/example_dags/example_latest_only.py
[2024-07-15T15:03:45.051+0000] {processor.py:830} INFO - Processing file /home/airflow/.local/lib/python3.12/site-packages/airflow/example_dags/example_latest_only.py for tasks to queue
[2024-07-15T15:03:45.052+0000] {logging_mixin.py:188} INFO - [2024-07-15T15:03:45.052+0000] {dagbag.py:545} INFO - Filling up the DagBag from /home/airflow/.local/lib/python3.12/site-packages/airflow/example_dags/example_latest_only.py
[2024-07-15T15:03:45.057+0000] {processor.py:840} INFO - DAG(s) 'latest_only' retrieved from /home/airflow/.local/lib/python3.12/site-packages/airflow/example_dags/example_latest_only.py
[2024-07-15T15:03:45.077+0000] {logging_mixin.py:188} INFO - [2024-07-15T15:03:45.077+0000] {dag.py:3096} INFO - Sync 1 DAGs
[2024-07-15T15:03:45.100+0000] {logging_mixin.py:188} INFO - [2024-07-15T15:03:45.099+0000] {dag.py:3954} INFO - Setting next_dagrun for latest_only to 2024-07-15 08:00:00+00:00, run_after=2024-07-15 12:00:00+00:00
[2024-07-15T15:03:45.122+0000] {processor.py:183} INFO - Processing /home/airflow/.local/lib/python3.12/site-packages/airflow/example_dags/example_latest_only.py took 0.077 seconds
[2024-07-15T15:04:15.495+0000] {processor.py:161} INFO - Started process (PID=441) to work on /home/airflow/.local/lib/python3.12/site-packages/airflow/example_dags/example_latest_only.py
[2024-07-15T15:04:15.495+0000] {processor.py:830} INFO - Processing file /home/airflow/.local/lib/python3.12/site-packages/airflow/example_dags/example_latest_only.py for tasks to queue
[2024-07-15T15:04:15.497+0000] {logging_mixin.py:188} INFO - [2024-07-15T15:04:15.497+0000] {dagbag.py:545} INFO - Filling up the DagBag from /home/airflow/.local/lib/python3.12/site-packages/airflow/example_dags/example_latest_only.py
[2024-07-15T15:04:15.502+0000] {processor.py:840} INFO - DAG(s) 'latest_only' retrieved from /home/airflow/.local/lib/python3.12/site-packages/airflow/example_dags/example_latest_only.py
[2024-07-15T15:04:15.523+0000] {logging_mixin.py:188} INFO - [2024-07-15T15:04:15.523+0000] {dag.py:3096} INFO - Sync 1 DAGs
[2024-07-15T15:04:15.548+0000] {logging_mixin.py:188} INFO - [2024-07-15T15:04:15.547+0000] {dag.py:3954} INFO - Setting next_dagrun for latest_only to 2024-07-15 08:00:00+00:00, run_after=2024-07-15 12:00:00+00:00
[2024-07-15T15:04:15.569+0000] {processor.py:183} INFO - Processing /home/airflow/.local/lib/python3.12/site-packages/airflow/example_dags/example_latest_only.py took 0.082 seconds
[2024-07-15T15:04:45.938+0000] {processor.py:161} INFO - Started process (PID=499) to work on /home/airflow/.local/lib/python3.12/site-packages/airflow/example_dags/example_latest_only.py
[2024-07-15T15:04:45.940+0000] {processor.py:830} INFO - Processing file /home/airflow/.local/lib/python3.12/site-packages/airflow/example_dags/example_latest_only.py for tasks to queue
[2024-07-15T15:04:45.942+0000] {logging_mixin.py:188} INFO - [2024-07-15T15:04:45.942+0000] {dagbag.py:545} INFO - Filling up the DagBag from /home/airflow/.local/lib/python3.12/site-packages/airflow/example_dags/example_latest_only.py
[2024-07-15T15:04:45.948+0000] {processor.py:840} INFO - DAG(s) 'latest_only' retrieved from /home/airflow/.local/lib/python3.12/site-packages/airflow/example_dags/example_latest_only.py
[2024-07-15T15:04:45.968+0000] {logging_mixin.py:188} INFO - [2024-07-15T15:04:45.967+0000] {dag.py:3096} INFO - Sync 1 DAGs
[2024-07-15T15:04:45.993+0000] {logging_mixin.py:188} INFO - [2024-07-15T15:04:45.993+0000] {dag.py:3954} INFO - Setting next_dagrun for latest_only to 2024-07-15 08:00:00+00:00, run_after=2024-07-15 12:00:00+00:00
[2024-07-15T15:04:46.022+0000] {processor.py:183} INFO - Processing /home/airflow/.local/lib/python3.12/site-packages/airflow/example_dags/example_latest_only.py took 0.090 seconds
