[2024-07-15T15:00:46.442+0000] {processor.py:161} INFO - Started process (PID=60) to work on /home/airflow/.local/lib/python3.12/site-packages/airflow/example_dags/example_branch_labels.py
[2024-07-15T15:00:46.443+0000] {processor.py:830} INFO - Processing file /home/airflow/.local/lib/python3.12/site-packages/airflow/example_dags/example_branch_labels.py for tasks to queue
[2024-07-15T15:00:46.444+0000] {logging_mixin.py:188} INFO - [2024-07-15T15:00:46.444+0000] {dagbag.py:545} INFO - Filling up the DagBag from /home/airflow/.local/lib/python3.12/site-packages/airflow/example_dags/example_branch_labels.py
[2024-07-15T15:00:46.463+0000] {processor.py:840} INFO - DAG(s) 'example_branch_labels' retrieved from /home/airflow/.local/lib/python3.12/site-packages/airflow/example_dags/example_branch_labels.py
[2024-07-15T15:00:46.486+0000] {logging_mixin.py:188} INFO - [2024-07-15T15:00:46.486+0000] {dag.py:3096} INFO - Sync 1 DAGs
[2024-07-15T15:00:46.510+0000] {logging_mixin.py:188} INFO - [2024-07-15T15:00:46.510+0000] {dag.py:3954} INFO - Setting next_dagrun for example_branch_labels to 2024-07-14 00:00:00+00:00, run_after=2024-07-15 00:00:00+00:00
[2024-07-15T15:00:46.539+0000] {processor.py:183} INFO - Processing /home/airflow/.local/lib/python3.12/site-packages/airflow/example_dags/example_branch_labels.py took 0.110 seconds
[2024-07-15T15:01:18.203+0000] {processor.py:161} INFO - Started process (PID=117) to work on /home/airflow/.local/lib/python3.12/site-packages/airflow/example_dags/example_branch_labels.py
[2024-07-15T15:01:18.213+0000] {processor.py:830} INFO - Processing file /home/airflow/.local/lib/python3.12/site-packages/airflow/example_dags/example_branch_labels.py for tasks to queue
[2024-07-15T15:01:18.215+0000] {logging_mixin.py:188} INFO - [2024-07-15T15:01:18.215+0000] {dagbag.py:545} INFO - Filling up the DagBag from /home/airflow/.local/lib/python3.12/site-packages/airflow/example_dags/example_branch_labels.py
[2024-07-15T15:01:18.225+0000] {processor.py:840} INFO - DAG(s) 'example_branch_labels' retrieved from /home/airflow/.local/lib/python3.12/site-packages/airflow/example_dags/example_branch_labels.py
[2024-07-15T15:01:18.278+0000] {logging_mixin.py:188} INFO - [2024-07-15T15:01:18.277+0000] {dag.py:3096} INFO - Sync 1 DAGs
[2024-07-15T15:01:18.339+0000] {logging_mixin.py:188} INFO - [2024-07-15T15:01:18.338+0000] {dag.py:3954} INFO - Setting next_dagrun for example_branch_labels to 2024-07-14 00:00:00+00:00, run_after=2024-07-15 00:00:00+00:00
[2024-07-15T15:01:18.392+0000] {processor.py:183} INFO - Processing /home/airflow/.local/lib/python3.12/site-packages/airflow/example_dags/example_branch_labels.py took 0.196 seconds
[2024-07-15T15:01:48.775+0000] {processor.py:161} INFO - Started process (PID=175) to work on /home/airflow/.local/lib/python3.12/site-packages/airflow/example_dags/example_branch_labels.py
[2024-07-15T15:01:48.776+0000] {processor.py:830} INFO - Processing file /home/airflow/.local/lib/python3.12/site-packages/airflow/example_dags/example_branch_labels.py for tasks to queue
[2024-07-15T15:01:48.778+0000] {logging_mixin.py:188} INFO - [2024-07-15T15:01:48.778+0000] {dagbag.py:545} INFO - Filling up the DagBag from /home/airflow/.local/lib/python3.12/site-packages/airflow/example_dags/example_branch_labels.py
[2024-07-15T15:01:48.786+0000] {processor.py:840} INFO - DAG(s) 'example_branch_labels' retrieved from /home/airflow/.local/lib/python3.12/site-packages/airflow/example_dags/example_branch_labels.py
[2024-07-15T15:01:48.835+0000] {logging_mixin.py:188} INFO - [2024-07-15T15:01:48.834+0000] {dag.py:3096} INFO - Sync 1 DAGs
[2024-07-15T15:01:48.872+0000] {logging_mixin.py:188} INFO - [2024-07-15T15:01:48.872+0000] {dag.py:3954} INFO - Setting next_dagrun for example_branch_labels to 2024-07-14 00:00:00+00:00, run_after=2024-07-15 00:00:00+00:00
[2024-07-15T15:01:48.910+0000] {processor.py:183} INFO - Processing /home/airflow/.local/lib/python3.12/site-packages/airflow/example_dags/example_branch_labels.py took 0.141 seconds
[2024-07-15T15:02:19.515+0000] {processor.py:161} INFO - Started process (PID=234) to work on /home/airflow/.local/lib/python3.12/site-packages/airflow/example_dags/example_branch_labels.py
[2024-07-15T15:02:19.516+0000] {processor.py:830} INFO - Processing file /home/airflow/.local/lib/python3.12/site-packages/airflow/example_dags/example_branch_labels.py for tasks to queue
[2024-07-15T15:02:19.518+0000] {logging_mixin.py:188} INFO - [2024-07-15T15:02:19.518+0000] {dagbag.py:545} INFO - Filling up the DagBag from /home/airflow/.local/lib/python3.12/site-packages/airflow/example_dags/example_branch_labels.py
[2024-07-15T15:02:19.529+0000] {processor.py:840} INFO - DAG(s) 'example_branch_labels' retrieved from /home/airflow/.local/lib/python3.12/site-packages/airflow/example_dags/example_branch_labels.py
[2024-07-15T15:02:19.550+0000] {logging_mixin.py:188} INFO - [2024-07-15T15:02:19.550+0000] {dag.py:3096} INFO - Sync 1 DAGs
[2024-07-15T15:02:19.573+0000] {logging_mixin.py:188} INFO - [2024-07-15T15:02:19.573+0000] {dag.py:3954} INFO - Setting next_dagrun for example_branch_labels to 2024-07-14 00:00:00+00:00, run_after=2024-07-15 00:00:00+00:00
[2024-07-15T15:02:19.596+0000] {processor.py:183} INFO - Processing /home/airflow/.local/lib/python3.12/site-packages/airflow/example_dags/example_branch_labels.py took 0.088 seconds
[2024-07-15T15:02:49.887+0000] {processor.py:161} INFO - Started process (PID=291) to work on /home/airflow/.local/lib/python3.12/site-packages/airflow/example_dags/example_branch_labels.py
[2024-07-15T15:02:49.888+0000] {processor.py:830} INFO - Processing file /home/airflow/.local/lib/python3.12/site-packages/airflow/example_dags/example_branch_labels.py for tasks to queue
[2024-07-15T15:02:49.890+0000] {logging_mixin.py:188} INFO - [2024-07-15T15:02:49.889+0000] {dagbag.py:545} INFO - Filling up the DagBag from /home/airflow/.local/lib/python3.12/site-packages/airflow/example_dags/example_branch_labels.py
[2024-07-15T15:02:49.900+0000] {processor.py:840} INFO - DAG(s) 'example_branch_labels' retrieved from /home/airflow/.local/lib/python3.12/site-packages/airflow/example_dags/example_branch_labels.py
[2024-07-15T15:02:49.936+0000] {logging_mixin.py:188} INFO - [2024-07-15T15:02:49.936+0000] {dag.py:3096} INFO - Sync 1 DAGs
[2024-07-15T15:02:49.972+0000] {logging_mixin.py:188} INFO - [2024-07-15T15:02:49.972+0000] {dag.py:3954} INFO - Setting next_dagrun for example_branch_labels to 2024-07-14 00:00:00+00:00, run_after=2024-07-15 00:00:00+00:00
[2024-07-15T15:02:50.000+0000] {processor.py:183} INFO - Processing /home/airflow/.local/lib/python3.12/site-packages/airflow/example_dags/example_branch_labels.py took 0.119 seconds
[2024-07-15T15:03:20.250+0000] {processor.py:161} INFO - Started process (PID=350) to work on /home/airflow/.local/lib/python3.12/site-packages/airflow/example_dags/example_branch_labels.py
[2024-07-15T15:03:20.251+0000] {processor.py:830} INFO - Processing file /home/airflow/.local/lib/python3.12/site-packages/airflow/example_dags/example_branch_labels.py for tasks to queue
[2024-07-15T15:03:20.253+0000] {logging_mixin.py:188} INFO - [2024-07-15T15:03:20.253+0000] {dagbag.py:545} INFO - Filling up the DagBag from /home/airflow/.local/lib/python3.12/site-packages/airflow/example_dags/example_branch_labels.py
[2024-07-15T15:03:20.259+0000] {processor.py:840} INFO - DAG(s) 'example_branch_labels' retrieved from /home/airflow/.local/lib/python3.12/site-packages/airflow/example_dags/example_branch_labels.py
[2024-07-15T15:03:20.280+0000] {logging_mixin.py:188} INFO - [2024-07-15T15:03:20.280+0000] {dag.py:3096} INFO - Sync 1 DAGs
[2024-07-15T15:03:20.304+0000] {logging_mixin.py:188} INFO - [2024-07-15T15:03:20.304+0000] {dag.py:3954} INFO - Setting next_dagrun for example_branch_labels to 2024-07-14 00:00:00+00:00, run_after=2024-07-15 00:00:00+00:00
[2024-07-15T15:03:20.326+0000] {processor.py:183} INFO - Processing /home/airflow/.local/lib/python3.12/site-packages/airflow/example_dags/example_branch_labels.py took 0.083 seconds
[2024-07-15T15:03:50.721+0000] {processor.py:161} INFO - Started process (PID=408) to work on /home/airflow/.local/lib/python3.12/site-packages/airflow/example_dags/example_branch_labels.py
[2024-07-15T15:03:50.722+0000] {processor.py:830} INFO - Processing file /home/airflow/.local/lib/python3.12/site-packages/airflow/example_dags/example_branch_labels.py for tasks to queue
[2024-07-15T15:03:50.724+0000] {logging_mixin.py:188} INFO - [2024-07-15T15:03:50.724+0000] {dagbag.py:545} INFO - Filling up the DagBag from /home/airflow/.local/lib/python3.12/site-packages/airflow/example_dags/example_branch_labels.py
[2024-07-15T15:03:50.734+0000] {processor.py:840} INFO - DAG(s) 'example_branch_labels' retrieved from /home/airflow/.local/lib/python3.12/site-packages/airflow/example_dags/example_branch_labels.py
[2024-07-15T15:03:50.779+0000] {logging_mixin.py:188} INFO - [2024-07-15T15:03:50.778+0000] {dag.py:3096} INFO - Sync 1 DAGs
[2024-07-15T15:03:50.809+0000] {logging_mixin.py:188} INFO - [2024-07-15T15:03:50.809+0000] {dag.py:3954} INFO - Setting next_dagrun for example_branch_labels to 2024-07-14 00:00:00+00:00, run_after=2024-07-15 00:00:00+00:00
[2024-07-15T15:03:50.846+0000] {processor.py:183} INFO - Processing /home/airflow/.local/lib/python3.12/site-packages/airflow/example_dags/example_branch_labels.py took 0.131 seconds
[2024-07-15T15:04:21.228+0000] {processor.py:161} INFO - Started process (PID=466) to work on /home/airflow/.local/lib/python3.12/site-packages/airflow/example_dags/example_branch_labels.py
[2024-07-15T15:04:21.229+0000] {processor.py:830} INFO - Processing file /home/airflow/.local/lib/python3.12/site-packages/airflow/example_dags/example_branch_labels.py for tasks to queue
[2024-07-15T15:04:21.231+0000] {logging_mixin.py:188} INFO - [2024-07-15T15:04:21.231+0000] {dagbag.py:545} INFO - Filling up the DagBag from /home/airflow/.local/lib/python3.12/site-packages/airflow/example_dags/example_branch_labels.py
[2024-07-15T15:04:21.240+0000] {processor.py:840} INFO - DAG(s) 'example_branch_labels' retrieved from /home/airflow/.local/lib/python3.12/site-packages/airflow/example_dags/example_branch_labels.py
[2024-07-15T15:04:21.274+0000] {logging_mixin.py:188} INFO - [2024-07-15T15:04:21.273+0000] {dag.py:3096} INFO - Sync 1 DAGs
[2024-07-15T15:04:21.299+0000] {logging_mixin.py:188} INFO - [2024-07-15T15:04:21.299+0000] {dag.py:3954} INFO - Setting next_dagrun for example_branch_labels to 2024-07-14 00:00:00+00:00, run_after=2024-07-15 00:00:00+00:00
[2024-07-15T15:04:21.322+0000] {processor.py:183} INFO - Processing /home/airflow/.local/lib/python3.12/site-packages/airflow/example_dags/example_branch_labels.py took 0.098 seconds
[2024-07-15T15:04:51.809+0000] {processor.py:161} INFO - Started process (PID=524) to work on /home/airflow/.local/lib/python3.12/site-packages/airflow/example_dags/example_branch_labels.py
[2024-07-15T15:04:51.812+0000] {processor.py:830} INFO - Processing file /home/airflow/.local/lib/python3.12/site-packages/airflow/example_dags/example_branch_labels.py for tasks to queue
[2024-07-15T15:04:51.814+0000] {logging_mixin.py:188} INFO - [2024-07-15T15:04:51.814+0000] {dagbag.py:545} INFO - Filling up the DagBag from /home/airflow/.local/lib/python3.12/site-packages/airflow/example_dags/example_branch_labels.py
[2024-07-15T15:04:51.822+0000] {processor.py:840} INFO - DAG(s) 'example_branch_labels' retrieved from /home/airflow/.local/lib/python3.12/site-packages/airflow/example_dags/example_branch_labels.py
[2024-07-15T15:04:51.845+0000] {logging_mixin.py:188} INFO - [2024-07-15T15:04:51.844+0000] {dag.py:3096} INFO - Sync 1 DAGs
[2024-07-15T15:04:51.872+0000] {logging_mixin.py:188} INFO - [2024-07-15T15:04:51.872+0000] {dag.py:3954} INFO - Setting next_dagrun for example_branch_labels to 2024-07-14 00:00:00+00:00, run_after=2024-07-15 00:00:00+00:00
[2024-07-15T15:04:51.896+0000] {processor.py:183} INFO - Processing /home/airflow/.local/lib/python3.12/site-packages/airflow/example_dags/example_branch_labels.py took 0.093 seconds
[2024-07-15T15:05:21.992+0000] {processor.py:161} INFO - Started process (PID=582) to work on /home/airflow/.local/lib/python3.12/site-packages/airflow/example_dags/example_branch_labels.py
[2024-07-15T15:05:21.993+0000] {processor.py:830} INFO - Processing file /home/airflow/.local/lib/python3.12/site-packages/airflow/example_dags/example_branch_labels.py for tasks to queue
[2024-07-15T15:05:21.994+0000] {logging_mixin.py:188} INFO - [2024-07-15T15:05:21.994+0000] {dagbag.py:545} INFO - Filling up the DagBag from /home/airflow/.local/lib/python3.12/site-packages/airflow/example_dags/example_branch_labels.py
[2024-07-15T15:05:22.003+0000] {processor.py:840} INFO - DAG(s) 'example_branch_labels' retrieved from /home/airflow/.local/lib/python3.12/site-packages/airflow/example_dags/example_branch_labels.py
[2024-07-15T15:05:22.025+0000] {logging_mixin.py:188} INFO - [2024-07-15T15:05:22.024+0000] {dag.py:3096} INFO - Sync 1 DAGs
[2024-07-15T15:05:22.049+0000] {logging_mixin.py:188} INFO - [2024-07-15T15:05:22.049+0000] {dag.py:3954} INFO - Setting next_dagrun for example_branch_labels to 2024-07-14 00:00:00+00:00, run_after=2024-07-15 00:00:00+00:00
[2024-07-15T15:05:22.071+0000] {processor.py:183} INFO - Processing /home/airflow/.local/lib/python3.12/site-packages/airflow/example_dags/example_branch_labels.py took 0.085 seconds
[2024-07-15T15:05:52.308+0000] {processor.py:161} INFO - Started process (PID=640) to work on /home/airflow/.local/lib/python3.12/site-packages/airflow/example_dags/example_branch_labels.py
[2024-07-15T15:05:52.310+0000] {processor.py:830} INFO - Processing file /home/airflow/.local/lib/python3.12/site-packages/airflow/example_dags/example_branch_labels.py for tasks to queue
[2024-07-15T15:05:52.312+0000] {logging_mixin.py:188} INFO - [2024-07-15T15:05:52.311+0000] {dagbag.py:545} INFO - Filling up the DagBag from /home/airflow/.local/lib/python3.12/site-packages/airflow/example_dags/example_branch_labels.py
[2024-07-15T15:05:52.320+0000] {processor.py:840} INFO - DAG(s) 'example_branch_labels' retrieved from /home/airflow/.local/lib/python3.12/site-packages/airflow/example_dags/example_branch_labels.py
[2024-07-15T15:05:52.342+0000] {logging_mixin.py:188} INFO - [2024-07-15T15:05:52.342+0000] {dag.py:3096} INFO - Sync 1 DAGs
[2024-07-15T15:05:52.368+0000] {logging_mixin.py:188} INFO - [2024-07-15T15:05:52.367+0000] {dag.py:3954} INFO - Setting next_dagrun for example_branch_labels to 2024-07-14 00:00:00+00:00, run_after=2024-07-15 00:00:00+00:00
[2024-07-15T15:05:52.390+0000] {processor.py:183} INFO - Processing /home/airflow/.local/lib/python3.12/site-packages/airflow/example_dags/example_branch_labels.py took 0.085 seconds
[2024-07-15T15:06:23.129+0000] {processor.py:161} INFO - Started process (PID=698) to work on /home/airflow/.local/lib/python3.12/site-packages/airflow/example_dags/example_branch_labels.py
[2024-07-15T15:06:23.130+0000] {processor.py:830} INFO - Processing file /home/airflow/.local/lib/python3.12/site-packages/airflow/example_dags/example_branch_labels.py for tasks to queue
[2024-07-15T15:06:23.132+0000] {logging_mixin.py:188} INFO - [2024-07-15T15:06:23.132+0000] {dagbag.py:545} INFO - Filling up the DagBag from /home/airflow/.local/lib/python3.12/site-packages/airflow/example_dags/example_branch_labels.py
[2024-07-15T15:06:23.140+0000] {processor.py:840} INFO - DAG(s) 'example_branch_labels' retrieved from /home/airflow/.local/lib/python3.12/site-packages/airflow/example_dags/example_branch_labels.py
[2024-07-15T15:06:23.162+0000] {logging_mixin.py:188} INFO - [2024-07-15T15:06:23.161+0000] {dag.py:3096} INFO - Sync 1 DAGs
[2024-07-15T15:06:23.187+0000] {logging_mixin.py:188} INFO - [2024-07-15T15:06:23.186+0000] {dag.py:3954} INFO - Setting next_dagrun for example_branch_labels to 2024-07-14 00:00:00+00:00, run_after=2024-07-15 00:00:00+00:00
[2024-07-15T15:06:23.209+0000] {processor.py:183} INFO - Processing /home/airflow/.local/lib/python3.12/site-packages/airflow/example_dags/example_branch_labels.py took 0.087 seconds
[2024-07-15T15:06:54.090+0000] {processor.py:161} INFO - Started process (PID=756) to work on /home/airflow/.local/lib/python3.12/site-packages/airflow/example_dags/example_branch_labels.py
[2024-07-15T15:06:54.092+0000] {processor.py:830} INFO - Processing file /home/airflow/.local/lib/python3.12/site-packages/airflow/example_dags/example_branch_labels.py for tasks to queue
[2024-07-15T15:06:54.094+0000] {logging_mixin.py:188} INFO - [2024-07-15T15:06:54.094+0000] {dagbag.py:545} INFO - Filling up the DagBag from /home/airflow/.local/lib/python3.12/site-packages/airflow/example_dags/example_branch_labels.py
[2024-07-15T15:06:54.103+0000] {processor.py:840} INFO - DAG(s) 'example_branch_labels' retrieved from /home/airflow/.local/lib/python3.12/site-packages/airflow/example_dags/example_branch_labels.py
[2024-07-15T15:06:54.125+0000] {logging_mixin.py:188} INFO - [2024-07-15T15:06:54.125+0000] {dag.py:3096} INFO - Sync 1 DAGs
[2024-07-15T15:06:54.166+0000] {logging_mixin.py:188} INFO - [2024-07-15T15:06:54.166+0000] {dag.py:3954} INFO - Setting next_dagrun for example_branch_labels to 2024-07-14 00:00:00+00:00, run_after=2024-07-15 00:00:00+00:00
[2024-07-15T15:06:54.191+0000] {processor.py:183} INFO - Processing /home/airflow/.local/lib/python3.12/site-packages/airflow/example_dags/example_branch_labels.py took 0.106 seconds
[2024-07-15T15:07:25.106+0000] {processor.py:161} INFO - Started process (PID=814) to work on /home/airflow/.local/lib/python3.12/site-packages/airflow/example_dags/example_branch_labels.py
[2024-07-15T15:07:25.116+0000] {processor.py:830} INFO - Processing file /home/airflow/.local/lib/python3.12/site-packages/airflow/example_dags/example_branch_labels.py for tasks to queue
[2024-07-15T15:07:25.118+0000] {logging_mixin.py:188} INFO - [2024-07-15T15:07:25.118+0000] {dagbag.py:545} INFO - Filling up the DagBag from /home/airflow/.local/lib/python3.12/site-packages/airflow/example_dags/example_branch_labels.py
[2024-07-15T15:07:25.157+0000] {processor.py:840} INFO - DAG(s) 'example_branch_labels' retrieved from /home/airflow/.local/lib/python3.12/site-packages/airflow/example_dags/example_branch_labels.py
[2024-07-15T15:07:25.198+0000] {logging_mixin.py:188} INFO - [2024-07-15T15:07:25.197+0000] {dag.py:3096} INFO - Sync 1 DAGs
[2024-07-15T15:07:25.265+0000] {logging_mixin.py:188} INFO - [2024-07-15T15:07:25.265+0000] {dag.py:3954} INFO - Setting next_dagrun for example_branch_labels to 2024-07-14 00:00:00+00:00, run_after=2024-07-15 00:00:00+00:00
[2024-07-15T15:07:25.342+0000] {processor.py:183} INFO - Processing /home/airflow/.local/lib/python3.12/site-packages/airflow/example_dags/example_branch_labels.py took 0.258 seconds
