[2024-07-15T15:00:46.369+0000] {processor.py:161} INFO - Started process (PID=59) to work on /home/airflow/.local/lib/python3.12/site-packages/airflow/example_dags/example_short_circuit_decorator.py
[2024-07-15T15:00:46.370+0000] {processor.py:830} INFO - Processing file /home/airflow/.local/lib/python3.12/site-packages/airflow/example_dags/example_short_circuit_decorator.py for tasks to queue
[2024-07-15T15:00:46.371+0000] {logging_mixin.py:188} INFO - [2024-07-15T15:00:46.371+0000] {dagbag.py:545} INFO - Filling up the DagBag from /home/airflow/.local/lib/python3.12/site-packages/airflow/example_dags/example_short_circuit_decorator.py
[2024-07-15T15:00:46.383+0000] {processor.py:840} INFO - DAG(s) 'example_short_circuit_decorator' retrieved from /home/airflow/.local/lib/python3.12/site-packages/airflow/example_dags/example_short_circuit_decorator.py
[2024-07-15T15:00:46.408+0000] {logging_mixin.py:188} INFO - [2024-07-15T15:00:46.407+0000] {dag.py:3096} INFO - Sync 1 DAGs
[2024-07-15T15:00:46.431+0000] {logging_mixin.py:188} INFO - [2024-07-15T15:00:46.431+0000] {dag.py:3954} INFO - Setting next_dagrun for example_short_circuit_decorator to 2024-07-14 00:00:00+00:00, run_after=2024-07-15 00:00:00+00:00
[2024-07-15T15:00:46.452+0000] {processor.py:183} INFO - Processing /home/airflow/.local/lib/python3.12/site-packages/airflow/example_dags/example_short_circuit_decorator.py took 0.090 seconds
[2024-07-15T15:01:18.062+0000] {processor.py:161} INFO - Started process (PID=116) to work on /home/airflow/.local/lib/python3.12/site-packages/airflow/example_dags/example_short_circuit_decorator.py
[2024-07-15T15:01:18.062+0000] {processor.py:830} INFO - Processing file /home/airflow/.local/lib/python3.12/site-packages/airflow/example_dags/example_short_circuit_decorator.py for tasks to queue
[2024-07-15T15:01:18.064+0000] {logging_mixin.py:188} INFO - [2024-07-15T15:01:18.064+0000] {dagbag.py:545} INFO - Filling up the DagBag from /home/airflow/.local/lib/python3.12/site-packages/airflow/example_dags/example_short_circuit_decorator.py
[2024-07-15T15:01:18.074+0000] {processor.py:840} INFO - DAG(s) 'example_short_circuit_decorator' retrieved from /home/airflow/.local/lib/python3.12/site-packages/airflow/example_dags/example_short_circuit_decorator.py
[2024-07-15T15:01:18.101+0000] {logging_mixin.py:188} INFO - [2024-07-15T15:01:18.100+0000] {dag.py:3096} INFO - Sync 1 DAGs
[2024-07-15T15:01:18.124+0000] {logging_mixin.py:188} INFO - [2024-07-15T15:01:18.124+0000] {dag.py:3954} INFO - Setting next_dagrun for example_short_circuit_decorator to 2024-07-14 00:00:00+00:00, run_after=2024-07-15 00:00:00+00:00
[2024-07-15T15:01:18.153+0000] {processor.py:183} INFO - Processing /home/airflow/.local/lib/python3.12/site-packages/airflow/example_dags/example_short_circuit_decorator.py took 0.097 seconds
[2024-07-15T15:01:48.711+0000] {processor.py:161} INFO - Started process (PID=174) to work on /home/airflow/.local/lib/python3.12/site-packages/airflow/example_dags/example_short_circuit_decorator.py
[2024-07-15T15:01:48.721+0000] {processor.py:830} INFO - Processing file /home/airflow/.local/lib/python3.12/site-packages/airflow/example_dags/example_short_circuit_decorator.py for tasks to queue
[2024-07-15T15:01:48.723+0000] {logging_mixin.py:188} INFO - [2024-07-15T15:01:48.723+0000] {dagbag.py:545} INFO - Filling up the DagBag from /home/airflow/.local/lib/python3.12/site-packages/airflow/example_dags/example_short_circuit_decorator.py
[2024-07-15T15:01:48.747+0000] {processor.py:840} INFO - DAG(s) 'example_short_circuit_decorator' retrieved from /home/airflow/.local/lib/python3.12/site-packages/airflow/example_dags/example_short_circuit_decorator.py
[2024-07-15T15:01:48.801+0000] {logging_mixin.py:188} INFO - [2024-07-15T15:01:48.800+0000] {dag.py:3096} INFO - Sync 1 DAGs
[2024-07-15T15:01:48.845+0000] {logging_mixin.py:188} INFO - [2024-07-15T15:01:48.845+0000] {dag.py:3954} INFO - Setting next_dagrun for example_short_circuit_decorator to 2024-07-14 00:00:00+00:00, run_after=2024-07-15 00:00:00+00:00
[2024-07-15T15:01:48.885+0000] {processor.py:183} INFO - Processing /home/airflow/.local/lib/python3.12/site-packages/airflow/example_dags/example_short_circuit_decorator.py took 0.179 seconds
[2024-07-15T15:02:19.409+0000] {processor.py:161} INFO - Started process (PID=233) to work on /home/airflow/.local/lib/python3.12/site-packages/airflow/example_dags/example_short_circuit_decorator.py
[2024-07-15T15:02:19.417+0000] {processor.py:830} INFO - Processing file /home/airflow/.local/lib/python3.12/site-packages/airflow/example_dags/example_short_circuit_decorator.py for tasks to queue
[2024-07-15T15:02:19.422+0000] {logging_mixin.py:188} INFO - [2024-07-15T15:02:19.422+0000] {dagbag.py:545} INFO - Filling up the DagBag from /home/airflow/.local/lib/python3.12/site-packages/airflow/example_dags/example_short_circuit_decorator.py
[2024-07-15T15:02:19.440+0000] {processor.py:840} INFO - DAG(s) 'example_short_circuit_decorator' retrieved from /home/airflow/.local/lib/python3.12/site-packages/airflow/example_dags/example_short_circuit_decorator.py
[2024-07-15T15:02:19.468+0000] {logging_mixin.py:188} INFO - [2024-07-15T15:02:19.467+0000] {dag.py:3096} INFO - Sync 1 DAGs
[2024-07-15T15:02:19.513+0000] {logging_mixin.py:188} INFO - [2024-07-15T15:02:19.513+0000] {dag.py:3954} INFO - Setting next_dagrun for example_short_circuit_decorator to 2024-07-14 00:00:00+00:00, run_after=2024-07-15 00:00:00+00:00
[2024-07-15T15:02:19.542+0000] {processor.py:183} INFO - Processing /home/airflow/.local/lib/python3.12/site-packages/airflow/example_dags/example_short_circuit_decorator.py took 0.155 seconds
[2024-07-15T15:02:49.828+0000] {processor.py:161} INFO - Started process (PID=290) to work on /home/airflow/.local/lib/python3.12/site-packages/airflow/example_dags/example_short_circuit_decorator.py
[2024-07-15T15:02:49.829+0000] {processor.py:830} INFO - Processing file /home/airflow/.local/lib/python3.12/site-packages/airflow/example_dags/example_short_circuit_decorator.py for tasks to queue
[2024-07-15T15:02:49.831+0000] {logging_mixin.py:188} INFO - [2024-07-15T15:02:49.831+0000] {dagbag.py:545} INFO - Filling up the DagBag from /home/airflow/.local/lib/python3.12/site-packages/airflow/example_dags/example_short_circuit_decorator.py
[2024-07-15T15:02:49.840+0000] {processor.py:840} INFO - DAG(s) 'example_short_circuit_decorator' retrieved from /home/airflow/.local/lib/python3.12/site-packages/airflow/example_dags/example_short_circuit_decorator.py
[2024-07-15T15:02:49.863+0000] {logging_mixin.py:188} INFO - [2024-07-15T15:02:49.862+0000] {dag.py:3096} INFO - Sync 1 DAGs
[2024-07-15T15:02:49.885+0000] {logging_mixin.py:188} INFO - [2024-07-15T15:02:49.885+0000] {dag.py:3954} INFO - Setting next_dagrun for example_short_circuit_decorator to 2024-07-14 00:00:00+00:00, run_after=2024-07-15 00:00:00+00:00
[2024-07-15T15:02:49.940+0000] {processor.py:183} INFO - Processing /home/airflow/.local/lib/python3.12/site-packages/airflow/example_dags/example_short_circuit_decorator.py took 0.118 seconds
[2024-07-15T15:03:20.187+0000] {processor.py:161} INFO - Started process (PID=349) to work on /home/airflow/.local/lib/python3.12/site-packages/airflow/example_dags/example_short_circuit_decorator.py
[2024-07-15T15:03:20.187+0000] {processor.py:830} INFO - Processing file /home/airflow/.local/lib/python3.12/site-packages/airflow/example_dags/example_short_circuit_decorator.py for tasks to queue
[2024-07-15T15:03:20.189+0000] {logging_mixin.py:188} INFO - [2024-07-15T15:03:20.189+0000] {dagbag.py:545} INFO - Filling up the DagBag from /home/airflow/.local/lib/python3.12/site-packages/airflow/example_dags/example_short_circuit_decorator.py
[2024-07-15T15:03:20.198+0000] {processor.py:840} INFO - DAG(s) 'example_short_circuit_decorator' retrieved from /home/airflow/.local/lib/python3.12/site-packages/airflow/example_dags/example_short_circuit_decorator.py
[2024-07-15T15:03:20.222+0000] {logging_mixin.py:188} INFO - [2024-07-15T15:03:20.221+0000] {dag.py:3096} INFO - Sync 1 DAGs
[2024-07-15T15:03:20.243+0000] {logging_mixin.py:188} INFO - [2024-07-15T15:03:20.242+0000] {dag.py:3954} INFO - Setting next_dagrun for example_short_circuit_decorator to 2024-07-14 00:00:00+00:00, run_after=2024-07-15 00:00:00+00:00
[2024-07-15T15:03:20.267+0000] {processor.py:183} INFO - Processing /home/airflow/.local/lib/python3.12/site-packages/airflow/example_dags/example_short_circuit_decorator.py took 0.087 seconds
[2024-07-15T15:03:50.662+0000] {processor.py:161} INFO - Started process (PID=407) to work on /home/airflow/.local/lib/python3.12/site-packages/airflow/example_dags/example_short_circuit_decorator.py
[2024-07-15T15:03:50.666+0000] {processor.py:830} INFO - Processing file /home/airflow/.local/lib/python3.12/site-packages/airflow/example_dags/example_short_circuit_decorator.py for tasks to queue
[2024-07-15T15:03:50.668+0000] {logging_mixin.py:188} INFO - [2024-07-15T15:03:50.668+0000] {dagbag.py:545} INFO - Filling up the DagBag from /home/airflow/.local/lib/python3.12/site-packages/airflow/example_dags/example_short_circuit_decorator.py
[2024-07-15T15:03:50.681+0000] {processor.py:840} INFO - DAG(s) 'example_short_circuit_decorator' retrieved from /home/airflow/.local/lib/python3.12/site-packages/airflow/example_dags/example_short_circuit_decorator.py
[2024-07-15T15:03:50.741+0000] {logging_mixin.py:188} INFO - [2024-07-15T15:03:50.740+0000] {dag.py:3096} INFO - Sync 1 DAGs
[2024-07-15T15:03:50.786+0000] {logging_mixin.py:188} INFO - [2024-07-15T15:03:50.786+0000] {dag.py:3954} INFO - Setting next_dagrun for example_short_circuit_decorator to 2024-07-14 00:00:00+00:00, run_after=2024-07-15 00:00:00+00:00
[2024-07-15T15:03:50.842+0000] {processor.py:183} INFO - Processing /home/airflow/.local/lib/python3.12/site-packages/airflow/example_dags/example_short_circuit_decorator.py took 0.186 seconds
[2024-07-15T15:04:21.157+0000] {processor.py:161} INFO - Started process (PID=465) to work on /home/airflow/.local/lib/python3.12/site-packages/airflow/example_dags/example_short_circuit_decorator.py
[2024-07-15T15:04:21.158+0000] {processor.py:830} INFO - Processing file /home/airflow/.local/lib/python3.12/site-packages/airflow/example_dags/example_short_circuit_decorator.py for tasks to queue
[2024-07-15T15:04:21.159+0000] {logging_mixin.py:188} INFO - [2024-07-15T15:04:21.159+0000] {dagbag.py:545} INFO - Filling up the DagBag from /home/airflow/.local/lib/python3.12/site-packages/airflow/example_dags/example_short_circuit_decorator.py
[2024-07-15T15:04:21.169+0000] {processor.py:840} INFO - DAG(s) 'example_short_circuit_decorator' retrieved from /home/airflow/.local/lib/python3.12/site-packages/airflow/example_dags/example_short_circuit_decorator.py
[2024-07-15T15:04:21.190+0000] {logging_mixin.py:188} INFO - [2024-07-15T15:04:21.190+0000] {dag.py:3096} INFO - Sync 1 DAGs
[2024-07-15T15:04:21.211+0000] {logging_mixin.py:188} INFO - [2024-07-15T15:04:21.211+0000] {dag.py:3954} INFO - Setting next_dagrun for example_short_circuit_decorator to 2024-07-14 00:00:00+00:00, run_after=2024-07-15 00:00:00+00:00
[2024-07-15T15:04:21.234+0000] {processor.py:183} INFO - Processing /home/airflow/.local/lib/python3.12/site-packages/airflow/example_dags/example_short_circuit_decorator.py took 0.082 seconds
[2024-07-15T15:04:51.692+0000] {processor.py:161} INFO - Started process (PID=523) to work on /home/airflow/.local/lib/python3.12/site-packages/airflow/example_dags/example_short_circuit_decorator.py
[2024-07-15T15:04:51.692+0000] {processor.py:830} INFO - Processing file /home/airflow/.local/lib/python3.12/site-packages/airflow/example_dags/example_short_circuit_decorator.py for tasks to queue
[2024-07-15T15:04:51.695+0000] {logging_mixin.py:188} INFO - [2024-07-15T15:04:51.694+0000] {dagbag.py:545} INFO - Filling up the DagBag from /home/airflow/.local/lib/python3.12/site-packages/airflow/example_dags/example_short_circuit_decorator.py
[2024-07-15T15:04:51.713+0000] {processor.py:840} INFO - DAG(s) 'example_short_circuit_decorator' retrieved from /home/airflow/.local/lib/python3.12/site-packages/airflow/example_dags/example_short_circuit_decorator.py
[2024-07-15T15:04:51.754+0000] {logging_mixin.py:188} INFO - [2024-07-15T15:04:51.754+0000] {dag.py:3096} INFO - Sync 1 DAGs
[2024-07-15T15:04:51.784+0000] {logging_mixin.py:188} INFO - [2024-07-15T15:04:51.784+0000] {dag.py:3954} INFO - Setting next_dagrun for example_short_circuit_decorator to 2024-07-14 00:00:00+00:00, run_after=2024-07-15 00:00:00+00:00
[2024-07-15T15:04:51.814+0000] {processor.py:183} INFO - Processing /home/airflow/.local/lib/python3.12/site-packages/airflow/example_dags/example_short_circuit_decorator.py took 0.141 seconds
[2024-07-15T15:05:21.912+0000] {processor.py:161} INFO - Started process (PID=581) to work on /home/airflow/.local/lib/python3.12/site-packages/airflow/example_dags/example_short_circuit_decorator.py
[2024-07-15T15:05:21.913+0000] {processor.py:830} INFO - Processing file /home/airflow/.local/lib/python3.12/site-packages/airflow/example_dags/example_short_circuit_decorator.py for tasks to queue
[2024-07-15T15:05:21.915+0000] {logging_mixin.py:188} INFO - [2024-07-15T15:05:21.914+0000] {dagbag.py:545} INFO - Filling up the DagBag from /home/airflow/.local/lib/python3.12/site-packages/airflow/example_dags/example_short_circuit_decorator.py
[2024-07-15T15:05:21.924+0000] {processor.py:840} INFO - DAG(s) 'example_short_circuit_decorator' retrieved from /home/airflow/.local/lib/python3.12/site-packages/airflow/example_dags/example_short_circuit_decorator.py
[2024-07-15T15:05:21.949+0000] {logging_mixin.py:188} INFO - [2024-07-15T15:05:21.949+0000] {dag.py:3096} INFO - Sync 1 DAGs
[2024-07-15T15:05:21.970+0000] {logging_mixin.py:188} INFO - [2024-07-15T15:05:21.970+0000] {dag.py:3954} INFO - Setting next_dagrun for example_short_circuit_decorator to 2024-07-14 00:00:00+00:00, run_after=2024-07-15 00:00:00+00:00
[2024-07-15T15:05:21.993+0000] {processor.py:183} INFO - Processing /home/airflow/.local/lib/python3.12/site-packages/airflow/example_dags/example_short_circuit_decorator.py took 0.087 seconds
[2024-07-15T15:05:52.238+0000] {processor.py:161} INFO - Started process (PID=639) to work on /home/airflow/.local/lib/python3.12/site-packages/airflow/example_dags/example_short_circuit_decorator.py
[2024-07-15T15:05:52.239+0000] {processor.py:830} INFO - Processing file /home/airflow/.local/lib/python3.12/site-packages/airflow/example_dags/example_short_circuit_decorator.py for tasks to queue
[2024-07-15T15:05:52.241+0000] {logging_mixin.py:188} INFO - [2024-07-15T15:05:52.240+0000] {dagbag.py:545} INFO - Filling up the DagBag from /home/airflow/.local/lib/python3.12/site-packages/airflow/example_dags/example_short_circuit_decorator.py
[2024-07-15T15:05:52.250+0000] {processor.py:840} INFO - DAG(s) 'example_short_circuit_decorator' retrieved from /home/airflow/.local/lib/python3.12/site-packages/airflow/example_dags/example_short_circuit_decorator.py
[2024-07-15T15:05:52.273+0000] {logging_mixin.py:188} INFO - [2024-07-15T15:05:52.272+0000] {dag.py:3096} INFO - Sync 1 DAGs
[2024-07-15T15:05:52.295+0000] {logging_mixin.py:188} INFO - [2024-07-15T15:05:52.294+0000] {dag.py:3954} INFO - Setting next_dagrun for example_short_circuit_decorator to 2024-07-14 00:00:00+00:00, run_after=2024-07-15 00:00:00+00:00
[2024-07-15T15:05:52.317+0000] {processor.py:183} INFO - Processing /home/airflow/.local/lib/python3.12/site-packages/airflow/example_dags/example_short_circuit_decorator.py took 0.085 seconds
[2024-07-15T15:06:22.994+0000] {processor.py:161} INFO - Started process (PID=697) to work on /home/airflow/.local/lib/python3.12/site-packages/airflow/example_dags/example_short_circuit_decorator.py
[2024-07-15T15:06:22.995+0000] {processor.py:830} INFO - Processing file /home/airflow/.local/lib/python3.12/site-packages/airflow/example_dags/example_short_circuit_decorator.py for tasks to queue
[2024-07-15T15:06:22.997+0000] {logging_mixin.py:188} INFO - [2024-07-15T15:06:22.996+0000] {dagbag.py:545} INFO - Filling up the DagBag from /home/airflow/.local/lib/python3.12/site-packages/airflow/example_dags/example_short_circuit_decorator.py
[2024-07-15T15:06:23.006+0000] {processor.py:840} INFO - DAG(s) 'example_short_circuit_decorator' retrieved from /home/airflow/.local/lib/python3.12/site-packages/airflow/example_dags/example_short_circuit_decorator.py
[2024-07-15T15:06:23.050+0000] {logging_mixin.py:188} INFO - [2024-07-15T15:06:23.050+0000] {dag.py:3096} INFO - Sync 1 DAGs
[2024-07-15T15:06:23.073+0000] {logging_mixin.py:188} INFO - [2024-07-15T15:06:23.073+0000] {dag.py:3954} INFO - Setting next_dagrun for example_short_circuit_decorator to 2024-07-14 00:00:00+00:00, run_after=2024-07-15 00:00:00+00:00
[2024-07-15T15:06:23.100+0000] {processor.py:183} INFO - Processing /home/airflow/.local/lib/python3.12/site-packages/airflow/example_dags/example_short_circuit_decorator.py took 0.111 seconds
[2024-07-15T15:06:53.956+0000] {processor.py:161} INFO - Started process (PID=755) to work on /home/airflow/.local/lib/python3.12/site-packages/airflow/example_dags/example_short_circuit_decorator.py
[2024-07-15T15:06:53.957+0000] {processor.py:830} INFO - Processing file /home/airflow/.local/lib/python3.12/site-packages/airflow/example_dags/example_short_circuit_decorator.py for tasks to queue
[2024-07-15T15:06:53.959+0000] {logging_mixin.py:188} INFO - [2024-07-15T15:06:53.959+0000] {dagbag.py:545} INFO - Filling up the DagBag from /home/airflow/.local/lib/python3.12/site-packages/airflow/example_dags/example_short_circuit_decorator.py
[2024-07-15T15:06:53.968+0000] {processor.py:840} INFO - DAG(s) 'example_short_circuit_decorator' retrieved from /home/airflow/.local/lib/python3.12/site-packages/airflow/example_dags/example_short_circuit_decorator.py
[2024-07-15T15:06:54.010+0000] {logging_mixin.py:188} INFO - [2024-07-15T15:06:54.009+0000] {dag.py:3096} INFO - Sync 1 DAGs
[2024-07-15T15:06:54.054+0000] {logging_mixin.py:188} INFO - [2024-07-15T15:06:54.054+0000] {dag.py:3954} INFO - Setting next_dagrun for example_short_circuit_decorator to 2024-07-14 00:00:00+00:00, run_after=2024-07-15 00:00:00+00:00
[2024-07-15T15:06:54.086+0000] {processor.py:183} INFO - Processing /home/airflow/.local/lib/python3.12/site-packages/airflow/example_dags/example_short_circuit_decorator.py took 0.153 seconds
[2024-07-15T15:07:24.928+0000] {processor.py:161} INFO - Started process (PID=813) to work on /home/airflow/.local/lib/python3.12/site-packages/airflow/example_dags/example_short_circuit_decorator.py
[2024-07-15T15:07:24.941+0000] {processor.py:830} INFO - Processing file /home/airflow/.local/lib/python3.12/site-packages/airflow/example_dags/example_short_circuit_decorator.py for tasks to queue
[2024-07-15T15:07:24.949+0000] {logging_mixin.py:188} INFO - [2024-07-15T15:07:24.943+0000] {dagbag.py:545} INFO - Filling up the DagBag from /home/airflow/.local/lib/python3.12/site-packages/airflow/example_dags/example_short_circuit_decorator.py
[2024-07-15T15:07:24.997+0000] {processor.py:840} INFO - DAG(s) 'example_short_circuit_decorator' retrieved from /home/airflow/.local/lib/python3.12/site-packages/airflow/example_dags/example_short_circuit_decorator.py
[2024-07-15T15:07:25.065+0000] {logging_mixin.py:188} INFO - [2024-07-15T15:07:25.064+0000] {dag.py:3096} INFO - Sync 1 DAGs
[2024-07-15T15:07:25.139+0000] {logging_mixin.py:188} INFO - [2024-07-15T15:07:25.139+0000] {dag.py:3954} INFO - Setting next_dagrun for example_short_circuit_decorator to 2024-07-14 00:00:00+00:00, run_after=2024-07-15 00:00:00+00:00
[2024-07-15T15:07:25.207+0000] {processor.py:183} INFO - Processing /home/airflow/.local/lib/python3.12/site-packages/airflow/example_dags/example_short_circuit_decorator.py took 0.301 seconds
