[2024-07-15T15:00:41.694+0000] {processor.py:161} INFO - Started process (PID=36) to work on /home/airflow/.local/lib/python3.12/site-packages/airflow/example_dags/example_external_task_marker_dag.py
[2024-07-15T15:00:41.695+0000] {processor.py:830} INFO - Processing file /home/airflow/.local/lib/python3.12/site-packages/airflow/example_dags/example_external_task_marker_dag.py for tasks to queue
[2024-07-15T15:00:41.698+0000] {logging_mixin.py:188} INFO - [2024-07-15T15:00:41.697+0000] {dagbag.py:545} INFO - Filling up the DagBag from /home/airflow/.local/lib/python3.12/site-packages/airflow/example_dags/example_external_task_marker_dag.py
[2024-07-15T15:00:41.728+0000] {processor.py:840} INFO - DAG(s) 'example_external_task_marker_child', 'example_external_task_marker_parent' retrieved from /home/airflow/.local/lib/python3.12/site-packages/airflow/example_dags/example_external_task_marker_dag.py
[2024-07-15T15:00:41.812+0000] {logging_mixin.py:188} INFO - [2024-07-15T15:00:41.811+0000] {dag.py:3096} INFO - Sync 2 DAGs
[2024-07-15T15:00:41.864+0000] {logging_mixin.py:188} INFO - [2024-07-15T15:00:41.864+0000] {dag.py:3954} INFO - Setting next_dagrun for example_external_task_marker_child to None, run_after=None
[2024-07-15T15:00:41.877+0000] {logging_mixin.py:188} INFO - [2024-07-15T15:00:41.877+0000] {dag.py:3954} INFO - Setting next_dagrun for example_external_task_marker_parent to None, run_after=None
[2024-07-15T15:00:41.928+0000] {processor.py:183} INFO - Processing /home/airflow/.local/lib/python3.12/site-packages/airflow/example_dags/example_external_task_marker_dag.py took 0.242 seconds
[2024-07-15T15:01:12.004+0000] {processor.py:161} INFO - Started process (PID=93) to work on /home/airflow/.local/lib/python3.12/site-packages/airflow/example_dags/example_external_task_marker_dag.py
[2024-07-15T15:01:12.005+0000] {processor.py:830} INFO - Processing file /home/airflow/.local/lib/python3.12/site-packages/airflow/example_dags/example_external_task_marker_dag.py for tasks to queue
[2024-07-15T15:01:12.007+0000] {logging_mixin.py:188} INFO - [2024-07-15T15:01:12.006+0000] {dagbag.py:545} INFO - Filling up the DagBag from /home/airflow/.local/lib/python3.12/site-packages/airflow/example_dags/example_external_task_marker_dag.py
[2024-07-15T15:01:12.014+0000] {processor.py:840} INFO - DAG(s) 'example_external_task_marker_child', 'example_external_task_marker_parent' retrieved from /home/airflow/.local/lib/python3.12/site-packages/airflow/example_dags/example_external_task_marker_dag.py
[2024-07-15T15:01:12.040+0000] {logging_mixin.py:188} INFO - [2024-07-15T15:01:12.039+0000] {dag.py:3096} INFO - Sync 2 DAGs
[2024-07-15T15:01:12.055+0000] {logging_mixin.py:188} INFO - [2024-07-15T15:01:12.055+0000] {dag.py:3954} INFO - Setting next_dagrun for example_external_task_marker_child to None, run_after=None
[2024-07-15T15:01:12.058+0000] {logging_mixin.py:188} INFO - [2024-07-15T15:01:12.058+0000] {dag.py:3954} INFO - Setting next_dagrun for example_external_task_marker_parent to None, run_after=None
[2024-07-15T15:01:12.077+0000] {processor.py:183} INFO - Processing /home/airflow/.local/lib/python3.12/site-packages/airflow/example_dags/example_external_task_marker_dag.py took 0.080 seconds
[2024-07-15T15:01:42.897+0000] {processor.py:161} INFO - Started process (PID=151) to work on /home/airflow/.local/lib/python3.12/site-packages/airflow/example_dags/example_external_task_marker_dag.py
[2024-07-15T15:01:42.897+0000] {processor.py:830} INFO - Processing file /home/airflow/.local/lib/python3.12/site-packages/airflow/example_dags/example_external_task_marker_dag.py for tasks to queue
[2024-07-15T15:01:42.899+0000] {logging_mixin.py:188} INFO - [2024-07-15T15:01:42.898+0000] {dagbag.py:545} INFO - Filling up the DagBag from /home/airflow/.local/lib/python3.12/site-packages/airflow/example_dags/example_external_task_marker_dag.py
[2024-07-15T15:01:42.903+0000] {processor.py:840} INFO - DAG(s) 'example_external_task_marker_child', 'example_external_task_marker_parent' retrieved from /home/airflow/.local/lib/python3.12/site-packages/airflow/example_dags/example_external_task_marker_dag.py
[2024-07-15T15:01:42.920+0000] {logging_mixin.py:188} INFO - [2024-07-15T15:01:42.919+0000] {dag.py:3096} INFO - Sync 2 DAGs
[2024-07-15T15:01:42.930+0000] {logging_mixin.py:188} INFO - [2024-07-15T15:01:42.930+0000] {dag.py:3954} INFO - Setting next_dagrun for example_external_task_marker_child to None, run_after=None
[2024-07-15T15:01:42.933+0000] {logging_mixin.py:188} INFO - [2024-07-15T15:01:42.933+0000] {dag.py:3954} INFO - Setting next_dagrun for example_external_task_marker_parent to None, run_after=None
[2024-07-15T15:01:42.952+0000] {processor.py:183} INFO - Processing /home/airflow/.local/lib/python3.12/site-packages/airflow/example_dags/example_external_task_marker_dag.py took 0.061 seconds
[2024-07-15T15:02:13.944+0000] {processor.py:161} INFO - Started process (PID=210) to work on /home/airflow/.local/lib/python3.12/site-packages/airflow/example_dags/example_external_task_marker_dag.py
[2024-07-15T15:02:13.945+0000] {processor.py:830} INFO - Processing file /home/airflow/.local/lib/python3.12/site-packages/airflow/example_dags/example_external_task_marker_dag.py for tasks to queue
[2024-07-15T15:02:13.947+0000] {logging_mixin.py:188} INFO - [2024-07-15T15:02:13.946+0000] {dagbag.py:545} INFO - Filling up the DagBag from /home/airflow/.local/lib/python3.12/site-packages/airflow/example_dags/example_external_task_marker_dag.py
[2024-07-15T15:02:13.953+0000] {processor.py:840} INFO - DAG(s) 'example_external_task_marker_parent', 'example_external_task_marker_child' retrieved from /home/airflow/.local/lib/python3.12/site-packages/airflow/example_dags/example_external_task_marker_dag.py
[2024-07-15T15:02:13.984+0000] {logging_mixin.py:188} INFO - [2024-07-15T15:02:13.984+0000] {dag.py:3096} INFO - Sync 2 DAGs
[2024-07-15T15:02:13.999+0000] {logging_mixin.py:188} INFO - [2024-07-15T15:02:13.998+0000] {dag.py:3954} INFO - Setting next_dagrun for example_external_task_marker_child to None, run_after=None
[2024-07-15T15:02:14.003+0000] {logging_mixin.py:188} INFO - [2024-07-15T15:02:14.002+0000] {dag.py:3954} INFO - Setting next_dagrun for example_external_task_marker_parent to None, run_after=None
[2024-07-15T15:02:14.021+0000] {processor.py:183} INFO - Processing /home/airflow/.local/lib/python3.12/site-packages/airflow/example_dags/example_external_task_marker_dag.py took 0.083 seconds
[2024-07-15T15:02:44.515+0000] {processor.py:161} INFO - Started process (PID=267) to work on /home/airflow/.local/lib/python3.12/site-packages/airflow/example_dags/example_external_task_marker_dag.py
[2024-07-15T15:02:44.515+0000] {processor.py:830} INFO - Processing file /home/airflow/.local/lib/python3.12/site-packages/airflow/example_dags/example_external_task_marker_dag.py for tasks to queue
[2024-07-15T15:02:44.517+0000] {logging_mixin.py:188} INFO - [2024-07-15T15:02:44.517+0000] {dagbag.py:545} INFO - Filling up the DagBag from /home/airflow/.local/lib/python3.12/site-packages/airflow/example_dags/example_external_task_marker_dag.py
[2024-07-15T15:02:44.524+0000] {processor.py:840} INFO - DAG(s) 'example_external_task_marker_parent', 'example_external_task_marker_child' retrieved from /home/airflow/.local/lib/python3.12/site-packages/airflow/example_dags/example_external_task_marker_dag.py
[2024-07-15T15:02:44.549+0000] {logging_mixin.py:188} INFO - [2024-07-15T15:02:44.548+0000] {dag.py:3096} INFO - Sync 2 DAGs
[2024-07-15T15:02:44.568+0000] {logging_mixin.py:188} INFO - [2024-07-15T15:02:44.567+0000] {dag.py:3954} INFO - Setting next_dagrun for example_external_task_marker_child to None, run_after=None
[2024-07-15T15:02:44.571+0000] {logging_mixin.py:188} INFO - [2024-07-15T15:02:44.571+0000] {dag.py:3954} INFO - Setting next_dagrun for example_external_task_marker_parent to None, run_after=None
[2024-07-15T15:02:44.593+0000] {processor.py:183} INFO - Processing /home/airflow/.local/lib/python3.12/site-packages/airflow/example_dags/example_external_task_marker_dag.py took 0.087 seconds
[2024-07-15T15:03:14.770+0000] {processor.py:161} INFO - Started process (PID=326) to work on /home/airflow/.local/lib/python3.12/site-packages/airflow/example_dags/example_external_task_marker_dag.py
[2024-07-15T15:03:14.771+0000] {processor.py:830} INFO - Processing file /home/airflow/.local/lib/python3.12/site-packages/airflow/example_dags/example_external_task_marker_dag.py for tasks to queue
[2024-07-15T15:03:14.773+0000] {logging_mixin.py:188} INFO - [2024-07-15T15:03:14.772+0000] {dagbag.py:545} INFO - Filling up the DagBag from /home/airflow/.local/lib/python3.12/site-packages/airflow/example_dags/example_external_task_marker_dag.py
[2024-07-15T15:03:14.778+0000] {processor.py:840} INFO - DAG(s) 'example_external_task_marker_child', 'example_external_task_marker_parent' retrieved from /home/airflow/.local/lib/python3.12/site-packages/airflow/example_dags/example_external_task_marker_dag.py
[2024-07-15T15:03:14.803+0000] {logging_mixin.py:188} INFO - [2024-07-15T15:03:14.802+0000] {dag.py:3096} INFO - Sync 2 DAGs
[2024-07-15T15:03:14.819+0000] {logging_mixin.py:188} INFO - [2024-07-15T15:03:14.819+0000] {dag.py:3954} INFO - Setting next_dagrun for example_external_task_marker_child to None, run_after=None
[2024-07-15T15:03:14.823+0000] {logging_mixin.py:188} INFO - [2024-07-15T15:03:14.822+0000] {dag.py:3954} INFO - Setting next_dagrun for example_external_task_marker_parent to None, run_after=None
[2024-07-15T15:03:14.842+0000] {processor.py:183} INFO - Processing /home/airflow/.local/lib/python3.12/site-packages/airflow/example_dags/example_external_task_marker_dag.py took 0.077 seconds
[2024-07-15T15:03:45.145+0000] {processor.py:161} INFO - Started process (PID=384) to work on /home/airflow/.local/lib/python3.12/site-packages/airflow/example_dags/example_external_task_marker_dag.py
[2024-07-15T15:03:45.146+0000] {processor.py:830} INFO - Processing file /home/airflow/.local/lib/python3.12/site-packages/airflow/example_dags/example_external_task_marker_dag.py for tasks to queue
[2024-07-15T15:03:45.147+0000] {logging_mixin.py:188} INFO - [2024-07-15T15:03:45.147+0000] {dagbag.py:545} INFO - Filling up the DagBag from /home/airflow/.local/lib/python3.12/site-packages/airflow/example_dags/example_external_task_marker_dag.py
[2024-07-15T15:03:45.151+0000] {processor.py:840} INFO - DAG(s) 'example_external_task_marker_child', 'example_external_task_marker_parent' retrieved from /home/airflow/.local/lib/python3.12/site-packages/airflow/example_dags/example_external_task_marker_dag.py
[2024-07-15T15:03:45.169+0000] {logging_mixin.py:188} INFO - [2024-07-15T15:03:45.169+0000] {dag.py:3096} INFO - Sync 2 DAGs
[2024-07-15T15:03:45.178+0000] {logging_mixin.py:188} INFO - [2024-07-15T15:03:45.178+0000] {dag.py:3954} INFO - Setting next_dagrun for example_external_task_marker_child to None, run_after=None
[2024-07-15T15:03:45.181+0000] {logging_mixin.py:188} INFO - [2024-07-15T15:03:45.181+0000] {dag.py:3954} INFO - Setting next_dagrun for example_external_task_marker_parent to None, run_after=None
[2024-07-15T15:03:45.198+0000] {processor.py:183} INFO - Processing /home/airflow/.local/lib/python3.12/site-packages/airflow/example_dags/example_external_task_marker_dag.py took 0.057 seconds
[2024-07-15T15:04:15.588+0000] {processor.py:161} INFO - Started process (PID=442) to work on /home/airflow/.local/lib/python3.12/site-packages/airflow/example_dags/example_external_task_marker_dag.py
[2024-07-15T15:04:15.589+0000] {processor.py:830} INFO - Processing file /home/airflow/.local/lib/python3.12/site-packages/airflow/example_dags/example_external_task_marker_dag.py for tasks to queue
[2024-07-15T15:04:15.590+0000] {logging_mixin.py:188} INFO - [2024-07-15T15:04:15.590+0000] {dagbag.py:545} INFO - Filling up the DagBag from /home/airflow/.local/lib/python3.12/site-packages/airflow/example_dags/example_external_task_marker_dag.py
[2024-07-15T15:04:15.596+0000] {processor.py:840} INFO - DAG(s) 'example_external_task_marker_parent', 'example_external_task_marker_child' retrieved from /home/airflow/.local/lib/python3.12/site-packages/airflow/example_dags/example_external_task_marker_dag.py
[2024-07-15T15:04:15.622+0000] {logging_mixin.py:188} INFO - [2024-07-15T15:04:15.621+0000] {dag.py:3096} INFO - Sync 2 DAGs
[2024-07-15T15:04:15.636+0000] {logging_mixin.py:188} INFO - [2024-07-15T15:04:15.636+0000] {dag.py:3954} INFO - Setting next_dagrun for example_external_task_marker_child to None, run_after=None
[2024-07-15T15:04:15.640+0000] {logging_mixin.py:188} INFO - [2024-07-15T15:04:15.640+0000] {dag.py:3954} INFO - Setting next_dagrun for example_external_task_marker_parent to None, run_after=None
[2024-07-15T15:04:15.660+0000] {processor.py:183} INFO - Processing /home/airflow/.local/lib/python3.12/site-packages/airflow/example_dags/example_external_task_marker_dag.py took 0.078 seconds
[2024-07-15T15:04:46.042+0000] {processor.py:161} INFO - Started process (PID=500) to work on /home/airflow/.local/lib/python3.12/site-packages/airflow/example_dags/example_external_task_marker_dag.py
[2024-07-15T15:04:46.043+0000] {processor.py:830} INFO - Processing file /home/airflow/.local/lib/python3.12/site-packages/airflow/example_dags/example_external_task_marker_dag.py for tasks to queue
[2024-07-15T15:04:46.044+0000] {logging_mixin.py:188} INFO - [2024-07-15T15:04:46.044+0000] {dagbag.py:545} INFO - Filling up the DagBag from /home/airflow/.local/lib/python3.12/site-packages/airflow/example_dags/example_external_task_marker_dag.py
[2024-07-15T15:04:46.049+0000] {processor.py:840} INFO - DAG(s) 'example_external_task_marker_child', 'example_external_task_marker_parent' retrieved from /home/airflow/.local/lib/python3.12/site-packages/airflow/example_dags/example_external_task_marker_dag.py
[2024-07-15T15:04:46.069+0000] {logging_mixin.py:188} INFO - [2024-07-15T15:04:46.069+0000] {dag.py:3096} INFO - Sync 2 DAGs
[2024-07-15T15:04:46.081+0000] {logging_mixin.py:188} INFO - [2024-07-15T15:04:46.081+0000] {dag.py:3954} INFO - Setting next_dagrun for example_external_task_marker_child to None, run_after=None
[2024-07-15T15:04:46.084+0000] {logging_mixin.py:188} INFO - [2024-07-15T15:04:46.084+0000] {dag.py:3954} INFO - Setting next_dagrun for example_external_task_marker_parent to None, run_after=None
[2024-07-15T15:04:46.101+0000] {processor.py:183} INFO - Processing /home/airflow/.local/lib/python3.12/site-packages/airflow/example_dags/example_external_task_marker_dag.py took 0.063 seconds
