[2024-07-15T15:00:44.789+0000] {processor.py:161} INFO - Started process (PID=50) to work on /home/airflow/.local/lib/python3.12/site-packages/airflow/example_dags/example_branch_python_dop_operator_3.py
[2024-07-15T15:00:44.790+0000] {processor.py:830} INFO - Processing file /home/airflow/.local/lib/python3.12/site-packages/airflow/example_dags/example_branch_python_dop_operator_3.py for tasks to queue
[2024-07-15T15:00:44.791+0000] {logging_mixin.py:188} INFO - [2024-07-15T15:00:44.791+0000] {dagbag.py:545} INFO - Filling up the DagBag from /home/airflow/.local/lib/python3.12/site-packages/airflow/example_dags/example_branch_python_dop_operator_3.py
[2024-07-15T15:00:44.805+0000] {processor.py:840} INFO - DAG(s) 'example_branch_dop_operator_v3' retrieved from /home/airflow/.local/lib/python3.12/site-packages/airflow/example_dags/example_branch_python_dop_operator_3.py
[2024-07-15T15:00:44.853+0000] {logging_mixin.py:188} INFO - [2024-07-15T15:00:44.848+0000] {dag.py:3096} INFO - Sync 1 DAGs
[2024-07-15T15:00:44.927+0000] {logging_mixin.py:188} INFO - [2024-07-15T15:00:44.926+0000] {dag.py:3954} INFO - Setting next_dagrun for example_branch_dop_operator_v3 to 2024-07-15 14:59:00+00:00, run_after=2024-07-15 15:00:00+00:00
[2024-07-15T15:00:44.991+0000] {processor.py:183} INFO - Processing /home/airflow/.local/lib/python3.12/site-packages/airflow/example_dags/example_branch_python_dop_operator_3.py took 0.233 seconds
[2024-07-15T15:01:15.310+0000] {processor.py:161} INFO - Started process (PID=107) to work on /home/airflow/.local/lib/python3.12/site-packages/airflow/example_dags/example_branch_python_dop_operator_3.py
[2024-07-15T15:01:15.312+0000] {processor.py:830} INFO - Processing file /home/airflow/.local/lib/python3.12/site-packages/airflow/example_dags/example_branch_python_dop_operator_3.py for tasks to queue
[2024-07-15T15:01:15.314+0000] {logging_mixin.py:188} INFO - [2024-07-15T15:01:15.314+0000] {dagbag.py:545} INFO - Filling up the DagBag from /home/airflow/.local/lib/python3.12/site-packages/airflow/example_dags/example_branch_python_dop_operator_3.py
[2024-07-15T15:01:15.342+0000] {processor.py:840} INFO - DAG(s) 'example_branch_dop_operator_v3' retrieved from /home/airflow/.local/lib/python3.12/site-packages/airflow/example_dags/example_branch_python_dop_operator_3.py
[2024-07-15T15:01:15.386+0000] {logging_mixin.py:188} INFO - [2024-07-15T15:01:15.384+0000] {dag.py:3096} INFO - Sync 1 DAGs
[2024-07-15T15:01:15.428+0000] {logging_mixin.py:188} INFO - [2024-07-15T15:01:15.428+0000] {dag.py:3954} INFO - Setting next_dagrun for example_branch_dop_operator_v3 to 2024-07-15 15:00:00+00:00, run_after=2024-07-15 15:01:00+00:00
[2024-07-15T15:01:15.480+0000] {processor.py:183} INFO - Processing /home/airflow/.local/lib/python3.12/site-packages/airflow/example_dags/example_branch_python_dop_operator_3.py took 0.179 seconds
[2024-07-15T15:01:45.863+0000] {processor.py:161} INFO - Started process (PID=165) to work on /home/airflow/.local/lib/python3.12/site-packages/airflow/example_dags/example_branch_python_dop_operator_3.py
[2024-07-15T15:01:45.864+0000] {processor.py:830} INFO - Processing file /home/airflow/.local/lib/python3.12/site-packages/airflow/example_dags/example_branch_python_dop_operator_3.py for tasks to queue
[2024-07-15T15:01:45.866+0000] {logging_mixin.py:188} INFO - [2024-07-15T15:01:45.866+0000] {dagbag.py:545} INFO - Filling up the DagBag from /home/airflow/.local/lib/python3.12/site-packages/airflow/example_dags/example_branch_python_dop_operator_3.py
[2024-07-15T15:01:45.875+0000] {processor.py:840} INFO - DAG(s) 'example_branch_dop_operator_v3' retrieved from /home/airflow/.local/lib/python3.12/site-packages/airflow/example_dags/example_branch_python_dop_operator_3.py
[2024-07-15T15:01:45.902+0000] {logging_mixin.py:188} INFO - [2024-07-15T15:01:45.902+0000] {dag.py:3096} INFO - Sync 1 DAGs
[2024-07-15T15:01:45.931+0000] {logging_mixin.py:188} INFO - [2024-07-15T15:01:45.930+0000] {dag.py:3954} INFO - Setting next_dagrun for example_branch_dop_operator_v3 to 2024-07-15 15:00:00+00:00, run_after=2024-07-15 15:01:00+00:00
[2024-07-15T15:01:45.950+0000] {processor.py:183} INFO - Processing /home/airflow/.local/lib/python3.12/site-packages/airflow/example_dags/example_branch_python_dop_operator_3.py took 0.093 seconds
[2024-07-15T15:02:16.762+0000] {processor.py:161} INFO - Started process (PID=224) to work on /home/airflow/.local/lib/python3.12/site-packages/airflow/example_dags/example_branch_python_dop_operator_3.py
[2024-07-15T15:02:16.762+0000] {processor.py:830} INFO - Processing file /home/airflow/.local/lib/python3.12/site-packages/airflow/example_dags/example_branch_python_dop_operator_3.py for tasks to queue
[2024-07-15T15:02:16.764+0000] {logging_mixin.py:188} INFO - [2024-07-15T15:02:16.764+0000] {dagbag.py:545} INFO - Filling up the DagBag from /home/airflow/.local/lib/python3.12/site-packages/airflow/example_dags/example_branch_python_dop_operator_3.py
[2024-07-15T15:02:16.781+0000] {processor.py:840} INFO - DAG(s) 'example_branch_dop_operator_v3' retrieved from /home/airflow/.local/lib/python3.12/site-packages/airflow/example_dags/example_branch_python_dop_operator_3.py
[2024-07-15T15:02:16.810+0000] {logging_mixin.py:188} INFO - [2024-07-15T15:02:16.809+0000] {dag.py:3096} INFO - Sync 1 DAGs
[2024-07-15T15:02:16.843+0000] {logging_mixin.py:188} INFO - [2024-07-15T15:02:16.843+0000] {dag.py:3954} INFO - Setting next_dagrun for example_branch_dop_operator_v3 to 2024-07-15 15:01:00+00:00, run_after=2024-07-15 15:02:00+00:00
[2024-07-15T15:02:16.912+0000] {processor.py:183} INFO - Processing /home/airflow/.local/lib/python3.12/site-packages/airflow/example_dags/example_branch_python_dop_operator_3.py took 0.156 seconds
[2024-07-15T15:02:47.375+0000] {processor.py:161} INFO - Started process (PID=281) to work on /home/airflow/.local/lib/python3.12/site-packages/airflow/example_dags/example_branch_python_dop_operator_3.py
[2024-07-15T15:02:47.376+0000] {processor.py:830} INFO - Processing file /home/airflow/.local/lib/python3.12/site-packages/airflow/example_dags/example_branch_python_dop_operator_3.py for tasks to queue
[2024-07-15T15:02:47.378+0000] {logging_mixin.py:188} INFO - [2024-07-15T15:02:47.377+0000] {dagbag.py:545} INFO - Filling up the DagBag from /home/airflow/.local/lib/python3.12/site-packages/airflow/example_dags/example_branch_python_dop_operator_3.py
[2024-07-15T15:02:47.387+0000] {processor.py:840} INFO - DAG(s) 'example_branch_dop_operator_v3' retrieved from /home/airflow/.local/lib/python3.12/site-packages/airflow/example_dags/example_branch_python_dop_operator_3.py
[2024-07-15T15:02:47.407+0000] {logging_mixin.py:188} INFO - [2024-07-15T15:02:47.407+0000] {dag.py:3096} INFO - Sync 1 DAGs
[2024-07-15T15:02:47.434+0000] {logging_mixin.py:188} INFO - [2024-07-15T15:02:47.434+0000] {dag.py:3954} INFO - Setting next_dagrun for example_branch_dop_operator_v3 to 2024-07-15 15:01:00+00:00, run_after=2024-07-15 15:02:00+00:00
[2024-07-15T15:02:47.457+0000] {processor.py:183} INFO - Processing /home/airflow/.local/lib/python3.12/site-packages/airflow/example_dags/example_branch_python_dop_operator_3.py took 0.089 seconds
[2024-07-15T15:03:17.648+0000] {processor.py:161} INFO - Started process (PID=340) to work on /home/airflow/.local/lib/python3.12/site-packages/airflow/example_dags/example_branch_python_dop_operator_3.py
[2024-07-15T15:03:17.648+0000] {processor.py:830} INFO - Processing file /home/airflow/.local/lib/python3.12/site-packages/airflow/example_dags/example_branch_python_dop_operator_3.py for tasks to queue
[2024-07-15T15:03:17.650+0000] {logging_mixin.py:188} INFO - [2024-07-15T15:03:17.650+0000] {dagbag.py:545} INFO - Filling up the DagBag from /home/airflow/.local/lib/python3.12/site-packages/airflow/example_dags/example_branch_python_dop_operator_3.py
[2024-07-15T15:03:17.659+0000] {processor.py:840} INFO - DAG(s) 'example_branch_dop_operator_v3' retrieved from /home/airflow/.local/lib/python3.12/site-packages/airflow/example_dags/example_branch_python_dop_operator_3.py
[2024-07-15T15:03:17.678+0000] {logging_mixin.py:188} INFO - [2024-07-15T15:03:17.678+0000] {dag.py:3096} INFO - Sync 1 DAGs
[2024-07-15T15:03:17.707+0000] {logging_mixin.py:188} INFO - [2024-07-15T15:03:17.707+0000] {dag.py:3954} INFO - Setting next_dagrun for example_branch_dop_operator_v3 to 2024-07-15 15:02:00+00:00, run_after=2024-07-15 15:03:00+00:00
[2024-07-15T15:03:17.730+0000] {processor.py:183} INFO - Processing /home/airflow/.local/lib/python3.12/site-packages/airflow/example_dags/example_branch_python_dop_operator_3.py took 0.088 seconds
[2024-07-15T15:03:48.079+0000] {processor.py:161} INFO - Started process (PID=398) to work on /home/airflow/.local/lib/python3.12/site-packages/airflow/example_dags/example_branch_python_dop_operator_3.py
[2024-07-15T15:03:48.081+0000] {processor.py:830} INFO - Processing file /home/airflow/.local/lib/python3.12/site-packages/airflow/example_dags/example_branch_python_dop_operator_3.py for tasks to queue
[2024-07-15T15:03:48.083+0000] {logging_mixin.py:188} INFO - [2024-07-15T15:03:48.083+0000] {dagbag.py:545} INFO - Filling up the DagBag from /home/airflow/.local/lib/python3.12/site-packages/airflow/example_dags/example_branch_python_dop_operator_3.py
[2024-07-15T15:03:48.093+0000] {processor.py:840} INFO - DAG(s) 'example_branch_dop_operator_v3' retrieved from /home/airflow/.local/lib/python3.12/site-packages/airflow/example_dags/example_branch_python_dop_operator_3.py
[2024-07-15T15:03:48.116+0000] {logging_mixin.py:188} INFO - [2024-07-15T15:03:48.115+0000] {dag.py:3096} INFO - Sync 1 DAGs
[2024-07-15T15:03:48.143+0000] {logging_mixin.py:188} INFO - [2024-07-15T15:03:48.143+0000] {dag.py:3954} INFO - Setting next_dagrun for example_branch_dop_operator_v3 to 2024-07-15 15:02:00+00:00, run_after=2024-07-15 15:03:00+00:00
[2024-07-15T15:03:48.166+0000] {processor.py:183} INFO - Processing /home/airflow/.local/lib/python3.12/site-packages/airflow/example_dags/example_branch_python_dop_operator_3.py took 0.092 seconds
[2024-07-15T15:04:18.453+0000] {processor.py:161} INFO - Started process (PID=456) to work on /home/airflow/.local/lib/python3.12/site-packages/airflow/example_dags/example_branch_python_dop_operator_3.py
[2024-07-15T15:04:18.454+0000] {processor.py:830} INFO - Processing file /home/airflow/.local/lib/python3.12/site-packages/airflow/example_dags/example_branch_python_dop_operator_3.py for tasks to queue
[2024-07-15T15:04:18.456+0000] {logging_mixin.py:188} INFO - [2024-07-15T15:04:18.456+0000] {dagbag.py:545} INFO - Filling up the DagBag from /home/airflow/.local/lib/python3.12/site-packages/airflow/example_dags/example_branch_python_dop_operator_3.py
[2024-07-15T15:04:18.465+0000] {processor.py:840} INFO - DAG(s) 'example_branch_dop_operator_v3' retrieved from /home/airflow/.local/lib/python3.12/site-packages/airflow/example_dags/example_branch_python_dop_operator_3.py
[2024-07-15T15:04:18.487+0000] {logging_mixin.py:188} INFO - [2024-07-15T15:04:18.486+0000] {dag.py:3096} INFO - Sync 1 DAGs
[2024-07-15T15:04:18.515+0000] {logging_mixin.py:188} INFO - [2024-07-15T15:04:18.515+0000] {dag.py:3954} INFO - Setting next_dagrun for example_branch_dop_operator_v3 to 2024-07-15 15:03:00+00:00, run_after=2024-07-15 15:04:00+00:00
[2024-07-15T15:04:18.542+0000] {processor.py:183} INFO - Processing /home/airflow/.local/lib/python3.12/site-packages/airflow/example_dags/example_branch_python_dop_operator_3.py took 0.095 seconds
[2024-07-15T15:04:48.884+0000] {processor.py:161} INFO - Started process (PID=514) to work on /home/airflow/.local/lib/python3.12/site-packages/airflow/example_dags/example_branch_python_dop_operator_3.py
[2024-07-15T15:04:48.885+0000] {processor.py:830} INFO - Processing file /home/airflow/.local/lib/python3.12/site-packages/airflow/example_dags/example_branch_python_dop_operator_3.py for tasks to queue
[2024-07-15T15:04:48.887+0000] {logging_mixin.py:188} INFO - [2024-07-15T15:04:48.887+0000] {dagbag.py:545} INFO - Filling up the DagBag from /home/airflow/.local/lib/python3.12/site-packages/airflow/example_dags/example_branch_python_dop_operator_3.py
[2024-07-15T15:04:48.895+0000] {processor.py:840} INFO - DAG(s) 'example_branch_dop_operator_v3' retrieved from /home/airflow/.local/lib/python3.12/site-packages/airflow/example_dags/example_branch_python_dop_operator_3.py
[2024-07-15T15:04:48.919+0000] {logging_mixin.py:188} INFO - [2024-07-15T15:04:48.918+0000] {dag.py:3096} INFO - Sync 1 DAGs
[2024-07-15T15:04:48.948+0000] {logging_mixin.py:188} INFO - [2024-07-15T15:04:48.947+0000] {dag.py:3954} INFO - Setting next_dagrun for example_branch_dop_operator_v3 to 2024-07-15 15:03:00+00:00, run_after=2024-07-15 15:04:00+00:00
[2024-07-15T15:04:48.971+0000] {processor.py:183} INFO - Processing /home/airflow/.local/lib/python3.12/site-packages/airflow/example_dags/example_branch_python_dop_operator_3.py took 0.093 seconds
