[2024-07-15T15:00:41.860+0000] {processor.py:161} INFO - Started process (PID=37) to work on /home/airflow/.local/lib/python3.12/site-packages/airflow/example_dags/example_xcomargs.py
[2024-07-15T15:00:41.865+0000] {processor.py:830} INFO - Processing file /home/airflow/.local/lib/python3.12/site-packages/airflow/example_dags/example_xcomargs.py for tasks to queue
[2024-07-15T15:00:41.874+0000] {logging_mixin.py:188} INFO - [2024-07-15T15:00:41.871+0000] {dagbag.py:545} INFO - Filling up the DagBag from /home/airflow/.local/lib/python3.12/site-packages/airflow/example_dags/example_xcomargs.py
[2024-07-15T15:00:41.932+0000] {processor.py:840} INFO - DAG(s) 'example_xcom_args', 'example_xcom_args_with_operators' retrieved from /home/airflow/.local/lib/python3.12/site-packages/airflow/example_dags/example_xcomargs.py
[2024-07-15T15:00:42.025+0000] {logging_mixin.py:188} INFO - [2024-07-15T15:00:42.024+0000] {dag.py:3096} INFO - Sync 2 DAGs
[2024-07-15T15:00:42.065+0000] {logging_mixin.py:188} INFO - [2024-07-15T15:00:42.065+0000] {dag.py:3954} INFO - Setting next_dagrun for example_xcom_args to None, run_after=None
[2024-07-15T15:00:42.073+0000] {logging_mixin.py:188} INFO - [2024-07-15T15:00:42.072+0000] {dag.py:3954} INFO - Setting next_dagrun for example_xcom_args_with_operators to None, run_after=None
[2024-07-15T15:00:42.128+0000] {processor.py:183} INFO - Processing /home/airflow/.local/lib/python3.12/site-packages/airflow/example_dags/example_xcomargs.py took 0.294 seconds
[2024-07-15T15:01:13.108+0000] {processor.py:161} INFO - Started process (PID=94) to work on /home/airflow/.local/lib/python3.12/site-packages/airflow/example_dags/example_xcomargs.py
[2024-07-15T15:01:13.109+0000] {processor.py:830} INFO - Processing file /home/airflow/.local/lib/python3.12/site-packages/airflow/example_dags/example_xcomargs.py for tasks to queue
[2024-07-15T15:01:13.113+0000] {logging_mixin.py:188} INFO - [2024-07-15T15:01:13.113+0000] {dagbag.py:545} INFO - Filling up the DagBag from /home/airflow/.local/lib/python3.12/site-packages/airflow/example_dags/example_xcomargs.py
[2024-07-15T15:01:13.174+0000] {processor.py:840} INFO - DAG(s) 'example_xcom_args', 'example_xcom_args_with_operators' retrieved from /home/airflow/.local/lib/python3.12/site-packages/airflow/example_dags/example_xcomargs.py
[2024-07-15T15:01:13.239+0000] {logging_mixin.py:188} INFO - [2024-07-15T15:01:13.239+0000] {dag.py:3096} INFO - Sync 2 DAGs
[2024-07-15T15:01:13.279+0000] {logging_mixin.py:188} INFO - [2024-07-15T15:01:13.278+0000] {dag.py:3954} INFO - Setting next_dagrun for example_xcom_args to None, run_after=None
[2024-07-15T15:01:13.290+0000] {logging_mixin.py:188} INFO - [2024-07-15T15:01:13.290+0000] {dag.py:3954} INFO - Setting next_dagrun for example_xcom_args_with_operators to None, run_after=None
[2024-07-15T15:01:13.363+0000] {processor.py:183} INFO - Processing /home/airflow/.local/lib/python3.12/site-packages/airflow/example_dags/example_xcomargs.py took 0.276 seconds
[2024-07-15T15:01:43.912+0000] {processor.py:161} INFO - Started process (PID=152) to work on /home/airflow/.local/lib/python3.12/site-packages/airflow/example_dags/example_xcomargs.py
[2024-07-15T15:01:43.913+0000] {processor.py:830} INFO - Processing file /home/airflow/.local/lib/python3.12/site-packages/airflow/example_dags/example_xcomargs.py for tasks to queue
[2024-07-15T15:01:43.915+0000] {logging_mixin.py:188} INFO - [2024-07-15T15:01:43.914+0000] {dagbag.py:545} INFO - Filling up the DagBag from /home/airflow/.local/lib/python3.12/site-packages/airflow/example_dags/example_xcomargs.py
[2024-07-15T15:01:43.924+0000] {processor.py:840} INFO - DAG(s) 'example_xcom_args', 'example_xcom_args_with_operators' retrieved from /home/airflow/.local/lib/python3.12/site-packages/airflow/example_dags/example_xcomargs.py
[2024-07-15T15:01:43.955+0000] {logging_mixin.py:188} INFO - [2024-07-15T15:01:43.955+0000] {dag.py:3096} INFO - Sync 2 DAGs
[2024-07-15T15:01:43.972+0000] {logging_mixin.py:188} INFO - [2024-07-15T15:01:43.972+0000] {dag.py:3954} INFO - Setting next_dagrun for example_xcom_args to None, run_after=None
[2024-07-15T15:01:43.976+0000] {logging_mixin.py:188} INFO - [2024-07-15T15:01:43.976+0000] {dag.py:3954} INFO - Setting next_dagrun for example_xcom_args_with_operators to None, run_after=None
[2024-07-15T15:01:43.998+0000] {processor.py:183} INFO - Processing /home/airflow/.local/lib/python3.12/site-packages/airflow/example_dags/example_xcomargs.py took 0.091 seconds
[2024-07-15T15:02:14.043+0000] {processor.py:161} INFO - Started process (PID=211) to work on /home/airflow/.local/lib/python3.12/site-packages/airflow/example_dags/example_xcomargs.py
[2024-07-15T15:02:14.044+0000] {processor.py:830} INFO - Processing file /home/airflow/.local/lib/python3.12/site-packages/airflow/example_dags/example_xcomargs.py for tasks to queue
[2024-07-15T15:02:14.045+0000] {logging_mixin.py:188} INFO - [2024-07-15T15:02:14.045+0000] {dagbag.py:545} INFO - Filling up the DagBag from /home/airflow/.local/lib/python3.12/site-packages/airflow/example_dags/example_xcomargs.py
[2024-07-15T15:02:14.054+0000] {processor.py:840} INFO - DAG(s) 'example_xcom_args_with_operators', 'example_xcom_args' retrieved from /home/airflow/.local/lib/python3.12/site-packages/airflow/example_dags/example_xcomargs.py
[2024-07-15T15:02:14.079+0000] {logging_mixin.py:188} INFO - [2024-07-15T15:02:14.079+0000] {dag.py:3096} INFO - Sync 2 DAGs
[2024-07-15T15:02:14.094+0000] {logging_mixin.py:188} INFO - [2024-07-15T15:02:14.094+0000] {dag.py:3954} INFO - Setting next_dagrun for example_xcom_args to None, run_after=None
[2024-07-15T15:02:14.098+0000] {logging_mixin.py:188} INFO - [2024-07-15T15:02:14.098+0000] {dag.py:3954} INFO - Setting next_dagrun for example_xcom_args_with_operators to None, run_after=None
[2024-07-15T15:02:14.118+0000] {processor.py:183} INFO - Processing /home/airflow/.local/lib/python3.12/site-packages/airflow/example_dags/example_xcomargs.py took 0.080 seconds
[2024-07-15T15:02:44.562+0000] {processor.py:161} INFO - Started process (PID=268) to work on /home/airflow/.local/lib/python3.12/site-packages/airflow/example_dags/example_xcomargs.py
[2024-07-15T15:02:44.563+0000] {processor.py:830} INFO - Processing file /home/airflow/.local/lib/python3.12/site-packages/airflow/example_dags/example_xcomargs.py for tasks to queue
[2024-07-15T15:02:44.565+0000] {logging_mixin.py:188} INFO - [2024-07-15T15:02:44.565+0000] {dagbag.py:545} INFO - Filling up the DagBag from /home/airflow/.local/lib/python3.12/site-packages/airflow/example_dags/example_xcomargs.py
[2024-07-15T15:02:44.575+0000] {processor.py:840} INFO - DAG(s) 'example_xcom_args_with_operators', 'example_xcom_args' retrieved from /home/airflow/.local/lib/python3.12/site-packages/airflow/example_dags/example_xcomargs.py
[2024-07-15T15:02:44.606+0000] {logging_mixin.py:188} INFO - [2024-07-15T15:02:44.606+0000] {dag.py:3096} INFO - Sync 2 DAGs
[2024-07-15T15:02:44.627+0000] {logging_mixin.py:188} INFO - [2024-07-15T15:02:44.627+0000] {dag.py:3954} INFO - Setting next_dagrun for example_xcom_args to None, run_after=None
[2024-07-15T15:02:44.638+0000] {logging_mixin.py:188} INFO - [2024-07-15T15:02:44.637+0000] {dag.py:3954} INFO - Setting next_dagrun for example_xcom_args_with_operators to None, run_after=None
[2024-07-15T15:02:44.699+0000] {processor.py:183} INFO - Processing /home/airflow/.local/lib/python3.12/site-packages/airflow/example_dags/example_xcomargs.py took 0.142 seconds
[2024-07-15T15:03:14.779+0000] {processor.py:161} INFO - Started process (PID=327) to work on /home/airflow/.local/lib/python3.12/site-packages/airflow/example_dags/example_xcomargs.py
[2024-07-15T15:03:14.780+0000] {processor.py:830} INFO - Processing file /home/airflow/.local/lib/python3.12/site-packages/airflow/example_dags/example_xcomargs.py for tasks to queue
[2024-07-15T15:03:14.782+0000] {logging_mixin.py:188} INFO - [2024-07-15T15:03:14.782+0000] {dagbag.py:545} INFO - Filling up the DagBag from /home/airflow/.local/lib/python3.12/site-packages/airflow/example_dags/example_xcomargs.py
[2024-07-15T15:03:14.792+0000] {processor.py:840} INFO - DAG(s) 'example_xcom_args_with_operators', 'example_xcom_args' retrieved from /home/airflow/.local/lib/python3.12/site-packages/airflow/example_dags/example_xcomargs.py
[2024-07-15T15:03:14.816+0000] {logging_mixin.py:188} INFO - [2024-07-15T15:03:14.816+0000] {dag.py:3096} INFO - Sync 2 DAGs
[2024-07-15T15:03:14.830+0000] {logging_mixin.py:188} INFO - [2024-07-15T15:03:14.830+0000] {dag.py:3954} INFO - Setting next_dagrun for example_xcom_args to None, run_after=None
[2024-07-15T15:03:14.833+0000] {logging_mixin.py:188} INFO - [2024-07-15T15:03:14.833+0000] {dag.py:3954} INFO - Setting next_dagrun for example_xcom_args_with_operators to None, run_after=None
[2024-07-15T15:03:14.851+0000] {processor.py:183} INFO - Processing /home/airflow/.local/lib/python3.12/site-packages/airflow/example_dags/example_xcomargs.py took 0.078 seconds
[2024-07-15T15:03:45.221+0000] {processor.py:161} INFO - Started process (PID=385) to work on /home/airflow/.local/lib/python3.12/site-packages/airflow/example_dags/example_xcomargs.py
[2024-07-15T15:03:45.222+0000] {processor.py:830} INFO - Processing file /home/airflow/.local/lib/python3.12/site-packages/airflow/example_dags/example_xcomargs.py for tasks to queue
[2024-07-15T15:03:45.224+0000] {logging_mixin.py:188} INFO - [2024-07-15T15:03:45.224+0000] {dagbag.py:545} INFO - Filling up the DagBag from /home/airflow/.local/lib/python3.12/site-packages/airflow/example_dags/example_xcomargs.py
[2024-07-15T15:03:45.233+0000] {processor.py:840} INFO - DAG(s) 'example_xcom_args_with_operators', 'example_xcom_args' retrieved from /home/airflow/.local/lib/python3.12/site-packages/airflow/example_dags/example_xcomargs.py
[2024-07-15T15:03:45.258+0000] {logging_mixin.py:188} INFO - [2024-07-15T15:03:45.258+0000] {dag.py:3096} INFO - Sync 2 DAGs
[2024-07-15T15:03:45.273+0000] {logging_mixin.py:188} INFO - [2024-07-15T15:03:45.273+0000] {dag.py:3954} INFO - Setting next_dagrun for example_xcom_args to None, run_after=None
[2024-07-15T15:03:45.277+0000] {logging_mixin.py:188} INFO - [2024-07-15T15:03:45.277+0000] {dag.py:3954} INFO - Setting next_dagrun for example_xcom_args_with_operators to None, run_after=None
[2024-07-15T15:03:45.296+0000] {processor.py:183} INFO - Processing /home/airflow/.local/lib/python3.12/site-packages/airflow/example_dags/example_xcomargs.py took 0.080 seconds
[2024-07-15T15:04:15.601+0000] {processor.py:161} INFO - Started process (PID=443) to work on /home/airflow/.local/lib/python3.12/site-packages/airflow/example_dags/example_xcomargs.py
[2024-07-15T15:04:15.601+0000] {processor.py:830} INFO - Processing file /home/airflow/.local/lib/python3.12/site-packages/airflow/example_dags/example_xcomargs.py for tasks to queue
[2024-07-15T15:04:15.603+0000] {logging_mixin.py:188} INFO - [2024-07-15T15:04:15.603+0000] {dagbag.py:545} INFO - Filling up the DagBag from /home/airflow/.local/lib/python3.12/site-packages/airflow/example_dags/example_xcomargs.py
[2024-07-15T15:04:15.612+0000] {processor.py:840} INFO - DAG(s) 'example_xcom_args', 'example_xcom_args_with_operators' retrieved from /home/airflow/.local/lib/python3.12/site-packages/airflow/example_dags/example_xcomargs.py
[2024-07-15T15:04:15.636+0000] {logging_mixin.py:188} INFO - [2024-07-15T15:04:15.636+0000] {dag.py:3096} INFO - Sync 2 DAGs
[2024-07-15T15:04:15.649+0000] {logging_mixin.py:188} INFO - [2024-07-15T15:04:15.649+0000] {dag.py:3954} INFO - Setting next_dagrun for example_xcom_args to None, run_after=None
[2024-07-15T15:04:15.652+0000] {logging_mixin.py:188} INFO - [2024-07-15T15:04:15.652+0000] {dag.py:3954} INFO - Setting next_dagrun for example_xcom_args_with_operators to None, run_after=None
[2024-07-15T15:04:15.671+0000] {processor.py:183} INFO - Processing /home/airflow/.local/lib/python3.12/site-packages/airflow/example_dags/example_xcomargs.py took 0.077 seconds
[2024-07-15T15:04:46.123+0000] {processor.py:161} INFO - Started process (PID=501) to work on /home/airflow/.local/lib/python3.12/site-packages/airflow/example_dags/example_xcomargs.py
[2024-07-15T15:04:46.124+0000] {processor.py:830} INFO - Processing file /home/airflow/.local/lib/python3.12/site-packages/airflow/example_dags/example_xcomargs.py for tasks to queue
[2024-07-15T15:04:46.125+0000] {logging_mixin.py:188} INFO - [2024-07-15T15:04:46.125+0000] {dagbag.py:545} INFO - Filling up the DagBag from /home/airflow/.local/lib/python3.12/site-packages/airflow/example_dags/example_xcomargs.py
[2024-07-15T15:04:46.132+0000] {processor.py:840} INFO - DAG(s) 'example_xcom_args_with_operators', 'example_xcom_args' retrieved from /home/airflow/.local/lib/python3.12/site-packages/airflow/example_dags/example_xcomargs.py
[2024-07-15T15:04:46.150+0000] {logging_mixin.py:188} INFO - [2024-07-15T15:04:46.149+0000] {dag.py:3096} INFO - Sync 2 DAGs
[2024-07-15T15:04:46.160+0000] {logging_mixin.py:188} INFO - [2024-07-15T15:04:46.159+0000] {dag.py:3954} INFO - Setting next_dagrun for example_xcom_args to None, run_after=None
[2024-07-15T15:04:46.163+0000] {logging_mixin.py:188} INFO - [2024-07-15T15:04:46.162+0000] {dag.py:3954} INFO - Setting next_dagrun for example_xcom_args_with_operators to None, run_after=None
[2024-07-15T15:04:46.180+0000] {processor.py:183} INFO - Processing /home/airflow/.local/lib/python3.12/site-packages/airflow/example_dags/example_xcomargs.py took 0.061 seconds
