[2024-07-15T15:00:48.234+0000] {processor.py:161} INFO - Started process (PID=73) to work on /home/airflow/.local/lib/python3.12/site-packages/airflow/example_dags/example_sla_dag.py
[2024-07-15T15:00:48.234+0000] {processor.py:830} INFO - Processing file /home/airflow/.local/lib/python3.12/site-packages/airflow/example_dags/example_sla_dag.py for tasks to queue
[2024-07-15T15:00:48.236+0000] {logging_mixin.py:188} INFO - [2024-07-15T15:00:48.236+0000] {dagbag.py:545} INFO - Filling up the DagBag from /home/airflow/.local/lib/python3.12/site-packages/airflow/example_dags/example_sla_dag.py
[2024-07-15T15:00:48.243+0000] {processor.py:840} INFO - DAG(s) 'example_sla_dag' retrieved from /home/airflow/.local/lib/python3.12/site-packages/airflow/example_dags/example_sla_dag.py
[2024-07-15T15:00:48.266+0000] {logging_mixin.py:188} INFO - [2024-07-15T15:00:48.265+0000] {dag.py:3096} INFO - Sync 1 DAGs
[2024-07-15T15:00:48.290+0000] {logging_mixin.py:188} INFO - [2024-07-15T15:00:48.290+0000] {dag.py:3954} INFO - Setting next_dagrun for example_sla_dag to 2024-07-15 14:58:00+00:00, run_after=2024-07-15 15:00:00+00:00
[2024-07-15T15:00:48.314+0000] {processor.py:183} INFO - Processing /home/airflow/.local/lib/python3.12/site-packages/airflow/example_dags/example_sla_dag.py took 0.089 seconds
[2024-07-15T15:01:19.820+0000] {processor.py:161} INFO - Started process (PID=130) to work on /home/airflow/.local/lib/python3.12/site-packages/airflow/example_dags/example_sla_dag.py
[2024-07-15T15:01:19.822+0000] {processor.py:830} INFO - Processing file /home/airflow/.local/lib/python3.12/site-packages/airflow/example_dags/example_sla_dag.py for tasks to queue
[2024-07-15T15:01:19.828+0000] {logging_mixin.py:188} INFO - [2024-07-15T15:01:19.823+0000] {dagbag.py:545} INFO - Filling up the DagBag from /home/airflow/.local/lib/python3.12/site-packages/airflow/example_dags/example_sla_dag.py
[2024-07-15T15:01:19.842+0000] {processor.py:840} INFO - DAG(s) 'example_sla_dag' retrieved from /home/airflow/.local/lib/python3.12/site-packages/airflow/example_dags/example_sla_dag.py
[2024-07-15T15:01:19.902+0000] {logging_mixin.py:188} INFO - [2024-07-15T15:01:19.901+0000] {dag.py:3096} INFO - Sync 1 DAGs
[2024-07-15T15:01:19.944+0000] {logging_mixin.py:188} INFO - [2024-07-15T15:01:19.944+0000] {dag.py:3954} INFO - Setting next_dagrun for example_sla_dag to 2024-07-15 14:58:00+00:00, run_after=2024-07-15 15:00:00+00:00
[2024-07-15T15:01:19.985+0000] {processor.py:183} INFO - Processing /home/airflow/.local/lib/python3.12/site-packages/airflow/example_dags/example_sla_dag.py took 0.171 seconds
[2024-07-15T15:01:50.604+0000] {processor.py:161} INFO - Started process (PID=188) to work on /home/airflow/.local/lib/python3.12/site-packages/airflow/example_dags/example_sla_dag.py
[2024-07-15T15:01:50.606+0000] {processor.py:830} INFO - Processing file /home/airflow/.local/lib/python3.12/site-packages/airflow/example_dags/example_sla_dag.py for tasks to queue
[2024-07-15T15:01:50.608+0000] {logging_mixin.py:188} INFO - [2024-07-15T15:01:50.608+0000] {dagbag.py:545} INFO - Filling up the DagBag from /home/airflow/.local/lib/python3.12/site-packages/airflow/example_dags/example_sla_dag.py
[2024-07-15T15:01:50.625+0000] {processor.py:840} INFO - DAG(s) 'example_sla_dag' retrieved from /home/airflow/.local/lib/python3.12/site-packages/airflow/example_dags/example_sla_dag.py
[2024-07-15T15:01:50.686+0000] {logging_mixin.py:188} INFO - [2024-07-15T15:01:50.686+0000] {dag.py:3096} INFO - Sync 1 DAGs
[2024-07-15T15:01:50.760+0000] {logging_mixin.py:188} INFO - [2024-07-15T15:01:50.758+0000] {dag.py:3954} INFO - Setting next_dagrun for example_sla_dag to 2024-07-15 14:58:00+00:00, run_after=2024-07-15 15:00:00+00:00
[2024-07-15T15:01:50.807+0000] {processor.py:183} INFO - Processing /home/airflow/.local/lib/python3.12/site-packages/airflow/example_dags/example_sla_dag.py took 0.215 seconds
[2024-07-15T15:02:21.358+0000] {processor.py:161} INFO - Started process (PID=247) to work on /home/airflow/.local/lib/python3.12/site-packages/airflow/example_dags/example_sla_dag.py
[2024-07-15T15:02:21.359+0000] {processor.py:830} INFO - Processing file /home/airflow/.local/lib/python3.12/site-packages/airflow/example_dags/example_sla_dag.py for tasks to queue
[2024-07-15T15:02:21.361+0000] {logging_mixin.py:188} INFO - [2024-07-15T15:02:21.361+0000] {dagbag.py:545} INFO - Filling up the DagBag from /home/airflow/.local/lib/python3.12/site-packages/airflow/example_dags/example_sla_dag.py
[2024-07-15T15:02:21.369+0000] {processor.py:840} INFO - DAG(s) 'example_sla_dag' retrieved from /home/airflow/.local/lib/python3.12/site-packages/airflow/example_dags/example_sla_dag.py
[2024-07-15T15:02:21.388+0000] {logging_mixin.py:188} INFO - [2024-07-15T15:02:21.388+0000] {dag.py:3096} INFO - Sync 1 DAGs
[2024-07-15T15:02:21.426+0000] {logging_mixin.py:188} INFO - [2024-07-15T15:02:21.426+0000] {dag.py:3954} INFO - Setting next_dagrun for example_sla_dag to 2024-07-15 15:00:00+00:00, run_after=2024-07-15 15:02:00+00:00
[2024-07-15T15:02:21.448+0000] {processor.py:183} INFO - Processing /home/airflow/.local/lib/python3.12/site-packages/airflow/example_dags/example_sla_dag.py took 0.095 seconds
[2024-07-15T15:02:51.848+0000] {processor.py:161} INFO - Started process (PID=304) to work on /home/airflow/.local/lib/python3.12/site-packages/airflow/example_dags/example_sla_dag.py
[2024-07-15T15:02:51.848+0000] {processor.py:830} INFO - Processing file /home/airflow/.local/lib/python3.12/site-packages/airflow/example_dags/example_sla_dag.py for tasks to queue
[2024-07-15T15:02:51.851+0000] {logging_mixin.py:188} INFO - [2024-07-15T15:02:51.850+0000] {dagbag.py:545} INFO - Filling up the DagBag from /home/airflow/.local/lib/python3.12/site-packages/airflow/example_dags/example_sla_dag.py
[2024-07-15T15:02:51.858+0000] {processor.py:840} INFO - DAG(s) 'example_sla_dag' retrieved from /home/airflow/.local/lib/python3.12/site-packages/airflow/example_dags/example_sla_dag.py
[2024-07-15T15:02:51.878+0000] {logging_mixin.py:188} INFO - [2024-07-15T15:02:51.877+0000] {dag.py:3096} INFO - Sync 1 DAGs
[2024-07-15T15:02:51.903+0000] {logging_mixin.py:188} INFO - [2024-07-15T15:02:51.903+0000] {dag.py:3954} INFO - Setting next_dagrun for example_sla_dag to 2024-07-15 15:00:00+00:00, run_after=2024-07-15 15:02:00+00:00
[2024-07-15T15:02:51.925+0000] {processor.py:183} INFO - Processing /home/airflow/.local/lib/python3.12/site-packages/airflow/example_dags/example_sla_dag.py took 0.083 seconds
[2024-07-15T15:03:22.162+0000] {processor.py:161} INFO - Started process (PID=363) to work on /home/airflow/.local/lib/python3.12/site-packages/airflow/example_dags/example_sla_dag.py
[2024-07-15T15:03:22.167+0000] {processor.py:830} INFO - Processing file /home/airflow/.local/lib/python3.12/site-packages/airflow/example_dags/example_sla_dag.py for tasks to queue
[2024-07-15T15:03:22.169+0000] {logging_mixin.py:188} INFO - [2024-07-15T15:03:22.169+0000] {dagbag.py:545} INFO - Filling up the DagBag from /home/airflow/.local/lib/python3.12/site-packages/airflow/example_dags/example_sla_dag.py
[2024-07-15T15:03:22.180+0000] {processor.py:840} INFO - DAG(s) 'example_sla_dag' retrieved from /home/airflow/.local/lib/python3.12/site-packages/airflow/example_dags/example_sla_dag.py
[2024-07-15T15:03:22.214+0000] {logging_mixin.py:188} INFO - [2024-07-15T15:03:22.214+0000] {dag.py:3096} INFO - Sync 1 DAGs
[2024-07-15T15:03:22.241+0000] {logging_mixin.py:188} INFO - [2024-07-15T15:03:22.240+0000] {dag.py:3954} INFO - Setting next_dagrun for example_sla_dag to 2024-07-15 15:00:00+00:00, run_after=2024-07-15 15:02:00+00:00
[2024-07-15T15:03:22.264+0000] {processor.py:183} INFO - Processing /home/airflow/.local/lib/python3.12/site-packages/airflow/example_dags/example_sla_dag.py took 0.108 seconds
[2024-07-15T15:03:52.702+0000] {processor.py:161} INFO - Started process (PID=421) to work on /home/airflow/.local/lib/python3.12/site-packages/airflow/example_dags/example_sla_dag.py
[2024-07-15T15:03:52.704+0000] {processor.py:830} INFO - Processing file /home/airflow/.local/lib/python3.12/site-packages/airflow/example_dags/example_sla_dag.py for tasks to queue
[2024-07-15T15:03:52.706+0000] {logging_mixin.py:188} INFO - [2024-07-15T15:03:52.705+0000] {dagbag.py:545} INFO - Filling up the DagBag from /home/airflow/.local/lib/python3.12/site-packages/airflow/example_dags/example_sla_dag.py
[2024-07-15T15:03:52.721+0000] {processor.py:840} INFO - DAG(s) 'example_sla_dag' retrieved from /home/airflow/.local/lib/python3.12/site-packages/airflow/example_dags/example_sla_dag.py
[2024-07-15T15:03:52.744+0000] {logging_mixin.py:188} INFO - [2024-07-15T15:03:52.744+0000] {dag.py:3096} INFO - Sync 1 DAGs
[2024-07-15T15:03:52.771+0000] {logging_mixin.py:188} INFO - [2024-07-15T15:03:52.771+0000] {dag.py:3954} INFO - Setting next_dagrun for example_sla_dag to 2024-07-15 15:00:00+00:00, run_after=2024-07-15 15:02:00+00:00
[2024-07-15T15:03:52.793+0000] {processor.py:183} INFO - Processing /home/airflow/.local/lib/python3.12/site-packages/airflow/example_dags/example_sla_dag.py took 0.110 seconds
[2024-07-15T15:04:23.173+0000] {processor.py:161} INFO - Started process (PID=479) to work on /home/airflow/.local/lib/python3.12/site-packages/airflow/example_dags/example_sla_dag.py
[2024-07-15T15:04:23.173+0000] {processor.py:830} INFO - Processing file /home/airflow/.local/lib/python3.12/site-packages/airflow/example_dags/example_sla_dag.py for tasks to queue
[2024-07-15T15:04:23.175+0000] {logging_mixin.py:188} INFO - [2024-07-15T15:04:23.175+0000] {dagbag.py:545} INFO - Filling up the DagBag from /home/airflow/.local/lib/python3.12/site-packages/airflow/example_dags/example_sla_dag.py
[2024-07-15T15:04:23.184+0000] {processor.py:840} INFO - DAG(s) 'example_sla_dag' retrieved from /home/airflow/.local/lib/python3.12/site-packages/airflow/example_dags/example_sla_dag.py
[2024-07-15T15:04:23.202+0000] {logging_mixin.py:188} INFO - [2024-07-15T15:04:23.202+0000] {dag.py:3096} INFO - Sync 1 DAGs
[2024-07-15T15:04:23.229+0000] {logging_mixin.py:188} INFO - [2024-07-15T15:04:23.229+0000] {dag.py:3954} INFO - Setting next_dagrun for example_sla_dag to 2024-07-15 15:02:00+00:00, run_after=2024-07-15 15:04:00+00:00
[2024-07-15T15:04:23.252+0000] {processor.py:183} INFO - Processing /home/airflow/.local/lib/python3.12/site-packages/airflow/example_dags/example_sla_dag.py took 0.084 seconds
[2024-07-15T15:04:53.674+0000] {processor.py:161} INFO - Started process (PID=537) to work on /home/airflow/.local/lib/python3.12/site-packages/airflow/example_dags/example_sla_dag.py
[2024-07-15T15:04:53.675+0000] {processor.py:830} INFO - Processing file /home/airflow/.local/lib/python3.12/site-packages/airflow/example_dags/example_sla_dag.py for tasks to queue
[2024-07-15T15:04:53.677+0000] {logging_mixin.py:188} INFO - [2024-07-15T15:04:53.677+0000] {dagbag.py:545} INFO - Filling up the DagBag from /home/airflow/.local/lib/python3.12/site-packages/airflow/example_dags/example_sla_dag.py
[2024-07-15T15:04:53.703+0000] {processor.py:840} INFO - DAG(s) 'example_sla_dag' retrieved from /home/airflow/.local/lib/python3.12/site-packages/airflow/example_dags/example_sla_dag.py
[2024-07-15T15:04:53.747+0000] {logging_mixin.py:188} INFO - [2024-07-15T15:04:53.746+0000] {dag.py:3096} INFO - Sync 1 DAGs
[2024-07-15T15:04:53.794+0000] {logging_mixin.py:188} INFO - [2024-07-15T15:04:53.794+0000] {dag.py:3954} INFO - Setting next_dagrun for example_sla_dag to 2024-07-15 15:02:00+00:00, run_after=2024-07-15 15:04:00+00:00
[2024-07-15T15:04:53.820+0000] {processor.py:183} INFO - Processing /home/airflow/.local/lib/python3.12/site-packages/airflow/example_dags/example_sla_dag.py took 0.152 seconds
