[2024-07-15T15:00:43.810+0000] {processor.py:161} INFO - Started process (PID=45) to work on /home/airflow/.local/lib/python3.12/site-packages/airflow/example_dags/example_short_circuit_operator.py
[2024-07-15T15:00:43.817+0000] {processor.py:830} INFO - Processing file /home/airflow/.local/lib/python3.12/site-packages/airflow/example_dags/example_short_circuit_operator.py for tasks to queue
[2024-07-15T15:00:43.821+0000] {logging_mixin.py:188} INFO - [2024-07-15T15:00:43.821+0000] {dagbag.py:545} INFO - Filling up the DagBag from /home/airflow/.local/lib/python3.12/site-packages/airflow/example_dags/example_short_circuit_operator.py
[2024-07-15T15:00:43.861+0000] {processor.py:840} INFO - DAG(s) 'example_short_circuit_operator' retrieved from /home/airflow/.local/lib/python3.12/site-packages/airflow/example_dags/example_short_circuit_operator.py
[2024-07-15T15:00:43.958+0000] {logging_mixin.py:188} INFO - [2024-07-15T15:00:43.957+0000] {dag.py:3096} INFO - Sync 1 DAGs
[2024-07-15T15:00:44.026+0000] {logging_mixin.py:188} INFO - [2024-07-15T15:00:44.026+0000] {dag.py:3954} INFO - Setting next_dagrun for example_short_circuit_operator to 2024-07-14 00:00:00+00:00, run_after=2024-07-15 00:00:00+00:00
[2024-07-15T15:00:44.072+0000] {processor.py:183} INFO - Processing /home/airflow/.local/lib/python3.12/site-packages/airflow/example_dags/example_short_circuit_operator.py took 0.277 seconds
[2024-07-15T15:01:14.428+0000] {processor.py:161} INFO - Started process (PID=102) to work on /home/airflow/.local/lib/python3.12/site-packages/airflow/example_dags/example_short_circuit_operator.py
[2024-07-15T15:01:14.436+0000] {processor.py:830} INFO - Processing file /home/airflow/.local/lib/python3.12/site-packages/airflow/example_dags/example_short_circuit_operator.py for tasks to queue
[2024-07-15T15:01:14.441+0000] {logging_mixin.py:188} INFO - [2024-07-15T15:01:14.440+0000] {dagbag.py:545} INFO - Filling up the DagBag from /home/airflow/.local/lib/python3.12/site-packages/airflow/example_dags/example_short_circuit_operator.py
[2024-07-15T15:01:14.461+0000] {processor.py:840} INFO - DAG(s) 'example_short_circuit_operator' retrieved from /home/airflow/.local/lib/python3.12/site-packages/airflow/example_dags/example_short_circuit_operator.py
[2024-07-15T15:01:14.495+0000] {logging_mixin.py:188} INFO - [2024-07-15T15:01:14.495+0000] {dag.py:3096} INFO - Sync 1 DAGs
[2024-07-15T15:01:14.609+0000] {logging_mixin.py:188} INFO - [2024-07-15T15:01:14.608+0000] {dag.py:3954} INFO - Setting next_dagrun for example_short_circuit_operator to 2024-07-14 00:00:00+00:00, run_after=2024-07-15 00:00:00+00:00
[2024-07-15T15:01:14.684+0000] {processor.py:183} INFO - Processing /home/airflow/.local/lib/python3.12/site-packages/airflow/example_dags/example_short_circuit_operator.py took 0.262 seconds
[2024-07-15T15:01:45.410+0000] {processor.py:161} INFO - Started process (PID=160) to work on /home/airflow/.local/lib/python3.12/site-packages/airflow/example_dags/example_short_circuit_operator.py
[2024-07-15T15:01:45.410+0000] {processor.py:830} INFO - Processing file /home/airflow/.local/lib/python3.12/site-packages/airflow/example_dags/example_short_circuit_operator.py for tasks to queue
[2024-07-15T15:01:45.412+0000] {logging_mixin.py:188} INFO - [2024-07-15T15:01:45.412+0000] {dagbag.py:545} INFO - Filling up the DagBag from /home/airflow/.local/lib/python3.12/site-packages/airflow/example_dags/example_short_circuit_operator.py
[2024-07-15T15:01:45.417+0000] {processor.py:840} INFO - DAG(s) 'example_short_circuit_operator' retrieved from /home/airflow/.local/lib/python3.12/site-packages/airflow/example_dags/example_short_circuit_operator.py
[2024-07-15T15:01:45.439+0000] {logging_mixin.py:188} INFO - [2024-07-15T15:01:45.439+0000] {dag.py:3096} INFO - Sync 1 DAGs
[2024-07-15T15:01:45.458+0000] {logging_mixin.py:188} INFO - [2024-07-15T15:01:45.458+0000] {dag.py:3954} INFO - Setting next_dagrun for example_short_circuit_operator to 2024-07-14 00:00:00+00:00, run_after=2024-07-15 00:00:00+00:00
[2024-07-15T15:01:45.479+0000] {processor.py:183} INFO - Processing /home/airflow/.local/lib/python3.12/site-packages/airflow/example_dags/example_short_circuit_operator.py took 0.073 seconds
[2024-07-15T15:02:15.532+0000] {processor.py:161} INFO - Started process (PID=219) to work on /home/airflow/.local/lib/python3.12/site-packages/airflow/example_dags/example_short_circuit_operator.py
[2024-07-15T15:02:15.533+0000] {processor.py:830} INFO - Processing file /home/airflow/.local/lib/python3.12/site-packages/airflow/example_dags/example_short_circuit_operator.py for tasks to queue
[2024-07-15T15:02:15.534+0000] {logging_mixin.py:188} INFO - [2024-07-15T15:02:15.534+0000] {dagbag.py:545} INFO - Filling up the DagBag from /home/airflow/.local/lib/python3.12/site-packages/airflow/example_dags/example_short_circuit_operator.py
[2024-07-15T15:02:15.539+0000] {processor.py:840} INFO - DAG(s) 'example_short_circuit_operator' retrieved from /home/airflow/.local/lib/python3.12/site-packages/airflow/example_dags/example_short_circuit_operator.py
[2024-07-15T15:02:15.556+0000] {logging_mixin.py:188} INFO - [2024-07-15T15:02:15.556+0000] {dag.py:3096} INFO - Sync 1 DAGs
[2024-07-15T15:02:15.572+0000] {logging_mixin.py:188} INFO - [2024-07-15T15:02:15.571+0000] {dag.py:3954} INFO - Setting next_dagrun for example_short_circuit_operator to 2024-07-14 00:00:00+00:00, run_after=2024-07-15 00:00:00+00:00
[2024-07-15T15:02:15.591+0000] {processor.py:183} INFO - Processing /home/airflow/.local/lib/python3.12/site-packages/airflow/example_dags/example_short_circuit_operator.py took 0.063 seconds
[2024-07-15T15:02:46.135+0000] {processor.py:161} INFO - Started process (PID=276) to work on /home/airflow/.local/lib/python3.12/site-packages/airflow/example_dags/example_short_circuit_operator.py
[2024-07-15T15:02:46.136+0000] {processor.py:830} INFO - Processing file /home/airflow/.local/lib/python3.12/site-packages/airflow/example_dags/example_short_circuit_operator.py for tasks to queue
[2024-07-15T15:02:46.138+0000] {logging_mixin.py:188} INFO - [2024-07-15T15:02:46.138+0000] {dagbag.py:545} INFO - Filling up the DagBag from /home/airflow/.local/lib/python3.12/site-packages/airflow/example_dags/example_short_circuit_operator.py
[2024-07-15T15:02:46.146+0000] {processor.py:840} INFO - DAG(s) 'example_short_circuit_operator' retrieved from /home/airflow/.local/lib/python3.12/site-packages/airflow/example_dags/example_short_circuit_operator.py
[2024-07-15T15:02:46.174+0000] {logging_mixin.py:188} INFO - [2024-07-15T15:02:46.174+0000] {dag.py:3096} INFO - Sync 1 DAGs
[2024-07-15T15:02:46.199+0000] {logging_mixin.py:188} INFO - [2024-07-15T15:02:46.198+0000] {dag.py:3954} INFO - Setting next_dagrun for example_short_circuit_operator to 2024-07-14 00:00:00+00:00, run_after=2024-07-15 00:00:00+00:00
[2024-07-15T15:02:46.222+0000] {processor.py:183} INFO - Processing /home/airflow/.local/lib/python3.12/site-packages/airflow/example_dags/example_short_circuit_operator.py took 0.093 seconds
[2024-07-15T15:03:16.307+0000] {processor.py:161} INFO - Started process (PID=335) to work on /home/airflow/.local/lib/python3.12/site-packages/airflow/example_dags/example_short_circuit_operator.py
[2024-07-15T15:03:16.308+0000] {processor.py:830} INFO - Processing file /home/airflow/.local/lib/python3.12/site-packages/airflow/example_dags/example_short_circuit_operator.py for tasks to queue
[2024-07-15T15:03:16.309+0000] {logging_mixin.py:188} INFO - [2024-07-15T15:03:16.309+0000] {dagbag.py:545} INFO - Filling up the DagBag from /home/airflow/.local/lib/python3.12/site-packages/airflow/example_dags/example_short_circuit_operator.py
[2024-07-15T15:03:16.315+0000] {processor.py:840} INFO - DAG(s) 'example_short_circuit_operator' retrieved from /home/airflow/.local/lib/python3.12/site-packages/airflow/example_dags/example_short_circuit_operator.py
[2024-07-15T15:03:16.332+0000] {logging_mixin.py:188} INFO - [2024-07-15T15:03:16.332+0000] {dag.py:3096} INFO - Sync 1 DAGs
[2024-07-15T15:03:16.348+0000] {logging_mixin.py:188} INFO - [2024-07-15T15:03:16.348+0000] {dag.py:3954} INFO - Setting next_dagrun for example_short_circuit_operator to 2024-07-14 00:00:00+00:00, run_after=2024-07-15 00:00:00+00:00
[2024-07-15T15:03:16.366+0000] {processor.py:183} INFO - Processing /home/airflow/.local/lib/python3.12/site-packages/airflow/example_dags/example_short_circuit_operator.py took 0.064 seconds
[2024-07-15T15:03:46.745+0000] {processor.py:161} INFO - Started process (PID=393) to work on /home/airflow/.local/lib/python3.12/site-packages/airflow/example_dags/example_short_circuit_operator.py
[2024-07-15T15:03:46.746+0000] {processor.py:830} INFO - Processing file /home/airflow/.local/lib/python3.12/site-packages/airflow/example_dags/example_short_circuit_operator.py for tasks to queue
[2024-07-15T15:03:46.747+0000] {logging_mixin.py:188} INFO - [2024-07-15T15:03:46.747+0000] {dagbag.py:545} INFO - Filling up the DagBag from /home/airflow/.local/lib/python3.12/site-packages/airflow/example_dags/example_short_circuit_operator.py
[2024-07-15T15:03:46.752+0000] {processor.py:840} INFO - DAG(s) 'example_short_circuit_operator' retrieved from /home/airflow/.local/lib/python3.12/site-packages/airflow/example_dags/example_short_circuit_operator.py
[2024-07-15T15:03:46.775+0000] {logging_mixin.py:188} INFO - [2024-07-15T15:03:46.775+0000] {dag.py:3096} INFO - Sync 1 DAGs
[2024-07-15T15:03:46.791+0000] {logging_mixin.py:188} INFO - [2024-07-15T15:03:46.791+0000] {dag.py:3954} INFO - Setting next_dagrun for example_short_circuit_operator to 2024-07-14 00:00:00+00:00, run_after=2024-07-15 00:00:00+00:00
[2024-07-15T15:03:46.810+0000] {processor.py:183} INFO - Processing /home/airflow/.local/lib/python3.12/site-packages/airflow/example_dags/example_short_circuit_operator.py took 0.069 seconds
[2024-07-15T15:04:17.151+0000] {processor.py:161} INFO - Started process (PID=451) to work on /home/airflow/.local/lib/python3.12/site-packages/airflow/example_dags/example_short_circuit_operator.py
[2024-07-15T15:04:17.152+0000] {processor.py:830} INFO - Processing file /home/airflow/.local/lib/python3.12/site-packages/airflow/example_dags/example_short_circuit_operator.py for tasks to queue
[2024-07-15T15:04:17.154+0000] {logging_mixin.py:188} INFO - [2024-07-15T15:04:17.154+0000] {dagbag.py:545} INFO - Filling up the DagBag from /home/airflow/.local/lib/python3.12/site-packages/airflow/example_dags/example_short_circuit_operator.py
[2024-07-15T15:04:17.165+0000] {processor.py:840} INFO - DAG(s) 'example_short_circuit_operator' retrieved from /home/airflow/.local/lib/python3.12/site-packages/airflow/example_dags/example_short_circuit_operator.py
[2024-07-15T15:04:17.191+0000] {logging_mixin.py:188} INFO - [2024-07-15T15:04:17.191+0000] {dag.py:3096} INFO - Sync 1 DAGs
[2024-07-15T15:04:17.221+0000] {logging_mixin.py:188} INFO - [2024-07-15T15:04:17.221+0000] {dag.py:3954} INFO - Setting next_dagrun for example_short_circuit_operator to 2024-07-14 00:00:00+00:00, run_after=2024-07-15 00:00:00+00:00
[2024-07-15T15:04:17.245+0000] {processor.py:183} INFO - Processing /home/airflow/.local/lib/python3.12/site-packages/airflow/example_dags/example_short_circuit_operator.py took 0.101 seconds
[2024-07-15T15:04:47.610+0000] {processor.py:161} INFO - Started process (PID=509) to work on /home/airflow/.local/lib/python3.12/site-packages/airflow/example_dags/example_short_circuit_operator.py
[2024-07-15T15:04:47.611+0000] {processor.py:830} INFO - Processing file /home/airflow/.local/lib/python3.12/site-packages/airflow/example_dags/example_short_circuit_operator.py for tasks to queue
[2024-07-15T15:04:47.613+0000] {logging_mixin.py:188} INFO - [2024-07-15T15:04:47.613+0000] {dagbag.py:545} INFO - Filling up the DagBag from /home/airflow/.local/lib/python3.12/site-packages/airflow/example_dags/example_short_circuit_operator.py
[2024-07-15T15:04:47.619+0000] {processor.py:840} INFO - DAG(s) 'example_short_circuit_operator' retrieved from /home/airflow/.local/lib/python3.12/site-packages/airflow/example_dags/example_short_circuit_operator.py
[2024-07-15T15:04:47.637+0000] {logging_mixin.py:188} INFO - [2024-07-15T15:04:47.637+0000] {dag.py:3096} INFO - Sync 1 DAGs
[2024-07-15T15:04:47.654+0000] {logging_mixin.py:188} INFO - [2024-07-15T15:04:47.654+0000] {dag.py:3954} INFO - Setting next_dagrun for example_short_circuit_operator to 2024-07-14 00:00:00+00:00, run_after=2024-07-15 00:00:00+00:00
[2024-07-15T15:04:47.673+0000] {processor.py:183} INFO - Processing /home/airflow/.local/lib/python3.12/site-packages/airflow/example_dags/example_short_circuit_operator.py took 0.068 seconds
[2024-07-15T15:05:18.167+0000] {processor.py:161} INFO - Started process (PID=567) to work on /home/airflow/.local/lib/python3.12/site-packages/airflow/example_dags/example_short_circuit_operator.py
[2024-07-15T15:05:18.168+0000] {processor.py:830} INFO - Processing file /home/airflow/.local/lib/python3.12/site-packages/airflow/example_dags/example_short_circuit_operator.py for tasks to queue
[2024-07-15T15:05:18.170+0000] {logging_mixin.py:188} INFO - [2024-07-15T15:05:18.170+0000] {dagbag.py:545} INFO - Filling up the DagBag from /home/airflow/.local/lib/python3.12/site-packages/airflow/example_dags/example_short_circuit_operator.py
[2024-07-15T15:05:18.178+0000] {processor.py:840} INFO - DAG(s) 'example_short_circuit_operator' retrieved from /home/airflow/.local/lib/python3.12/site-packages/airflow/example_dags/example_short_circuit_operator.py
[2024-07-15T15:05:18.204+0000] {logging_mixin.py:188} INFO - [2024-07-15T15:05:18.203+0000] {dag.py:3096} INFO - Sync 1 DAGs
[2024-07-15T15:05:18.224+0000] {logging_mixin.py:188} INFO - [2024-07-15T15:05:18.223+0000] {dag.py:3954} INFO - Setting next_dagrun for example_short_circuit_operator to 2024-07-14 00:00:00+00:00, run_after=2024-07-15 00:00:00+00:00
[2024-07-15T15:05:18.245+0000] {processor.py:183} INFO - Processing /home/airflow/.local/lib/python3.12/site-packages/airflow/example_dags/example_short_circuit_operator.py took 0.084 seconds
[2024-07-15T15:05:49.340+0000] {processor.py:161} INFO - Started process (PID=625) to work on /home/airflow/.local/lib/python3.12/site-packages/airflow/example_dags/example_short_circuit_operator.py
[2024-07-15T15:05:49.341+0000] {processor.py:830} INFO - Processing file /home/airflow/.local/lib/python3.12/site-packages/airflow/example_dags/example_short_circuit_operator.py for tasks to queue
[2024-07-15T15:05:49.343+0000] {logging_mixin.py:188} INFO - [2024-07-15T15:05:49.342+0000] {dagbag.py:545} INFO - Filling up the DagBag from /home/airflow/.local/lib/python3.12/site-packages/airflow/example_dags/example_short_circuit_operator.py
[2024-07-15T15:05:49.350+0000] {processor.py:840} INFO - DAG(s) 'example_short_circuit_operator' retrieved from /home/airflow/.local/lib/python3.12/site-packages/airflow/example_dags/example_short_circuit_operator.py
[2024-07-15T15:05:49.374+0000] {logging_mixin.py:188} INFO - [2024-07-15T15:05:49.373+0000] {dag.py:3096} INFO - Sync 1 DAGs
[2024-07-15T15:05:49.398+0000] {logging_mixin.py:188} INFO - [2024-07-15T15:05:49.397+0000] {dag.py:3954} INFO - Setting next_dagrun for example_short_circuit_operator to 2024-07-14 00:00:00+00:00, run_after=2024-07-15 00:00:00+00:00
[2024-07-15T15:05:49.420+0000] {processor.py:183} INFO - Processing /home/airflow/.local/lib/python3.12/site-packages/airflow/example_dags/example_short_circuit_operator.py took 0.086 seconds
[2024-07-15T15:06:20.050+0000] {processor.py:161} INFO - Started process (PID=683) to work on /home/airflow/.local/lib/python3.12/site-packages/airflow/example_dags/example_short_circuit_operator.py
[2024-07-15T15:06:20.050+0000] {processor.py:830} INFO - Processing file /home/airflow/.local/lib/python3.12/site-packages/airflow/example_dags/example_short_circuit_operator.py for tasks to queue
[2024-07-15T15:06:20.052+0000] {logging_mixin.py:188} INFO - [2024-07-15T15:06:20.052+0000] {dagbag.py:545} INFO - Filling up the DagBag from /home/airflow/.local/lib/python3.12/site-packages/airflow/example_dags/example_short_circuit_operator.py
[2024-07-15T15:06:20.060+0000] {processor.py:840} INFO - DAG(s) 'example_short_circuit_operator' retrieved from /home/airflow/.local/lib/python3.12/site-packages/airflow/example_dags/example_short_circuit_operator.py
[2024-07-15T15:06:20.085+0000] {logging_mixin.py:188} INFO - [2024-07-15T15:06:20.085+0000] {dag.py:3096} INFO - Sync 1 DAGs
[2024-07-15T15:06:20.108+0000] {logging_mixin.py:188} INFO - [2024-07-15T15:06:20.108+0000] {dag.py:3954} INFO - Setting next_dagrun for example_short_circuit_operator to 2024-07-14 00:00:00+00:00, run_after=2024-07-15 00:00:00+00:00
[2024-07-15T15:06:20.130+0000] {processor.py:183} INFO - Processing /home/airflow/.local/lib/python3.12/site-packages/airflow/example_dags/example_short_circuit_operator.py took 0.086 seconds
[2024-07-15T15:06:51.394+0000] {processor.py:161} INFO - Started process (PID=741) to work on /home/airflow/.local/lib/python3.12/site-packages/airflow/example_dags/example_short_circuit_operator.py
[2024-07-15T15:06:51.406+0000] {processor.py:830} INFO - Processing file /home/airflow/.local/lib/python3.12/site-packages/airflow/example_dags/example_short_circuit_operator.py for tasks to queue
[2024-07-15T15:06:51.408+0000] {logging_mixin.py:188} INFO - [2024-07-15T15:06:51.407+0000] {dagbag.py:545} INFO - Filling up the DagBag from /home/airflow/.local/lib/python3.12/site-packages/airflow/example_dags/example_short_circuit_operator.py
[2024-07-15T15:06:51.427+0000] {processor.py:840} INFO - DAG(s) 'example_short_circuit_operator' retrieved from /home/airflow/.local/lib/python3.12/site-packages/airflow/example_dags/example_short_circuit_operator.py
[2024-07-15T15:06:51.460+0000] {logging_mixin.py:188} INFO - [2024-07-15T15:06:51.456+0000] {dag.py:3096} INFO - Sync 1 DAGs
[2024-07-15T15:06:51.519+0000] {logging_mixin.py:188} INFO - [2024-07-15T15:06:51.519+0000] {dag.py:3954} INFO - Setting next_dagrun for example_short_circuit_operator to 2024-07-14 00:00:00+00:00, run_after=2024-07-15 00:00:00+00:00
[2024-07-15T15:06:51.543+0000] {processor.py:183} INFO - Processing /home/airflow/.local/lib/python3.12/site-packages/airflow/example_dags/example_short_circuit_operator.py took 0.171 seconds
[2024-07-15T15:07:21.740+0000] {processor.py:161} INFO - Started process (PID=799) to work on /home/airflow/.local/lib/python3.12/site-packages/airflow/example_dags/example_short_circuit_operator.py
[2024-07-15T15:07:21.741+0000] {processor.py:830} INFO - Processing file /home/airflow/.local/lib/python3.12/site-packages/airflow/example_dags/example_short_circuit_operator.py for tasks to queue
[2024-07-15T15:07:21.743+0000] {logging_mixin.py:188} INFO - [2024-07-15T15:07:21.743+0000] {dagbag.py:545} INFO - Filling up the DagBag from /home/airflow/.local/lib/python3.12/site-packages/airflow/example_dags/example_short_circuit_operator.py
[2024-07-15T15:07:21.752+0000] {processor.py:840} INFO - DAG(s) 'example_short_circuit_operator' retrieved from /home/airflow/.local/lib/python3.12/site-packages/airflow/example_dags/example_short_circuit_operator.py
[2024-07-15T15:07:21.778+0000] {logging_mixin.py:188} INFO - [2024-07-15T15:07:21.778+0000] {dag.py:3096} INFO - Sync 1 DAGs
[2024-07-15T15:07:21.817+0000] {logging_mixin.py:188} INFO - [2024-07-15T15:07:21.817+0000] {dag.py:3954} INFO - Setting next_dagrun for example_short_circuit_operator to 2024-07-14 00:00:00+00:00, run_after=2024-07-15 00:00:00+00:00
[2024-07-15T15:07:21.899+0000] {processor.py:183} INFO - Processing /home/airflow/.local/lib/python3.12/site-packages/airflow/example_dags/example_short_circuit_operator.py took 0.165 seconds
