[2024-07-15T15:00:43.581+0000] {processor.py:161} INFO - Started process (PID=44) to work on /home/airflow/.local/lib/python3.12/site-packages/airflow/example_dags/example_skip_dag.py
[2024-07-15T15:00:43.618+0000] {processor.py:830} INFO - Processing file /home/airflow/.local/lib/python3.12/site-packages/airflow/example_dags/example_skip_dag.py for tasks to queue
[2024-07-15T15:00:43.621+0000] {logging_mixin.py:188} INFO - [2024-07-15T15:00:43.621+0000] {dagbag.py:545} INFO - Filling up the DagBag from /home/airflow/.local/lib/python3.12/site-packages/airflow/example_dags/example_skip_dag.py
[2024-07-15T15:00:43.660+0000] {processor.py:840} INFO - DAG(s) 'example_skip_dag' retrieved from /home/airflow/.local/lib/python3.12/site-packages/airflow/example_dags/example_skip_dag.py
[2024-07-15T15:00:43.751+0000] {logging_mixin.py:188} INFO - [2024-07-15T15:00:43.747+0000] {dag.py:3096} INFO - Sync 1 DAGs
[2024-07-15T15:00:43.859+0000] {logging_mixin.py:188} INFO - [2024-07-15T15:00:43.859+0000] {dag.py:3954} INFO - Setting next_dagrun for example_skip_dag to 2024-07-14 00:00:00+00:00, run_after=2024-07-15 00:00:00+00:00
[2024-07-15T15:00:43.914+0000] {processor.py:183} INFO - Processing /home/airflow/.local/lib/python3.12/site-packages/airflow/example_dags/example_skip_dag.py took 0.362 seconds
[2024-07-15T15:01:14.325+0000] {processor.py:161} INFO - Started process (PID=101) to work on /home/airflow/.local/lib/python3.12/site-packages/airflow/example_dags/example_skip_dag.py
[2024-07-15T15:01:14.335+0000] {processor.py:830} INFO - Processing file /home/airflow/.local/lib/python3.12/site-packages/airflow/example_dags/example_skip_dag.py for tasks to queue
[2024-07-15T15:01:14.337+0000] {logging_mixin.py:188} INFO - [2024-07-15T15:01:14.336+0000] {dagbag.py:545} INFO - Filling up the DagBag from /home/airflow/.local/lib/python3.12/site-packages/airflow/example_dags/example_skip_dag.py
[2024-07-15T15:01:14.362+0000] {processor.py:840} INFO - DAG(s) 'example_skip_dag' retrieved from /home/airflow/.local/lib/python3.12/site-packages/airflow/example_dags/example_skip_dag.py
[2024-07-15T15:01:14.430+0000] {logging_mixin.py:188} INFO - [2024-07-15T15:01:14.429+0000] {dag.py:3096} INFO - Sync 1 DAGs
[2024-07-15T15:01:14.496+0000] {logging_mixin.py:188} INFO - [2024-07-15T15:01:14.496+0000] {dag.py:3954} INFO - Setting next_dagrun for example_skip_dag to 2024-07-14 00:00:00+00:00, run_after=2024-07-15 00:00:00+00:00
[2024-07-15T15:01:14.553+0000] {processor.py:183} INFO - Processing /home/airflow/.local/lib/python3.12/site-packages/airflow/example_dags/example_skip_dag.py took 0.257 seconds
[2024-07-15T15:01:45.308+0000] {processor.py:161} INFO - Started process (PID=159) to work on /home/airflow/.local/lib/python3.12/site-packages/airflow/example_dags/example_skip_dag.py
[2024-07-15T15:01:45.309+0000] {processor.py:830} INFO - Processing file /home/airflow/.local/lib/python3.12/site-packages/airflow/example_dags/example_skip_dag.py for tasks to queue
[2024-07-15T15:01:45.311+0000] {logging_mixin.py:188} INFO - [2024-07-15T15:01:45.311+0000] {dagbag.py:545} INFO - Filling up the DagBag from /home/airflow/.local/lib/python3.12/site-packages/airflow/example_dags/example_skip_dag.py
[2024-07-15T15:01:45.318+0000] {processor.py:840} INFO - DAG(s) 'example_skip_dag' retrieved from /home/airflow/.local/lib/python3.12/site-packages/airflow/example_dags/example_skip_dag.py
[2024-07-15T15:01:45.341+0000] {logging_mixin.py:188} INFO - [2024-07-15T15:01:45.341+0000] {dag.py:3096} INFO - Sync 1 DAGs
[2024-07-15T15:01:45.364+0000] {logging_mixin.py:188} INFO - [2024-07-15T15:01:45.364+0000] {dag.py:3954} INFO - Setting next_dagrun for example_skip_dag to 2024-07-14 00:00:00+00:00, run_after=2024-07-15 00:00:00+00:00
[2024-07-15T15:01:45.391+0000] {processor.py:183} INFO - Processing /home/airflow/.local/lib/python3.12/site-packages/airflow/example_dags/example_skip_dag.py took 0.088 seconds
[2024-07-15T15:02:15.434+0000] {processor.py:161} INFO - Started process (PID=218) to work on /home/airflow/.local/lib/python3.12/site-packages/airflow/example_dags/example_skip_dag.py
[2024-07-15T15:02:15.434+0000] {processor.py:830} INFO - Processing file /home/airflow/.local/lib/python3.12/site-packages/airflow/example_dags/example_skip_dag.py for tasks to queue
[2024-07-15T15:02:15.436+0000] {logging_mixin.py:188} INFO - [2024-07-15T15:02:15.436+0000] {dagbag.py:545} INFO - Filling up the DagBag from /home/airflow/.local/lib/python3.12/site-packages/airflow/example_dags/example_skip_dag.py
[2024-07-15T15:02:15.443+0000] {processor.py:840} INFO - DAG(s) 'example_skip_dag' retrieved from /home/airflow/.local/lib/python3.12/site-packages/airflow/example_dags/example_skip_dag.py
[2024-07-15T15:02:15.466+0000] {logging_mixin.py:188} INFO - [2024-07-15T15:02:15.465+0000] {dag.py:3096} INFO - Sync 1 DAGs
[2024-07-15T15:02:15.489+0000] {logging_mixin.py:188} INFO - [2024-07-15T15:02:15.489+0000] {dag.py:3954} INFO - Setting next_dagrun for example_skip_dag to 2024-07-14 00:00:00+00:00, run_after=2024-07-15 00:00:00+00:00
[2024-07-15T15:02:15.510+0000] {processor.py:183} INFO - Processing /home/airflow/.local/lib/python3.12/site-packages/airflow/example_dags/example_skip_dag.py took 0.083 seconds
[2024-07-15T15:02:46.001+0000] {processor.py:161} INFO - Started process (PID=275) to work on /home/airflow/.local/lib/python3.12/site-packages/airflow/example_dags/example_skip_dag.py
[2024-07-15T15:02:46.002+0000] {processor.py:830} INFO - Processing file /home/airflow/.local/lib/python3.12/site-packages/airflow/example_dags/example_skip_dag.py for tasks to queue
[2024-07-15T15:02:46.004+0000] {logging_mixin.py:188} INFO - [2024-07-15T15:02:46.004+0000] {dagbag.py:545} INFO - Filling up the DagBag from /home/airflow/.local/lib/python3.12/site-packages/airflow/example_dags/example_skip_dag.py
[2024-07-15T15:02:46.011+0000] {processor.py:840} INFO - DAG(s) 'example_skip_dag' retrieved from /home/airflow/.local/lib/python3.12/site-packages/airflow/example_dags/example_skip_dag.py
[2024-07-15T15:02:46.039+0000] {logging_mixin.py:188} INFO - [2024-07-15T15:02:46.039+0000] {dag.py:3096} INFO - Sync 1 DAGs
[2024-07-15T15:02:46.076+0000] {logging_mixin.py:188} INFO - [2024-07-15T15:02:46.076+0000] {dag.py:3954} INFO - Setting next_dagrun for example_skip_dag to 2024-07-14 00:00:00+00:00, run_after=2024-07-15 00:00:00+00:00
[2024-07-15T15:02:46.115+0000] {processor.py:183} INFO - Processing /home/airflow/.local/lib/python3.12/site-packages/airflow/example_dags/example_skip_dag.py took 0.120 seconds
[2024-07-15T15:03:16.196+0000] {processor.py:161} INFO - Started process (PID=334) to work on /home/airflow/.local/lib/python3.12/site-packages/airflow/example_dags/example_skip_dag.py
[2024-07-15T15:03:16.197+0000] {processor.py:830} INFO - Processing file /home/airflow/.local/lib/python3.12/site-packages/airflow/example_dags/example_skip_dag.py for tasks to queue
[2024-07-15T15:03:16.199+0000] {logging_mixin.py:188} INFO - [2024-07-15T15:03:16.199+0000] {dagbag.py:545} INFO - Filling up the DagBag from /home/airflow/.local/lib/python3.12/site-packages/airflow/example_dags/example_skip_dag.py
[2024-07-15T15:03:16.207+0000] {processor.py:840} INFO - DAG(s) 'example_skip_dag' retrieved from /home/airflow/.local/lib/python3.12/site-packages/airflow/example_dags/example_skip_dag.py
[2024-07-15T15:03:16.228+0000] {logging_mixin.py:188} INFO - [2024-07-15T15:03:16.228+0000] {dag.py:3096} INFO - Sync 1 DAGs
[2024-07-15T15:03:16.258+0000] {logging_mixin.py:188} INFO - [2024-07-15T15:03:16.258+0000] {dag.py:3954} INFO - Setting next_dagrun for example_skip_dag to 2024-07-14 00:00:00+00:00, run_after=2024-07-15 00:00:00+00:00
[2024-07-15T15:03:16.288+0000] {processor.py:183} INFO - Processing /home/airflow/.local/lib/python3.12/site-packages/airflow/example_dags/example_skip_dag.py took 0.098 seconds
[2024-07-15T15:03:46.664+0000] {processor.py:161} INFO - Started process (PID=392) to work on /home/airflow/.local/lib/python3.12/site-packages/airflow/example_dags/example_skip_dag.py
[2024-07-15T15:03:46.665+0000] {processor.py:830} INFO - Processing file /home/airflow/.local/lib/python3.12/site-packages/airflow/example_dags/example_skip_dag.py for tasks to queue
[2024-07-15T15:03:46.666+0000] {logging_mixin.py:188} INFO - [2024-07-15T15:03:46.666+0000] {dagbag.py:545} INFO - Filling up the DagBag from /home/airflow/.local/lib/python3.12/site-packages/airflow/example_dags/example_skip_dag.py
[2024-07-15T15:03:46.671+0000] {processor.py:840} INFO - DAG(s) 'example_skip_dag' retrieved from /home/airflow/.local/lib/python3.12/site-packages/airflow/example_dags/example_skip_dag.py
[2024-07-15T15:03:46.687+0000] {logging_mixin.py:188} INFO - [2024-07-15T15:03:46.687+0000] {dag.py:3096} INFO - Sync 1 DAGs
[2024-07-15T15:03:46.703+0000] {logging_mixin.py:188} INFO - [2024-07-15T15:03:46.703+0000] {dag.py:3954} INFO - Setting next_dagrun for example_skip_dag to 2024-07-14 00:00:00+00:00, run_after=2024-07-15 00:00:00+00:00
[2024-07-15T15:03:46.722+0000] {processor.py:183} INFO - Processing /home/airflow/.local/lib/python3.12/site-packages/airflow/example_dags/example_skip_dag.py took 0.062 seconds
[2024-07-15T15:04:16.994+0000] {processor.py:161} INFO - Started process (PID=450) to work on /home/airflow/.local/lib/python3.12/site-packages/airflow/example_dags/example_skip_dag.py
[2024-07-15T15:04:16.994+0000] {processor.py:830} INFO - Processing file /home/airflow/.local/lib/python3.12/site-packages/airflow/example_dags/example_skip_dag.py for tasks to queue
[2024-07-15T15:04:16.996+0000] {logging_mixin.py:188} INFO - [2024-07-15T15:04:16.996+0000] {dagbag.py:545} INFO - Filling up the DagBag from /home/airflow/.local/lib/python3.12/site-packages/airflow/example_dags/example_skip_dag.py
[2024-07-15T15:04:17.003+0000] {processor.py:840} INFO - DAG(s) 'example_skip_dag' retrieved from /home/airflow/.local/lib/python3.12/site-packages/airflow/example_dags/example_skip_dag.py
[2024-07-15T15:04:17.030+0000] {logging_mixin.py:188} INFO - [2024-07-15T15:04:17.029+0000] {dag.py:3096} INFO - Sync 1 DAGs
[2024-07-15T15:04:17.092+0000] {logging_mixin.py:188} INFO - [2024-07-15T15:04:17.067+0000] {dag.py:3954} INFO - Setting next_dagrun for example_skip_dag to 2024-07-14 00:00:00+00:00, run_after=2024-07-15 00:00:00+00:00
[2024-07-15T15:04:17.160+0000] {processor.py:183} INFO - Processing /home/airflow/.local/lib/python3.12/site-packages/airflow/example_dags/example_skip_dag.py took 0.172 seconds
[2024-07-15T15:04:47.520+0000] {processor.py:161} INFO - Started process (PID=508) to work on /home/airflow/.local/lib/python3.12/site-packages/airflow/example_dags/example_skip_dag.py
[2024-07-15T15:04:47.521+0000] {processor.py:830} INFO - Processing file /home/airflow/.local/lib/python3.12/site-packages/airflow/example_dags/example_skip_dag.py for tasks to queue
[2024-07-15T15:04:47.523+0000] {logging_mixin.py:188} INFO - [2024-07-15T15:04:47.523+0000] {dagbag.py:545} INFO - Filling up the DagBag from /home/airflow/.local/lib/python3.12/site-packages/airflow/example_dags/example_skip_dag.py
[2024-07-15T15:04:47.530+0000] {processor.py:840} INFO - DAG(s) 'example_skip_dag' retrieved from /home/airflow/.local/lib/python3.12/site-packages/airflow/example_dags/example_skip_dag.py
[2024-07-15T15:04:47.555+0000] {logging_mixin.py:188} INFO - [2024-07-15T15:04:47.554+0000] {dag.py:3096} INFO - Sync 1 DAGs
[2024-07-15T15:04:47.576+0000] {logging_mixin.py:188} INFO - [2024-07-15T15:04:47.576+0000] {dag.py:3954} INFO - Setting next_dagrun for example_skip_dag to 2024-07-14 00:00:00+00:00, run_after=2024-07-15 00:00:00+00:00
[2024-07-15T15:04:47.598+0000] {processor.py:183} INFO - Processing /home/airflow/.local/lib/python3.12/site-packages/airflow/example_dags/example_skip_dag.py took 0.084 seconds
