[2024-07-15T15:00:46.593+0000] {processor.py:161} INFO - Started process (PID=62) to work on /home/airflow/.local/lib/python3.12/site-packages/airflow/example_dags/example_dag_decorator.py
[2024-07-15T15:00:46.600+0000] {processor.py:830} INFO - Processing file /home/airflow/.local/lib/python3.12/site-packages/airflow/example_dags/example_dag_decorator.py for tasks to queue
[2024-07-15T15:00:46.610+0000] {logging_mixin.py:188} INFO - [2024-07-15T15:00:46.609+0000] {dagbag.py:545} INFO - Filling up the DagBag from /home/airflow/.local/lib/python3.12/site-packages/airflow/example_dags/example_dag_decorator.py
[2024-07-15T15:00:47.108+0000] {processor.py:840} INFO - DAG(s) 'example_dag_decorator' retrieved from /home/airflow/.local/lib/python3.12/site-packages/airflow/example_dags/example_dag_decorator.py
[2024-07-15T15:00:47.305+0000] {logging_mixin.py:188} INFO - [2024-07-15T15:00:47.304+0000] {dag.py:3096} INFO - Sync 1 DAGs
[2024-07-15T15:00:47.359+0000] {logging_mixin.py:188} INFO - [2024-07-15T15:00:47.359+0000] {dag.py:3954} INFO - Setting next_dagrun for example_dag_decorator to None, run_after=None
[2024-07-15T15:00:47.402+0000] {processor.py:183} INFO - Processing /home/airflow/.local/lib/python3.12/site-packages/airflow/example_dags/example_dag_decorator.py took 0.830 seconds
[2024-07-15T15:01:18.434+0000] {processor.py:161} INFO - Started process (PID=119) to work on /home/airflow/.local/lib/python3.12/site-packages/airflow/example_dags/example_dag_decorator.py
[2024-07-15T15:01:18.435+0000] {processor.py:830} INFO - Processing file /home/airflow/.local/lib/python3.12/site-packages/airflow/example_dags/example_dag_decorator.py for tasks to queue
[2024-07-15T15:01:18.438+0000] {logging_mixin.py:188} INFO - [2024-07-15T15:01:18.437+0000] {dagbag.py:545} INFO - Filling up the DagBag from /home/airflow/.local/lib/python3.12/site-packages/airflow/example_dags/example_dag_decorator.py
[2024-07-15T15:01:18.559+0000] {processor.py:840} INFO - DAG(s) 'example_dag_decorator' retrieved from /home/airflow/.local/lib/python3.12/site-packages/airflow/example_dags/example_dag_decorator.py
[2024-07-15T15:01:18.793+0000] {logging_mixin.py:188} INFO - [2024-07-15T15:01:18.793+0000] {dag.py:3096} INFO - Sync 1 DAGs
[2024-07-15T15:01:18.833+0000] {logging_mixin.py:188} INFO - [2024-07-15T15:01:18.833+0000] {dag.py:3954} INFO - Setting next_dagrun for example_dag_decorator to None, run_after=None
[2024-07-15T15:01:18.872+0000] {processor.py:183} INFO - Processing /home/airflow/.local/lib/python3.12/site-packages/airflow/example_dags/example_dag_decorator.py took 0.446 seconds
[2024-07-15T15:01:48.960+0000] {processor.py:161} INFO - Started process (PID=177) to work on /home/airflow/.local/lib/python3.12/site-packages/airflow/example_dags/example_dag_decorator.py
[2024-07-15T15:01:48.969+0000] {processor.py:830} INFO - Processing file /home/airflow/.local/lib/python3.12/site-packages/airflow/example_dags/example_dag_decorator.py for tasks to queue
[2024-07-15T15:01:48.971+0000] {logging_mixin.py:188} INFO - [2024-07-15T15:01:48.971+0000] {dagbag.py:545} INFO - Filling up the DagBag from /home/airflow/.local/lib/python3.12/site-packages/airflow/example_dags/example_dag_decorator.py
[2024-07-15T15:01:49.235+0000] {processor.py:840} INFO - DAG(s) 'example_dag_decorator' retrieved from /home/airflow/.local/lib/python3.12/site-packages/airflow/example_dags/example_dag_decorator.py
[2024-07-15T15:01:49.451+0000] {logging_mixin.py:188} INFO - [2024-07-15T15:01:49.450+0000] {dag.py:3096} INFO - Sync 1 DAGs
[2024-07-15T15:01:49.463+0000] {logging_mixin.py:188} INFO - [2024-07-15T15:01:49.463+0000] {dag.py:3954} INFO - Setting next_dagrun for example_dag_decorator to None, run_after=None
[2024-07-15T15:01:49.507+0000] {processor.py:183} INFO - Processing /home/airflow/.local/lib/python3.12/site-packages/airflow/example_dags/example_dag_decorator.py took 0.552 seconds
[2024-07-15T15:02:19.634+0000] {processor.py:161} INFO - Started process (PID=236) to work on /home/airflow/.local/lib/python3.12/site-packages/airflow/example_dags/example_dag_decorator.py
[2024-07-15T15:02:19.634+0000] {processor.py:830} INFO - Processing file /home/airflow/.local/lib/python3.12/site-packages/airflow/example_dags/example_dag_decorator.py for tasks to queue
[2024-07-15T15:02:19.635+0000] {logging_mixin.py:188} INFO - [2024-07-15T15:02:19.635+0000] {dagbag.py:545} INFO - Filling up the DagBag from /home/airflow/.local/lib/python3.12/site-packages/airflow/example_dags/example_dag_decorator.py
[2024-07-15T15:02:19.757+0000] {processor.py:840} INFO - DAG(s) 'example_dag_decorator' retrieved from /home/airflow/.local/lib/python3.12/site-packages/airflow/example_dags/example_dag_decorator.py
[2024-07-15T15:02:19.899+0000] {logging_mixin.py:188} INFO - [2024-07-15T15:02:19.898+0000] {dag.py:3096} INFO - Sync 1 DAGs
[2024-07-15T15:02:19.910+0000] {logging_mixin.py:188} INFO - [2024-07-15T15:02:19.910+0000] {dag.py:3954} INFO - Setting next_dagrun for example_dag_decorator to None, run_after=None
[2024-07-15T15:02:19.932+0000] {processor.py:183} INFO - Processing /home/airflow/.local/lib/python3.12/site-packages/airflow/example_dags/example_dag_decorator.py took 0.304 seconds
[2024-07-15T15:02:50.036+0000] {processor.py:161} INFO - Started process (PID=293) to work on /home/airflow/.local/lib/python3.12/site-packages/airflow/example_dags/example_dag_decorator.py
[2024-07-15T15:02:50.037+0000] {processor.py:830} INFO - Processing file /home/airflow/.local/lib/python3.12/site-packages/airflow/example_dags/example_dag_decorator.py for tasks to queue
[2024-07-15T15:02:50.039+0000] {logging_mixin.py:188} INFO - [2024-07-15T15:02:50.038+0000] {dagbag.py:545} INFO - Filling up the DagBag from /home/airflow/.local/lib/python3.12/site-packages/airflow/example_dags/example_dag_decorator.py
[2024-07-15T15:02:50.175+0000] {processor.py:840} INFO - DAG(s) 'example_dag_decorator' retrieved from /home/airflow/.local/lib/python3.12/site-packages/airflow/example_dags/example_dag_decorator.py
[2024-07-15T15:02:50.315+0000] {logging_mixin.py:188} INFO - [2024-07-15T15:02:50.314+0000] {dag.py:3096} INFO - Sync 1 DAGs
[2024-07-15T15:02:50.327+0000] {logging_mixin.py:188} INFO - [2024-07-15T15:02:50.327+0000] {dag.py:3954} INFO - Setting next_dagrun for example_dag_decorator to None, run_after=None
[2024-07-15T15:02:50.348+0000] {processor.py:183} INFO - Processing /home/airflow/.local/lib/python3.12/site-packages/airflow/example_dags/example_dag_decorator.py took 0.318 seconds
[2024-07-15T15:03:20.404+0000] {processor.py:161} INFO - Started process (PID=353) to work on /home/airflow/.local/lib/python3.12/site-packages/airflow/example_dags/example_dag_decorator.py
[2024-07-15T15:03:20.405+0000] {processor.py:830} INFO - Processing file /home/airflow/.local/lib/python3.12/site-packages/airflow/example_dags/example_dag_decorator.py for tasks to queue
[2024-07-15T15:03:20.407+0000] {logging_mixin.py:188} INFO - [2024-07-15T15:03:20.406+0000] {dagbag.py:545} INFO - Filling up the DagBag from /home/airflow/.local/lib/python3.12/site-packages/airflow/example_dags/example_dag_decorator.py
[2024-07-15T15:03:20.543+0000] {processor.py:840} INFO - DAG(s) 'example_dag_decorator' retrieved from /home/airflow/.local/lib/python3.12/site-packages/airflow/example_dags/example_dag_decorator.py
[2024-07-15T15:03:20.664+0000] {logging_mixin.py:188} INFO - [2024-07-15T15:03:20.664+0000] {dag.py:3096} INFO - Sync 1 DAGs
[2024-07-15T15:03:20.679+0000] {logging_mixin.py:188} INFO - [2024-07-15T15:03:20.678+0000] {dag.py:3954} INFO - Setting next_dagrun for example_dag_decorator to None, run_after=None
[2024-07-15T15:03:20.700+0000] {processor.py:183} INFO - Processing /home/airflow/.local/lib/python3.12/site-packages/airflow/example_dags/example_dag_decorator.py took 0.302 seconds
[2024-07-15T15:03:50.950+0000] {processor.py:161} INFO - Started process (PID=410) to work on /home/airflow/.local/lib/python3.12/site-packages/airflow/example_dags/example_dag_decorator.py
[2024-07-15T15:03:50.950+0000] {processor.py:830} INFO - Processing file /home/airflow/.local/lib/python3.12/site-packages/airflow/example_dags/example_dag_decorator.py for tasks to queue
[2024-07-15T15:03:50.952+0000] {logging_mixin.py:188} INFO - [2024-07-15T15:03:50.952+0000] {dagbag.py:545} INFO - Filling up the DagBag from /home/airflow/.local/lib/python3.12/site-packages/airflow/example_dags/example_dag_decorator.py
[2024-07-15T15:03:51.075+0000] {processor.py:840} INFO - DAG(s) 'example_dag_decorator' retrieved from /home/airflow/.local/lib/python3.12/site-packages/airflow/example_dags/example_dag_decorator.py
[2024-07-15T15:03:51.204+0000] {logging_mixin.py:188} INFO - [2024-07-15T15:03:51.204+0000] {dag.py:3096} INFO - Sync 1 DAGs
[2024-07-15T15:03:51.217+0000] {logging_mixin.py:188} INFO - [2024-07-15T15:03:51.217+0000] {dag.py:3954} INFO - Setting next_dagrun for example_dag_decorator to None, run_after=None
[2024-07-15T15:03:51.240+0000] {processor.py:183} INFO - Processing /home/airflow/.local/lib/python3.12/site-packages/airflow/example_dags/example_dag_decorator.py took 0.296 seconds
[2024-07-15T15:04:21.466+0000] {processor.py:161} INFO - Started process (PID=470) to work on /home/airflow/.local/lib/python3.12/site-packages/airflow/example_dags/example_dag_decorator.py
[2024-07-15T15:04:21.467+0000] {processor.py:830} INFO - Processing file /home/airflow/.local/lib/python3.12/site-packages/airflow/example_dags/example_dag_decorator.py for tasks to queue
[2024-07-15T15:04:21.468+0000] {logging_mixin.py:188} INFO - [2024-07-15T15:04:21.468+0000] {dagbag.py:545} INFO - Filling up the DagBag from /home/airflow/.local/lib/python3.12/site-packages/airflow/example_dags/example_dag_decorator.py
[2024-07-15T15:04:21.591+0000] {processor.py:840} INFO - DAG(s) 'example_dag_decorator' retrieved from /home/airflow/.local/lib/python3.12/site-packages/airflow/example_dags/example_dag_decorator.py
[2024-07-15T15:04:21.710+0000] {logging_mixin.py:188} INFO - [2024-07-15T15:04:21.709+0000] {dag.py:3096} INFO - Sync 1 DAGs
[2024-07-15T15:04:21.722+0000] {logging_mixin.py:188} INFO - [2024-07-15T15:04:21.722+0000] {dag.py:3954} INFO - Setting next_dagrun for example_dag_decorator to None, run_after=None
[2024-07-15T15:04:21.755+0000] {processor.py:183} INFO - Processing /home/airflow/.local/lib/python3.12/site-packages/airflow/example_dags/example_dag_decorator.py took 0.295 seconds
[2024-07-15T15:04:51.932+0000] {processor.py:161} INFO - Started process (PID=526) to work on /home/airflow/.local/lib/python3.12/site-packages/airflow/example_dags/example_dag_decorator.py
[2024-07-15T15:04:51.936+0000] {processor.py:830} INFO - Processing file /home/airflow/.local/lib/python3.12/site-packages/airflow/example_dags/example_dag_decorator.py for tasks to queue
[2024-07-15T15:04:51.938+0000] {logging_mixin.py:188} INFO - [2024-07-15T15:04:51.938+0000] {dagbag.py:545} INFO - Filling up the DagBag from /home/airflow/.local/lib/python3.12/site-packages/airflow/example_dags/example_dag_decorator.py
[2024-07-15T15:04:52.076+0000] {processor.py:840} INFO - DAG(s) 'example_dag_decorator' retrieved from /home/airflow/.local/lib/python3.12/site-packages/airflow/example_dags/example_dag_decorator.py
[2024-07-15T15:04:52.120+0000] {logging_mixin.py:188} INFO - [2024-07-15T15:04:52.119+0000] {dag.py:3096} INFO - Sync 1 DAGs
[2024-07-15T15:04:52.135+0000] {logging_mixin.py:188} INFO - [2024-07-15T15:04:52.135+0000] {dag.py:3954} INFO - Setting next_dagrun for example_dag_decorator to None, run_after=None
[2024-07-15T15:04:52.159+0000] {processor.py:183} INFO - Processing /home/airflow/.local/lib/python3.12/site-packages/airflow/example_dags/example_dag_decorator.py took 0.235 seconds
[2024-07-15T15:05:23.130+0000] {processor.py:161} INFO - Started process (PID=585) to work on /home/airflow/.local/lib/python3.12/site-packages/airflow/example_dags/example_dag_decorator.py
[2024-07-15T15:05:23.131+0000] {processor.py:830} INFO - Processing file /home/airflow/.local/lib/python3.12/site-packages/airflow/example_dags/example_dag_decorator.py for tasks to queue
[2024-07-15T15:05:23.133+0000] {logging_mixin.py:188} INFO - [2024-07-15T15:05:23.133+0000] {dagbag.py:545} INFO - Filling up the DagBag from /home/airflow/.local/lib/python3.12/site-packages/airflow/example_dags/example_dag_decorator.py
[2024-07-15T15:05:23.313+0000] {processor.py:840} INFO - DAG(s) 'example_dag_decorator' retrieved from /home/airflow/.local/lib/python3.12/site-packages/airflow/example_dags/example_dag_decorator.py
[2024-07-15T15:05:23.359+0000] {logging_mixin.py:188} INFO - [2024-07-15T15:05:23.358+0000] {dag.py:3096} INFO - Sync 1 DAGs
[2024-07-15T15:05:23.372+0000] {logging_mixin.py:188} INFO - [2024-07-15T15:05:23.372+0000] {dag.py:3954} INFO - Setting next_dagrun for example_dag_decorator to None, run_after=None
[2024-07-15T15:05:23.395+0000] {processor.py:183} INFO - Processing /home/airflow/.local/lib/python3.12/site-packages/airflow/example_dags/example_dag_decorator.py took 0.269 seconds
[2024-07-15T15:05:53.463+0000] {processor.py:161} INFO - Started process (PID=643) to work on /home/airflow/.local/lib/python3.12/site-packages/airflow/example_dags/example_dag_decorator.py
[2024-07-15T15:05:53.463+0000] {processor.py:830} INFO - Processing file /home/airflow/.local/lib/python3.12/site-packages/airflow/example_dags/example_dag_decorator.py for tasks to queue
[2024-07-15T15:05:53.465+0000] {logging_mixin.py:188} INFO - [2024-07-15T15:05:53.465+0000] {dagbag.py:545} INFO - Filling up the DagBag from /home/airflow/.local/lib/python3.12/site-packages/airflow/example_dags/example_dag_decorator.py
[2024-07-15T15:05:53.589+0000] {processor.py:840} INFO - DAG(s) 'example_dag_decorator' retrieved from /home/airflow/.local/lib/python3.12/site-packages/airflow/example_dags/example_dag_decorator.py
[2024-07-15T15:05:53.616+0000] {logging_mixin.py:188} INFO - [2024-07-15T15:05:53.616+0000] {dag.py:3096} INFO - Sync 1 DAGs
[2024-07-15T15:05:53.631+0000] {logging_mixin.py:188} INFO - [2024-07-15T15:05:53.631+0000] {dag.py:3954} INFO - Setting next_dagrun for example_dag_decorator to None, run_after=None
[2024-07-15T15:05:53.654+0000] {processor.py:183} INFO - Processing /home/airflow/.local/lib/python3.12/site-packages/airflow/example_dags/example_dag_decorator.py took 0.197 seconds
[2024-07-15T15:06:24.268+0000] {processor.py:161} INFO - Started process (PID=701) to work on /home/airflow/.local/lib/python3.12/site-packages/airflow/example_dags/example_dag_decorator.py
[2024-07-15T15:06:24.269+0000] {processor.py:830} INFO - Processing file /home/airflow/.local/lib/python3.12/site-packages/airflow/example_dags/example_dag_decorator.py for tasks to queue
[2024-07-15T15:06:24.271+0000] {logging_mixin.py:188} INFO - [2024-07-15T15:06:24.271+0000] {dagbag.py:545} INFO - Filling up the DagBag from /home/airflow/.local/lib/python3.12/site-packages/airflow/example_dags/example_dag_decorator.py
[2024-07-15T15:06:24.395+0000] {processor.py:840} INFO - DAG(s) 'example_dag_decorator' retrieved from /home/airflow/.local/lib/python3.12/site-packages/airflow/example_dags/example_dag_decorator.py
[2024-07-15T15:06:24.516+0000] {logging_mixin.py:188} INFO - [2024-07-15T15:06:24.515+0000] {dag.py:3096} INFO - Sync 1 DAGs
[2024-07-15T15:06:24.529+0000] {logging_mixin.py:188} INFO - [2024-07-15T15:06:24.528+0000] {dag.py:3954} INFO - Setting next_dagrun for example_dag_decorator to None, run_after=None
[2024-07-15T15:06:24.552+0000] {processor.py:183} INFO - Processing /home/airflow/.local/lib/python3.12/site-packages/airflow/example_dags/example_dag_decorator.py took 0.290 seconds
[2024-07-15T15:06:55.296+0000] {processor.py:161} INFO - Started process (PID=759) to work on /home/airflow/.local/lib/python3.12/site-packages/airflow/example_dags/example_dag_decorator.py
[2024-07-15T15:06:55.298+0000] {processor.py:830} INFO - Processing file /home/airflow/.local/lib/python3.12/site-packages/airflow/example_dags/example_dag_decorator.py for tasks to queue
[2024-07-15T15:06:55.300+0000] {logging_mixin.py:188} INFO - [2024-07-15T15:06:55.299+0000] {dagbag.py:545} INFO - Filling up the DagBag from /home/airflow/.local/lib/python3.12/site-packages/airflow/example_dags/example_dag_decorator.py
[2024-07-15T15:06:55.529+0000] {processor.py:840} INFO - DAG(s) 'example_dag_decorator' retrieved from /home/airflow/.local/lib/python3.12/site-packages/airflow/example_dags/example_dag_decorator.py
[2024-07-15T15:06:55.666+0000] {logging_mixin.py:188} INFO - [2024-07-15T15:06:55.666+0000] {dag.py:3096} INFO - Sync 1 DAGs
[2024-07-15T15:06:55.679+0000] {logging_mixin.py:188} INFO - [2024-07-15T15:06:55.678+0000] {dag.py:3954} INFO - Setting next_dagrun for example_dag_decorator to None, run_after=None
[2024-07-15T15:06:55.706+0000] {processor.py:183} INFO - Processing /home/airflow/.local/lib/python3.12/site-packages/airflow/example_dags/example_dag_decorator.py took 0.415 seconds
[2024-07-15T15:07:25.851+0000] {processor.py:161} INFO - Started process (PID=818) to work on /home/airflow/.local/lib/python3.12/site-packages/airflow/example_dags/example_dag_decorator.py
[2024-07-15T15:07:25.860+0000] {processor.py:830} INFO - Processing file /home/airflow/.local/lib/python3.12/site-packages/airflow/example_dags/example_dag_decorator.py for tasks to queue
[2024-07-15T15:07:25.866+0000] {logging_mixin.py:188} INFO - [2024-07-15T15:07:25.865+0000] {dagbag.py:545} INFO - Filling up the DagBag from /home/airflow/.local/lib/python3.12/site-packages/airflow/example_dags/example_dag_decorator.py
[2024-07-15T15:07:26.069+0000] {processor.py:840} INFO - DAG(s) 'example_dag_decorator' retrieved from /home/airflow/.local/lib/python3.12/site-packages/airflow/example_dags/example_dag_decorator.py
[2024-07-15T15:07:26.129+0000] {logging_mixin.py:188} INFO - [2024-07-15T15:07:26.129+0000] {dag.py:3096} INFO - Sync 1 DAGs
[2024-07-15T15:07:26.159+0000] {logging_mixin.py:188} INFO - [2024-07-15T15:07:26.159+0000] {dag.py:3954} INFO - Setting next_dagrun for example_dag_decorator to None, run_after=None
[2024-07-15T15:07:26.202+0000] {processor.py:183} INFO - Processing /home/airflow/.local/lib/python3.12/site-packages/airflow/example_dags/example_dag_decorator.py took 0.364 seconds
