[2024-07-15T15:00:44.650+0000] {processor.py:161} INFO - Started process (PID=49) to work on /home/airflow/.local/lib/python3.12/site-packages/airflow/example_dags/example_complex.py
[2024-07-15T15:00:44.650+0000] {processor.py:830} INFO - Processing file /home/airflow/.local/lib/python3.12/site-packages/airflow/example_dags/example_complex.py for tasks to queue
[2024-07-15T15:00:44.652+0000] {logging_mixin.py:188} INFO - [2024-07-15T15:00:44.652+0000] {dagbag.py:545} INFO - Filling up the DagBag from /home/airflow/.local/lib/python3.12/site-packages/airflow/example_dags/example_complex.py
[2024-07-15T15:00:44.687+0000] {processor.py:840} INFO - DAG(s) 'example_complex' retrieved from /home/airflow/.local/lib/python3.12/site-packages/airflow/example_dags/example_complex.py
[2024-07-15T15:00:44.759+0000] {logging_mixin.py:188} INFO - [2024-07-15T15:00:44.759+0000] {dag.py:3096} INFO - Sync 1 DAGs
[2024-07-15T15:00:44.773+0000] {logging_mixin.py:188} INFO - [2024-07-15T15:00:44.772+0000] {dag.py:3954} INFO - Setting next_dagrun for example_complex to None, run_after=None
[2024-07-15T15:00:44.826+0000] {processor.py:183} INFO - Processing /home/airflow/.local/lib/python3.12/site-packages/airflow/example_dags/example_complex.py took 0.185 seconds
[2024-07-15T15:01:15.140+0000] {processor.py:161} INFO - Started process (PID=106) to work on /home/airflow/.local/lib/python3.12/site-packages/airflow/example_dags/example_complex.py
[2024-07-15T15:01:15.146+0000] {processor.py:830} INFO - Processing file /home/airflow/.local/lib/python3.12/site-packages/airflow/example_dags/example_complex.py for tasks to queue
[2024-07-15T15:01:15.148+0000] {logging_mixin.py:188} INFO - [2024-07-15T15:01:15.148+0000] {dagbag.py:545} INFO - Filling up the DagBag from /home/airflow/.local/lib/python3.12/site-packages/airflow/example_dags/example_complex.py
[2024-07-15T15:01:15.184+0000] {processor.py:840} INFO - DAG(s) 'example_complex' retrieved from /home/airflow/.local/lib/python3.12/site-packages/airflow/example_dags/example_complex.py
[2024-07-15T15:01:15.232+0000] {logging_mixin.py:188} INFO - [2024-07-15T15:01:15.232+0000] {dag.py:3096} INFO - Sync 1 DAGs
[2024-07-15T15:01:15.254+0000] {logging_mixin.py:188} INFO - [2024-07-15T15:01:15.254+0000] {dag.py:3954} INFO - Setting next_dagrun for example_complex to None, run_after=None
[2024-07-15T15:01:15.316+0000] {processor.py:183} INFO - Processing /home/airflow/.local/lib/python3.12/site-packages/airflow/example_dags/example_complex.py took 0.198 seconds
[2024-07-15T15:01:45.743+0000] {processor.py:161} INFO - Started process (PID=164) to work on /home/airflow/.local/lib/python3.12/site-packages/airflow/example_dags/example_complex.py
[2024-07-15T15:01:45.744+0000] {processor.py:830} INFO - Processing file /home/airflow/.local/lib/python3.12/site-packages/airflow/example_dags/example_complex.py for tasks to queue
[2024-07-15T15:01:45.746+0000] {logging_mixin.py:188} INFO - [2024-07-15T15:01:45.745+0000] {dagbag.py:545} INFO - Filling up the DagBag from /home/airflow/.local/lib/python3.12/site-packages/airflow/example_dags/example_complex.py
[2024-07-15T15:01:45.758+0000] {processor.py:840} INFO - DAG(s) 'example_complex' retrieved from /home/airflow/.local/lib/python3.12/site-packages/airflow/example_dags/example_complex.py
[2024-07-15T15:01:45.797+0000] {logging_mixin.py:188} INFO - [2024-07-15T15:01:45.797+0000] {dag.py:3096} INFO - Sync 1 DAGs
[2024-07-15T15:01:45.811+0000] {logging_mixin.py:188} INFO - [2024-07-15T15:01:45.811+0000] {dag.py:3954} INFO - Setting next_dagrun for example_complex to None, run_after=None
[2024-07-15T15:01:45.837+0000] {processor.py:183} INFO - Processing /home/airflow/.local/lib/python3.12/site-packages/airflow/example_dags/example_complex.py took 0.103 seconds
[2024-07-15T15:02:16.678+0000] {processor.py:161} INFO - Started process (PID=223) to work on /home/airflow/.local/lib/python3.12/site-packages/airflow/example_dags/example_complex.py
[2024-07-15T15:02:16.679+0000] {processor.py:830} INFO - Processing file /home/airflow/.local/lib/python3.12/site-packages/airflow/example_dags/example_complex.py for tasks to queue
[2024-07-15T15:02:16.681+0000] {logging_mixin.py:188} INFO - [2024-07-15T15:02:16.681+0000] {dagbag.py:545} INFO - Filling up the DagBag from /home/airflow/.local/lib/python3.12/site-packages/airflow/example_dags/example_complex.py
[2024-07-15T15:02:16.694+0000] {processor.py:840} INFO - DAG(s) 'example_complex' retrieved from /home/airflow/.local/lib/python3.12/site-packages/airflow/example_dags/example_complex.py
[2024-07-15T15:02:16.728+0000] {logging_mixin.py:188} INFO - [2024-07-15T15:02:16.728+0000] {dag.py:3096} INFO - Sync 1 DAGs
[2024-07-15T15:02:16.741+0000] {logging_mixin.py:188} INFO - [2024-07-15T15:02:16.740+0000] {dag.py:3954} INFO - Setting next_dagrun for example_complex to None, run_after=None
[2024-07-15T15:02:16.765+0000] {processor.py:183} INFO - Processing /home/airflow/.local/lib/python3.12/site-packages/airflow/example_dags/example_complex.py took 0.092 seconds
[2024-07-15T15:02:47.277+0000] {processor.py:161} INFO - Started process (PID=280) to work on /home/airflow/.local/lib/python3.12/site-packages/airflow/example_dags/example_complex.py
[2024-07-15T15:02:47.278+0000] {processor.py:830} INFO - Processing file /home/airflow/.local/lib/python3.12/site-packages/airflow/example_dags/example_complex.py for tasks to queue
[2024-07-15T15:02:47.280+0000] {logging_mixin.py:188} INFO - [2024-07-15T15:02:47.280+0000] {dagbag.py:545} INFO - Filling up the DagBag from /home/airflow/.local/lib/python3.12/site-packages/airflow/example_dags/example_complex.py
[2024-07-15T15:02:47.292+0000] {processor.py:840} INFO - DAG(s) 'example_complex' retrieved from /home/airflow/.local/lib/python3.12/site-packages/airflow/example_dags/example_complex.py
[2024-07-15T15:02:47.331+0000] {logging_mixin.py:188} INFO - [2024-07-15T15:02:47.330+0000] {dag.py:3096} INFO - Sync 1 DAGs
[2024-07-15T15:02:47.344+0000] {logging_mixin.py:188} INFO - [2024-07-15T15:02:47.343+0000] {dag.py:3954} INFO - Setting next_dagrun for example_complex to None, run_after=None
[2024-07-15T15:02:47.369+0000] {processor.py:183} INFO - Processing /home/airflow/.local/lib/python3.12/site-packages/airflow/example_dags/example_complex.py took 0.098 seconds
[2024-07-15T15:03:17.572+0000] {processor.py:161} INFO - Started process (PID=339) to work on /home/airflow/.local/lib/python3.12/site-packages/airflow/example_dags/example_complex.py
[2024-07-15T15:03:17.572+0000] {processor.py:830} INFO - Processing file /home/airflow/.local/lib/python3.12/site-packages/airflow/example_dags/example_complex.py for tasks to queue
[2024-07-15T15:03:17.574+0000] {logging_mixin.py:188} INFO - [2024-07-15T15:03:17.574+0000] {dagbag.py:545} INFO - Filling up the DagBag from /home/airflow/.local/lib/python3.12/site-packages/airflow/example_dags/example_complex.py
[2024-07-15T15:03:17.587+0000] {processor.py:840} INFO - DAG(s) 'example_complex' retrieved from /home/airflow/.local/lib/python3.12/site-packages/airflow/example_dags/example_complex.py
[2024-07-15T15:03:17.620+0000] {logging_mixin.py:188} INFO - [2024-07-15T15:03:17.620+0000] {dag.py:3096} INFO - Sync 1 DAGs
[2024-07-15T15:03:17.633+0000] {logging_mixin.py:188} INFO - [2024-07-15T15:03:17.633+0000] {dag.py:3954} INFO - Setting next_dagrun for example_complex to None, run_after=None
[2024-07-15T15:03:17.656+0000] {processor.py:183} INFO - Processing /home/airflow/.local/lib/python3.12/site-packages/airflow/example_dags/example_complex.py took 0.090 seconds
[2024-07-15T15:03:47.991+0000] {processor.py:161} INFO - Started process (PID=397) to work on /home/airflow/.local/lib/python3.12/site-packages/airflow/example_dags/example_complex.py
[2024-07-15T15:03:47.992+0000] {processor.py:830} INFO - Processing file /home/airflow/.local/lib/python3.12/site-packages/airflow/example_dags/example_complex.py for tasks to queue
[2024-07-15T15:03:47.993+0000] {logging_mixin.py:188} INFO - [2024-07-15T15:03:47.993+0000] {dagbag.py:545} INFO - Filling up the DagBag from /home/airflow/.local/lib/python3.12/site-packages/airflow/example_dags/example_complex.py
[2024-07-15T15:03:48.001+0000] {processor.py:840} INFO - DAG(s) 'example_complex' retrieved from /home/airflow/.local/lib/python3.12/site-packages/airflow/example_dags/example_complex.py
[2024-07-15T15:03:48.026+0000] {logging_mixin.py:188} INFO - [2024-07-15T15:03:48.026+0000] {dag.py:3096} INFO - Sync 1 DAGs
[2024-07-15T15:03:48.036+0000] {logging_mixin.py:188} INFO - [2024-07-15T15:03:48.035+0000] {dag.py:3954} INFO - Setting next_dagrun for example_complex to None, run_after=None
[2024-07-15T15:03:48.055+0000] {processor.py:183} INFO - Processing /home/airflow/.local/lib/python3.12/site-packages/airflow/example_dags/example_complex.py took 0.068 seconds
[2024-07-15T15:04:18.444+0000] {processor.py:161} INFO - Started process (PID=455) to work on /home/airflow/.local/lib/python3.12/site-packages/airflow/example_dags/example_complex.py
[2024-07-15T15:04:18.445+0000] {processor.py:830} INFO - Processing file /home/airflow/.local/lib/python3.12/site-packages/airflow/example_dags/example_complex.py for tasks to queue
[2024-07-15T15:04:18.446+0000] {logging_mixin.py:188} INFO - [2024-07-15T15:04:18.446+0000] {dagbag.py:545} INFO - Filling up the DagBag from /home/airflow/.local/lib/python3.12/site-packages/airflow/example_dags/example_complex.py
[2024-07-15T15:04:18.458+0000] {processor.py:840} INFO - DAG(s) 'example_complex' retrieved from /home/airflow/.local/lib/python3.12/site-packages/airflow/example_dags/example_complex.py
[2024-07-15T15:04:18.496+0000] {logging_mixin.py:188} INFO - [2024-07-15T15:04:18.495+0000] {dag.py:3096} INFO - Sync 1 DAGs
[2024-07-15T15:04:18.510+0000] {logging_mixin.py:188} INFO - [2024-07-15T15:04:18.510+0000] {dag.py:3954} INFO - Setting next_dagrun for example_complex to None, run_after=None
[2024-07-15T15:04:18.537+0000] {processor.py:183} INFO - Processing /home/airflow/.local/lib/python3.12/site-packages/airflow/example_dags/example_complex.py took 0.098 seconds
[2024-07-15T15:04:48.791+0000] {processor.py:161} INFO - Started process (PID=513) to work on /home/airflow/.local/lib/python3.12/site-packages/airflow/example_dags/example_complex.py
[2024-07-15T15:04:48.792+0000] {processor.py:830} INFO - Processing file /home/airflow/.local/lib/python3.12/site-packages/airflow/example_dags/example_complex.py for tasks to queue
[2024-07-15T15:04:48.794+0000] {logging_mixin.py:188} INFO - [2024-07-15T15:04:48.794+0000] {dagbag.py:545} INFO - Filling up the DagBag from /home/airflow/.local/lib/python3.12/site-packages/airflow/example_dags/example_complex.py
[2024-07-15T15:04:48.807+0000] {processor.py:840} INFO - DAG(s) 'example_complex' retrieved from /home/airflow/.local/lib/python3.12/site-packages/airflow/example_dags/example_complex.py
[2024-07-15T15:04:48.845+0000] {logging_mixin.py:188} INFO - [2024-07-15T15:04:48.844+0000] {dag.py:3096} INFO - Sync 1 DAGs
[2024-07-15T15:04:48.860+0000] {logging_mixin.py:188} INFO - [2024-07-15T15:04:48.860+0000] {dag.py:3954} INFO - Setting next_dagrun for example_complex to None, run_after=None
[2024-07-15T15:04:48.882+0000] {processor.py:183} INFO - Processing /home/airflow/.local/lib/python3.12/site-packages/airflow/example_dags/example_complex.py took 0.097 seconds
