[2024-07-15T15:00:48.828+0000] {processor.py:161} INFO - Started process (PID=76) to work on /home/airflow/.local/lib/python3.12/site-packages/airflow/example_dags/example_datasets.py
[2024-07-15T15:00:48.829+0000] {processor.py:830} INFO - Processing file /home/airflow/.local/lib/python3.12/site-packages/airflow/example_dags/example_datasets.py for tasks to queue
[2024-07-15T15:00:48.831+0000] {logging_mixin.py:188} INFO - [2024-07-15T15:00:48.831+0000] {dagbag.py:545} INFO - Filling up the DagBag from /home/airflow/.local/lib/python3.12/site-packages/airflow/example_dags/example_datasets.py
[2024-07-15T15:00:48.944+0000] {processor.py:840} INFO - DAG(s) 'consume_1_or_both_2_and_3_with_dataset_expressions', 'dataset_consumes_1', 'dataset_produces_1', 'consume_1_or_2_with_dataset_expressions', 'conditional_dataset_and_time_based_timetable', 'consume_1_and_2_with_dataset_expressions', 'dataset_produces_2', 'dataset_consumes_1_and_2', 'dataset_consumes_1_never_scheduled', 'dataset_consumes_unknown_never_scheduled' retrieved from /home/airflow/.local/lib/python3.12/site-packages/airflow/example_dags/example_datasets.py
[2024-07-15T15:00:49.076+0000] {logging_mixin.py:188} INFO - [2024-07-15T15:00:49.076+0000] {dag.py:3096} INFO - Sync 10 DAGs
[2024-07-15T15:00:49.231+0000] {logging_mixin.py:188} INFO - [2024-07-15T15:00:49.230+0000] {dag.py:3954} INFO - Setting next_dagrun for conditional_dataset_and_time_based_timetable to 2024-07-10 01:00:00+00:00, run_after=2024-07-10 01:00:00+00:00
[2024-07-15T15:00:49.239+0000] {logging_mixin.py:188} INFO - [2024-07-15T15:00:49.239+0000] {dag.py:3954} INFO - Setting next_dagrun for consume_1_and_2_with_dataset_expressions to None, run_after=None
[2024-07-15T15:00:49.241+0000] {logging_mixin.py:188} INFO - [2024-07-15T15:00:49.241+0000] {dag.py:3954} INFO - Setting next_dagrun for consume_1_or_2_with_dataset_expressions to None, run_after=None
[2024-07-15T15:00:49.242+0000] {logging_mixin.py:188} INFO - [2024-07-15T15:00:49.242+0000] {dag.py:3954} INFO - Setting next_dagrun for consume_1_or_both_2_and_3_with_dataset_expressions to None, run_after=None
[2024-07-15T15:00:49.244+0000] {logging_mixin.py:188} INFO - [2024-07-15T15:00:49.244+0000] {dag.py:3954} INFO - Setting next_dagrun for dataset_consumes_1 to None, run_after=None
[2024-07-15T15:00:49.245+0000] {logging_mixin.py:188} INFO - [2024-07-15T15:00:49.245+0000] {dag.py:3954} INFO - Setting next_dagrun for dataset_consumes_1_and_2 to None, run_after=None
[2024-07-15T15:00:49.247+0000] {logging_mixin.py:188} INFO - [2024-07-15T15:00:49.246+0000] {dag.py:3954} INFO - Setting next_dagrun for dataset_consumes_1_never_scheduled to None, run_after=None
[2024-07-15T15:00:49.249+0000] {logging_mixin.py:188} INFO - [2024-07-15T15:00:49.248+0000] {dag.py:3954} INFO - Setting next_dagrun for dataset_consumes_unknown_never_scheduled to None, run_after=None
[2024-07-15T15:00:49.252+0000] {logging_mixin.py:188} INFO - [2024-07-15T15:00:49.251+0000] {dag.py:3954} INFO - Setting next_dagrun for dataset_produces_1 to 2024-07-14 00:00:00+00:00, run_after=2024-07-15 00:00:00+00:00
[2024-07-15T15:00:49.253+0000] {logging_mixin.py:188} INFO - [2024-07-15T15:00:49.253+0000] {dag.py:3954} INFO - Setting next_dagrun for dataset_produces_2 to None, run_after=None
[2024-07-15T15:00:49.346+0000] {processor.py:183} INFO - Processing /home/airflow/.local/lib/python3.12/site-packages/airflow/example_dags/example_datasets.py took 0.523 seconds
[2024-07-15T15:01:20.052+0000] {processor.py:161} INFO - Started process (PID=133) to work on /home/airflow/.local/lib/python3.12/site-packages/airflow/example_dags/example_datasets.py
[2024-07-15T15:01:20.052+0000] {processor.py:830} INFO - Processing file /home/airflow/.local/lib/python3.12/site-packages/airflow/example_dags/example_datasets.py for tasks to queue
[2024-07-15T15:01:20.065+0000] {logging_mixin.py:188} INFO - [2024-07-15T15:01:20.065+0000] {dagbag.py:545} INFO - Filling up the DagBag from /home/airflow/.local/lib/python3.12/site-packages/airflow/example_dags/example_datasets.py
[2024-07-15T15:01:20.082+0000] {processor.py:840} INFO - DAG(s) 'dataset_consumes_1_and_2', 'consume_1_or_both_2_and_3_with_dataset_expressions', 'dataset_consumes_1', 'consume_1_or_2_with_dataset_expressions', 'dataset_produces_1', 'dataset_produces_2', 'consume_1_and_2_with_dataset_expressions', 'dataset_consumes_1_never_scheduled', 'dataset_consumes_unknown_never_scheduled', 'conditional_dataset_and_time_based_timetable' retrieved from /home/airflow/.local/lib/python3.12/site-packages/airflow/example_dags/example_datasets.py
[2024-07-15T15:01:20.166+0000] {logging_mixin.py:188} INFO - [2024-07-15T15:01:20.166+0000] {dag.py:3096} INFO - Sync 10 DAGs
[2024-07-15T15:01:20.198+0000] {logging_mixin.py:188} INFO - [2024-07-15T15:01:20.197+0000] {dag.py:3954} INFO - Setting next_dagrun for conditional_dataset_and_time_based_timetable to 2024-07-10 01:00:00+00:00, run_after=2024-07-10 01:00:00+00:00
[2024-07-15T15:01:20.206+0000] {logging_mixin.py:188} INFO - [2024-07-15T15:01:20.206+0000] {dag.py:3954} INFO - Setting next_dagrun for consume_1_and_2_with_dataset_expressions to None, run_after=None
[2024-07-15T15:01:20.209+0000] {logging_mixin.py:188} INFO - [2024-07-15T15:01:20.209+0000] {dag.py:3954} INFO - Setting next_dagrun for consume_1_or_2_with_dataset_expressions to None, run_after=None
[2024-07-15T15:01:20.211+0000] {logging_mixin.py:188} INFO - [2024-07-15T15:01:20.211+0000] {dag.py:3954} INFO - Setting next_dagrun for consume_1_or_both_2_and_3_with_dataset_expressions to None, run_after=None
[2024-07-15T15:01:20.212+0000] {logging_mixin.py:188} INFO - [2024-07-15T15:01:20.212+0000] {dag.py:3954} INFO - Setting next_dagrun for dataset_consumes_1 to None, run_after=None
[2024-07-15T15:01:20.214+0000] {logging_mixin.py:188} INFO - [2024-07-15T15:01:20.214+0000] {dag.py:3954} INFO - Setting next_dagrun for dataset_consumes_1_and_2 to None, run_after=None
[2024-07-15T15:01:20.215+0000] {logging_mixin.py:188} INFO - [2024-07-15T15:01:20.215+0000] {dag.py:3954} INFO - Setting next_dagrun for dataset_consumes_1_never_scheduled to None, run_after=None
[2024-07-15T15:01:20.217+0000] {logging_mixin.py:188} INFO - [2024-07-15T15:01:20.217+0000] {dag.py:3954} INFO - Setting next_dagrun for dataset_consumes_unknown_never_scheduled to None, run_after=None
[2024-07-15T15:01:20.229+0000] {logging_mixin.py:188} INFO - [2024-07-15T15:01:20.229+0000] {dag.py:3954} INFO - Setting next_dagrun for dataset_produces_1 to 2024-07-14 00:00:00+00:00, run_after=2024-07-15 00:00:00+00:00
[2024-07-15T15:01:20.235+0000] {logging_mixin.py:188} INFO - [2024-07-15T15:01:20.234+0000] {dag.py:3954} INFO - Setting next_dagrun for dataset_produces_2 to None, run_after=None
[2024-07-15T15:01:20.313+0000] {processor.py:183} INFO - Processing /home/airflow/.local/lib/python3.12/site-packages/airflow/example_dags/example_datasets.py took 0.278 seconds
[2024-07-15T15:01:50.906+0000] {processor.py:161} INFO - Started process (PID=191) to work on /home/airflow/.local/lib/python3.12/site-packages/airflow/example_dags/example_datasets.py
[2024-07-15T15:01:50.909+0000] {processor.py:830} INFO - Processing file /home/airflow/.local/lib/python3.12/site-packages/airflow/example_dags/example_datasets.py for tasks to queue
[2024-07-15T15:01:50.911+0000] {logging_mixin.py:188} INFO - [2024-07-15T15:01:50.911+0000] {dagbag.py:545} INFO - Filling up the DagBag from /home/airflow/.local/lib/python3.12/site-packages/airflow/example_dags/example_datasets.py
[2024-07-15T15:01:50.949+0000] {processor.py:840} INFO - DAG(s) 'dataset_produces_1', 'consume_1_and_2_with_dataset_expressions', 'dataset_consumes_1', 'dataset_consumes_unknown_never_scheduled', 'dataset_consumes_1_never_scheduled', 'dataset_consumes_1_and_2', 'conditional_dataset_and_time_based_timetable', 'dataset_produces_2', 'consume_1_or_both_2_and_3_with_dataset_expressions', 'consume_1_or_2_with_dataset_expressions' retrieved from /home/airflow/.local/lib/python3.12/site-packages/airflow/example_dags/example_datasets.py
[2024-07-15T15:01:51.072+0000] {logging_mixin.py:188} INFO - [2024-07-15T15:01:51.072+0000] {dag.py:3096} INFO - Sync 10 DAGs
[2024-07-15T15:01:51.136+0000] {logging_mixin.py:188} INFO - [2024-07-15T15:01:51.136+0000] {dag.py:3954} INFO - Setting next_dagrun for conditional_dataset_and_time_based_timetable to 2024-07-10 01:00:00+00:00, run_after=2024-07-10 01:00:00+00:00
[2024-07-15T15:01:51.146+0000] {logging_mixin.py:188} INFO - [2024-07-15T15:01:51.146+0000] {dag.py:3954} INFO - Setting next_dagrun for consume_1_and_2_with_dataset_expressions to None, run_after=None
[2024-07-15T15:01:51.151+0000] {logging_mixin.py:188} INFO - [2024-07-15T15:01:51.151+0000] {dag.py:3954} INFO - Setting next_dagrun for consume_1_or_2_with_dataset_expressions to None, run_after=None
[2024-07-15T15:01:51.152+0000] {logging_mixin.py:188} INFO - [2024-07-15T15:01:51.152+0000] {dag.py:3954} INFO - Setting next_dagrun for consume_1_or_both_2_and_3_with_dataset_expressions to None, run_after=None
[2024-07-15T15:01:51.162+0000] {logging_mixin.py:188} INFO - [2024-07-15T15:01:51.161+0000] {dag.py:3954} INFO - Setting next_dagrun for dataset_consumes_1 to None, run_after=None
[2024-07-15T15:01:51.165+0000] {logging_mixin.py:188} INFO - [2024-07-15T15:01:51.165+0000] {dag.py:3954} INFO - Setting next_dagrun for dataset_consumes_1_and_2 to None, run_after=None
[2024-07-15T15:01:51.168+0000] {logging_mixin.py:188} INFO - [2024-07-15T15:01:51.168+0000] {dag.py:3954} INFO - Setting next_dagrun for dataset_consumes_1_never_scheduled to None, run_after=None
[2024-07-15T15:01:51.173+0000] {logging_mixin.py:188} INFO - [2024-07-15T15:01:51.173+0000] {dag.py:3954} INFO - Setting next_dagrun for dataset_consumes_unknown_never_scheduled to None, run_after=None
[2024-07-15T15:01:51.185+0000] {logging_mixin.py:188} INFO - [2024-07-15T15:01:51.184+0000] {dag.py:3954} INFO - Setting next_dagrun for dataset_produces_1 to 2024-07-14 00:00:00+00:00, run_after=2024-07-15 00:00:00+00:00
[2024-07-15T15:01:51.187+0000] {logging_mixin.py:188} INFO - [2024-07-15T15:01:51.187+0000] {dag.py:3954} INFO - Setting next_dagrun for dataset_produces_2 to None, run_after=None
[2024-07-15T15:01:51.266+0000] {processor.py:183} INFO - Processing /home/airflow/.local/lib/python3.12/site-packages/airflow/example_dags/example_datasets.py took 0.378 seconds
[2024-07-15T15:02:21.544+0000] {processor.py:161} INFO - Started process (PID=250) to work on /home/airflow/.local/lib/python3.12/site-packages/airflow/example_dags/example_datasets.py
[2024-07-15T15:02:21.545+0000] {processor.py:830} INFO - Processing file /home/airflow/.local/lib/python3.12/site-packages/airflow/example_dags/example_datasets.py for tasks to queue
[2024-07-15T15:02:21.547+0000] {logging_mixin.py:188} INFO - [2024-07-15T15:02:21.546+0000] {dagbag.py:545} INFO - Filling up the DagBag from /home/airflow/.local/lib/python3.12/site-packages/airflow/example_dags/example_datasets.py
[2024-07-15T15:02:21.582+0000] {processor.py:840} INFO - DAG(s) 'consume_1_or_both_2_and_3_with_dataset_expressions', 'dataset_consumes_1_never_scheduled', 'dataset_consumes_1_and_2', 'dataset_consumes_unknown_never_scheduled', 'dataset_produces_2', 'conditional_dataset_and_time_based_timetable', 'dataset_produces_1', 'consume_1_and_2_with_dataset_expressions', 'dataset_consumes_1', 'consume_1_or_2_with_dataset_expressions' retrieved from /home/airflow/.local/lib/python3.12/site-packages/airflow/example_dags/example_datasets.py
[2024-07-15T15:02:21.675+0000] {logging_mixin.py:188} INFO - [2024-07-15T15:02:21.674+0000] {dag.py:3096} INFO - Sync 10 DAGs
[2024-07-15T15:02:21.703+0000] {logging_mixin.py:188} INFO - [2024-07-15T15:02:21.703+0000] {dag.py:3954} INFO - Setting next_dagrun for conditional_dataset_and_time_based_timetable to 2024-07-10 01:00:00+00:00, run_after=2024-07-10 01:00:00+00:00
[2024-07-15T15:02:21.706+0000] {logging_mixin.py:188} INFO - [2024-07-15T15:02:21.706+0000] {dag.py:3954} INFO - Setting next_dagrun for consume_1_and_2_with_dataset_expressions to None, run_after=None
[2024-07-15T15:02:21.707+0000] {logging_mixin.py:188} INFO - [2024-07-15T15:02:21.707+0000] {dag.py:3954} INFO - Setting next_dagrun for consume_1_or_2_with_dataset_expressions to None, run_after=None
[2024-07-15T15:02:21.708+0000] {logging_mixin.py:188} INFO - [2024-07-15T15:02:21.708+0000] {dag.py:3954} INFO - Setting next_dagrun for consume_1_or_both_2_and_3_with_dataset_expressions to None, run_after=None
[2024-07-15T15:02:21.709+0000] {logging_mixin.py:188} INFO - [2024-07-15T15:02:21.709+0000] {dag.py:3954} INFO - Setting next_dagrun for dataset_consumes_1 to None, run_after=None
[2024-07-15T15:02:21.710+0000] {logging_mixin.py:188} INFO - [2024-07-15T15:02:21.710+0000] {dag.py:3954} INFO - Setting next_dagrun for dataset_consumes_1_and_2 to None, run_after=None
[2024-07-15T15:02:21.711+0000] {logging_mixin.py:188} INFO - [2024-07-15T15:02:21.711+0000] {dag.py:3954} INFO - Setting next_dagrun for dataset_consumes_1_never_scheduled to None, run_after=None
[2024-07-15T15:02:21.712+0000] {logging_mixin.py:188} INFO - [2024-07-15T15:02:21.712+0000] {dag.py:3954} INFO - Setting next_dagrun for dataset_consumes_unknown_never_scheduled to None, run_after=None
[2024-07-15T15:02:21.715+0000] {logging_mixin.py:188} INFO - [2024-07-15T15:02:21.715+0000] {dag.py:3954} INFO - Setting next_dagrun for dataset_produces_1 to 2024-07-14 00:00:00+00:00, run_after=2024-07-15 00:00:00+00:00
[2024-07-15T15:02:21.716+0000] {logging_mixin.py:188} INFO - [2024-07-15T15:02:21.716+0000] {dag.py:3954} INFO - Setting next_dagrun for dataset_produces_2 to None, run_after=None
[2024-07-15T15:02:21.754+0000] {processor.py:183} INFO - Processing /home/airflow/.local/lib/python3.12/site-packages/airflow/example_dags/example_datasets.py took 0.228 seconds
[2024-07-15T15:02:52.026+0000] {processor.py:161} INFO - Started process (PID=307) to work on /home/airflow/.local/lib/python3.12/site-packages/airflow/example_dags/example_datasets.py
[2024-07-15T15:02:52.027+0000] {processor.py:830} INFO - Processing file /home/airflow/.local/lib/python3.12/site-packages/airflow/example_dags/example_datasets.py for tasks to queue
[2024-07-15T15:02:52.029+0000] {logging_mixin.py:188} INFO - [2024-07-15T15:02:52.028+0000] {dagbag.py:545} INFO - Filling up the DagBag from /home/airflow/.local/lib/python3.12/site-packages/airflow/example_dags/example_datasets.py
[2024-07-15T15:02:52.063+0000] {processor.py:840} INFO - DAG(s) 'dataset_consumes_1_never_scheduled', 'dataset_consumes_unknown_never_scheduled', 'dataset_produces_1', 'dataset_consumes_1', 'consume_1_or_both_2_and_3_with_dataset_expressions', 'consume_1_and_2_with_dataset_expressions', 'consume_1_or_2_with_dataset_expressions', 'conditional_dataset_and_time_based_timetable', 'dataset_consumes_1_and_2', 'dataset_produces_2' retrieved from /home/airflow/.local/lib/python3.12/site-packages/airflow/example_dags/example_datasets.py
[2024-07-15T15:02:52.127+0000] {logging_mixin.py:188} INFO - [2024-07-15T15:02:52.126+0000] {dag.py:3096} INFO - Sync 10 DAGs
[2024-07-15T15:02:52.154+0000] {logging_mixin.py:188} INFO - [2024-07-15T15:02:52.153+0000] {dag.py:3954} INFO - Setting next_dagrun for conditional_dataset_and_time_based_timetable to 2024-07-10 01:00:00+00:00, run_after=2024-07-10 01:00:00+00:00
[2024-07-15T15:02:52.169+0000] {logging_mixin.py:188} INFO - [2024-07-15T15:02:52.168+0000] {dag.py:3954} INFO - Setting next_dagrun for consume_1_and_2_with_dataset_expressions to None, run_after=None
[2024-07-15T15:02:52.173+0000] {logging_mixin.py:188} INFO - [2024-07-15T15:02:52.173+0000] {dag.py:3954} INFO - Setting next_dagrun for consume_1_or_2_with_dataset_expressions to None, run_after=None
[2024-07-15T15:02:52.176+0000] {logging_mixin.py:188} INFO - [2024-07-15T15:02:52.176+0000] {dag.py:3954} INFO - Setting next_dagrun for consume_1_or_both_2_and_3_with_dataset_expressions to None, run_after=None
[2024-07-15T15:02:52.178+0000] {logging_mixin.py:188} INFO - [2024-07-15T15:02:52.178+0000] {dag.py:3954} INFO - Setting next_dagrun for dataset_consumes_1 to None, run_after=None
[2024-07-15T15:02:52.181+0000] {logging_mixin.py:188} INFO - [2024-07-15T15:02:52.181+0000] {dag.py:3954} INFO - Setting next_dagrun for dataset_consumes_1_and_2 to None, run_after=None
[2024-07-15T15:02:52.182+0000] {logging_mixin.py:188} INFO - [2024-07-15T15:02:52.182+0000] {dag.py:3954} INFO - Setting next_dagrun for dataset_consumes_1_never_scheduled to None, run_after=None
[2024-07-15T15:02:52.183+0000] {logging_mixin.py:188} INFO - [2024-07-15T15:02:52.183+0000] {dag.py:3954} INFO - Setting next_dagrun for dataset_consumes_unknown_never_scheduled to None, run_after=None
[2024-07-15T15:02:52.186+0000] {logging_mixin.py:188} INFO - [2024-07-15T15:02:52.186+0000] {dag.py:3954} INFO - Setting next_dagrun for dataset_produces_1 to 2024-07-14 00:00:00+00:00, run_after=2024-07-15 00:00:00+00:00
[2024-07-15T15:02:52.187+0000] {logging_mixin.py:188} INFO - [2024-07-15T15:02:52.187+0000] {dag.py:3954} INFO - Setting next_dagrun for dataset_produces_2 to None, run_after=None
[2024-07-15T15:02:52.245+0000] {processor.py:183} INFO - Processing /home/airflow/.local/lib/python3.12/site-packages/airflow/example_dags/example_datasets.py took 0.231 seconds
[2024-07-15T15:03:22.338+0000] {processor.py:161} INFO - Started process (PID=366) to work on /home/airflow/.local/lib/python3.12/site-packages/airflow/example_dags/example_datasets.py
[2024-07-15T15:03:22.339+0000] {processor.py:830} INFO - Processing file /home/airflow/.local/lib/python3.12/site-packages/airflow/example_dags/example_datasets.py for tasks to queue
[2024-07-15T15:03:22.341+0000] {logging_mixin.py:188} INFO - [2024-07-15T15:03:22.341+0000] {dagbag.py:545} INFO - Filling up the DagBag from /home/airflow/.local/lib/python3.12/site-packages/airflow/example_dags/example_datasets.py
[2024-07-15T15:03:22.361+0000] {processor.py:840} INFO - DAG(s) 'dataset_produces_2', 'consume_1_or_2_with_dataset_expressions', 'dataset_consumes_1_never_scheduled', 'consume_1_or_both_2_and_3_with_dataset_expressions', 'dataset_consumes_1_and_2', 'dataset_produces_1', 'dataset_consumes_unknown_never_scheduled', 'dataset_consumes_1', 'conditional_dataset_and_time_based_timetable', 'consume_1_and_2_with_dataset_expressions' retrieved from /home/airflow/.local/lib/python3.12/site-packages/airflow/example_dags/example_datasets.py
[2024-07-15T15:03:22.411+0000] {logging_mixin.py:188} INFO - [2024-07-15T15:03:22.411+0000] {dag.py:3096} INFO - Sync 10 DAGs
[2024-07-15T15:03:22.462+0000] {logging_mixin.py:188} INFO - [2024-07-15T15:03:22.461+0000] {dag.py:3954} INFO - Setting next_dagrun for conditional_dataset_and_time_based_timetable to 2024-07-10 01:00:00+00:00, run_after=2024-07-10 01:00:00+00:00
[2024-07-15T15:03:22.479+0000] {logging_mixin.py:188} INFO - [2024-07-15T15:03:22.478+0000] {dag.py:3954} INFO - Setting next_dagrun for consume_1_and_2_with_dataset_expressions to None, run_after=None
[2024-07-15T15:03:22.482+0000] {logging_mixin.py:188} INFO - [2024-07-15T15:03:22.482+0000] {dag.py:3954} INFO - Setting next_dagrun for consume_1_or_2_with_dataset_expressions to None, run_after=None
[2024-07-15T15:03:22.483+0000] {logging_mixin.py:188} INFO - [2024-07-15T15:03:22.483+0000] {dag.py:3954} INFO - Setting next_dagrun for consume_1_or_both_2_and_3_with_dataset_expressions to None, run_after=None
[2024-07-15T15:03:22.485+0000] {logging_mixin.py:188} INFO - [2024-07-15T15:03:22.484+0000] {dag.py:3954} INFO - Setting next_dagrun for dataset_consumes_1 to None, run_after=None
[2024-07-15T15:03:22.486+0000] {logging_mixin.py:188} INFO - [2024-07-15T15:03:22.486+0000] {dag.py:3954} INFO - Setting next_dagrun for dataset_consumes_1_and_2 to None, run_after=None
[2024-07-15T15:03:22.487+0000] {logging_mixin.py:188} INFO - [2024-07-15T15:03:22.487+0000] {dag.py:3954} INFO - Setting next_dagrun for dataset_consumes_1_never_scheduled to None, run_after=None
[2024-07-15T15:03:22.488+0000] {logging_mixin.py:188} INFO - [2024-07-15T15:03:22.488+0000] {dag.py:3954} INFO - Setting next_dagrun for dataset_consumes_unknown_never_scheduled to None, run_after=None
[2024-07-15T15:03:22.503+0000] {logging_mixin.py:188} INFO - [2024-07-15T15:03:22.503+0000] {dag.py:3954} INFO - Setting next_dagrun for dataset_produces_1 to 2024-07-14 00:00:00+00:00, run_after=2024-07-15 00:00:00+00:00
[2024-07-15T15:03:22.504+0000] {logging_mixin.py:188} INFO - [2024-07-15T15:03:22.504+0000] {dag.py:3954} INFO - Setting next_dagrun for dataset_produces_2 to None, run_after=None
[2024-07-15T15:03:22.569+0000] {processor.py:183} INFO - Processing /home/airflow/.local/lib/python3.12/site-packages/airflow/example_dags/example_datasets.py took 0.238 seconds
[2024-07-15T15:03:52.855+0000] {processor.py:161} INFO - Started process (PID=424) to work on /home/airflow/.local/lib/python3.12/site-packages/airflow/example_dags/example_datasets.py
[2024-07-15T15:03:52.856+0000] {processor.py:830} INFO - Processing file /home/airflow/.local/lib/python3.12/site-packages/airflow/example_dags/example_datasets.py for tasks to queue
[2024-07-15T15:03:52.860+0000] {logging_mixin.py:188} INFO - [2024-07-15T15:03:52.860+0000] {dagbag.py:545} INFO - Filling up the DagBag from /home/airflow/.local/lib/python3.12/site-packages/airflow/example_dags/example_datasets.py
[2024-07-15T15:03:52.883+0000] {processor.py:840} INFO - DAG(s) 'consume_1_and_2_with_dataset_expressions', 'dataset_consumes_1_never_scheduled', 'dataset_produces_1', 'dataset_produces_2', 'dataset_consumes_1_and_2', 'consume_1_or_both_2_and_3_with_dataset_expressions', 'dataset_consumes_unknown_never_scheduled', 'consume_1_or_2_with_dataset_expressions', 'conditional_dataset_and_time_based_timetable', 'dataset_consumes_1' retrieved from /home/airflow/.local/lib/python3.12/site-packages/airflow/example_dags/example_datasets.py
[2024-07-15T15:03:52.945+0000] {logging_mixin.py:188} INFO - [2024-07-15T15:03:52.944+0000] {dag.py:3096} INFO - Sync 10 DAGs
[2024-07-15T15:03:52.972+0000] {logging_mixin.py:188} INFO - [2024-07-15T15:03:52.972+0000] {dag.py:3954} INFO - Setting next_dagrun for conditional_dataset_and_time_based_timetable to 2024-07-10 01:00:00+00:00, run_after=2024-07-10 01:00:00+00:00
[2024-07-15T15:03:52.976+0000] {logging_mixin.py:188} INFO - [2024-07-15T15:03:52.976+0000] {dag.py:3954} INFO - Setting next_dagrun for consume_1_and_2_with_dataset_expressions to None, run_after=None
[2024-07-15T15:03:52.978+0000] {logging_mixin.py:188} INFO - [2024-07-15T15:03:52.978+0000] {dag.py:3954} INFO - Setting next_dagrun for consume_1_or_2_with_dataset_expressions to None, run_after=None
[2024-07-15T15:03:52.979+0000] {logging_mixin.py:188} INFO - [2024-07-15T15:03:52.979+0000] {dag.py:3954} INFO - Setting next_dagrun for consume_1_or_both_2_and_3_with_dataset_expressions to None, run_after=None
[2024-07-15T15:03:52.980+0000] {logging_mixin.py:188} INFO - [2024-07-15T15:03:52.980+0000] {dag.py:3954} INFO - Setting next_dagrun for dataset_consumes_1 to None, run_after=None
[2024-07-15T15:03:52.981+0000] {logging_mixin.py:188} INFO - [2024-07-15T15:03:52.981+0000] {dag.py:3954} INFO - Setting next_dagrun for dataset_consumes_1_and_2 to None, run_after=None
[2024-07-15T15:03:52.983+0000] {logging_mixin.py:188} INFO - [2024-07-15T15:03:52.982+0000] {dag.py:3954} INFO - Setting next_dagrun for dataset_consumes_1_never_scheduled to None, run_after=None
[2024-07-15T15:03:52.984+0000] {logging_mixin.py:188} INFO - [2024-07-15T15:03:52.984+0000] {dag.py:3954} INFO - Setting next_dagrun for dataset_consumes_unknown_never_scheduled to None, run_after=None
[2024-07-15T15:03:52.986+0000] {logging_mixin.py:188} INFO - [2024-07-15T15:03:52.986+0000] {dag.py:3954} INFO - Setting next_dagrun for dataset_produces_1 to 2024-07-14 00:00:00+00:00, run_after=2024-07-15 00:00:00+00:00
[2024-07-15T15:03:52.987+0000] {logging_mixin.py:188} INFO - [2024-07-15T15:03:52.987+0000] {dag.py:3954} INFO - Setting next_dagrun for dataset_produces_2 to None, run_after=None
[2024-07-15T15:03:53.027+0000] {processor.py:183} INFO - Processing /home/airflow/.local/lib/python3.12/site-packages/airflow/example_dags/example_datasets.py took 0.177 seconds
[2024-07-15T15:04:23.311+0000] {processor.py:161} INFO - Started process (PID=482) to work on /home/airflow/.local/lib/python3.12/site-packages/airflow/example_dags/example_datasets.py
[2024-07-15T15:04:23.311+0000] {processor.py:830} INFO - Processing file /home/airflow/.local/lib/python3.12/site-packages/airflow/example_dags/example_datasets.py for tasks to queue
[2024-07-15T15:04:23.313+0000] {logging_mixin.py:188} INFO - [2024-07-15T15:04:23.313+0000] {dagbag.py:545} INFO - Filling up the DagBag from /home/airflow/.local/lib/python3.12/site-packages/airflow/example_dags/example_datasets.py
[2024-07-15T15:04:23.330+0000] {processor.py:840} INFO - DAG(s) 'consume_1_and_2_with_dataset_expressions', 'dataset_produces_1', 'dataset_consumes_1', 'dataset_consumes_unknown_never_scheduled', 'dataset_consumes_1_never_scheduled', 'consume_1_or_2_with_dataset_expressions', 'dataset_consumes_1_and_2', 'conditional_dataset_and_time_based_timetable', 'dataset_produces_2', 'consume_1_or_both_2_and_3_with_dataset_expressions' retrieved from /home/airflow/.local/lib/python3.12/site-packages/airflow/example_dags/example_datasets.py
[2024-07-15T15:04:23.402+0000] {logging_mixin.py:188} INFO - [2024-07-15T15:04:23.401+0000] {dag.py:3096} INFO - Sync 10 DAGs
[2024-07-15T15:04:23.453+0000] {logging_mixin.py:188} INFO - [2024-07-15T15:04:23.453+0000] {dag.py:3954} INFO - Setting next_dagrun for conditional_dataset_and_time_based_timetable to 2024-07-10 01:00:00+00:00, run_after=2024-07-10 01:00:00+00:00
[2024-07-15T15:04:23.457+0000] {logging_mixin.py:188} INFO - [2024-07-15T15:04:23.457+0000] {dag.py:3954} INFO - Setting next_dagrun for consume_1_and_2_with_dataset_expressions to None, run_after=None
[2024-07-15T15:04:23.458+0000] {logging_mixin.py:188} INFO - [2024-07-15T15:04:23.458+0000] {dag.py:3954} INFO - Setting next_dagrun for consume_1_or_2_with_dataset_expressions to None, run_after=None
[2024-07-15T15:04:23.460+0000] {logging_mixin.py:188} INFO - [2024-07-15T15:04:23.459+0000] {dag.py:3954} INFO - Setting next_dagrun for consume_1_or_both_2_and_3_with_dataset_expressions to None, run_after=None
[2024-07-15T15:04:23.461+0000] {logging_mixin.py:188} INFO - [2024-07-15T15:04:23.461+0000] {dag.py:3954} INFO - Setting next_dagrun for dataset_consumes_1 to None, run_after=None
[2024-07-15T15:04:23.462+0000] {logging_mixin.py:188} INFO - [2024-07-15T15:04:23.462+0000] {dag.py:3954} INFO - Setting next_dagrun for dataset_consumes_1_and_2 to None, run_after=None
[2024-07-15T15:04:23.464+0000] {logging_mixin.py:188} INFO - [2024-07-15T15:04:23.463+0000] {dag.py:3954} INFO - Setting next_dagrun for dataset_consumes_1_never_scheduled to None, run_after=None
[2024-07-15T15:04:23.465+0000] {logging_mixin.py:188} INFO - [2024-07-15T15:04:23.465+0000] {dag.py:3954} INFO - Setting next_dagrun for dataset_consumes_unknown_never_scheduled to None, run_after=None
[2024-07-15T15:04:23.468+0000] {logging_mixin.py:188} INFO - [2024-07-15T15:04:23.467+0000] {dag.py:3954} INFO - Setting next_dagrun for dataset_produces_1 to 2024-07-14 00:00:00+00:00, run_after=2024-07-15 00:00:00+00:00
[2024-07-15T15:04:23.469+0000] {logging_mixin.py:188} INFO - [2024-07-15T15:04:23.469+0000] {dag.py:3954} INFO - Setting next_dagrun for dataset_produces_2 to None, run_after=None
[2024-07-15T15:04:23.505+0000] {processor.py:183} INFO - Processing /home/airflow/.local/lib/python3.12/site-packages/airflow/example_dags/example_datasets.py took 0.200 seconds
[2024-07-15T15:04:53.890+0000] {processor.py:161} INFO - Started process (PID=540) to work on /home/airflow/.local/lib/python3.12/site-packages/airflow/example_dags/example_datasets.py
[2024-07-15T15:04:53.891+0000] {processor.py:830} INFO - Processing file /home/airflow/.local/lib/python3.12/site-packages/airflow/example_dags/example_datasets.py for tasks to queue
[2024-07-15T15:04:53.894+0000] {logging_mixin.py:188} INFO - [2024-07-15T15:04:53.894+0000] {dagbag.py:545} INFO - Filling up the DagBag from /home/airflow/.local/lib/python3.12/site-packages/airflow/example_dags/example_datasets.py
[2024-07-15T15:04:53.911+0000] {processor.py:840} INFO - DAG(s) 'dataset_consumes_1', 'dataset_consumes_unknown_never_scheduled', 'dataset_produces_2', 'consume_1_and_2_with_dataset_expressions', 'consume_1_or_both_2_and_3_with_dataset_expressions', 'dataset_produces_1', 'dataset_consumes_1_never_scheduled', 'dataset_consumes_1_and_2', 'conditional_dataset_and_time_based_timetable', 'consume_1_or_2_with_dataset_expressions' retrieved from /home/airflow/.local/lib/python3.12/site-packages/airflow/example_dags/example_datasets.py
[2024-07-15T15:04:53.964+0000] {logging_mixin.py:188} INFO - [2024-07-15T15:04:53.964+0000] {dag.py:3096} INFO - Sync 10 DAGs
[2024-07-15T15:04:53.991+0000] {logging_mixin.py:188} INFO - [2024-07-15T15:04:53.991+0000] {dag.py:3954} INFO - Setting next_dagrun for conditional_dataset_and_time_based_timetable to 2024-07-10 01:00:00+00:00, run_after=2024-07-10 01:00:00+00:00
[2024-07-15T15:04:53.995+0000] {logging_mixin.py:188} INFO - [2024-07-15T15:04:53.995+0000] {dag.py:3954} INFO - Setting next_dagrun for consume_1_and_2_with_dataset_expressions to None, run_after=None
[2024-07-15T15:04:53.997+0000] {logging_mixin.py:188} INFO - [2024-07-15T15:04:53.997+0000] {dag.py:3954} INFO - Setting next_dagrun for consume_1_or_2_with_dataset_expressions to None, run_after=None
[2024-07-15T15:04:53.999+0000] {logging_mixin.py:188} INFO - [2024-07-15T15:04:53.998+0000] {dag.py:3954} INFO - Setting next_dagrun for consume_1_or_both_2_and_3_with_dataset_expressions to None, run_after=None
[2024-07-15T15:04:54.001+0000] {logging_mixin.py:188} INFO - [2024-07-15T15:04:54.001+0000] {dag.py:3954} INFO - Setting next_dagrun for dataset_consumes_1 to None, run_after=None
[2024-07-15T15:04:54.002+0000] {logging_mixin.py:188} INFO - [2024-07-15T15:04:54.002+0000] {dag.py:3954} INFO - Setting next_dagrun for dataset_consumes_1_and_2 to None, run_after=None
[2024-07-15T15:04:54.004+0000] {logging_mixin.py:188} INFO - [2024-07-15T15:04:54.004+0000] {dag.py:3954} INFO - Setting next_dagrun for dataset_consumes_1_never_scheduled to None, run_after=None
[2024-07-15T15:04:54.005+0000] {logging_mixin.py:188} INFO - [2024-07-15T15:04:54.005+0000] {dag.py:3954} INFO - Setting next_dagrun for dataset_consumes_unknown_never_scheduled to None, run_after=None
[2024-07-15T15:04:54.008+0000] {logging_mixin.py:188} INFO - [2024-07-15T15:04:54.008+0000] {dag.py:3954} INFO - Setting next_dagrun for dataset_produces_1 to 2024-07-14 00:00:00+00:00, run_after=2024-07-15 00:00:00+00:00
[2024-07-15T15:04:54.010+0000] {logging_mixin.py:188} INFO - [2024-07-15T15:04:54.009+0000] {dag.py:3954} INFO - Setting next_dagrun for dataset_produces_2 to None, run_after=None
[2024-07-15T15:04:54.060+0000] {processor.py:183} INFO - Processing /home/airflow/.local/lib/python3.12/site-packages/airflow/example_dags/example_datasets.py took 0.176 seconds
[2024-07-15T15:05:25.009+0000] {processor.py:161} INFO - Started process (PID=598) to work on /home/airflow/.local/lib/python3.12/site-packages/airflow/example_dags/example_datasets.py
[2024-07-15T15:05:25.009+0000] {processor.py:830} INFO - Processing file /home/airflow/.local/lib/python3.12/site-packages/airflow/example_dags/example_datasets.py for tasks to queue
[2024-07-15T15:05:25.011+0000] {logging_mixin.py:188} INFO - [2024-07-15T15:05:25.011+0000] {dagbag.py:545} INFO - Filling up the DagBag from /home/airflow/.local/lib/python3.12/site-packages/airflow/example_dags/example_datasets.py
[2024-07-15T15:05:25.026+0000] {processor.py:840} INFO - DAG(s) 'consume_1_and_2_with_dataset_expressions', 'dataset_produces_2', 'dataset_consumes_1_and_2', 'conditional_dataset_and_time_based_timetable', 'consume_1_or_both_2_and_3_with_dataset_expressions', 'dataset_consumes_1_never_scheduled', 'dataset_produces_1', 'dataset_consumes_1', 'dataset_consumes_unknown_never_scheduled', 'consume_1_or_2_with_dataset_expressions' retrieved from /home/airflow/.local/lib/python3.12/site-packages/airflow/example_dags/example_datasets.py
[2024-07-15T15:05:25.078+0000] {logging_mixin.py:188} INFO - [2024-07-15T15:05:25.078+0000] {dag.py:3096} INFO - Sync 10 DAGs
[2024-07-15T15:05:25.106+0000] {logging_mixin.py:188} INFO - [2024-07-15T15:05:25.105+0000] {dag.py:3954} INFO - Setting next_dagrun for conditional_dataset_and_time_based_timetable to 2024-07-10 01:00:00+00:00, run_after=2024-07-10 01:00:00+00:00
[2024-07-15T15:05:25.109+0000] {logging_mixin.py:188} INFO - [2024-07-15T15:05:25.109+0000] {dag.py:3954} INFO - Setting next_dagrun for consume_1_and_2_with_dataset_expressions to None, run_after=None
[2024-07-15T15:05:25.110+0000] {logging_mixin.py:188} INFO - [2024-07-15T15:05:25.110+0000] {dag.py:3954} INFO - Setting next_dagrun for consume_1_or_2_with_dataset_expressions to None, run_after=None
[2024-07-15T15:05:25.111+0000] {logging_mixin.py:188} INFO - [2024-07-15T15:05:25.111+0000] {dag.py:3954} INFO - Setting next_dagrun for consume_1_or_both_2_and_3_with_dataset_expressions to None, run_after=None
[2024-07-15T15:05:25.112+0000] {logging_mixin.py:188} INFO - [2024-07-15T15:05:25.112+0000] {dag.py:3954} INFO - Setting next_dagrun for dataset_consumes_1 to None, run_after=None
[2024-07-15T15:05:25.114+0000] {logging_mixin.py:188} INFO - [2024-07-15T15:05:25.114+0000] {dag.py:3954} INFO - Setting next_dagrun for dataset_consumes_1_and_2 to None, run_after=None
[2024-07-15T15:05:25.115+0000] {logging_mixin.py:188} INFO - [2024-07-15T15:05:25.115+0000] {dag.py:3954} INFO - Setting next_dagrun for dataset_consumes_1_never_scheduled to None, run_after=None
[2024-07-15T15:05:25.116+0000] {logging_mixin.py:188} INFO - [2024-07-15T15:05:25.116+0000] {dag.py:3954} INFO - Setting next_dagrun for dataset_consumes_unknown_never_scheduled to None, run_after=None
[2024-07-15T15:05:25.119+0000] {logging_mixin.py:188} INFO - [2024-07-15T15:05:25.118+0000] {dag.py:3954} INFO - Setting next_dagrun for dataset_produces_1 to 2024-07-14 00:00:00+00:00, run_after=2024-07-15 00:00:00+00:00
[2024-07-15T15:05:25.120+0000] {logging_mixin.py:188} INFO - [2024-07-15T15:05:25.120+0000] {dag.py:3954} INFO - Setting next_dagrun for dataset_produces_2 to None, run_after=None
[2024-07-15T15:05:25.158+0000] {processor.py:183} INFO - Processing /home/airflow/.local/lib/python3.12/site-packages/airflow/example_dags/example_datasets.py took 0.155 seconds
[2024-07-15T15:05:55.392+0000] {processor.py:161} INFO - Started process (PID=656) to work on /home/airflow/.local/lib/python3.12/site-packages/airflow/example_dags/example_datasets.py
[2024-07-15T15:05:55.393+0000] {processor.py:830} INFO - Processing file /home/airflow/.local/lib/python3.12/site-packages/airflow/example_dags/example_datasets.py for tasks to queue
[2024-07-15T15:05:55.394+0000] {logging_mixin.py:188} INFO - [2024-07-15T15:05:55.394+0000] {dagbag.py:545} INFO - Filling up the DagBag from /home/airflow/.local/lib/python3.12/site-packages/airflow/example_dags/example_datasets.py
[2024-07-15T15:05:55.409+0000] {processor.py:840} INFO - DAG(s) 'consume_1_or_2_with_dataset_expressions', 'consume_1_or_both_2_and_3_with_dataset_expressions', 'dataset_consumes_1_never_scheduled', 'dataset_produces_1', 'dataset_produces_2', 'dataset_consumes_1_and_2', 'dataset_consumes_1', 'conditional_dataset_and_time_based_timetable', 'consume_1_and_2_with_dataset_expressions', 'dataset_consumes_unknown_never_scheduled' retrieved from /home/airflow/.local/lib/python3.12/site-packages/airflow/example_dags/example_datasets.py
[2024-07-15T15:05:55.462+0000] {logging_mixin.py:188} INFO - [2024-07-15T15:05:55.462+0000] {dag.py:3096} INFO - Sync 10 DAGs
[2024-07-15T15:05:55.510+0000] {logging_mixin.py:188} INFO - [2024-07-15T15:05:55.510+0000] {dag.py:3954} INFO - Setting next_dagrun for conditional_dataset_and_time_based_timetable to 2024-07-10 01:00:00+00:00, run_after=2024-07-10 01:00:00+00:00
[2024-07-15T15:05:55.515+0000] {logging_mixin.py:188} INFO - [2024-07-15T15:05:55.515+0000] {dag.py:3954} INFO - Setting next_dagrun for consume_1_and_2_with_dataset_expressions to None, run_after=None
[2024-07-15T15:05:55.517+0000] {logging_mixin.py:188} INFO - [2024-07-15T15:05:55.517+0000] {dag.py:3954} INFO - Setting next_dagrun for consume_1_or_2_with_dataset_expressions to None, run_after=None
[2024-07-15T15:05:55.527+0000] {logging_mixin.py:188} INFO - [2024-07-15T15:05:55.527+0000] {dag.py:3954} INFO - Setting next_dagrun for consume_1_or_both_2_and_3_with_dataset_expressions to None, run_after=None
[2024-07-15T15:05:55.530+0000] {logging_mixin.py:188} INFO - [2024-07-15T15:05:55.530+0000] {dag.py:3954} INFO - Setting next_dagrun for dataset_consumes_1 to None, run_after=None
[2024-07-15T15:05:55.534+0000] {logging_mixin.py:188} INFO - [2024-07-15T15:05:55.533+0000] {dag.py:3954} INFO - Setting next_dagrun for dataset_consumes_1_and_2 to None, run_after=None
[2024-07-15T15:05:55.536+0000] {logging_mixin.py:188} INFO - [2024-07-15T15:05:55.536+0000] {dag.py:3954} INFO - Setting next_dagrun for dataset_consumes_1_never_scheduled to None, run_after=None
[2024-07-15T15:05:55.537+0000] {logging_mixin.py:188} INFO - [2024-07-15T15:05:55.537+0000] {dag.py:3954} INFO - Setting next_dagrun for dataset_consumes_unknown_never_scheduled to None, run_after=None
[2024-07-15T15:05:55.540+0000] {logging_mixin.py:188} INFO - [2024-07-15T15:05:55.540+0000] {dag.py:3954} INFO - Setting next_dagrun for dataset_produces_1 to 2024-07-14 00:00:00+00:00, run_after=2024-07-15 00:00:00+00:00
[2024-07-15T15:05:55.541+0000] {logging_mixin.py:188} INFO - [2024-07-15T15:05:55.541+0000] {dag.py:3954} INFO - Setting next_dagrun for dataset_produces_2 to None, run_after=None
[2024-07-15T15:05:55.579+0000] {processor.py:183} INFO - Processing /home/airflow/.local/lib/python3.12/site-packages/airflow/example_dags/example_datasets.py took 0.193 seconds
[2024-07-15T15:06:26.273+0000] {processor.py:161} INFO - Started process (PID=714) to work on /home/airflow/.local/lib/python3.12/site-packages/airflow/example_dags/example_datasets.py
[2024-07-15T15:06:26.277+0000] {processor.py:830} INFO - Processing file /home/airflow/.local/lib/python3.12/site-packages/airflow/example_dags/example_datasets.py for tasks to queue
[2024-07-15T15:06:26.282+0000] {logging_mixin.py:188} INFO - [2024-07-15T15:06:26.281+0000] {dagbag.py:545} INFO - Filling up the DagBag from /home/airflow/.local/lib/python3.12/site-packages/airflow/example_dags/example_datasets.py
[2024-07-15T15:06:26.308+0000] {processor.py:840} INFO - DAG(s) 'consume_1_or_both_2_and_3_with_dataset_expressions', 'conditional_dataset_and_time_based_timetable', 'dataset_consumes_1_never_scheduled', 'consume_1_or_2_with_dataset_expressions', 'consume_1_and_2_with_dataset_expressions', 'dataset_consumes_unknown_never_scheduled', 'dataset_consumes_1_and_2', 'dataset_produces_1', 'dataset_produces_2', 'dataset_consumes_1' retrieved from /home/airflow/.local/lib/python3.12/site-packages/airflow/example_dags/example_datasets.py
[2024-07-15T15:06:26.377+0000] {logging_mixin.py:188} INFO - [2024-07-15T15:06:26.377+0000] {dag.py:3096} INFO - Sync 10 DAGs
[2024-07-15T15:06:26.406+0000] {logging_mixin.py:188} INFO - [2024-07-15T15:06:26.406+0000] {dag.py:3954} INFO - Setting next_dagrun for conditional_dataset_and_time_based_timetable to 2024-07-10 01:00:00+00:00, run_after=2024-07-10 01:00:00+00:00
[2024-07-15T15:06:26.410+0000] {logging_mixin.py:188} INFO - [2024-07-15T15:06:26.410+0000] {dag.py:3954} INFO - Setting next_dagrun for consume_1_and_2_with_dataset_expressions to None, run_after=None
[2024-07-15T15:06:26.412+0000] {logging_mixin.py:188} INFO - [2024-07-15T15:06:26.412+0000] {dag.py:3954} INFO - Setting next_dagrun for consume_1_or_2_with_dataset_expressions to None, run_after=None
[2024-07-15T15:06:26.413+0000] {logging_mixin.py:188} INFO - [2024-07-15T15:06:26.413+0000] {dag.py:3954} INFO - Setting next_dagrun for consume_1_or_both_2_and_3_with_dataset_expressions to None, run_after=None
[2024-07-15T15:06:26.414+0000] {logging_mixin.py:188} INFO - [2024-07-15T15:06:26.414+0000] {dag.py:3954} INFO - Setting next_dagrun for dataset_consumes_1 to None, run_after=None
[2024-07-15T15:06:26.415+0000] {logging_mixin.py:188} INFO - [2024-07-15T15:06:26.415+0000] {dag.py:3954} INFO - Setting next_dagrun for dataset_consumes_1_and_2 to None, run_after=None
[2024-07-15T15:06:26.417+0000] {logging_mixin.py:188} INFO - [2024-07-15T15:06:26.416+0000] {dag.py:3954} INFO - Setting next_dagrun for dataset_consumes_1_never_scheduled to None, run_after=None
[2024-07-15T15:06:26.418+0000] {logging_mixin.py:188} INFO - [2024-07-15T15:06:26.418+0000] {dag.py:3954} INFO - Setting next_dagrun for dataset_consumes_unknown_never_scheduled to None, run_after=None
[2024-07-15T15:06:26.421+0000] {logging_mixin.py:188} INFO - [2024-07-15T15:06:26.420+0000] {dag.py:3954} INFO - Setting next_dagrun for dataset_produces_1 to 2024-07-14 00:00:00+00:00, run_after=2024-07-15 00:00:00+00:00
[2024-07-15T15:06:26.422+0000] {logging_mixin.py:188} INFO - [2024-07-15T15:06:26.422+0000] {dag.py:3954} INFO - Setting next_dagrun for dataset_produces_2 to None, run_after=None
[2024-07-15T15:06:26.486+0000] {processor.py:183} INFO - Processing /home/airflow/.local/lib/python3.12/site-packages/airflow/example_dags/example_datasets.py took 0.218 seconds
[2024-07-15T15:06:57.359+0000] {processor.py:161} INFO - Started process (PID=772) to work on /home/airflow/.local/lib/python3.12/site-packages/airflow/example_dags/example_datasets.py
[2024-07-15T15:06:57.360+0000] {processor.py:830} INFO - Processing file /home/airflow/.local/lib/python3.12/site-packages/airflow/example_dags/example_datasets.py for tasks to queue
[2024-07-15T15:06:57.362+0000] {logging_mixin.py:188} INFO - [2024-07-15T15:06:57.361+0000] {dagbag.py:545} INFO - Filling up the DagBag from /home/airflow/.local/lib/python3.12/site-packages/airflow/example_dags/example_datasets.py
[2024-07-15T15:06:57.377+0000] {processor.py:840} INFO - DAG(s) 'consume_1_and_2_with_dataset_expressions', 'dataset_produces_1', 'conditional_dataset_and_time_based_timetable', 'dataset_consumes_unknown_never_scheduled', 'dataset_produces_2', 'consume_1_or_both_2_and_3_with_dataset_expressions', 'dataset_consumes_1', 'consume_1_or_2_with_dataset_expressions', 'dataset_consumes_1_never_scheduled', 'dataset_consumes_1_and_2' retrieved from /home/airflow/.local/lib/python3.12/site-packages/airflow/example_dags/example_datasets.py
[2024-07-15T15:06:57.430+0000] {logging_mixin.py:188} INFO - [2024-07-15T15:06:57.430+0000] {dag.py:3096} INFO - Sync 10 DAGs
[2024-07-15T15:06:57.456+0000] {logging_mixin.py:188} INFO - [2024-07-15T15:06:57.456+0000] {dag.py:3954} INFO - Setting next_dagrun for conditional_dataset_and_time_based_timetable to 2024-07-10 01:00:00+00:00, run_after=2024-07-10 01:00:00+00:00
[2024-07-15T15:06:57.460+0000] {logging_mixin.py:188} INFO - [2024-07-15T15:06:57.460+0000] {dag.py:3954} INFO - Setting next_dagrun for consume_1_and_2_with_dataset_expressions to None, run_after=None
[2024-07-15T15:06:57.461+0000] {logging_mixin.py:188} INFO - [2024-07-15T15:06:57.461+0000] {dag.py:3954} INFO - Setting next_dagrun for consume_1_or_2_with_dataset_expressions to None, run_after=None
[2024-07-15T15:06:57.463+0000] {logging_mixin.py:188} INFO - [2024-07-15T15:06:57.462+0000] {dag.py:3954} INFO - Setting next_dagrun for consume_1_or_both_2_and_3_with_dataset_expressions to None, run_after=None
[2024-07-15T15:06:57.464+0000] {logging_mixin.py:188} INFO - [2024-07-15T15:06:57.464+0000] {dag.py:3954} INFO - Setting next_dagrun for dataset_consumes_1 to None, run_after=None
[2024-07-15T15:06:57.465+0000] {logging_mixin.py:188} INFO - [2024-07-15T15:06:57.465+0000] {dag.py:3954} INFO - Setting next_dagrun for dataset_consumes_1_and_2 to None, run_after=None
[2024-07-15T15:06:57.466+0000] {logging_mixin.py:188} INFO - [2024-07-15T15:06:57.466+0000] {dag.py:3954} INFO - Setting next_dagrun for dataset_consumes_1_never_scheduled to None, run_after=None
[2024-07-15T15:06:57.467+0000] {logging_mixin.py:188} INFO - [2024-07-15T15:06:57.467+0000] {dag.py:3954} INFO - Setting next_dagrun for dataset_consumes_unknown_never_scheduled to None, run_after=None
[2024-07-15T15:06:57.470+0000] {logging_mixin.py:188} INFO - [2024-07-15T15:06:57.470+0000] {dag.py:3954} INFO - Setting next_dagrun for dataset_produces_1 to 2024-07-14 00:00:00+00:00, run_after=2024-07-15 00:00:00+00:00
[2024-07-15T15:06:57.471+0000] {logging_mixin.py:188} INFO - [2024-07-15T15:06:57.471+0000] {dag.py:3954} INFO - Setting next_dagrun for dataset_produces_2 to None, run_after=None
[2024-07-15T15:06:57.511+0000] {processor.py:183} INFO - Processing /home/airflow/.local/lib/python3.12/site-packages/airflow/example_dags/example_datasets.py took 0.158 seconds
[2024-07-15T15:07:28.364+0000] {processor.py:161} INFO - Started process (PID=830) to work on /home/airflow/.local/lib/python3.12/site-packages/airflow/example_dags/example_datasets.py
[2024-07-15T15:07:28.370+0000] {processor.py:830} INFO - Processing file /home/airflow/.local/lib/python3.12/site-packages/airflow/example_dags/example_datasets.py for tasks to queue
[2024-07-15T15:07:28.371+0000] {logging_mixin.py:188} INFO - [2024-07-15T15:07:28.371+0000] {dagbag.py:545} INFO - Filling up the DagBag from /home/airflow/.local/lib/python3.12/site-packages/airflow/example_dags/example_datasets.py
[2024-07-15T15:07:28.386+0000] {processor.py:840} INFO - DAG(s) 'consume_1_or_both_2_and_3_with_dataset_expressions', 'dataset_produces_2', 'dataset_produces_1', 'dataset_consumes_1', 'dataset_consumes_unknown_never_scheduled', 'consume_1_and_2_with_dataset_expressions', 'consume_1_or_2_with_dataset_expressions', 'dataset_consumes_1_and_2', 'conditional_dataset_and_time_based_timetable', 'dataset_consumes_1_never_scheduled' retrieved from /home/airflow/.local/lib/python3.12/site-packages/airflow/example_dags/example_datasets.py
[2024-07-15T15:07:28.454+0000] {logging_mixin.py:188} INFO - [2024-07-15T15:07:28.454+0000] {dag.py:3096} INFO - Sync 10 DAGs
[2024-07-15T15:07:28.480+0000] {logging_mixin.py:188} INFO - [2024-07-15T15:07:28.480+0000] {dag.py:3954} INFO - Setting next_dagrun for conditional_dataset_and_time_based_timetable to 2024-07-10 01:00:00+00:00, run_after=2024-07-10 01:00:00+00:00
[2024-07-15T15:07:28.494+0000] {logging_mixin.py:188} INFO - [2024-07-15T15:07:28.494+0000] {dag.py:3954} INFO - Setting next_dagrun for consume_1_and_2_with_dataset_expressions to None, run_after=None
[2024-07-15T15:07:28.497+0000] {logging_mixin.py:188} INFO - [2024-07-15T15:07:28.497+0000] {dag.py:3954} INFO - Setting next_dagrun for consume_1_or_2_with_dataset_expressions to None, run_after=None
[2024-07-15T15:07:28.500+0000] {logging_mixin.py:188} INFO - [2024-07-15T15:07:28.500+0000] {dag.py:3954} INFO - Setting next_dagrun for consume_1_or_both_2_and_3_with_dataset_expressions to None, run_after=None
[2024-07-15T15:07:28.517+0000] {logging_mixin.py:188} INFO - [2024-07-15T15:07:28.516+0000] {dag.py:3954} INFO - Setting next_dagrun for dataset_consumes_1 to None, run_after=None
[2024-07-15T15:07:28.531+0000] {logging_mixin.py:188} INFO - [2024-07-15T15:07:28.531+0000] {dag.py:3954} INFO - Setting next_dagrun for dataset_consumes_1_and_2 to None, run_after=None
[2024-07-15T15:07:28.532+0000] {logging_mixin.py:188} INFO - [2024-07-15T15:07:28.532+0000] {dag.py:3954} INFO - Setting next_dagrun for dataset_consumes_1_never_scheduled to None, run_after=None
[2024-07-15T15:07:28.534+0000] {logging_mixin.py:188} INFO - [2024-07-15T15:07:28.533+0000] {dag.py:3954} INFO - Setting next_dagrun for dataset_consumes_unknown_never_scheduled to None, run_after=None
[2024-07-15T15:07:28.538+0000] {logging_mixin.py:188} INFO - [2024-07-15T15:07:28.538+0000] {dag.py:3954} INFO - Setting next_dagrun for dataset_produces_1 to 2024-07-14 00:00:00+00:00, run_after=2024-07-15 00:00:00+00:00
[2024-07-15T15:07:28.540+0000] {logging_mixin.py:188} INFO - [2024-07-15T15:07:28.540+0000] {dag.py:3954} INFO - Setting next_dagrun for dataset_produces_2 to None, run_after=None
[2024-07-15T15:07:28.715+0000] {processor.py:183} INFO - Processing /home/airflow/.local/lib/python3.12/site-packages/airflow/example_dags/example_datasets.py took 0.360 seconds
