[2024-07-15T15:00:44.387+0000] {processor.py:161} INFO - Started process (PID=48) to work on /home/airflow/.local/lib/python3.12/site-packages/airflow/example_dags/tutorial.py
[2024-07-15T15:00:44.396+0000] {processor.py:830} INFO - Processing file /home/airflow/.local/lib/python3.12/site-packages/airflow/example_dags/tutorial.py for tasks to queue
[2024-07-15T15:00:44.411+0000] {logging_mixin.py:188} INFO - [2024-07-15T15:00:44.411+0000] {dagbag.py:545} INFO - Filling up the DagBag from /home/airflow/.local/lib/python3.12/site-packages/airflow/example_dags/tutorial.py
[2024-07-15T15:00:44.476+0000] {processor.py:840} INFO - DAG(s) 'tutorial' retrieved from /home/airflow/.local/lib/python3.12/site-packages/airflow/example_dags/tutorial.py
[2024-07-15T15:00:44.610+0000] {logging_mixin.py:188} INFO - [2024-07-15T15:00:44.607+0000] {dag.py:3096} INFO - Sync 1 DAGs
[2024-07-15T15:00:44.673+0000] {logging_mixin.py:188} INFO - [2024-07-15T15:00:44.672+0000] {dag.py:3954} INFO - Setting next_dagrun for tutorial to 2024-07-14 00:00:00+00:00, run_after=2024-07-15 00:00:00+00:00
[2024-07-15T15:00:44.715+0000] {processor.py:183} INFO - Processing /home/airflow/.local/lib/python3.12/site-packages/airflow/example_dags/tutorial.py took 0.341 seconds
[2024-07-15T15:01:15.017+0000] {processor.py:161} INFO - Started process (PID=105) to work on /home/airflow/.local/lib/python3.12/site-packages/airflow/example_dags/tutorial.py
[2024-07-15T15:01:15.018+0000] {processor.py:830} INFO - Processing file /home/airflow/.local/lib/python3.12/site-packages/airflow/example_dags/tutorial.py for tasks to queue
[2024-07-15T15:01:15.020+0000] {logging_mixin.py:188} INFO - [2024-07-15T15:01:15.019+0000] {dagbag.py:545} INFO - Filling up the DagBag from /home/airflow/.local/lib/python3.12/site-packages/airflow/example_dags/tutorial.py
[2024-07-15T15:01:15.026+0000] {processor.py:840} INFO - DAG(s) 'tutorial' retrieved from /home/airflow/.local/lib/python3.12/site-packages/airflow/example_dags/tutorial.py
[2024-07-15T15:01:15.114+0000] {logging_mixin.py:188} INFO - [2024-07-15T15:01:15.113+0000] {dag.py:3096} INFO - Sync 1 DAGs
[2024-07-15T15:01:15.199+0000] {logging_mixin.py:188} INFO - [2024-07-15T15:01:15.199+0000] {dag.py:3954} INFO - Setting next_dagrun for tutorial to 2024-07-14 00:00:00+00:00, run_after=2024-07-15 00:00:00+00:00
[2024-07-15T15:01:15.256+0000] {processor.py:183} INFO - Processing /home/airflow/.local/lib/python3.12/site-packages/airflow/example_dags/tutorial.py took 0.252 seconds
[2024-07-15T15:01:45.693+0000] {processor.py:161} INFO - Started process (PID=163) to work on /home/airflow/.local/lib/python3.12/site-packages/airflow/example_dags/tutorial.py
[2024-07-15T15:01:45.694+0000] {processor.py:830} INFO - Processing file /home/airflow/.local/lib/python3.12/site-packages/airflow/example_dags/tutorial.py for tasks to queue
[2024-07-15T15:01:45.695+0000] {logging_mixin.py:188} INFO - [2024-07-15T15:01:45.695+0000] {dagbag.py:545} INFO - Filling up the DagBag from /home/airflow/.local/lib/python3.12/site-packages/airflow/example_dags/tutorial.py
[2024-07-15T15:01:45.700+0000] {processor.py:840} INFO - DAG(s) 'tutorial' retrieved from /home/airflow/.local/lib/python3.12/site-packages/airflow/example_dags/tutorial.py
[2024-07-15T15:01:45.723+0000] {logging_mixin.py:188} INFO - [2024-07-15T15:01:45.723+0000] {dag.py:3096} INFO - Sync 1 DAGs
[2024-07-15T15:01:45.758+0000] {logging_mixin.py:188} INFO - [2024-07-15T15:01:45.758+0000] {dag.py:3954} INFO - Setting next_dagrun for tutorial to 2024-07-14 00:00:00+00:00, run_after=2024-07-15 00:00:00+00:00
[2024-07-15T15:01:45.807+0000] {processor.py:183} INFO - Processing /home/airflow/.local/lib/python3.12/site-packages/airflow/example_dags/tutorial.py took 0.119 seconds
[2024-07-15T15:02:16.652+0000] {processor.py:161} INFO - Started process (PID=222) to work on /home/airflow/.local/lib/python3.12/site-packages/airflow/example_dags/tutorial.py
[2024-07-15T15:02:16.653+0000] {processor.py:830} INFO - Processing file /home/airflow/.local/lib/python3.12/site-packages/airflow/example_dags/tutorial.py for tasks to queue
[2024-07-15T15:02:16.654+0000] {logging_mixin.py:188} INFO - [2024-07-15T15:02:16.654+0000] {dagbag.py:545} INFO - Filling up the DagBag from /home/airflow/.local/lib/python3.12/site-packages/airflow/example_dags/tutorial.py
[2024-07-15T15:02:16.661+0000] {processor.py:840} INFO - DAG(s) 'tutorial' retrieved from /home/airflow/.local/lib/python3.12/site-packages/airflow/example_dags/tutorial.py
[2024-07-15T15:02:16.680+0000] {logging_mixin.py:188} INFO - [2024-07-15T15:02:16.680+0000] {dag.py:3096} INFO - Sync 1 DAGs
[2024-07-15T15:02:16.703+0000] {logging_mixin.py:188} INFO - [2024-07-15T15:02:16.703+0000] {dag.py:3954} INFO - Setting next_dagrun for tutorial to 2024-07-14 00:00:00+00:00, run_after=2024-07-15 00:00:00+00:00
[2024-07-15T15:02:16.729+0000] {processor.py:183} INFO - Processing /home/airflow/.local/lib/python3.12/site-packages/airflow/example_dags/tutorial.py took 0.082 seconds
[2024-07-15T15:02:47.265+0000] {processor.py:161} INFO - Started process (PID=279) to work on /home/airflow/.local/lib/python3.12/site-packages/airflow/example_dags/tutorial.py
[2024-07-15T15:02:47.266+0000] {processor.py:830} INFO - Processing file /home/airflow/.local/lib/python3.12/site-packages/airflow/example_dags/tutorial.py for tasks to queue
[2024-07-15T15:02:47.268+0000] {logging_mixin.py:188} INFO - [2024-07-15T15:02:47.267+0000] {dagbag.py:545} INFO - Filling up the DagBag from /home/airflow/.local/lib/python3.12/site-packages/airflow/example_dags/tutorial.py
[2024-07-15T15:02:47.274+0000] {processor.py:840} INFO - DAG(s) 'tutorial' retrieved from /home/airflow/.local/lib/python3.12/site-packages/airflow/example_dags/tutorial.py
[2024-07-15T15:02:47.297+0000] {logging_mixin.py:188} INFO - [2024-07-15T15:02:47.296+0000] {dag.py:3096} INFO - Sync 1 DAGs
[2024-07-15T15:02:47.320+0000] {logging_mixin.py:188} INFO - [2024-07-15T15:02:47.320+0000] {dag.py:3954} INFO - Setting next_dagrun for tutorial to 2024-07-14 00:00:00+00:00, run_after=2024-07-15 00:00:00+00:00
[2024-07-15T15:02:47.342+0000] {processor.py:183} INFO - Processing /home/airflow/.local/lib/python3.12/site-packages/airflow/example_dags/tutorial.py took 0.082 seconds
[2024-07-15T15:03:17.541+0000] {processor.py:161} INFO - Started process (PID=338) to work on /home/airflow/.local/lib/python3.12/site-packages/airflow/example_dags/tutorial.py
[2024-07-15T15:03:17.542+0000] {processor.py:830} INFO - Processing file /home/airflow/.local/lib/python3.12/site-packages/airflow/example_dags/tutorial.py for tasks to queue
[2024-07-15T15:03:17.543+0000] {logging_mixin.py:188} INFO - [2024-07-15T15:03:17.543+0000] {dagbag.py:545} INFO - Filling up the DagBag from /home/airflow/.local/lib/python3.12/site-packages/airflow/example_dags/tutorial.py
[2024-07-15T15:03:17.549+0000] {processor.py:840} INFO - DAG(s) 'tutorial' retrieved from /home/airflow/.local/lib/python3.12/site-packages/airflow/example_dags/tutorial.py
[2024-07-15T15:03:17.568+0000] {logging_mixin.py:188} INFO - [2024-07-15T15:03:17.568+0000] {dag.py:3096} INFO - Sync 1 DAGs
[2024-07-15T15:03:17.591+0000] {logging_mixin.py:188} INFO - [2024-07-15T15:03:17.590+0000] {dag.py:3954} INFO - Setting next_dagrun for tutorial to 2024-07-14 00:00:00+00:00, run_after=2024-07-15 00:00:00+00:00
[2024-07-15T15:03:17.614+0000] {processor.py:183} INFO - Processing /home/airflow/.local/lib/python3.12/site-packages/airflow/example_dags/tutorial.py took 0.078 seconds
[2024-07-15T15:03:47.911+0000] {processor.py:161} INFO - Started process (PID=396) to work on /home/airflow/.local/lib/python3.12/site-packages/airflow/example_dags/tutorial.py
[2024-07-15T15:03:47.911+0000] {processor.py:830} INFO - Processing file /home/airflow/.local/lib/python3.12/site-packages/airflow/example_dags/tutorial.py for tasks to queue
[2024-07-15T15:03:47.913+0000] {logging_mixin.py:188} INFO - [2024-07-15T15:03:47.912+0000] {dagbag.py:545} INFO - Filling up the DagBag from /home/airflow/.local/lib/python3.12/site-packages/airflow/example_dags/tutorial.py
[2024-07-15T15:03:47.917+0000] {processor.py:840} INFO - DAG(s) 'tutorial' retrieved from /home/airflow/.local/lib/python3.12/site-packages/airflow/example_dags/tutorial.py
[2024-07-15T15:03:47.934+0000] {logging_mixin.py:188} INFO - [2024-07-15T15:03:47.934+0000] {dag.py:3096} INFO - Sync 1 DAGs
[2024-07-15T15:03:47.950+0000] {logging_mixin.py:188} INFO - [2024-07-15T15:03:47.950+0000] {dag.py:3954} INFO - Setting next_dagrun for tutorial to 2024-07-14 00:00:00+00:00, run_after=2024-07-15 00:00:00+00:00
[2024-07-15T15:03:47.968+0000] {processor.py:183} INFO - Processing /home/airflow/.local/lib/python3.12/site-packages/airflow/example_dags/tutorial.py took 0.062 seconds
[2024-07-15T15:04:18.364+0000] {processor.py:161} INFO - Started process (PID=454) to work on /home/airflow/.local/lib/python3.12/site-packages/airflow/example_dags/tutorial.py
[2024-07-15T15:04:18.364+0000] {processor.py:830} INFO - Processing file /home/airflow/.local/lib/python3.12/site-packages/airflow/example_dags/tutorial.py for tasks to queue
[2024-07-15T15:04:18.366+0000] {logging_mixin.py:188} INFO - [2024-07-15T15:04:18.365+0000] {dagbag.py:545} INFO - Filling up the DagBag from /home/airflow/.local/lib/python3.12/site-packages/airflow/example_dags/tutorial.py
[2024-07-15T15:04:18.370+0000] {processor.py:840} INFO - DAG(s) 'tutorial' retrieved from /home/airflow/.local/lib/python3.12/site-packages/airflow/example_dags/tutorial.py
[2024-07-15T15:04:18.386+0000] {logging_mixin.py:188} INFO - [2024-07-15T15:04:18.385+0000] {dag.py:3096} INFO - Sync 1 DAGs
[2024-07-15T15:04:18.401+0000] {logging_mixin.py:188} INFO - [2024-07-15T15:04:18.401+0000] {dag.py:3954} INFO - Setting next_dagrun for tutorial to 2024-07-14 00:00:00+00:00, run_after=2024-07-15 00:00:00+00:00
[2024-07-15T15:04:18.420+0000] {processor.py:183} INFO - Processing /home/airflow/.local/lib/python3.12/site-packages/airflow/example_dags/tutorial.py took 0.062 seconds
[2024-07-15T15:04:48.775+0000] {processor.py:161} INFO - Started process (PID=512) to work on /home/airflow/.local/lib/python3.12/site-packages/airflow/example_dags/tutorial.py
[2024-07-15T15:04:48.776+0000] {processor.py:830} INFO - Processing file /home/airflow/.local/lib/python3.12/site-packages/airflow/example_dags/tutorial.py for tasks to queue
[2024-07-15T15:04:48.777+0000] {logging_mixin.py:188} INFO - [2024-07-15T15:04:48.777+0000] {dagbag.py:545} INFO - Filling up the DagBag from /home/airflow/.local/lib/python3.12/site-packages/airflow/example_dags/tutorial.py
[2024-07-15T15:04:48.783+0000] {processor.py:840} INFO - DAG(s) 'tutorial' retrieved from /home/airflow/.local/lib/python3.12/site-packages/airflow/example_dags/tutorial.py
[2024-07-15T15:04:48.805+0000] {logging_mixin.py:188} INFO - [2024-07-15T15:04:48.805+0000] {dag.py:3096} INFO - Sync 1 DAGs
[2024-07-15T15:04:48.830+0000] {logging_mixin.py:188} INFO - [2024-07-15T15:04:48.830+0000] {dag.py:3954} INFO - Setting next_dagrun for tutorial to 2024-07-14 00:00:00+00:00, run_after=2024-07-15 00:00:00+00:00
[2024-07-15T15:04:48.853+0000] {processor.py:183} INFO - Processing /home/airflow/.local/lib/python3.12/site-packages/airflow/example_dags/tutorial.py took 0.083 seconds
[2024-07-15T15:05:19.369+0000] {processor.py:161} INFO - Started process (PID=570) to work on /home/airflow/.local/lib/python3.12/site-packages/airflow/example_dags/tutorial.py
[2024-07-15T15:05:19.370+0000] {processor.py:830} INFO - Processing file /home/airflow/.local/lib/python3.12/site-packages/airflow/example_dags/tutorial.py for tasks to queue
[2024-07-15T15:05:19.372+0000] {logging_mixin.py:188} INFO - [2024-07-15T15:05:19.372+0000] {dagbag.py:545} INFO - Filling up the DagBag from /home/airflow/.local/lib/python3.12/site-packages/airflow/example_dags/tutorial.py
[2024-07-15T15:05:19.378+0000] {processor.py:840} INFO - DAG(s) 'tutorial' retrieved from /home/airflow/.local/lib/python3.12/site-packages/airflow/example_dags/tutorial.py
[2024-07-15T15:05:19.417+0000] {logging_mixin.py:188} INFO - [2024-07-15T15:05:19.417+0000] {dag.py:3096} INFO - Sync 1 DAGs
[2024-07-15T15:05:19.441+0000] {logging_mixin.py:188} INFO - [2024-07-15T15:05:19.441+0000] {dag.py:3954} INFO - Setting next_dagrun for tutorial to 2024-07-14 00:00:00+00:00, run_after=2024-07-15 00:00:00+00:00
[2024-07-15T15:05:19.464+0000] {processor.py:183} INFO - Processing /home/airflow/.local/lib/python3.12/site-packages/airflow/example_dags/tutorial.py took 0.100 seconds
[2024-07-15T15:05:49.543+0000] {processor.py:161} INFO - Started process (PID=628) to work on /home/airflow/.local/lib/python3.12/site-packages/airflow/example_dags/tutorial.py
[2024-07-15T15:05:49.544+0000] {processor.py:830} INFO - Processing file /home/airflow/.local/lib/python3.12/site-packages/airflow/example_dags/tutorial.py for tasks to queue
[2024-07-15T15:05:49.545+0000] {logging_mixin.py:188} INFO - [2024-07-15T15:05:49.545+0000] {dagbag.py:545} INFO - Filling up the DagBag from /home/airflow/.local/lib/python3.12/site-packages/airflow/example_dags/tutorial.py
[2024-07-15T15:05:49.551+0000] {processor.py:840} INFO - DAG(s) 'tutorial' retrieved from /home/airflow/.local/lib/python3.12/site-packages/airflow/example_dags/tutorial.py
[2024-07-15T15:05:49.573+0000] {logging_mixin.py:188} INFO - [2024-07-15T15:05:49.572+0000] {dag.py:3096} INFO - Sync 1 DAGs
[2024-07-15T15:05:49.596+0000] {logging_mixin.py:188} INFO - [2024-07-15T15:05:49.596+0000] {dag.py:3954} INFO - Setting next_dagrun for tutorial to 2024-07-14 00:00:00+00:00, run_after=2024-07-15 00:00:00+00:00
[2024-07-15T15:05:49.619+0000] {processor.py:183} INFO - Processing /home/airflow/.local/lib/python3.12/site-packages/airflow/example_dags/tutorial.py took 0.081 seconds
[2024-07-15T15:06:20.320+0000] {processor.py:161} INFO - Started process (PID=686) to work on /home/airflow/.local/lib/python3.12/site-packages/airflow/example_dags/tutorial.py
[2024-07-15T15:06:20.321+0000] {processor.py:830} INFO - Processing file /home/airflow/.local/lib/python3.12/site-packages/airflow/example_dags/tutorial.py for tasks to queue
[2024-07-15T15:06:20.323+0000] {logging_mixin.py:188} INFO - [2024-07-15T15:06:20.323+0000] {dagbag.py:545} INFO - Filling up the DagBag from /home/airflow/.local/lib/python3.12/site-packages/airflow/example_dags/tutorial.py
[2024-07-15T15:06:20.330+0000] {processor.py:840} INFO - DAG(s) 'tutorial' retrieved from /home/airflow/.local/lib/python3.12/site-packages/airflow/example_dags/tutorial.py
[2024-07-15T15:06:20.352+0000] {logging_mixin.py:188} INFO - [2024-07-15T15:06:20.351+0000] {dag.py:3096} INFO - Sync 1 DAGs
[2024-07-15T15:06:20.375+0000] {logging_mixin.py:188} INFO - [2024-07-15T15:06:20.375+0000] {dag.py:3954} INFO - Setting next_dagrun for tutorial to 2024-07-14 00:00:00+00:00, run_after=2024-07-15 00:00:00+00:00
[2024-07-15T15:06:20.399+0000] {processor.py:183} INFO - Processing /home/airflow/.local/lib/python3.12/site-packages/airflow/example_dags/tutorial.py took 0.083 seconds
[2024-07-15T15:06:51.755+0000] {processor.py:161} INFO - Started process (PID=744) to work on /home/airflow/.local/lib/python3.12/site-packages/airflow/example_dags/tutorial.py
[2024-07-15T15:06:51.757+0000] {processor.py:830} INFO - Processing file /home/airflow/.local/lib/python3.12/site-packages/airflow/example_dags/tutorial.py for tasks to queue
[2024-07-15T15:06:51.759+0000] {logging_mixin.py:188} INFO - [2024-07-15T15:06:51.759+0000] {dagbag.py:545} INFO - Filling up the DagBag from /home/airflow/.local/lib/python3.12/site-packages/airflow/example_dags/tutorial.py
[2024-07-15T15:06:51.765+0000] {processor.py:840} INFO - DAG(s) 'tutorial' retrieved from /home/airflow/.local/lib/python3.12/site-packages/airflow/example_dags/tutorial.py
[2024-07-15T15:06:51.825+0000] {logging_mixin.py:188} INFO - [2024-07-15T15:06:51.824+0000] {dag.py:3096} INFO - Sync 1 DAGs
[2024-07-15T15:06:51.899+0000] {logging_mixin.py:188} INFO - [2024-07-15T15:06:51.898+0000] {dag.py:3954} INFO - Setting next_dagrun for tutorial to 2024-07-14 00:00:00+00:00, run_after=2024-07-15 00:00:00+00:00
[2024-07-15T15:06:51.993+0000] {processor.py:183} INFO - Processing /home/airflow/.local/lib/python3.12/site-packages/airflow/example_dags/tutorial.py took 0.248 seconds
[2024-07-15T15:07:22.174+0000] {processor.py:161} INFO - Started process (PID=802) to work on /home/airflow/.local/lib/python3.12/site-packages/airflow/example_dags/tutorial.py
[2024-07-15T15:07:22.176+0000] {processor.py:830} INFO - Processing file /home/airflow/.local/lib/python3.12/site-packages/airflow/example_dags/tutorial.py for tasks to queue
[2024-07-15T15:07:22.179+0000] {logging_mixin.py:188} INFO - [2024-07-15T15:07:22.179+0000] {dagbag.py:545} INFO - Filling up the DagBag from /home/airflow/.local/lib/python3.12/site-packages/airflow/example_dags/tutorial.py
[2024-07-15T15:07:22.186+0000] {processor.py:840} INFO - DAG(s) 'tutorial' retrieved from /home/airflow/.local/lib/python3.12/site-packages/airflow/example_dags/tutorial.py
[2024-07-15T15:07:22.224+0000] {logging_mixin.py:188} INFO - [2024-07-15T15:07:22.224+0000] {dag.py:3096} INFO - Sync 1 DAGs
[2024-07-15T15:07:22.250+0000] {logging_mixin.py:188} INFO - [2024-07-15T15:07:22.250+0000] {dag.py:3954} INFO - Setting next_dagrun for tutorial to 2024-07-14 00:00:00+00:00, run_after=2024-07-15 00:00:00+00:00
[2024-07-15T15:07:22.284+0000] {processor.py:183} INFO - Processing /home/airflow/.local/lib/python3.12/site-packages/airflow/example_dags/tutorial.py took 0.134 seconds
