[2024-07-13T02:08:20.600+0000] {local_task_job_runner.py:120} INFO - ::group::Pre task execution logs
[2024-07-13T02:08:20.634+0000] {taskinstance.py:2076} INFO - Dependencies all met for dep_context=non-requeueable deps ti=<TaskInstance: airflow_book_api_pipeline.create_table manual__2024-07-13T02:08:18.734580+00:00 [queued]>
[2024-07-13T02:08:20.641+0000] {taskinstance.py:2076} INFO - Dependencies all met for dep_context=requeueable deps ti=<TaskInstance: airflow_book_api_pipeline.create_table manual__2024-07-13T02:08:18.734580+00:00 [queued]>
[2024-07-13T02:08:20.642+0000] {taskinstance.py:2306} INFO - Starting attempt 1 of 2
[2024-07-13T02:08:20.664+0000] {taskinstance.py:2330} INFO - Executing <Task(PythonOperator): create_table> on 2024-07-13 02:08:18.734580+00:00
[2024-07-13T02:08:20.675+0000] {warnings.py:112} WARNING - /home/***/.local/lib/python3.12/site-packages/***/task/task_runner/standard_task_runner.py:61: DeprecationWarning: This process (pid=602) is multi-threaded, use of fork() may lead to deadlocks in the child.
  pid = os.fork()

[2024-07-13T02:08:20.676+0000] {standard_task_runner.py:63} INFO - Started process 604 to run task
[2024-07-13T02:08:20.680+0000] {standard_task_runner.py:90} INFO - Running: ['***', 'tasks', 'run', '***_book_api_pipeline', 'create_table', 'manual__2024-07-13T02:08:18.734580+00:00', '--job-id', '15', '--raw', '--subdir', 'DAGS_FOLDER/***_book_api_dags.py', '--cfg-path', '/tmp/tmpl_0a4_1g']
[2024-07-13T02:08:20.682+0000] {standard_task_runner.py:91} INFO - Job 15: Subtask create_table
[2024-07-13T02:08:20.838+0000] {task_command.py:426} INFO - Running <TaskInstance: airflow_book_api_pipeline.create_table manual__2024-07-13T02:08:18.734580+00:00 [running]> on host e6b306b9c204
[2024-07-13T02:08:20.964+0000] {taskinstance.py:2648} INFO - Exporting env vars: AIRFLOW_CTX_DAG_OWNER='zainal' AIRFLOW_CTX_DAG_ID='***_book_api_pipeline' AIRFLOW_CTX_TASK_ID='create_table' AIRFLOW_CTX_EXECUTION_DATE='2024-07-13T02:08:18.734580+00:00' AIRFLOW_CTX_TRY_NUMBER='1' AIRFLOW_CTX_DAG_RUN_ID='manual__2024-07-13T02:08:18.734580+00:00'
[2024-07-13T02:08:20.969+0000] {taskinstance.py:430} INFO - ::endgroup::
[2024-07-13T02:08:20.991+0000] {base.py:84} INFO - Using connection ID 'snowflake-conn' for task execution.
[2024-07-13T02:08:20.998+0000] {connection.py:399} INFO - Snowflake Connector for Python Version: 3.10.1, Python Version: 3.12.4, Platform: Linux-6.5.0-1022-azure-x86_64-with-glibc2.36
[2024-07-13T02:08:20.999+0000] {connection.py:1239} INFO - This connection is in OCSP Fail Open Mode. TLS Certificates would be checked for validity and revocation status. Any other Certificate Revocation related exceptions or OCSP Responder failures would be disregarded in favor of connectivity.
[2024-07-13T02:08:21.665+0000] {cursor.py:1149} INFO - Number of results in first chunk: 1
[2024-07-13T02:08:21.666+0000] {sql.py:487} INFO - Running statement: CREATE TABLE IF NOT EXISTS book_table (
        title STRING,
        author STRING,
        publish_date DATE
    ), parameters: None
[2024-07-13T02:08:21.952+0000] {cursor.py:1149} INFO - Number of results in first chunk: 1
[2024-07-13T02:08:21.953+0000] {sql.py:496} INFO - Rows affected: 1
[2024-07-13T02:08:21.953+0000] {snowflake.py:410} INFO - Rows affected: 1
[2024-07-13T02:08:21.953+0000] {snowflake.py:411} INFO - Snowflake query id: 01b5a1a0-0000-c78a-0001-1bbe0002a122
[2024-07-13T02:08:22.000+0000] {cursor.py:1149} INFO - Number of results in first chunk: 1
[2024-07-13T02:08:22.000+0000] {connection.py:762} INFO - closed
[2024-07-13T02:08:22.023+0000] {connection.py:768} INFO - No async queries seem to be running, deleting session
[2024-07-13T02:08:22.050+0000] {python.py:237} INFO - Done. Returned value was: None
[2024-07-13T02:08:22.051+0000] {taskinstance.py:441} INFO - ::group::Post task execution logs
[2024-07-13T02:08:22.062+0000] {taskinstance.py:1206} INFO - Marking task as SUCCESS. dag_id=***_book_api_pipeline, task_id=create_table, run_id=manual__2024-07-13T02:08:18.734580+00:00, execution_date=20240713T020818, start_date=20240713T020820, end_date=20240713T020822
[2024-07-13T02:08:22.139+0000] {local_task_job_runner.py:240} INFO - Task exited with return code 0
[2024-07-13T02:08:22.193+0000] {taskinstance.py:3503} INFO - 1 downstream tasks scheduled from follow-on schedule check
[2024-07-13T02:08:22.200+0000] {local_task_job_runner.py:222} INFO - ::endgroup::
